[2025-11-26T04:43:14.744+0000] {taskinstance.py:1159} INFO - Dependencies all met for dep_context=non-requeueable deps ti=<TaskInstance: house_prices_train_model.train_house_model manual__2025-11-26T04:43:12.295972+00:00 [queued]>
[2025-11-26T04:43:14.762+0000] {taskinstance.py:1159} INFO - Dependencies all met for dep_context=requeueable deps ti=<TaskInstance: house_prices_train_model.train_house_model manual__2025-11-26T04:43:12.295972+00:00 [queued]>
[2025-11-26T04:43:14.762+0000] {taskinstance.py:1361} INFO - Starting attempt 1 of 2
[2025-11-26T04:43:14.787+0000] {taskinstance.py:1382} INFO - Executing <Task(PythonOperator): train_house_model> on 2025-11-26 04:43:12.295972+00:00
[2025-11-26T04:43:14.800+0000] {standard_task_runner.py:57} INFO - Started process 203 to run task
[2025-11-26T04:43:14.806+0000] {standard_task_runner.py:84} INFO - Running: ['***', 'tasks', 'run', 'house_prices_train_model', 'train_house_model', 'manual__2025-11-26T04:43:12.295972+00:00', '--job-id', '35', '--raw', '--subdir', 'DAGS_FOLDER/house_prices_train_model.py', '--cfg-path', '/tmp/tmp_e8i81uo']
[2025-11-26T04:43:14.812+0000] {standard_task_runner.py:85} INFO - Job 35: Subtask train_house_model
[2025-11-26T04:43:14.906+0000] {task_command.py:416} INFO - Running <TaskInstance: house_prices_train_model.train_house_model manual__2025-11-26T04:43:12.295972+00:00 [running]> on host 73034cc89b82
[2025-11-26T04:43:15.076+0000] {taskinstance.py:1662} INFO - Exporting env vars: AIRFLOW_CTX_DAG_OWNER='mlops_student' AIRFLOW_CTX_DAG_ID='house_prices_train_model' AIRFLOW_CTX_TASK_ID='train_house_model' AIRFLOW_CTX_EXECUTION_DATE='2025-11-26T04:43:12.295972+00:00' AIRFLOW_CTX_TRY_NUMBER='1' AIRFLOW_CTX_DAG_RUN_ID='manual__2025-11-26T04:43:12.295972+00:00'
[2025-11-26T04:43:15.136+0000] {logging_mixin.py:154} WARNING - /opt/***/dags/house_prices_train_model.py:79 UserWarning: pandas only supports SQLAlchemy connectable (engine/connection) or database string URI or sqlite3 DBAPI2 connection. Other DBAPI2 objects are not tested. Please consider using SQLAlchemy.
[2025-11-26T04:43:15.763+0000] {logging_mixin.py:154} INFO - [train_house_price_model] Total rows: 4055, rows with non-null price: 4055
[2025-11-26T04:43:15.763+0000] {logging_mixin.py:154} INFO - [train_house_price_model] dtypes BEFORE to_numeric:
[2025-11-26T04:43:15.765+0000] {logging_mixin.py:154} INFO - bed            object
bath           object
acre_lot       object
house_size     object
zip_code       object
brokered_by    object
street         object
price          object
dtype: object
[2025-11-26T04:43:15.794+0000] {logging_mixin.py:154} INFO - [train_house_price_model] dtypes AFTER to_numeric:
[2025-11-26T04:43:15.799+0000] {logging_mixin.py:154} INFO - bed            float64
bath           float64
acre_lot       float64
house_size     float64
zip_code       float64
brokered_by    float64
street         float64
price          float64
dtype: object
[2025-11-26T04:43:15.800+0000] {logging_mixin.py:154} INFO - [train_house_price_model] Dropped 4055 rows with NaN in price; remaining 0
[2025-11-26T04:43:15.801+0000] {taskinstance.py:1937} ERROR - Task failed with exception
Traceback (most recent call last):
  File "/home/airflow/.local/lib/python3.10/site-packages/airflow/operators/python.py", line 192, in execute
    return_value = self.execute_callable()
  File "/home/airflow/.local/lib/python3.10/site-packages/airflow/operators/python.py", line 209, in execute_callable
    return self.python_callable(*self.op_args, **self.op_kwargs)
  File "/opt/airflow/dags/house_prices_train_model.py", line 135, in train_house_price_model
    raise ValueError(
ValueError: Too few rows with valid target (0). Check clean_house_prices contents.
[2025-11-26T04:43:15.836+0000] {taskinstance.py:1400} INFO - Marking task as UP_FOR_RETRY. dag_id=house_prices_train_model, task_id=train_house_model, execution_date=20251126T044312, start_date=20251126T044314, end_date=20251126T044315
[2025-11-26T04:43:15.863+0000] {standard_task_runner.py:104} ERROR - Failed to execute job 35 for task train_house_model (Too few rows with valid target (0). Check clean_house_prices contents.; 203)
[2025-11-26T04:43:15.900+0000] {local_task_job_runner.py:228} INFO - Task exited with return code 1
[2025-11-26T04:43:15.939+0000] {taskinstance.py:2778} INFO - 0 downstream tasks scheduled from follow-on schedule check
