[2025-11-26T13:09:34.033+0000] {taskinstance.py:1159} INFO - Dependencies all met for dep_context=non-requeueable deps ti=<TaskInstance: house_prices_train_model.train_house_model manual__2025-11-26T13:09:31.271091+00:00 [queued]>
[2025-11-26T13:09:34.045+0000] {taskinstance.py:1159} INFO - Dependencies all met for dep_context=requeueable deps ti=<TaskInstance: house_prices_train_model.train_house_model manual__2025-11-26T13:09:31.271091+00:00 [queued]>
[2025-11-26T13:09:34.046+0000] {taskinstance.py:1361} INFO - Starting attempt 1 of 2
[2025-11-26T13:09:34.069+0000] {taskinstance.py:1382} INFO - Executing <Task(PythonOperator): train_house_model> on 2025-11-26 13:09:31.271091+00:00
[2025-11-26T13:09:34.081+0000] {standard_task_runner.py:57} INFO - Started process 270 to run task
[2025-11-26T13:09:34.094+0000] {standard_task_runner.py:84} INFO - Running: ['***', 'tasks', 'run', 'house_prices_train_model', 'train_house_model', 'manual__2025-11-26T13:09:31.271091+00:00', '--job-id', '49', '--raw', '--subdir', 'DAGS_FOLDER/house_prices_train_model.py', '--cfg-path', '/tmp/tmpm7ee5xup']
[2025-11-26T13:09:34.106+0000] {standard_task_runner.py:85} INFO - Job 49: Subtask train_house_model
[2025-11-26T13:09:34.185+0000] {task_command.py:416} INFO - Running <TaskInstance: house_prices_train_model.train_house_model manual__2025-11-26T13:09:31.271091+00:00 [running]> on host 73034cc89b82
[2025-11-26T13:09:34.323+0000] {taskinstance.py:1662} INFO - Exporting env vars: AIRFLOW_CTX_DAG_OWNER='mlops_student' AIRFLOW_CTX_DAG_ID='house_prices_train_model' AIRFLOW_CTX_TASK_ID='train_house_model' AIRFLOW_CTX_EXECUTION_DATE='2025-11-26T13:09:31.271091+00:00' AIRFLOW_CTX_TRY_NUMBER='1' AIRFLOW_CTX_DAG_RUN_ID='manual__2025-11-26T13:09:31.271091+00:00'
[2025-11-26T13:09:34.330+0000] {logging_mixin.py:154} INFO - [train_house_price_model] DATA_DB_URI in task: mysql+pymysql://mlflow_user:mlflow_pass@mysql:3306/datasets_db
[2025-11-26T13:09:34.331+0000] {logging_mixin.py:154} INFO - [train_house_price_model] SQL being executed:
[2025-11-26T13:09:34.331+0000] {logging_mixin.py:154} INFO - 
            SELECT
                bed,
                bath,
                acre_lot,
                house_size,
                zip_code,
                brokered_by,
                street,
                price
            FROM clean_house_prices
            WHERE price IS NOT NULL
        
[2025-11-26T13:09:34.344+0000] {logging_mixin.py:154} WARNING - /opt/***/dags/house_prices_train_model.py:96 UserWarning: pandas only supports SQLAlchemy connectable (engine/connection) or database string URI or sqlite3 DBAPI2 connection. Other DBAPI2 objects are not tested. Please consider using SQLAlchemy.
[2025-11-26T13:09:34.858+0000] {logging_mixin.py:154} INFO - [train_house_price_model] Raw dtypes from DB:
[2025-11-26T13:09:34.860+0000] {logging_mixin.py:154} INFO - bed            object
bath           object
acre_lot       object
house_size     object
zip_code       object
brokered_by    object
street         object
price          object
dtype: object
[2025-11-26T13:09:34.860+0000] {logging_mixin.py:154} INFO - [train_house_price_model] Head:
[2025-11-26T13:09:34.863+0000] {logging_mixin.py:154} INFO -    bed  bath  acre_lot  house_size  zip_code  brokered_by  street  price
0  bed  bath  acre_lot  house_size  zip_code  brokered_by  street  price
1  bed  bath  acre_lot  house_size  zip_code  brokered_by  street  price
2  bed  bath  acre_lot  house_size  zip_code  brokered_by  street  price
3  bed  bath  acre_lot  house_size  zip_code  brokered_by  street  price
4  bed  bath  acre_lot  house_size  zip_code  brokered_by  street  price
[2025-11-26T13:09:34.864+0000] {taskinstance.py:1937} ERROR - Task failed with exception
Traceback (most recent call last):
  File "/home/airflow/.local/lib/python3.10/site-packages/airflow/operators/python.py", line 192, in execute
    return_value = self.execute_callable()
  File "/home/airflow/.local/lib/python3.10/site-packages/airflow/operators/python.py", line 209, in execute_callable
    return self.python_callable(*self.op_args, **self.op_kwargs)
  File "/opt/airflow/dags/house_prices_train_model.py", line 112, in train_house_price_model
    raise ValueError(
ValueError: clean_house_prices appears to contain HEADER STRINGS as data (first row is literally the column names). This is a problem in how clean_house_prices is populated for user mlflow_user. Fix the upstream load/clean DAG or the table definition, then re-run this training DAG.
[2025-11-26T13:09:34.878+0000] {taskinstance.py:1400} INFO - Marking task as UP_FOR_RETRY. dag_id=house_prices_train_model, task_id=train_house_model, execution_date=20251126T130931, start_date=20251126T130934, end_date=20251126T130934
[2025-11-26T13:09:34.900+0000] {standard_task_runner.py:104} ERROR - Failed to execute job 49 for task train_house_model (clean_house_prices appears to contain HEADER STRINGS as data (first row is literally the column names). This is a problem in how clean_house_prices is populated for user mlflow_user. Fix the upstream load/clean DAG or the table definition, then re-run this training DAG.; 270)
[2025-11-26T13:09:34.948+0000] {local_task_job_runner.py:228} INFO - Task exited with return code 1
[2025-11-26T13:09:34.981+0000] {taskinstance.py:2778} INFO - 0 downstream tasks scheduled from follow-on schedule check
