[2025-10-25T21:53:48.981+0000] {manager.py:487} INFO - Processing files using up to 2 processes at a time 
[2025-10-25T21:53:48.982+0000] {manager.py:488} INFO - Process each file at most once every 30 seconds
[2025-10-25T21:53:48.982+0000] {manager.py:489} INFO - Checking for new files in /opt/airflow/dags every 300 seconds
[2025-10-25T21:53:48.983+0000] {manager.py:755} INFO - Searching for files in /opt/airflow/dags
[2025-10-25T21:53:48.985+0000] {manager.py:758} INFO - There are 1 files in /opt/airflow/dags
[2025-10-25T21:53:49.084+0000] {manager.py:887} INFO - 
================================================================================
DAG File Processing Stats

File Path                                 PID  Runtime      # DAGs    # Errors  Last Runtime    Last Run
--------------------------------------  -----  ---------  --------  ----------  --------------  ----------
/opt/airflow/dags/training_pipeline.py    163  0.04s             0           0
================================================================================
[2025-10-25T21:54:19.282+0000] {manager.py:887} INFO - 
================================================================================
DAG File Processing Stats

File Path                               PID    Runtime      # DAGs    # Errors  Last Runtime    Last Run
--------------------------------------  -----  ---------  --------  ----------  --------------  -------------------
/opt/airflow/dags/training_pipeline.py                           1           0  2.26s           2025-10-25T21:53:51
================================================================================
[2025-10-25T21:54:49.549+0000] {manager.py:887} INFO - 
================================================================================
DAG File Processing Stats

File Path                               PID    Runtime      # DAGs    # Errors  Last Runtime    Last Run
--------------------------------------  -----  ---------  --------  ----------  --------------  -------------------
/opt/airflow/dags/training_pipeline.py                           1           0  1.10s           2025-10-25T21:54:22
================================================================================
[2025-10-25T21:55:19.786+0000] {manager.py:887} INFO - 
================================================================================
DAG File Processing Stats

File Path                               PID    Runtime      # DAGs    # Errors  Last Runtime    Last Run
--------------------------------------  -----  ---------  --------  ----------  --------------  -------------------
/opt/airflow/dags/training_pipeline.py                           1           0  1.00s           2025-10-25T21:54:53
================================================================================
[2025-10-25T21:55:50.059+0000] {manager.py:887} INFO - 
================================================================================
DAG File Processing Stats

File Path                               PID    Runtime      # DAGs    # Errors  Last Runtime    Last Run
--------------------------------------  -----  ---------  --------  ----------  --------------  -------------------
/opt/airflow/dags/training_pipeline.py                           1           0  1.05s           2025-10-25T21:55:24
================================================================================
[2025-10-25T21:56:20.321+0000] {manager.py:887} INFO - 
================================================================================
DAG File Processing Stats

File Path                               PID    Runtime      # DAGs    # Errors  Last Runtime    Last Run
--------------------------------------  -----  ---------  --------  ----------  --------------  -------------------
/opt/airflow/dags/training_pipeline.py                           1           0  1.29s           2025-10-25T21:55:56
================================================================================
[2025-10-25T21:56:50.882+0000] {manager.py:887} INFO - 
================================================================================
DAG File Processing Stats

File Path                               PID    Runtime      # DAGs    # Errors  Last Runtime    Last Run
--------------------------------------  -----  ---------  --------  ----------  --------------  -------------------
/opt/airflow/dags/training_pipeline.py                           1           0  1.11s           2025-10-25T21:56:27
================================================================================
[2025-10-25T21:57:21.255+0000] {manager.py:887} INFO - 
================================================================================
DAG File Processing Stats

File Path                               PID    Runtime      # DAGs    # Errors  Last Runtime    Last Run
--------------------------------------  -----  ---------  --------  ----------  --------------  -------------------
/opt/airflow/dags/training_pipeline.py                           1           0  1.01s           2025-10-25T21:56:58
================================================================================
[2025-10-25T21:57:51.582+0000] {manager.py:887} INFO - 
================================================================================
DAG File Processing Stats

File Path                               PID    Runtime      # DAGs    # Errors  Last Runtime    Last Run
--------------------------------------  -----  ---------  --------  ----------  --------------  -------------------
/opt/airflow/dags/training_pipeline.py                           1           0  1.23s           2025-10-25T21:57:30
================================================================================
[2025-10-25T21:58:21.949+0000] {manager.py:887} INFO - 
================================================================================
DAG File Processing Stats

File Path                               PID    Runtime      # DAGs    # Errors  Last Runtime    Last Run
--------------------------------------  -----  ---------  --------  ----------  --------------  -------------------
/opt/airflow/dags/training_pipeline.py                           1           0  1.14s           2025-10-25T21:58:01
================================================================================
[2025-10-25T21:58:49.212+0000] {manager.py:755} INFO - Searching for files in /opt/airflow/dags
[2025-10-25T21:58:49.221+0000] {manager.py:758} INFO - There are 1 files in /opt/airflow/dags
[2025-10-25T21:58:52.267+0000] {manager.py:887} INFO - 
================================================================================
DAG File Processing Stats

File Path                               PID    Runtime      # DAGs    # Errors  Last Runtime    Last Run
--------------------------------------  -----  ---------  --------  ----------  --------------  -------------------
/opt/airflow/dags/training_pipeline.py                           1           0  1.04s           2025-10-25T21:58:33
================================================================================
[2025-10-25T21:59:22.662+0000] {manager.py:887} INFO - 
================================================================================
DAG File Processing Stats

File Path                               PID    Runtime      # DAGs    # Errors  Last Runtime    Last Run
--------------------------------------  -----  ---------  --------  ----------  --------------  -------------------
/opt/airflow/dags/training_pipeline.py                           1           0  1.13s           2025-10-25T21:59:04
================================================================================
[2025-10-25T21:59:53.000+0000] {manager.py:887} INFO - 
================================================================================
DAG File Processing Stats

File Path                               PID    Runtime      # DAGs    # Errors  Last Runtime    Last Run
--------------------------------------  -----  ---------  --------  ----------  --------------  -------------------
/opt/airflow/dags/training_pipeline.py                           1           0  1.01s           2025-10-25T21:59:35
================================================================================
[2025-10-25T22:00:23.334+0000] {manager.py:887} INFO - 
================================================================================
DAG File Processing Stats

File Path                               PID    Runtime      # DAGs    # Errors  Last Runtime    Last Run
--------------------------------------  -----  ---------  --------  ----------  --------------  -------------------
/opt/airflow/dags/training_pipeline.py                           1           0  1.05s           2025-10-25T22:00:07
================================================================================
[2025-10-25T22:00:53.627+0000] {manager.py:887} INFO - 
================================================================================
DAG File Processing Stats

File Path                               PID    Runtime      # DAGs    # Errors  Last Runtime    Last Run
--------------------------------------  -----  ---------  --------  ----------  --------------  -------------------
/opt/airflow/dags/training_pipeline.py                           1           0  1.09s           2025-10-25T22:00:38
================================================================================
