[2025-11-26T04:14:33.821+0000] {taskinstance.py:1159} INFO - Dependencies all met for dep_context=non-requeueable deps ti=<TaskInstance: house_prices_train_model.train_house_model manual__2025-11-26T04:14:30.640697+00:00 [queued]>
[2025-11-26T04:14:33.833+0000] {taskinstance.py:1159} INFO - Dependencies all met for dep_context=requeueable deps ti=<TaskInstance: house_prices_train_model.train_house_model manual__2025-11-26T04:14:30.640697+00:00 [queued]>
[2025-11-26T04:14:33.834+0000] {taskinstance.py:1361} INFO - Starting attempt 1 of 2
[2025-11-26T04:14:33.855+0000] {taskinstance.py:1382} INFO - Executing <Task(PythonOperator): train_house_model> on 2025-11-26 04:14:30.640697+00:00
[2025-11-26T04:14:33.865+0000] {standard_task_runner.py:57} INFO - Started process 241 to run task
[2025-11-26T04:14:33.874+0000] {standard_task_runner.py:84} INFO - Running: ['***', 'tasks', 'run', 'house_prices_train_model', 'train_house_model', 'manual__2025-11-26T04:14:30.640697+00:00', '--job-id', '25', '--raw', '--subdir', 'DAGS_FOLDER/house_prices_train_model.py', '--cfg-path', '/tmp/tmpjnbmxrsg']
[2025-11-26T04:14:33.878+0000] {standard_task_runner.py:85} INFO - Job 25: Subtask train_house_model
[2025-11-26T04:14:33.957+0000] {task_command.py:416} INFO - Running <TaskInstance: house_prices_train_model.train_house_model manual__2025-11-26T04:14:30.640697+00:00 [running]> on host 73034cc89b82
[2025-11-26T04:14:34.093+0000] {taskinstance.py:1662} INFO - Exporting env vars: AIRFLOW_CTX_DAG_OWNER='mlops_student' AIRFLOW_CTX_DAG_ID='house_prices_train_model' AIRFLOW_CTX_TASK_ID='train_house_model' AIRFLOW_CTX_EXECUTION_DATE='2025-11-26T04:14:30.640697+00:00' AIRFLOW_CTX_TRY_NUMBER='1' AIRFLOW_CTX_DAG_RUN_ID='manual__2025-11-26T04:14:30.640697+00:00'
[2025-11-26T04:14:34.147+0000] {logging_mixin.py:154} WARNING - /opt/***/dags/house_prices_train_model.py:79 UserWarning: pandas only supports SQLAlchemy connectable (engine/connection) or database string URI or sqlite3 DBAPI2 connection. Other DBAPI2 objects are not tested. Please consider using SQLAlchemy.
[2025-11-26T04:14:34.595+0000] {logging_mixin.py:154} INFO - [train_house_price_model] Total rows: 4055, rows with non-null price: 4055
[2025-11-26T04:14:34.599+0000] {taskinstance.py:1937} ERROR - Task failed with exception
Traceback (most recent call last):
  File "/home/airflow/.local/lib/python3.10/site-packages/airflow/operators/python.py", line 192, in execute
    return_value = self.execute_callable()
  File "/home/airflow/.local/lib/python3.10/site-packages/airflow/operators/python.py", line 209, in execute_callable
    return self.python_callable(*self.op_args, **self.op_kwargs)
  File "/opt/airflow/dags/house_prices_train_model.py", line 116, in train_house_price_model
    X = imputer.fit_transform(df_model[feature_cols])
  File "/home/airflow/.local/lib/python3.10/site-packages/sklearn/utils/_set_output.py", line 157, in wrapped
    data_to_wrap = f(self, X, *args, **kwargs)
  File "/home/airflow/.local/lib/python3.10/site-packages/sklearn/base.py", line 916, in fit_transform
    return self.fit(X, **fit_params).transform(X)
  File "/home/airflow/.local/lib/python3.10/site-packages/sklearn/base.py", line 1152, in wrapper
    return fit_method(estimator, *args, **kwargs)
  File "/home/airflow/.local/lib/python3.10/site-packages/sklearn/impute/_base.py", line 369, in fit
    X = self._validate_input(X, in_fit=True)
  File "/home/airflow/.local/lib/python3.10/site-packages/sklearn/impute/_base.py", line 330, in _validate_input
    raise new_ve from None
ValueError: Cannot use median strategy with non-numeric data:
could not convert string to float: 'bed'
[2025-11-26T04:14:34.640+0000] {taskinstance.py:1400} INFO - Marking task as UP_FOR_RETRY. dag_id=house_prices_train_model, task_id=train_house_model, execution_date=20251126T041430, start_date=20251126T041433, end_date=20251126T041434
[2025-11-26T04:14:34.743+0000] {standard_task_runner.py:104} ERROR - Failed to execute job 25 for task train_house_model (Cannot use median strategy with non-numeric data:
could not convert string to float: 'bed'; 241)
[2025-11-26T04:14:34.797+0000] {local_task_job_runner.py:228} INFO - Task exited with return code 1
[2025-11-26T04:14:34.827+0000] {taskinstance.py:2778} INFO - 0 downstream tasks scheduled from follow-on schedule check
