[2025-11-26T04:31:56.009+0000] {taskinstance.py:1159} INFO - Dependencies all met for dep_context=non-requeueable deps ti=<TaskInstance: house_prices_train_model.train_house_model manual__2025-11-26T04:26:49.782274+00:00 [queued]>
[2025-11-26T04:31:56.025+0000] {taskinstance.py:1159} INFO - Dependencies all met for dep_context=requeueable deps ti=<TaskInstance: house_prices_train_model.train_house_model manual__2025-11-26T04:26:49.782274+00:00 [queued]>
[2025-11-26T04:31:56.026+0000] {taskinstance.py:1361} INFO - Starting attempt 2 of 2
[2025-11-26T04:31:56.045+0000] {taskinstance.py:1382} INFO - Executing <Task(PythonOperator): train_house_model> on 2025-11-26 04:26:49.782274+00:00
[2025-11-26T04:31:56.058+0000] {standard_task_runner.py:57} INFO - Started process 390 to run task
[2025-11-26T04:31:56.062+0000] {standard_task_runner.py:84} INFO - Running: ['***', 'tasks', 'run', 'house_prices_train_model', 'train_house_model', 'manual__2025-11-26T04:26:49.782274+00:00', '--job-id', '31', '--raw', '--subdir', 'DAGS_FOLDER/house_prices_train_model.py', '--cfg-path', '/tmp/tmpfi0wroq9']
[2025-11-26T04:31:56.067+0000] {standard_task_runner.py:85} INFO - Job 31: Subtask train_house_model
[2025-11-26T04:31:56.143+0000] {task_command.py:416} INFO - Running <TaskInstance: house_prices_train_model.train_house_model manual__2025-11-26T04:26:49.782274+00:00 [running]> on host 73034cc89b82
[2025-11-26T04:31:56.267+0000] {taskinstance.py:1662} INFO - Exporting env vars: AIRFLOW_CTX_DAG_OWNER='mlops_student' AIRFLOW_CTX_DAG_ID='house_prices_train_model' AIRFLOW_CTX_TASK_ID='train_house_model' AIRFLOW_CTX_EXECUTION_DATE='2025-11-26T04:26:49.782274+00:00' AIRFLOW_CTX_TRY_NUMBER='2' AIRFLOW_CTX_DAG_RUN_ID='manual__2025-11-26T04:26:49.782274+00:00'
[2025-11-26T04:31:56.304+0000] {logging_mixin.py:154} WARNING - /opt/***/dags/house_prices_train_model.py:79 UserWarning: pandas only supports SQLAlchemy connectable (engine/connection) or database string URI or sqlite3 DBAPI2 connection. Other DBAPI2 objects are not tested. Please consider using SQLAlchemy.
[2025-11-26T04:31:56.800+0000] {logging_mixin.py:154} INFO - [train_house_price_model] Total rows: 4055, rows with non-null price: 4055
[2025-11-26T04:31:56.800+0000] {logging_mixin.py:154} INFO - [train_house_price_model] dtypes BEFORE to_numeric:
[2025-11-26T04:31:56.801+0000] {logging_mixin.py:154} INFO - bed            object
bath           object
acre_lot       object
house_size     object
zip_code       object
brokered_by    object
street         object
price          object
dtype: object
[2025-11-26T04:31:56.833+0000] {logging_mixin.py:154} INFO - [train_house_price_model] dtypes AFTER to_numeric:
[2025-11-26T04:31:56.834+0000] {logging_mixin.py:154} INFO - bed            float64
bath           float64
acre_lot       float64
house_size     float64
zip_code       float64
brokered_by    float64
street         float64
price          float64
dtype: object
[2025-11-26T04:31:56.837+0000] {logging_mixin.py:154} INFO - [train_house_price_model] Dropped 4055 rows with NaN in ['bed', 'bath', 'acre_lot', 'house_size', 'zip_code', 'brokered_by', 'street', 'price']; remaining 0
[2025-11-26T04:31:56.837+0000] {taskinstance.py:1937} ERROR - Task failed with exception
Traceback (most recent call last):
  File "/home/airflow/.local/lib/python3.10/site-packages/airflow/operators/python.py", line 192, in execute
    return_value = self.execute_callable()
  File "/home/airflow/.local/lib/python3.10/site-packages/airflow/operators/python.py", line 209, in execute_callable
    return self.python_callable(*self.op_args, **self.op_kwargs)
  File "/opt/airflow/dags/house_prices_train_model.py", line 137, in train_house_price_model
    raise ValueError(
ValueError: Too few valid rows after cleaning (0). Check clean_house_prices contents.
[2025-11-26T04:31:56.859+0000] {taskinstance.py:1400} INFO - Marking task as FAILED. dag_id=house_prices_train_model, task_id=train_house_model, execution_date=20251126T042649, start_date=20251126T043156, end_date=20251126T043156
[2025-11-26T04:31:56.881+0000] {standard_task_runner.py:104} ERROR - Failed to execute job 31 for task train_house_model (Too few valid rows after cleaning (0). Check clean_house_prices contents.; 390)
[2025-11-26T04:31:56.932+0000] {local_task_job_runner.py:228} INFO - Task exited with return code 1
[2025-11-26T04:31:56.962+0000] {taskinstance.py:2778} INFO - 0 downstream tasks scheduled from follow-on schedule check
