[2025-11-27T00:01:12.386+0000] {taskinstance.py:1159} INFO - Dependencies all met for dep_context=non-requeueable deps ti=<TaskInstance: house_prices_ingest_raw.fetch_batch scheduled__2025-11-26T00:00:00+00:00 [queued]>
[2025-11-27T00:01:12.398+0000] {taskinstance.py:1159} INFO - Dependencies all met for dep_context=requeueable deps ti=<TaskInstance: house_prices_ingest_raw.fetch_batch scheduled__2025-11-26T00:00:00+00:00 [queued]>
[2025-11-27T00:01:12.399+0000] {taskinstance.py:1361} INFO - Starting attempt 2 of 2
[2025-11-27T00:01:12.421+0000] {taskinstance.py:1382} INFO - Executing <Task(PythonOperator): fetch_batch> on 2025-11-26 00:00:00+00:00
[2025-11-27T00:01:12.429+0000] {standard_task_runner.py:57} INFO - Started process 14886 to run task
[2025-11-27T00:01:12.435+0000] {standard_task_runner.py:84} INFO - Running: ['***', 'tasks', 'run', 'house_prices_ingest_raw', 'fetch_batch', 'scheduled__2025-11-26T00:00:00+00:00', '--job-id', '59', '--raw', '--subdir', 'DAGS_FOLDER/house_prices_ingest.py', '--cfg-path', '/tmp/tmpqs38jc0h']
[2025-11-27T00:01:12.439+0000] {standard_task_runner.py:85} INFO - Job 59: Subtask fetch_batch
[2025-11-27T00:01:12.521+0000] {task_command.py:416} INFO - Running <TaskInstance: house_prices_ingest_raw.fetch_batch scheduled__2025-11-26T00:00:00+00:00 [running]> on host 73034cc89b82
[2025-11-27T00:01:12.638+0000] {taskinstance.py:1662} INFO - Exporting env vars: AIRFLOW_CTX_DAG_OWNER='mlops_student' AIRFLOW_CTX_DAG_ID='house_prices_ingest_raw' AIRFLOW_CTX_TASK_ID='fetch_batch' AIRFLOW_CTX_EXECUTION_DATE='2025-11-26T00:00:00+00:00' AIRFLOW_CTX_TRY_NUMBER='2' AIRFLOW_CTX_DAG_RUN_ID='scheduled__2025-11-26T00:00:00+00:00'
[2025-11-27T00:01:12.640+0000] {logging_mixin.py:154} INFO - Calling data API: http://10.43.100.103:8000/data with params={'group_number': 6, 'day': 'Wednesday'}
[2025-11-27T00:01:12.654+0000] {logging_mixin.py:154} INFO - Status code: 400
[2025-11-27T00:01:12.654+0000] {logging_mixin.py:154} INFO - Response text (first 500 chars): {"detail":"Ya se recolectó toda la información mínima necesaria"}
[2025-11-27T00:01:12.655+0000] {taskinstance.py:1937} ERROR - Task failed with exception
Traceback (most recent call last):
  File "/home/airflow/.local/lib/python3.10/site-packages/airflow/operators/python.py", line 192, in execute
    return_value = self.execute_callable()
  File "/home/airflow/.local/lib/python3.10/site-packages/airflow/operators/python.py", line 209, in execute_callable
    return self.python_callable(*self.op_args, **self.op_kwargs)
  File "/opt/airflow/dags/house_prices_ingest.py", line 74, in fetch_batch_from_api
    resp.raise_for_status()
  File "/home/airflow/.local/lib/python3.10/site-packages/requests/models.py", line 1021, in raise_for_status
    raise HTTPError(http_error_msg, response=self)
requests.exceptions.HTTPError: 400 Client Error: Bad Request for url: http://10.43.100.103:8000/data?group_number=6&day=Wednesday
[2025-11-27T00:01:12.679+0000] {taskinstance.py:1400} INFO - Marking task as FAILED. dag_id=house_prices_ingest_raw, task_id=fetch_batch, execution_date=20251126T000000, start_date=20251127T000112, end_date=20251127T000112
[2025-11-27T00:01:12.696+0000] {standard_task_runner.py:104} ERROR - Failed to execute job 59 for task fetch_batch (400 Client Error: Bad Request for url: http://10.43.100.103:8000/data?group_number=6&day=Wednesday; 14886)
[2025-11-27T00:01:12.726+0000] {local_task_job_runner.py:228} INFO - Task exited with return code 1
[2025-11-27T00:01:12.765+0000] {taskinstance.py:2778} INFO - 0 downstream tasks scheduled from follow-on schedule check
