[2025-11-10T04:55:01.825+0000] {taskinstance.py:1159} INFO - Dependencies all met for dep_context=non-requeueable deps ti=<TaskInstance: diabetes_stage1_ingest.fetch_batch scheduled__2025-11-10T04:50:00+00:00 [queued]>
[2025-11-10T04:55:01.830+0000] {taskinstance.py:1159} INFO - Dependencies all met for dep_context=requeueable deps ti=<TaskInstance: diabetes_stage1_ingest.fetch_batch scheduled__2025-11-10T04:50:00+00:00 [queued]>
[2025-11-10T04:55:01.830+0000] {taskinstance.py:1361} INFO - Starting attempt 1 of 2
[2025-11-10T04:55:01.839+0000] {taskinstance.py:1382} INFO - Executing <Task(PythonOperator): fetch_batch> on 2025-11-10 04:50:00+00:00
[2025-11-10T04:55:01.845+0000] {standard_task_runner.py:57} INFO - Started process 1314 to run task
[2025-11-10T04:55:01.848+0000] {standard_task_runner.py:84} INFO - Running: ['***', 'tasks', 'run', 'diabetes_stage1_ingest', 'fetch_batch', 'scheduled__2025-11-10T04:50:00+00:00', '--job-id', '78', '--raw', '--subdir', 'DAGS_FOLDER/diabetes_stage1_ingest.py', '--cfg-path', '/tmp/tmpuy6k6n42']
[2025-11-10T04:55:01.853+0000] {standard_task_runner.py:85} INFO - Job 78: Subtask fetch_batch
[2025-11-10T04:55:01.900+0000] {task_command.py:416} INFO - Running <TaskInstance: diabetes_stage1_ingest.fetch_batch scheduled__2025-11-10T04:50:00+00:00 [running]> on host 47d439ee3e9b
[2025-11-10T04:55:01.985+0000] {taskinstance.py:1662} INFO - Exporting env vars: AIRFLOW_CTX_DAG_OWNER='mlops_team' AIRFLOW_CTX_DAG_ID='diabetes_stage1_ingest' AIRFLOW_CTX_TASK_ID='fetch_batch' AIRFLOW_CTX_EXECUTION_DATE='2025-11-10T04:50:00+00:00' AIRFLOW_CTX_TRY_NUMBER='1' AIRFLOW_CTX_DAG_RUN_ID='scheduled__2025-11-10T04:50:00+00:00'
[2025-11-10T04:55:02.027+0000] {taskinstance.py:1937} ERROR - Task failed with exception
Traceback (most recent call last):
  File "/home/airflow/.local/lib/python3.10/site-packages/airflow/operators/python.py", line 192, in execute
    return_value = self.execute_callable()
  File "/home/airflow/.local/lib/python3.10/site-packages/airflow/operators/python.py", line 209, in execute_callable
    return self.python_callable(*self.op_args, **self.op_kwargs)
  File "/opt/airflow/dags/diabetes_stage1_ingest.py", line 48, in fetch_batch
    resp.raise_for_status()
  File "/home/airflow/.local/lib/python3.10/site-packages/requests/models.py", line 1021, in raise_for_status
    raise HTTPError(http_error_msg, response=self)
requests.exceptions.HTTPError: 500 Server Error: Internal Server Error for url: http://data_api:8080/data
[2025-11-10T04:55:02.042+0000] {taskinstance.py:1400} INFO - Marking task as UP_FOR_RETRY. dag_id=diabetes_stage1_ingest, task_id=fetch_batch, execution_date=20251110T045000, start_date=20251110T045501, end_date=20251110T045502
[2025-11-10T04:55:02.051+0000] {standard_task_runner.py:104} ERROR - Failed to execute job 78 for task fetch_batch (500 Server Error: Internal Server Error for url: http://data_api:8080/data; 1314)
[2025-11-10T04:55:02.070+0000] {local_task_job_runner.py:228} INFO - Task exited with return code 1
[2025-11-10T04:55:02.089+0000] {taskinstance.py:2778} INFO - 0 downstream tasks scheduled from follow-on schedule check
