[2025-11-26T05:16:01.426+0000] {taskinstance.py:1159} INFO - Dependencies all met for dep_context=non-requeueable deps ti=<TaskInstance: house_prices_train_model.train_house_model manual__2025-11-26T05:15:58.126320+00:00 [queued]>
[2025-11-26T05:16:01.438+0000] {taskinstance.py:1159} INFO - Dependencies all met for dep_context=requeueable deps ti=<TaskInstance: house_prices_train_model.train_house_model manual__2025-11-26T05:15:58.126320+00:00 [queued]>
[2025-11-26T05:16:01.439+0000] {taskinstance.py:1361} INFO - Starting attempt 1 of 2
[2025-11-26T05:16:01.460+0000] {taskinstance.py:1382} INFO - Executing <Task(PythonOperator): train_house_model> on 2025-11-26 05:15:58.126320+00:00
[2025-11-26T05:16:01.472+0000] {standard_task_runner.py:57} INFO - Started process 203 to run task
[2025-11-26T05:16:01.477+0000] {standard_task_runner.py:84} INFO - Running: ['***', 'tasks', 'run', 'house_prices_train_model', 'train_house_model', 'manual__2025-11-26T05:15:58.126320+00:00', '--job-id', '44', '--raw', '--subdir', 'DAGS_FOLDER/house_prices_train_model.py', '--cfg-path', '/tmp/tmp_qsf1cab']
[2025-11-26T05:16:01.482+0000] {standard_task_runner.py:85} INFO - Job 44: Subtask train_house_model
[2025-11-26T05:16:01.555+0000] {task_command.py:416} INFO - Running <TaskInstance: house_prices_train_model.train_house_model manual__2025-11-26T05:15:58.126320+00:00 [running]> on host 73034cc89b82
[2025-11-26T05:16:01.696+0000] {taskinstance.py:1662} INFO - Exporting env vars: AIRFLOW_CTX_DAG_OWNER='mlops_student' AIRFLOW_CTX_DAG_ID='house_prices_train_model' AIRFLOW_CTX_TASK_ID='train_house_model' AIRFLOW_CTX_EXECUTION_DATE='2025-11-26T05:15:58.126320+00:00' AIRFLOW_CTX_TRY_NUMBER='1' AIRFLOW_CTX_DAG_RUN_ID='manual__2025-11-26T05:15:58.126320+00:00'
[2025-11-26T05:16:01.703+0000] {logging_mixin.py:154} INFO - [train_house_price_model] DATA_DB_URI in task: mysql+pymysql://mlflow_user:mlflow_pass@mysql:3306/datasets_db
[2025-11-26T05:16:01.704+0000] {logging_mixin.py:154} INFO - [train_house_price_model] SQL being executed:
[2025-11-26T05:16:01.704+0000] {logging_mixin.py:154} INFO - 
            SELECT
                bed,
                bath,
                acre_lot,
                house_size,
                zip_code,
                brokered_by,
                street,
                price
            FROM clean_house_prices
            WHERE price IS NOT NULL
        
[2025-11-26T05:16:01.718+0000] {logging_mixin.py:154} WARNING - /opt/***/dags/house_prices_train_model.py:81 UserWarning: pandas only supports SQLAlchemy connectable (engine/connection) or database string URI or sqlite3 DBAPI2 connection. Other DBAPI2 objects are not tested. Please consider using SQLAlchemy.
[2025-11-26T05:16:02.139+0000] {logging_mixin.py:154} INFO - [train_house_price_model] Raw dtypes from DB:
[2025-11-26T05:16:02.141+0000] {logging_mixin.py:154} INFO - bed            object
bath           object
acre_lot       object
house_size     object
zip_code       object
brokered_by    object
street         object
price          object
dtype: object
[2025-11-26T05:16:02.142+0000] {logging_mixin.py:154} INFO - [train_house_price_model] Head:
[2025-11-26T05:16:02.146+0000] {logging_mixin.py:154} INFO -    bed  bath  acre_lot  house_size  zip_code  brokered_by  street  price
0  bed  bath  acre_lot  house_size  zip_code  brokered_by  street  price
1  bed  bath  acre_lot  house_size  zip_code  brokered_by  street  price
2  bed  bath  acre_lot  house_size  zip_code  brokered_by  street  price
3  bed  bath  acre_lot  house_size  zip_code  brokered_by  street  price
4  bed  bath  acre_lot  house_size  zip_code  brokered_by  street  price
[2025-11-26T05:16:02.150+0000] {logging_mixin.py:154} INFO - [train_house_price_model] Dropped 0 rows with NaNs; remaining 4055
[2025-11-26T05:16:02.152+0000] {taskinstance.py:1937} ERROR - Task failed with exception
Traceback (most recent call last):
  File "/home/airflow/.local/lib/python3.10/site-packages/airflow/operators/python.py", line 192, in execute
    return_value = self.execute_callable()
  File "/home/airflow/.local/lib/python3.10/site-packages/airflow/operators/python.py", line 209, in execute_callable
    return self.python_callable(*self.op_args, **self.op_kwargs)
  File "/opt/airflow/dags/house_prices_train_model.py", line 121, in train_house_price_model
    df[feature_cols + [target_col]] = df[feature_cols + [target_col]].astype("float64")
  File "/home/airflow/.local/lib/python3.10/site-packages/pandas/core/generic.py", line 6534, in astype
    new_data = self._mgr.astype(dtype=dtype, copy=copy, errors=errors)
  File "/home/airflow/.local/lib/python3.10/site-packages/pandas/core/internals/managers.py", line 414, in astype
    return self.apply(
  File "/home/airflow/.local/lib/python3.10/site-packages/pandas/core/internals/managers.py", line 354, in apply
    applied = getattr(b, f)(**kwargs)
  File "/home/airflow/.local/lib/python3.10/site-packages/pandas/core/internals/blocks.py", line 616, in astype
    new_values = astype_array_safe(values, dtype, copy=copy, errors=errors)
  File "/home/airflow/.local/lib/python3.10/site-packages/pandas/core/dtypes/astype.py", line 238, in astype_array_safe
    new_values = astype_array(values, dtype, copy=copy)
  File "/home/airflow/.local/lib/python3.10/site-packages/pandas/core/dtypes/astype.py", line 183, in astype_array
    values = _astype_nansafe(values, dtype, copy=copy)
  File "/home/airflow/.local/lib/python3.10/site-packages/pandas/core/dtypes/astype.py", line 134, in _astype_nansafe
    return arr.astype(dtype, copy=True)
ValueError: could not convert string to float: 'bed'
[2025-11-26T05:16:02.168+0000] {taskinstance.py:1400} INFO - Marking task as UP_FOR_RETRY. dag_id=house_prices_train_model, task_id=train_house_model, execution_date=20251126T051558, start_date=20251126T051601, end_date=20251126T051602
[2025-11-26T05:16:02.198+0000] {standard_task_runner.py:104} ERROR - Failed to execute job 44 for task train_house_model (could not convert string to float: 'bed'; 203)
[2025-11-26T05:16:02.257+0000] {local_task_job_runner.py:228} INFO - Task exited with return code 1
[2025-11-26T05:16:02.286+0000] {taskinstance.py:2778} INFO - 0 downstream tasks scheduled from follow-on schedule check
