[2025-11-26T13:34:05.127+0000] {taskinstance.py:1159} INFO - Dependencies all met for dep_context=non-requeueable deps ti=<TaskInstance: house_prices_train_model.train_house_model manual__2025-11-26T13:34:02.634549+00:00 [queued]>
[2025-11-26T13:34:05.144+0000] {taskinstance.py:1159} INFO - Dependencies all met for dep_context=requeueable deps ti=<TaskInstance: house_prices_train_model.train_house_model manual__2025-11-26T13:34:02.634549+00:00 [queued]>
[2025-11-26T13:34:05.145+0000] {taskinstance.py:1361} INFO - Starting attempt 1 of 2
[2025-11-26T13:34:05.174+0000] {taskinstance.py:1382} INFO - Executing <Task(PythonOperator): train_house_model> on 2025-11-26 13:34:02.634549+00:00
[2025-11-26T13:34:05.192+0000] {standard_task_runner.py:57} INFO - Started process 203 to run task
[2025-11-26T13:34:05.201+0000] {standard_task_runner.py:84} INFO - Running: ['***', 'tasks', 'run', 'house_prices_train_model', 'train_house_model', 'manual__2025-11-26T13:34:02.634549+00:00', '--job-id', '55', '--raw', '--subdir', 'DAGS_FOLDER/house_prices_train_model.py', '--cfg-path', '/tmp/tmp89b0x6dx']
[2025-11-26T13:34:05.206+0000] {standard_task_runner.py:85} INFO - Job 55: Subtask train_house_model
[2025-11-26T13:34:05.308+0000] {task_command.py:416} INFO - Running <TaskInstance: house_prices_train_model.train_house_model manual__2025-11-26T13:34:02.634549+00:00 [running]> on host 73034cc89b82
[2025-11-26T13:34:05.456+0000] {taskinstance.py:1662} INFO - Exporting env vars: AIRFLOW_CTX_DAG_OWNER='mlops_student' AIRFLOW_CTX_DAG_ID='house_prices_train_model' AIRFLOW_CTX_TASK_ID='train_house_model' AIRFLOW_CTX_EXECUTION_DATE='2025-11-26T13:34:02.634549+00:00' AIRFLOW_CTX_TRY_NUMBER='1' AIRFLOW_CTX_DAG_RUN_ID='manual__2025-11-26T13:34:02.634549+00:00'
[2025-11-26T13:34:05.459+0000] {logging_mixin.py:154} INFO - [train_house_price_model] DATA_DB_URI in task: mysql+pymysql://mlflow_user:mlflow_pass@mysql:3306/datasets_db
[2025-11-26T13:34:05.465+0000] {logging_mixin.py:154} INFO - [train_house_price_model] SQL being executed:
[2025-11-26T13:34:05.466+0000] {logging_mixin.py:154} INFO - 
            SELECT
                bed,
                bath,
                acre_lot,
                house_size,
                zip_code,
                brokered_by,
                street,
                price
            FROM clean_house_prices
            WHERE price IS NOT NULL
        
[2025-11-26T13:34:05.896+0000] {logging_mixin.py:154} INFO - [train_house_price_model] Rows fetched from DB: 4055
[2025-11-26T13:34:05.904+0000] {logging_mixin.py:154} INFO - [train_house_price_model] Raw dtypes from DB (DataFrame):
[2025-11-26T13:34:05.906+0000] {logging_mixin.py:154} INFO - bed            float64
bath           float64
acre_lot       float64
house_size     float64
zip_code       float64
brokered_by    float64
street         float64
price          float64
dtype: object
[2025-11-26T13:34:05.906+0000] {logging_mixin.py:154} INFO - [train_house_price_model] Head:
[2025-11-26T13:34:05.913+0000] {logging_mixin.py:154} INFO -    bed  bath  acre_lot  house_size  zip_code  brokered_by     street     price
0  3.0   2.0      0.36      1276.0    1001.0      67455.0  1698080.0  289900.0
1  3.0   2.0      1.76      1968.0    1001.0      33714.0  1745924.0  199999.0
2  3.0   2.0      0.16      1280.0    1002.0      62476.0  1308332.0  275000.0
3  4.0   3.0      0.29      1514.0    1020.0      77236.0  1342303.0  249900.0
4  2.0   1.0      0.28      1207.0    1013.0      98727.0  1548010.0  240000.0
[2025-11-26T13:34:05.916+0000] {logging_mixin.py:154} INFO - [train_house_price_model] dtypes after to_numeric:
[2025-11-26T13:34:05.917+0000] {logging_mixin.py:154} INFO - bed            float64
bath           float64
acre_lot       float64
house_size     float64
zip_code       float64
brokered_by    float64
street         float64
price          float64
dtype: object
[2025-11-26T13:34:05.920+0000] {logging_mixin.py:154} INFO - [train_house_price_model] Dropped 0 rows with NaNs; remaining 4055
[2025-11-26T13:34:05.921+0000] {logging_mixin.py:154} INFO - [train_house_price_model] Shape of X: (4055, 7), y: (4055,)
[2025-11-26T13:34:06.080+0000] {logging_mixin.py:154} WARNING - 2025/11/26 13:34:06 WARNING mlflow.utils.git_utils: Failed to import Git (the Git executable is probably not on your PATH), so Git SHA is not available. Error: Failed to initialize: Bad git executable.
The git executable must be specified in one of the following ways:
    - be included in your $PATH
    - be set via $GIT_PYTHON_GIT_EXECUTABLE
    - explicitly set via git.refresh(<full-path-to-git-executable>)

All git commands will error until this is rectified.

This initial message can be silenced or aggravated in the future by setting the
$GIT_PYTHON_REFRESH environment variable. Use one of the following values:
    - quiet|q|silence|s|silent|none|n|0: for no message or exception
    - warn|w|warning|log|l|1: for a warning message (logging level CRITICAL, displayed by default)
    - error|e|exception|raise|r|2: for a raised exception

Example:
    export GIT_PYTHON_REFRESH=quiet
[2025-11-26T13:34:14.858+0000] {logging_mixin.py:154} WARNING - /home/***/.local/lib/python3.10/site-packages/_distutils_hack/__init__.py:33 UserWarning: Setuptools is replacing distutils.
[2025-11-26T13:34:15.086+0000] {credentials.py:1147} INFO - Found credentials in environment variables.
[2025-11-26T13:34:15.599+0000] {logging_mixin.py:154} WARNING - Successfully registered model 'house_prices_regression'.
[2025-11-26T13:34:15.679+0000] {logging_mixin.py:154} WARNING - 2025/11/26 13:34:15 INFO mlflow.store.model_registry.abstract_store: Waiting up to 300 seconds for model version to finish creation. Model name: house_prices_regression, version 1
[2025-11-26T13:34:15.680+0000] {logging_mixin.py:154} WARNING - Created version '1' of model 'house_prices_regression'.
[2025-11-26T13:34:15.701+0000] {logging_mixin.py:154} INFO - Run ID: 45416db03d034764ab67281d567bbd6b
[2025-11-26T13:34:15.702+0000] {logging_mixin.py:154} INFO - RMSE: 47418.36, R2: 0.2085
[2025-11-26T13:34:15.735+0000] {python.py:194} INFO - Done. Returned value was: None
[2025-11-26T13:34:15.753+0000] {taskinstance.py:1400} INFO - Marking task as SUCCESS. dag_id=house_prices_train_model, task_id=train_house_model, execution_date=20251126T133402, start_date=20251126T133405, end_date=20251126T133415
[2025-11-26T13:34:15.830+0000] {local_task_job_runner.py:228} INFO - Task exited with return code 0
[2025-11-26T13:34:15.862+0000] {taskinstance.py:2778} INFO - 0 downstream tasks scheduled from follow-on schedule check
