[2025-11-05T01:50:40.805+0000] {processor.py:157} INFO - Started process (PID=167) to work on /opt/airflow/dags/diabetes_training_pipeline.py
[2025-11-05T01:50:40.808+0000] {processor.py:829} INFO - Processing file /opt/airflow/dags/diabetes_training_pipeline.py for tasks to queue
[2025-11-05T01:50:40.811+0000] {logging_mixin.py:154} INFO - [2025-11-05T01:50:40.810+0000] {dagbag.py:536} INFO - Filling up the DagBag from /opt/airflow/dags/diabetes_training_pipeline.py
[2025-11-05T01:50:42.887+0000] {processor.py:839} INFO - DAG(s) dict_keys(['diabetes_training_pipeline']) retrieved from /opt/airflow/dags/diabetes_training_pipeline.py
[2025-11-05T01:50:42.960+0000] {logging_mixin.py:154} INFO - [2025-11-05T01:50:42.959+0000] {manager.py:499} INFO - Created Permission View: %s
[2025-11-05T01:50:42.967+0000] {logging_mixin.py:154} INFO - [2025-11-05T01:50:42.967+0000] {manager.py:499} INFO - Created Permission View: %s
[2025-11-05T01:50:42.972+0000] {logging_mixin.py:154} INFO - [2025-11-05T01:50:42.971+0000] {manager.py:499} INFO - Created Permission View: %s
[2025-11-05T01:50:42.972+0000] {logging_mixin.py:154} INFO - [2025-11-05T01:50:42.972+0000] {dag.py:2941} INFO - Sync 1 DAGs
[2025-11-05T01:50:42.980+0000] {logging_mixin.py:154} INFO - [2025-11-05T01:50:42.979+0000] {dag.py:2963} INFO - Creating ORM DAG for diabetes_training_pipeline
[2025-11-05T01:50:42.980+0000] {logging_mixin.py:154} INFO - [2025-11-05T01:50:42.980+0000] {dag.py:3722} INFO - Setting next_dagrun for diabetes_training_pipeline to None, run_after=None
[2025-11-05T01:50:42.992+0000] {processor.py:179} INFO - Processing /opt/airflow/dags/diabetes_training_pipeline.py took 2.192 seconds
[2025-11-05T01:51:13.175+0000] {processor.py:157} INFO - Started process (PID=189) to work on /opt/airflow/dags/diabetes_training_pipeline.py
[2025-11-05T01:51:13.177+0000] {processor.py:829} INFO - Processing file /opt/airflow/dags/diabetes_training_pipeline.py for tasks to queue
[2025-11-05T01:51:13.177+0000] {logging_mixin.py:154} INFO - [2025-11-05T01:51:13.177+0000] {dagbag.py:536} INFO - Filling up the DagBag from /opt/airflow/dags/diabetes_training_pipeline.py
[2025-11-05T01:51:14.056+0000] {processor.py:839} INFO - DAG(s) dict_keys(['diabetes_training_pipeline']) retrieved from /opt/airflow/dags/diabetes_training_pipeline.py
[2025-11-05T01:51:14.067+0000] {logging_mixin.py:154} INFO - [2025-11-05T01:51:14.067+0000] {dag.py:2941} INFO - Sync 1 DAGs
[2025-11-05T01:51:14.075+0000] {logging_mixin.py:154} INFO - [2025-11-05T01:51:14.075+0000] {dag.py:3722} INFO - Setting next_dagrun for diabetes_training_pipeline to None, run_after=None
[2025-11-05T01:51:14.091+0000] {processor.py:179} INFO - Processing /opt/airflow/dags/diabetes_training_pipeline.py took 0.918 seconds
[2025-11-05T01:51:44.291+0000] {processor.py:157} INFO - Started process (PID=208) to work on /opt/airflow/dags/diabetes_training_pipeline.py
[2025-11-05T01:51:44.292+0000] {processor.py:829} INFO - Processing file /opt/airflow/dags/diabetes_training_pipeline.py for tasks to queue
[2025-11-05T01:51:44.293+0000] {logging_mixin.py:154} INFO - [2025-11-05T01:51:44.292+0000] {dagbag.py:536} INFO - Filling up the DagBag from /opt/airflow/dags/diabetes_training_pipeline.py
[2025-11-05T01:51:45.065+0000] {processor.py:839} INFO - DAG(s) dict_keys(['diabetes_training_pipeline']) retrieved from /opt/airflow/dags/diabetes_training_pipeline.py
[2025-11-05T01:51:45.077+0000] {logging_mixin.py:154} INFO - [2025-11-05T01:51:45.076+0000] {dag.py:2941} INFO - Sync 1 DAGs
[2025-11-05T01:51:45.082+0000] {logging_mixin.py:154} INFO - [2025-11-05T01:51:45.082+0000] {dag.py:3722} INFO - Setting next_dagrun for diabetes_training_pipeline to None, run_after=None
[2025-11-05T01:51:45.098+0000] {processor.py:179} INFO - Processing /opt/airflow/dags/diabetes_training_pipeline.py took 0.811 seconds
[2025-11-05T01:52:15.722+0000] {processor.py:157} INFO - Started process (PID=233) to work on /opt/airflow/dags/diabetes_training_pipeline.py
[2025-11-05T01:52:15.724+0000] {processor.py:829} INFO - Processing file /opt/airflow/dags/diabetes_training_pipeline.py for tasks to queue
[2025-11-05T01:52:15.724+0000] {logging_mixin.py:154} INFO - [2025-11-05T01:52:15.724+0000] {dagbag.py:536} INFO - Filling up the DagBag from /opt/airflow/dags/diabetes_training_pipeline.py
[2025-11-05T01:52:16.744+0000] {processor.py:839} INFO - DAG(s) dict_keys(['diabetes_training_pipeline']) retrieved from /opt/airflow/dags/diabetes_training_pipeline.py
[2025-11-05T01:52:16.764+0000] {logging_mixin.py:154} INFO - [2025-11-05T01:52:16.763+0000] {dag.py:2941} INFO - Sync 1 DAGs
[2025-11-05T01:52:16.774+0000] {logging_mixin.py:154} INFO - [2025-11-05T01:52:16.774+0000] {dag.py:3722} INFO - Setting next_dagrun for diabetes_training_pipeline to None, run_after=None
[2025-11-05T01:52:16.790+0000] {processor.py:179} INFO - Processing /opt/airflow/dags/diabetes_training_pipeline.py took 1.071 seconds
[2025-11-05T01:52:47.044+0000] {processor.py:157} INFO - Started process (PID=252) to work on /opt/airflow/dags/diabetes_training_pipeline.py
[2025-11-05T01:52:47.046+0000] {processor.py:829} INFO - Processing file /opt/airflow/dags/diabetes_training_pipeline.py for tasks to queue
[2025-11-05T01:52:47.047+0000] {logging_mixin.py:154} INFO - [2025-11-05T01:52:47.047+0000] {dagbag.py:536} INFO - Filling up the DagBag from /opt/airflow/dags/diabetes_training_pipeline.py
[2025-11-05T01:52:48.023+0000] {processor.py:839} INFO - DAG(s) dict_keys(['diabetes_training_pipeline']) retrieved from /opt/airflow/dags/diabetes_training_pipeline.py
[2025-11-05T01:52:48.040+0000] {logging_mixin.py:154} INFO - [2025-11-05T01:52:48.040+0000] {dag.py:2941} INFO - Sync 1 DAGs
[2025-11-05T01:52:48.047+0000] {logging_mixin.py:154} INFO - [2025-11-05T01:52:48.047+0000] {dag.py:3722} INFO - Setting next_dagrun for diabetes_training_pipeline to None, run_after=None
[2025-11-05T01:52:48.058+0000] {processor.py:179} INFO - Processing /opt/airflow/dags/diabetes_training_pipeline.py took 1.018 seconds
[2025-11-05T01:53:18.298+0000] {processor.py:157} INFO - Started process (PID=274) to work on /opt/airflow/dags/diabetes_training_pipeline.py
[2025-11-05T01:53:18.300+0000] {processor.py:829} INFO - Processing file /opt/airflow/dags/diabetes_training_pipeline.py for tasks to queue
[2025-11-05T01:53:18.300+0000] {logging_mixin.py:154} INFO - [2025-11-05T01:53:18.300+0000] {dagbag.py:536} INFO - Filling up the DagBag from /opt/airflow/dags/diabetes_training_pipeline.py
[2025-11-05T01:53:19.290+0000] {processor.py:839} INFO - DAG(s) dict_keys(['diabetes_training_pipeline']) retrieved from /opt/airflow/dags/diabetes_training_pipeline.py
[2025-11-05T01:53:19.304+0000] {logging_mixin.py:154} INFO - [2025-11-05T01:53:19.303+0000] {dag.py:2941} INFO - Sync 1 DAGs
[2025-11-05T01:53:19.310+0000] {logging_mixin.py:154} INFO - [2025-11-05T01:53:19.310+0000] {dag.py:3722} INFO - Setting next_dagrun for diabetes_training_pipeline to None, run_after=None
[2025-11-05T01:53:19.320+0000] {processor.py:179} INFO - Processing /opt/airflow/dags/diabetes_training_pipeline.py took 1.024 seconds
[2025-11-05T01:53:49.607+0000] {processor.py:157} INFO - Started process (PID=293) to work on /opt/airflow/dags/diabetes_training_pipeline.py
[2025-11-05T01:53:49.609+0000] {processor.py:829} INFO - Processing file /opt/airflow/dags/diabetes_training_pipeline.py for tasks to queue
[2025-11-05T01:53:49.609+0000] {logging_mixin.py:154} INFO - [2025-11-05T01:53:49.609+0000] {dagbag.py:536} INFO - Filling up the DagBag from /opt/airflow/dags/diabetes_training_pipeline.py
[2025-11-05T01:53:50.525+0000] {processor.py:839} INFO - DAG(s) dict_keys(['diabetes_training_pipeline']) retrieved from /opt/airflow/dags/diabetes_training_pipeline.py
[2025-11-05T01:53:50.541+0000] {logging_mixin.py:154} INFO - [2025-11-05T01:53:50.541+0000] {dag.py:2941} INFO - Sync 1 DAGs
[2025-11-05T01:53:50.548+0000] {logging_mixin.py:154} INFO - [2025-11-05T01:53:50.548+0000] {dag.py:3722} INFO - Setting next_dagrun for diabetes_training_pipeline to None, run_after=None
[2025-11-05T01:53:50.558+0000] {processor.py:179} INFO - Processing /opt/airflow/dags/diabetes_training_pipeline.py took 0.953 seconds
[2025-11-05T01:54:20.818+0000] {processor.py:157} INFO - Started process (PID=312) to work on /opt/airflow/dags/diabetes_training_pipeline.py
[2025-11-05T01:54:20.819+0000] {processor.py:829} INFO - Processing file /opt/airflow/dags/diabetes_training_pipeline.py for tasks to queue
[2025-11-05T01:54:20.819+0000] {logging_mixin.py:154} INFO - [2025-11-05T01:54:20.819+0000] {dagbag.py:536} INFO - Filling up the DagBag from /opt/airflow/dags/diabetes_training_pipeline.py
[2025-11-05T01:54:21.500+0000] {processor.py:839} INFO - DAG(s) dict_keys(['diabetes_training_pipeline']) retrieved from /opt/airflow/dags/diabetes_training_pipeline.py
[2025-11-05T01:54:21.511+0000] {logging_mixin.py:154} INFO - [2025-11-05T01:54:21.510+0000] {dag.py:2941} INFO - Sync 1 DAGs
[2025-11-05T01:54:21.516+0000] {logging_mixin.py:154} INFO - [2025-11-05T01:54:21.516+0000] {dag.py:3722} INFO - Setting next_dagrun for diabetes_training_pipeline to None, run_after=None
[2025-11-05T01:54:21.525+0000] {processor.py:179} INFO - Processing /opt/airflow/dags/diabetes_training_pipeline.py took 0.712 seconds
[2025-11-05T01:54:51.761+0000] {processor.py:157} INFO - Started process (PID=331) to work on /opt/airflow/dags/diabetes_training_pipeline.py
[2025-11-05T01:54:51.763+0000] {processor.py:829} INFO - Processing file /opt/airflow/dags/diabetes_training_pipeline.py for tasks to queue
[2025-11-05T01:54:51.764+0000] {logging_mixin.py:154} INFO - [2025-11-05T01:54:51.764+0000] {dagbag.py:536} INFO - Filling up the DagBag from /opt/airflow/dags/diabetes_training_pipeline.py
[2025-11-05T01:54:52.428+0000] {processor.py:839} INFO - DAG(s) dict_keys(['diabetes_training_pipeline']) retrieved from /opt/airflow/dags/diabetes_training_pipeline.py
[2025-11-05T01:54:52.442+0000] {logging_mixin.py:154} INFO - [2025-11-05T01:54:52.442+0000] {dag.py:2941} INFO - Sync 1 DAGs
[2025-11-05T01:54:52.449+0000] {logging_mixin.py:154} INFO - [2025-11-05T01:54:52.449+0000] {dag.py:3722} INFO - Setting next_dagrun for diabetes_training_pipeline to None, run_after=None
[2025-11-05T01:54:52.459+0000] {processor.py:179} INFO - Processing /opt/airflow/dags/diabetes_training_pipeline.py took 0.701 seconds
[2025-11-05T01:55:23.030+0000] {processor.py:157} INFO - Started process (PID=356) to work on /opt/airflow/dags/diabetes_training_pipeline.py
[2025-11-05T01:55:23.032+0000] {processor.py:829} INFO - Processing file /opt/airflow/dags/diabetes_training_pipeline.py for tasks to queue
[2025-11-05T01:55:23.033+0000] {logging_mixin.py:154} INFO - [2025-11-05T01:55:23.032+0000] {dagbag.py:536} INFO - Filling up the DagBag from /opt/airflow/dags/diabetes_training_pipeline.py
[2025-11-05T01:55:23.754+0000] {processor.py:839} INFO - DAG(s) dict_keys(['diabetes_training_pipeline']) retrieved from /opt/airflow/dags/diabetes_training_pipeline.py
[2025-11-05T01:55:23.766+0000] {logging_mixin.py:154} INFO - [2025-11-05T01:55:23.765+0000] {dag.py:2941} INFO - Sync 1 DAGs
[2025-11-05T01:55:23.771+0000] {logging_mixin.py:154} INFO - [2025-11-05T01:55:23.771+0000] {dag.py:3722} INFO - Setting next_dagrun for diabetes_training_pipeline to None, run_after=None
[2025-11-05T01:55:23.779+0000] {processor.py:179} INFO - Processing /opt/airflow/dags/diabetes_training_pipeline.py took 0.752 seconds
[2025-11-05T01:55:54.060+0000] {processor.py:157} INFO - Started process (PID=375) to work on /opt/airflow/dags/diabetes_training_pipeline.py
[2025-11-05T01:55:54.061+0000] {processor.py:829} INFO - Processing file /opt/airflow/dags/diabetes_training_pipeline.py for tasks to queue
[2025-11-05T01:55:54.062+0000] {logging_mixin.py:154} INFO - [2025-11-05T01:55:54.061+0000] {dagbag.py:536} INFO - Filling up the DagBag from /opt/airflow/dags/diabetes_training_pipeline.py
[2025-11-05T01:55:54.741+0000] {processor.py:839} INFO - DAG(s) dict_keys(['diabetes_training_pipeline']) retrieved from /opt/airflow/dags/diabetes_training_pipeline.py
[2025-11-05T01:55:54.752+0000] {logging_mixin.py:154} INFO - [2025-11-05T01:55:54.752+0000] {dag.py:2941} INFO - Sync 1 DAGs
[2025-11-05T01:55:54.758+0000] {logging_mixin.py:154} INFO - [2025-11-05T01:55:54.758+0000] {dag.py:3722} INFO - Setting next_dagrun for diabetes_training_pipeline to None, run_after=None
[2025-11-05T01:55:54.767+0000] {processor.py:179} INFO - Processing /opt/airflow/dags/diabetes_training_pipeline.py took 0.710 seconds
[2025-11-05T01:56:25.083+0000] {processor.py:157} INFO - Started process (PID=397) to work on /opt/airflow/dags/diabetes_training_pipeline.py
[2025-11-05T01:56:25.088+0000] {processor.py:829} INFO - Processing file /opt/airflow/dags/diabetes_training_pipeline.py for tasks to queue
[2025-11-05T01:56:25.090+0000] {logging_mixin.py:154} INFO - [2025-11-05T01:56:25.089+0000] {dagbag.py:536} INFO - Filling up the DagBag from /opt/airflow/dags/diabetes_training_pipeline.py
[2025-11-05T01:56:26.541+0000] {processor.py:839} INFO - DAG(s) dict_keys(['diabetes_training_pipeline']) retrieved from /opt/airflow/dags/diabetes_training_pipeline.py
[2025-11-05T01:56:26.563+0000] {logging_mixin.py:154} INFO - [2025-11-05T01:56:26.562+0000] {dag.py:2941} INFO - Sync 1 DAGs
[2025-11-05T01:56:26.572+0000] {logging_mixin.py:154} INFO - [2025-11-05T01:56:26.572+0000] {dag.py:3722} INFO - Setting next_dagrun for diabetes_training_pipeline to None, run_after=None
[2025-11-05T01:56:26.584+0000] {processor.py:179} INFO - Processing /opt/airflow/dags/diabetes_training_pipeline.py took 1.513 seconds
[2025-11-05T01:56:56.697+0000] {processor.py:157} INFO - Started process (PID=426) to work on /opt/airflow/dags/diabetes_training_pipeline.py
[2025-11-05T01:56:56.700+0000] {processor.py:829} INFO - Processing file /opt/airflow/dags/diabetes_training_pipeline.py for tasks to queue
[2025-11-05T01:56:56.701+0000] {logging_mixin.py:154} INFO - [2025-11-05T01:56:56.700+0000] {dagbag.py:536} INFO - Filling up the DagBag from /opt/airflow/dags/diabetes_training_pipeline.py
[2025-11-05T01:56:57.817+0000] {processor.py:839} INFO - DAG(s) dict_keys(['diabetes_training_pipeline']) retrieved from /opt/airflow/dags/diabetes_training_pipeline.py
[2025-11-05T01:56:57.832+0000] {logging_mixin.py:154} INFO - [2025-11-05T01:56:57.831+0000] {dag.py:2941} INFO - Sync 1 DAGs
[2025-11-05T01:56:57.837+0000] {logging_mixin.py:154} INFO - [2025-11-05T01:56:57.837+0000] {dag.py:3722} INFO - Setting next_dagrun for diabetes_training_pipeline to None, run_after=None
[2025-11-05T01:56:57.847+0000] {processor.py:179} INFO - Processing /opt/airflow/dags/diabetes_training_pipeline.py took 1.158 seconds
[2025-11-05T01:57:28.069+0000] {processor.py:157} INFO - Started process (PID=444) to work on /opt/airflow/dags/diabetes_training_pipeline.py
[2025-11-05T01:57:28.071+0000] {processor.py:829} INFO - Processing file /opt/airflow/dags/diabetes_training_pipeline.py for tasks to queue
[2025-11-05T01:57:28.073+0000] {logging_mixin.py:154} INFO - [2025-11-05T01:57:28.072+0000] {dagbag.py:536} INFO - Filling up the DagBag from /opt/airflow/dags/diabetes_training_pipeline.py
[2025-11-05T01:57:29.202+0000] {processor.py:839} INFO - DAG(s) dict_keys(['diabetes_training_pipeline']) retrieved from /opt/airflow/dags/diabetes_training_pipeline.py
[2025-11-05T01:57:29.214+0000] {logging_mixin.py:154} INFO - [2025-11-05T01:57:29.213+0000] {dag.py:2941} INFO - Sync 1 DAGs
[2025-11-05T01:57:29.219+0000] {logging_mixin.py:154} INFO - [2025-11-05T01:57:29.219+0000] {dag.py:3722} INFO - Setting next_dagrun for diabetes_training_pipeline to None, run_after=None
[2025-11-05T01:57:29.307+0000] {processor.py:179} INFO - Processing /opt/airflow/dags/diabetes_training_pipeline.py took 1.245 seconds
[2025-11-05T01:57:59.572+0000] {processor.py:157} INFO - Started process (PID=464) to work on /opt/airflow/dags/diabetes_training_pipeline.py
[2025-11-05T01:57:59.576+0000] {processor.py:829} INFO - Processing file /opt/airflow/dags/diabetes_training_pipeline.py for tasks to queue
[2025-11-05T01:57:59.577+0000] {logging_mixin.py:154} INFO - [2025-11-05T01:57:59.577+0000] {dagbag.py:536} INFO - Filling up the DagBag from /opt/airflow/dags/diabetes_training_pipeline.py
[2025-11-05T01:58:00.704+0000] {processor.py:839} INFO - DAG(s) dict_keys(['diabetes_training_pipeline']) retrieved from /opt/airflow/dags/diabetes_training_pipeline.py
[2025-11-05T01:58:00.718+0000] {logging_mixin.py:154} INFO - [2025-11-05T01:58:00.717+0000] {dag.py:2941} INFO - Sync 1 DAGs
[2025-11-05T01:58:00.723+0000] {logging_mixin.py:154} INFO - [2025-11-05T01:58:00.723+0000] {dag.py:3722} INFO - Setting next_dagrun for diabetes_training_pipeline to None, run_after=None
[2025-11-05T01:58:00.733+0000] {processor.py:179} INFO - Processing /opt/airflow/dags/diabetes_training_pipeline.py took 1.172 seconds
[2025-11-05T01:58:30.879+0000] {processor.py:157} INFO - Started process (PID=482) to work on /opt/airflow/dags/diabetes_training_pipeline.py
[2025-11-05T01:58:30.880+0000] {processor.py:829} INFO - Processing file /opt/airflow/dags/diabetes_training_pipeline.py for tasks to queue
[2025-11-05T01:58:30.882+0000] {logging_mixin.py:154} INFO - [2025-11-05T01:58:30.882+0000] {dagbag.py:536} INFO - Filling up the DagBag from /opt/airflow/dags/diabetes_training_pipeline.py
[2025-11-05T01:58:31.944+0000] {processor.py:839} INFO - DAG(s) dict_keys(['diabetes_training_pipeline']) retrieved from /opt/airflow/dags/diabetes_training_pipeline.py
[2025-11-05T01:58:31.955+0000] {logging_mixin.py:154} INFO - [2025-11-05T01:58:31.955+0000] {dag.py:2941} INFO - Sync 1 DAGs
[2025-11-05T01:58:31.962+0000] {logging_mixin.py:154} INFO - [2025-11-05T01:58:31.962+0000] {dag.py:3722} INFO - Setting next_dagrun for diabetes_training_pipeline to None, run_after=None
[2025-11-05T01:58:31.972+0000] {processor.py:179} INFO - Processing /opt/airflow/dags/diabetes_training_pipeline.py took 1.095 seconds
[2025-11-05T01:59:02.197+0000] {processor.py:157} INFO - Started process (PID=501) to work on /opt/airflow/dags/diabetes_training_pipeline.py
[2025-11-05T01:59:02.200+0000] {processor.py:829} INFO - Processing file /opt/airflow/dags/diabetes_training_pipeline.py for tasks to queue
[2025-11-05T01:59:02.203+0000] {logging_mixin.py:154} INFO - [2025-11-05T01:59:02.203+0000] {dagbag.py:536} INFO - Filling up the DagBag from /opt/airflow/dags/diabetes_training_pipeline.py
[2025-11-05T01:59:03.104+0000] {processor.py:839} INFO - DAG(s) dict_keys(['diabetes_training_pipeline']) retrieved from /opt/airflow/dags/diabetes_training_pipeline.py
[2025-11-05T01:59:03.193+0000] {logging_mixin.py:154} INFO - [2025-11-05T01:59:03.192+0000] {dag.py:2941} INFO - Sync 1 DAGs
[2025-11-05T01:59:03.198+0000] {logging_mixin.py:154} INFO - [2025-11-05T01:59:03.198+0000] {dag.py:3722} INFO - Setting next_dagrun for diabetes_training_pipeline to None, run_after=None
[2025-11-05T01:59:03.207+0000] {processor.py:179} INFO - Processing /opt/airflow/dags/diabetes_training_pipeline.py took 1.014 seconds
[2025-11-05T01:59:33.497+0000] {processor.py:157} INFO - Started process (PID=520) to work on /opt/airflow/dags/diabetes_training_pipeline.py
[2025-11-05T01:59:33.499+0000] {processor.py:829} INFO - Processing file /opt/airflow/dags/diabetes_training_pipeline.py for tasks to queue
[2025-11-05T01:59:33.500+0000] {logging_mixin.py:154} INFO - [2025-11-05T01:59:33.500+0000] {dagbag.py:536} INFO - Filling up the DagBag from /opt/airflow/dags/diabetes_training_pipeline.py
[2025-11-05T01:59:34.562+0000] {processor.py:839} INFO - DAG(s) dict_keys(['diabetes_training_pipeline']) retrieved from /opt/airflow/dags/diabetes_training_pipeline.py
[2025-11-05T01:59:34.573+0000] {logging_mixin.py:154} INFO - [2025-11-05T01:59:34.572+0000] {dag.py:2941} INFO - Sync 1 DAGs
[2025-11-05T01:59:34.578+0000] {logging_mixin.py:154} INFO - [2025-11-05T01:59:34.578+0000] {dag.py:3722} INFO - Setting next_dagrun for diabetes_training_pipeline to None, run_after=None
[2025-11-05T01:59:34.587+0000] {processor.py:179} INFO - Processing /opt/airflow/dags/diabetes_training_pipeline.py took 1.094 seconds
[2025-11-05T02:00:04.857+0000] {processor.py:157} INFO - Started process (PID=542) to work on /opt/airflow/dags/diabetes_training_pipeline.py
[2025-11-05T02:00:04.858+0000] {processor.py:829} INFO - Processing file /opt/airflow/dags/diabetes_training_pipeline.py for tasks to queue
[2025-11-05T02:00:04.859+0000] {logging_mixin.py:154} INFO - [2025-11-05T02:00:04.859+0000] {dagbag.py:536} INFO - Filling up the DagBag from /opt/airflow/dags/diabetes_training_pipeline.py
[2025-11-05T02:00:07.722+0000] {processor.py:839} INFO - DAG(s) dict_keys(['diabetes_training_pipeline']) retrieved from /opt/airflow/dags/diabetes_training_pipeline.py
[2025-11-05T02:00:07.779+0000] {logging_mixin.py:154} INFO - [2025-11-05T02:00:07.778+0000] {dag.py:2941} INFO - Sync 1 DAGs
[2025-11-05T02:00:08.042+0000] {logging_mixin.py:154} INFO - [2025-11-05T02:00:08.042+0000] {dag.py:3722} INFO - Setting next_dagrun for diabetes_training_pipeline to None, run_after=None
[2025-11-05T02:00:08.057+0000] {processor.py:179} INFO - Processing /opt/airflow/dags/diabetes_training_pipeline.py took 3.211 seconds
[2025-11-05T02:00:38.377+0000] {processor.py:157} INFO - Started process (PID=570) to work on /opt/airflow/dags/diabetes_training_pipeline.py
[2025-11-05T02:00:38.381+0000] {processor.py:829} INFO - Processing file /opt/airflow/dags/diabetes_training_pipeline.py for tasks to queue
[2025-11-05T02:00:38.384+0000] {logging_mixin.py:154} INFO - [2025-11-05T02:00:38.382+0000] {dagbag.py:536} INFO - Filling up the DagBag from /opt/airflow/dags/diabetes_training_pipeline.py
[2025-11-05T02:00:39.917+0000] {processor.py:839} INFO - DAG(s) dict_keys(['diabetes_training_pipeline']) retrieved from /opt/airflow/dags/diabetes_training_pipeline.py
[2025-11-05T02:00:40.096+0000] {logging_mixin.py:154} INFO - [2025-11-05T02:00:40.095+0000] {dag.py:2941} INFO - Sync 1 DAGs
[2025-11-05T02:00:40.107+0000] {logging_mixin.py:154} INFO - [2025-11-05T02:00:40.107+0000] {dag.py:3722} INFO - Setting next_dagrun for diabetes_training_pipeline to None, run_after=None
[2025-11-05T02:00:40.122+0000] {processor.py:179} INFO - Processing /opt/airflow/dags/diabetes_training_pipeline.py took 1.766 seconds
[2025-11-05T02:01:10.425+0000] {processor.py:157} INFO - Started process (PID=589) to work on /opt/airflow/dags/diabetes_training_pipeline.py
[2025-11-05T02:01:10.430+0000] {processor.py:829} INFO - Processing file /opt/airflow/dags/diabetes_training_pipeline.py for tasks to queue
[2025-11-05T02:01:10.436+0000] {logging_mixin.py:154} INFO - [2025-11-05T02:01:10.434+0000] {dagbag.py:536} INFO - Filling up the DagBag from /opt/airflow/dags/diabetes_training_pipeline.py
[2025-11-05T02:01:12.133+0000] {processor.py:839} INFO - DAG(s) dict_keys(['diabetes_training_pipeline']) retrieved from /opt/airflow/dags/diabetes_training_pipeline.py
[2025-11-05T02:01:12.159+0000] {logging_mixin.py:154} INFO - [2025-11-05T02:01:12.159+0000] {dag.py:2941} INFO - Sync 1 DAGs
[2025-11-05T02:01:12.169+0000] {logging_mixin.py:154} INFO - [2025-11-05T02:01:12.169+0000] {dag.py:3722} INFO - Setting next_dagrun for diabetes_training_pipeline to None, run_after=None
[2025-11-05T02:01:12.184+0000] {processor.py:179} INFO - Processing /opt/airflow/dags/diabetes_training_pipeline.py took 1.765 seconds
[2025-11-05T02:01:42.466+0000] {processor.py:157} INFO - Started process (PID=608) to work on /opt/airflow/dags/diabetes_training_pipeline.py
[2025-11-05T02:01:42.467+0000] {processor.py:829} INFO - Processing file /opt/airflow/dags/diabetes_training_pipeline.py for tasks to queue
[2025-11-05T02:01:42.468+0000] {logging_mixin.py:154} INFO - [2025-11-05T02:01:42.467+0000] {dagbag.py:536} INFO - Filling up the DagBag from /opt/airflow/dags/diabetes_training_pipeline.py
[2025-11-05T02:01:43.333+0000] {processor.py:839} INFO - DAG(s) dict_keys(['diabetes_training_pipeline']) retrieved from /opt/airflow/dags/diabetes_training_pipeline.py
[2025-11-05T02:01:43.350+0000] {logging_mixin.py:154} INFO - [2025-11-05T02:01:43.350+0000] {dag.py:2941} INFO - Sync 1 DAGs
[2025-11-05T02:01:43.456+0000] {logging_mixin.py:154} INFO - [2025-11-05T02:01:43.456+0000] {dag.py:3722} INFO - Setting next_dagrun for diabetes_training_pipeline to None, run_after=None
[2025-11-05T02:01:43.466+0000] {processor.py:179} INFO - Processing /opt/airflow/dags/diabetes_training_pipeline.py took 1.005 seconds
[2025-11-05T02:02:13.820+0000] {processor.py:157} INFO - Started process (PID=627) to work on /opt/airflow/dags/diabetes_training_pipeline.py
[2025-11-05T02:02:13.821+0000] {processor.py:829} INFO - Processing file /opt/airflow/dags/diabetes_training_pipeline.py for tasks to queue
[2025-11-05T02:02:13.822+0000] {logging_mixin.py:154} INFO - [2025-11-05T02:02:13.822+0000] {dagbag.py:536} INFO - Filling up the DagBag from /opt/airflow/dags/diabetes_training_pipeline.py
[2025-11-05T02:02:15.003+0000] {processor.py:839} INFO - DAG(s) dict_keys(['diabetes_training_pipeline']) retrieved from /opt/airflow/dags/diabetes_training_pipeline.py
[2025-11-05T02:02:15.021+0000] {logging_mixin.py:154} INFO - [2025-11-05T02:02:15.020+0000] {dag.py:2941} INFO - Sync 1 DAGs
[2025-11-05T02:02:15.029+0000] {logging_mixin.py:154} INFO - [2025-11-05T02:02:15.029+0000] {dag.py:3722} INFO - Setting next_dagrun for diabetes_training_pipeline to None, run_after=None
[2025-11-05T02:02:15.042+0000] {processor.py:179} INFO - Processing /opt/airflow/dags/diabetes_training_pipeline.py took 1.232 seconds
[2025-11-05T02:02:45.278+0000] {processor.py:157} INFO - Started process (PID=703) to work on /opt/airflow/dags/diabetes_training_pipeline.py
[2025-11-05T02:02:45.281+0000] {processor.py:829} INFO - Processing file /opt/airflow/dags/diabetes_training_pipeline.py for tasks to queue
[2025-11-05T02:02:45.285+0000] {logging_mixin.py:154} INFO - [2025-11-05T02:02:45.284+0000] {dagbag.py:536} INFO - Filling up the DagBag from /opt/airflow/dags/diabetes_training_pipeline.py
[2025-11-05T02:02:46.618+0000] {processor.py:839} INFO - DAG(s) dict_keys(['diabetes_training_pipeline']) retrieved from /opt/airflow/dags/diabetes_training_pipeline.py
[2025-11-05T02:02:46.652+0000] {logging_mixin.py:154} INFO - [2025-11-05T02:02:46.651+0000] {dag.py:2941} INFO - Sync 1 DAGs
[2025-11-05T02:02:46.665+0000] {logging_mixin.py:154} INFO - [2025-11-05T02:02:46.665+0000] {dag.py:3722} INFO - Setting next_dagrun for diabetes_training_pipeline to None, run_after=None
[2025-11-05T02:02:46.686+0000] {processor.py:179} INFO - Processing /opt/airflow/dags/diabetes_training_pipeline.py took 1.413 seconds
[2025-11-05T02:03:17.549+0000] {processor.py:157} INFO - Started process (PID=722) to work on /opt/airflow/dags/diabetes_training_pipeline.py
[2025-11-05T02:03:17.555+0000] {processor.py:829} INFO - Processing file /opt/airflow/dags/diabetes_training_pipeline.py for tasks to queue
[2025-11-05T02:03:17.559+0000] {logging_mixin.py:154} INFO - [2025-11-05T02:03:17.558+0000] {dagbag.py:536} INFO - Filling up the DagBag from /opt/airflow/dags/diabetes_training_pipeline.py
[2025-11-05T02:03:18.814+0000] {processor.py:839} INFO - DAG(s) dict_keys(['diabetes_training_pipeline']) retrieved from /opt/airflow/dags/diabetes_training_pipeline.py
[2025-11-05T02:03:18.835+0000] {logging_mixin.py:154} INFO - [2025-11-05T02:03:18.835+0000] {dag.py:2941} INFO - Sync 1 DAGs
[2025-11-05T02:03:18.975+0000] {logging_mixin.py:154} INFO - [2025-11-05T02:03:18.975+0000] {dag.py:3722} INFO - Setting next_dagrun for diabetes_training_pipeline to None, run_after=None
[2025-11-05T02:03:19.014+0000] {processor.py:179} INFO - Processing /opt/airflow/dags/diabetes_training_pipeline.py took 1.476 seconds
[2025-11-05T02:03:49.260+0000] {processor.py:157} INFO - Started process (PID=741) to work on /opt/airflow/dags/diabetes_training_pipeline.py
[2025-11-05T02:03:49.261+0000] {processor.py:829} INFO - Processing file /opt/airflow/dags/diabetes_training_pipeline.py for tasks to queue
[2025-11-05T02:03:49.262+0000] {logging_mixin.py:154} INFO - [2025-11-05T02:03:49.261+0000] {dagbag.py:536} INFO - Filling up the DagBag from /opt/airflow/dags/diabetes_training_pipeline.py
[2025-11-05T02:03:50.100+0000] {processor.py:839} INFO - DAG(s) dict_keys(['diabetes_training_pipeline']) retrieved from /opt/airflow/dags/diabetes_training_pipeline.py
[2025-11-05T02:03:50.118+0000] {logging_mixin.py:154} INFO - [2025-11-05T02:03:50.118+0000] {dag.py:2941} INFO - Sync 1 DAGs
[2025-11-05T02:03:50.124+0000] {logging_mixin.py:154} INFO - [2025-11-05T02:03:50.124+0000] {dag.py:3722} INFO - Setting next_dagrun for diabetes_training_pipeline to None, run_after=None
[2025-11-05T02:03:50.131+0000] {processor.py:179} INFO - Processing /opt/airflow/dags/diabetes_training_pipeline.py took 0.875 seconds
[2025-11-05T02:04:20.673+0000] {processor.py:157} INFO - Started process (PID=760) to work on /opt/airflow/dags/diabetes_training_pipeline.py
[2025-11-05T02:04:20.675+0000] {processor.py:829} INFO - Processing file /opt/airflow/dags/diabetes_training_pipeline.py for tasks to queue
[2025-11-05T02:04:20.676+0000] {logging_mixin.py:154} INFO - [2025-11-05T02:04:20.676+0000] {dagbag.py:536} INFO - Filling up the DagBag from /opt/airflow/dags/diabetes_training_pipeline.py
[2025-11-05T02:04:21.631+0000] {processor.py:839} INFO - DAG(s) dict_keys(['diabetes_training_pipeline']) retrieved from /opt/airflow/dags/diabetes_training_pipeline.py
[2025-11-05T02:04:21.645+0000] {logging_mixin.py:154} INFO - [2025-11-05T02:04:21.645+0000] {dag.py:2941} INFO - Sync 1 DAGs
[2025-11-05T02:04:21.650+0000] {logging_mixin.py:154} INFO - [2025-11-05T02:04:21.650+0000] {dag.py:3722} INFO - Setting next_dagrun for diabetes_training_pipeline to None, run_after=None
[2025-11-05T02:04:21.677+0000] {processor.py:179} INFO - Processing /opt/airflow/dags/diabetes_training_pipeline.py took 1.011 seconds
[2025-11-05T02:04:51.974+0000] {processor.py:157} INFO - Started process (PID=779) to work on /opt/airflow/dags/diabetes_training_pipeline.py
[2025-11-05T02:04:51.977+0000] {processor.py:829} INFO - Processing file /opt/airflow/dags/diabetes_training_pipeline.py for tasks to queue
[2025-11-05T02:04:51.978+0000] {logging_mixin.py:154} INFO - [2025-11-05T02:04:51.977+0000] {dagbag.py:536} INFO - Filling up the DagBag from /opt/airflow/dags/diabetes_training_pipeline.py
[2025-11-05T02:04:52.950+0000] {processor.py:839} INFO - DAG(s) dict_keys(['diabetes_training_pipeline']) retrieved from /opt/airflow/dags/diabetes_training_pipeline.py
[2025-11-05T02:04:52.970+0000] {logging_mixin.py:154} INFO - [2025-11-05T02:04:52.970+0000] {dag.py:2941} INFO - Sync 1 DAGs
[2025-11-05T02:04:53.049+0000] {logging_mixin.py:154} INFO - [2025-11-05T02:04:53.049+0000] {dag.py:3722} INFO - Setting next_dagrun for diabetes_training_pipeline to None, run_after=None
[2025-11-05T02:04:53.060+0000] {processor.py:179} INFO - Processing /opt/airflow/dags/diabetes_training_pipeline.py took 1.095 seconds
[2025-11-05T02:05:23.158+0000] {processor.py:157} INFO - Started process (PID=825) to work on /opt/airflow/dags/diabetes_training_pipeline.py
[2025-11-05T02:05:23.161+0000] {processor.py:829} INFO - Processing file /opt/airflow/dags/diabetes_training_pipeline.py for tasks to queue
[2025-11-05T02:05:23.163+0000] {logging_mixin.py:154} INFO - [2025-11-05T02:05:23.162+0000] {dagbag.py:536} INFO - Filling up the DagBag from /opt/airflow/dags/diabetes_training_pipeline.py
[2025-11-05T02:05:27.582+0000] {processor.py:839} INFO - DAG(s) dict_keys(['diabetes_training_pipeline']) retrieved from /opt/airflow/dags/diabetes_training_pipeline.py
[2025-11-05T02:05:28.648+0000] {logging_mixin.py:154} INFO - [2025-11-05T02:05:28.600+0000] {dag.py:2941} INFO - Sync 1 DAGs
[2025-11-05T02:05:28.821+0000] {logging_mixin.py:154} INFO - [2025-11-05T02:05:28.804+0000] {dag.py:3722} INFO - Setting next_dagrun for diabetes_training_pipeline to None, run_after=None
[2025-11-05T02:05:29.545+0000] {processor.py:179} INFO - Processing /opt/airflow/dags/diabetes_training_pipeline.py took 6.398 seconds
[2025-11-05T02:05:59.697+0000] {processor.py:157} INFO - Started process (PID=883) to work on /opt/airflow/dags/diabetes_training_pipeline.py
[2025-11-05T02:05:59.699+0000] {processor.py:829} INFO - Processing file /opt/airflow/dags/diabetes_training_pipeline.py for tasks to queue
[2025-11-05T02:05:59.700+0000] {logging_mixin.py:154} INFO - [2025-11-05T02:05:59.699+0000] {dagbag.py:536} INFO - Filling up the DagBag from /opt/airflow/dags/diabetes_training_pipeline.py
[2025-11-05T02:06:00.789+0000] {processor.py:839} INFO - DAG(s) dict_keys(['diabetes_training_pipeline']) retrieved from /opt/airflow/dags/diabetes_training_pipeline.py
[2025-11-05T02:06:00.804+0000] {logging_mixin.py:154} INFO - [2025-11-05T02:06:00.803+0000] {dag.py:2941} INFO - Sync 1 DAGs
[2025-11-05T02:06:00.810+0000] {logging_mixin.py:154} INFO - [2025-11-05T02:06:00.810+0000] {dag.py:3722} INFO - Setting next_dagrun for diabetes_training_pipeline to None, run_after=None
[2025-11-05T02:06:00.904+0000] {processor.py:179} INFO - Processing /opt/airflow/dags/diabetes_training_pipeline.py took 1.213 seconds
[2025-11-05T02:06:31.086+0000] {processor.py:157} INFO - Started process (PID=902) to work on /opt/airflow/dags/diabetes_training_pipeline.py
[2025-11-05T02:06:31.088+0000] {processor.py:829} INFO - Processing file /opt/airflow/dags/diabetes_training_pipeline.py for tasks to queue
[2025-11-05T02:06:31.091+0000] {logging_mixin.py:154} INFO - [2025-11-05T02:06:31.090+0000] {dagbag.py:536} INFO - Filling up the DagBag from /opt/airflow/dags/diabetes_training_pipeline.py
[2025-11-05T02:06:32.225+0000] {processor.py:839} INFO - DAG(s) dict_keys(['diabetes_training_pipeline']) retrieved from /opt/airflow/dags/diabetes_training_pipeline.py
[2025-11-05T02:06:32.252+0000] {logging_mixin.py:154} INFO - [2025-11-05T02:06:32.251+0000] {dag.py:2941} INFO - Sync 1 DAGs
[2025-11-05T02:06:32.350+0000] {logging_mixin.py:154} INFO - [2025-11-05T02:06:32.350+0000] {dag.py:3722} INFO - Setting next_dagrun for diabetes_training_pipeline to None, run_after=None
[2025-11-05T02:06:32.362+0000] {processor.py:179} INFO - Processing /opt/airflow/dags/diabetes_training_pipeline.py took 1.283 seconds
[2025-11-05T02:07:02.641+0000] {processor.py:157} INFO - Started process (PID=921) to work on /opt/airflow/dags/diabetes_training_pipeline.py
[2025-11-05T02:07:02.644+0000] {processor.py:829} INFO - Processing file /opt/airflow/dags/diabetes_training_pipeline.py for tasks to queue
[2025-11-05T02:07:02.645+0000] {logging_mixin.py:154} INFO - [2025-11-05T02:07:02.645+0000] {dagbag.py:536} INFO - Filling up the DagBag from /opt/airflow/dags/diabetes_training_pipeline.py
[2025-11-05T02:07:03.710+0000] {processor.py:839} INFO - DAG(s) dict_keys(['diabetes_training_pipeline']) retrieved from /opt/airflow/dags/diabetes_training_pipeline.py
[2025-11-05T02:07:03.729+0000] {logging_mixin.py:154} INFO - [2025-11-05T02:07:03.729+0000] {dag.py:2941} INFO - Sync 1 DAGs
[2025-11-05T02:07:03.735+0000] {logging_mixin.py:154} INFO - [2025-11-05T02:07:03.734+0000] {dag.py:3722} INFO - Setting next_dagrun for diabetes_training_pipeline to None, run_after=None
[2025-11-05T02:07:03.743+0000] {processor.py:179} INFO - Processing /opt/airflow/dags/diabetes_training_pipeline.py took 1.108 seconds
[2025-11-05T02:07:34.051+0000] {processor.py:157} INFO - Started process (PID=940) to work on /opt/airflow/dags/diabetes_training_pipeline.py
[2025-11-05T02:07:34.054+0000] {processor.py:829} INFO - Processing file /opt/airflow/dags/diabetes_training_pipeline.py for tasks to queue
[2025-11-05T02:07:34.055+0000] {logging_mixin.py:154} INFO - [2025-11-05T02:07:34.055+0000] {dagbag.py:536} INFO - Filling up the DagBag from /opt/airflow/dags/diabetes_training_pipeline.py
[2025-11-05T02:07:35.599+0000] {processor.py:839} INFO - DAG(s) dict_keys(['diabetes_training_pipeline']) retrieved from /opt/airflow/dags/diabetes_training_pipeline.py
[2025-11-05T02:07:35.623+0000] {logging_mixin.py:154} INFO - [2025-11-05T02:07:35.623+0000] {dag.py:2941} INFO - Sync 1 DAGs
[2025-11-05T02:07:35.634+0000] {logging_mixin.py:154} INFO - [2025-11-05T02:07:35.634+0000] {dag.py:3722} INFO - Setting next_dagrun for diabetes_training_pipeline to None, run_after=None
[2025-11-05T02:07:35.650+0000] {processor.py:179} INFO - Processing /opt/airflow/dags/diabetes_training_pipeline.py took 1.584 seconds
[2025-11-05T02:08:05.962+0000] {processor.py:157} INFO - Started process (PID=959) to work on /opt/airflow/dags/diabetes_training_pipeline.py
[2025-11-05T02:08:05.964+0000] {processor.py:829} INFO - Processing file /opt/airflow/dags/diabetes_training_pipeline.py for tasks to queue
[2025-11-05T02:08:05.966+0000] {logging_mixin.py:154} INFO - [2025-11-05T02:08:05.965+0000] {dagbag.py:536} INFO - Filling up the DagBag from /opt/airflow/dags/diabetes_training_pipeline.py
[2025-11-05T02:08:07.374+0000] {processor.py:839} INFO - DAG(s) dict_keys(['diabetes_training_pipeline']) retrieved from /opt/airflow/dags/diabetes_training_pipeline.py
[2025-11-05T02:08:07.415+0000] {logging_mixin.py:154} INFO - [2025-11-05T02:08:07.414+0000] {dag.py:2941} INFO - Sync 1 DAGs
[2025-11-05T02:08:07.423+0000] {logging_mixin.py:154} INFO - [2025-11-05T02:08:07.423+0000] {dag.py:3722} INFO - Setting next_dagrun for diabetes_training_pipeline to None, run_after=None
[2025-11-05T02:08:07.435+0000] {processor.py:179} INFO - Processing /opt/airflow/dags/diabetes_training_pipeline.py took 1.480 seconds
[2025-11-05T02:08:38.240+0000] {processor.py:157} INFO - Started process (PID=978) to work on /opt/airflow/dags/diabetes_training_pipeline.py
[2025-11-05T02:08:38.243+0000] {processor.py:829} INFO - Processing file /opt/airflow/dags/diabetes_training_pipeline.py for tasks to queue
[2025-11-05T02:08:38.245+0000] {logging_mixin.py:154} INFO - [2025-11-05T02:08:38.244+0000] {dagbag.py:536} INFO - Filling up the DagBag from /opt/airflow/dags/diabetes_training_pipeline.py
[2025-11-05T02:08:39.354+0000] {processor.py:839} INFO - DAG(s) dict_keys(['diabetes_training_pipeline']) retrieved from /opt/airflow/dags/diabetes_training_pipeline.py
[2025-11-05T02:08:39.371+0000] {logging_mixin.py:154} INFO - [2025-11-05T02:08:39.370+0000] {dag.py:2941} INFO - Sync 1 DAGs
[2025-11-05T02:08:39.377+0000] {logging_mixin.py:154} INFO - [2025-11-05T02:08:39.377+0000] {dag.py:3722} INFO - Setting next_dagrun for diabetes_training_pipeline to None, run_after=None
[2025-11-05T02:08:39.386+0000] {processor.py:179} INFO - Processing /opt/airflow/dags/diabetes_training_pipeline.py took 1.156 seconds
[2025-11-05T02:09:09.521+0000] {processor.py:157} INFO - Started process (PID=997) to work on /opt/airflow/dags/diabetes_training_pipeline.py
[2025-11-05T02:09:09.524+0000] {processor.py:829} INFO - Processing file /opt/airflow/dags/diabetes_training_pipeline.py for tasks to queue
[2025-11-05T02:09:09.525+0000] {logging_mixin.py:154} INFO - [2025-11-05T02:09:09.525+0000] {dagbag.py:536} INFO - Filling up the DagBag from /opt/airflow/dags/diabetes_training_pipeline.py
[2025-11-05T02:09:10.460+0000] {processor.py:839} INFO - DAG(s) dict_keys(['diabetes_training_pipeline']) retrieved from /opt/airflow/dags/diabetes_training_pipeline.py
[2025-11-05T02:09:10.549+0000] {logging_mixin.py:154} INFO - [2025-11-05T02:09:10.549+0000] {dag.py:2941} INFO - Sync 1 DAGs
[2025-11-05T02:09:10.556+0000] {logging_mixin.py:154} INFO - [2025-11-05T02:09:10.555+0000] {dag.py:3722} INFO - Setting next_dagrun for diabetes_training_pipeline to None, run_after=None
[2025-11-05T02:09:10.565+0000] {processor.py:179} INFO - Processing /opt/airflow/dags/diabetes_training_pipeline.py took 1.053 seconds
[2025-11-05T02:09:40.817+0000] {processor.py:157} INFO - Started process (PID=1016) to work on /opt/airflow/dags/diabetes_training_pipeline.py
[2025-11-05T02:09:40.820+0000] {processor.py:829} INFO - Processing file /opt/airflow/dags/diabetes_training_pipeline.py for tasks to queue
[2025-11-05T02:09:40.821+0000] {logging_mixin.py:154} INFO - [2025-11-05T02:09:40.820+0000] {dagbag.py:536} INFO - Filling up the DagBag from /opt/airflow/dags/diabetes_training_pipeline.py
[2025-11-05T02:09:41.872+0000] {processor.py:839} INFO - DAG(s) dict_keys(['diabetes_training_pipeline']) retrieved from /opt/airflow/dags/diabetes_training_pipeline.py
[2025-11-05T02:09:41.893+0000] {logging_mixin.py:154} INFO - [2025-11-05T02:09:41.892+0000] {dag.py:2941} INFO - Sync 1 DAGs
[2025-11-05T02:09:41.899+0000] {logging_mixin.py:154} INFO - [2025-11-05T02:09:41.898+0000] {dag.py:3722} INFO - Setting next_dagrun for diabetes_training_pipeline to None, run_after=None
[2025-11-05T02:09:41.908+0000] {processor.py:179} INFO - Processing /opt/airflow/dags/diabetes_training_pipeline.py took 1.097 seconds
[2025-11-05T02:10:12.141+0000] {processor.py:157} INFO - Started process (PID=1054) to work on /opt/airflow/dags/diabetes_training_pipeline.py
[2025-11-05T02:10:12.144+0000] {processor.py:829} INFO - Processing file /opt/airflow/dags/diabetes_training_pipeline.py for tasks to queue
[2025-11-05T02:10:12.145+0000] {logging_mixin.py:154} INFO - [2025-11-05T02:10:12.145+0000] {dagbag.py:536} INFO - Filling up the DagBag from /opt/airflow/dags/diabetes_training_pipeline.py
[2025-11-05T02:10:14.241+0000] {processor.py:839} INFO - DAG(s) dict_keys(['diabetes_training_pipeline']) retrieved from /opt/airflow/dags/diabetes_training_pipeline.py
[2025-11-05T02:10:14.793+0000] {logging_mixin.py:154} INFO - [2025-11-05T02:10:14.781+0000] {dag.py:2941} INFO - Sync 1 DAGs
[2025-11-05T02:10:14.918+0000] {logging_mixin.py:154} INFO - [2025-11-05T02:10:14.914+0000] {dag.py:3722} INFO - Setting next_dagrun for diabetes_training_pipeline to None, run_after=None
[2025-11-05T02:10:16.187+0000] {processor.py:179} INFO - Processing /opt/airflow/dags/diabetes_training_pipeline.py took 4.055 seconds
[2025-11-05T02:10:46.486+0000] {processor.py:157} INFO - Started process (PID=1120) to work on /opt/airflow/dags/diabetes_training_pipeline.py
[2025-11-05T02:10:46.488+0000] {processor.py:829} INFO - Processing file /opt/airflow/dags/diabetes_training_pipeline.py for tasks to queue
[2025-11-05T02:10:46.488+0000] {logging_mixin.py:154} INFO - [2025-11-05T02:10:46.488+0000] {dagbag.py:536} INFO - Filling up the DagBag from /opt/airflow/dags/diabetes_training_pipeline.py
[2025-11-05T02:10:47.659+0000] {processor.py:839} INFO - DAG(s) dict_keys(['diabetes_training_pipeline']) retrieved from /opt/airflow/dags/diabetes_training_pipeline.py
[2025-11-05T02:10:47.673+0000] {logging_mixin.py:154} INFO - [2025-11-05T02:10:47.673+0000] {dag.py:2941} INFO - Sync 1 DAGs
[2025-11-05T02:10:47.681+0000] {logging_mixin.py:154} INFO - [2025-11-05T02:10:47.681+0000] {dag.py:3722} INFO - Setting next_dagrun for diabetes_training_pipeline to None, run_after=None
[2025-11-05T02:10:47.693+0000] {processor.py:179} INFO - Processing /opt/airflow/dags/diabetes_training_pipeline.py took 1.214 seconds
[2025-11-05T02:11:17.936+0000] {processor.py:157} INFO - Started process (PID=1139) to work on /opt/airflow/dags/diabetes_training_pipeline.py
[2025-11-05T02:11:17.940+0000] {processor.py:829} INFO - Processing file /opt/airflow/dags/diabetes_training_pipeline.py for tasks to queue
[2025-11-05T02:11:17.941+0000] {logging_mixin.py:154} INFO - [2025-11-05T02:11:17.941+0000] {dagbag.py:536} INFO - Filling up the DagBag from /opt/airflow/dags/diabetes_training_pipeline.py
[2025-11-05T02:11:19.274+0000] {processor.py:839} INFO - DAG(s) dict_keys(['diabetes_training_pipeline']) retrieved from /opt/airflow/dags/diabetes_training_pipeline.py
[2025-11-05T02:11:19.290+0000] {logging_mixin.py:154} INFO - [2025-11-05T02:11:19.289+0000] {dag.py:2941} INFO - Sync 1 DAGs
[2025-11-05T02:11:19.298+0000] {logging_mixin.py:154} INFO - [2025-11-05T02:11:19.297+0000] {dag.py:3722} INFO - Setting next_dagrun for diabetes_training_pipeline to None, run_after=None
[2025-11-05T02:11:19.308+0000] {processor.py:179} INFO - Processing /opt/airflow/dags/diabetes_training_pipeline.py took 1.385 seconds
[2025-11-05T02:11:49.602+0000] {processor.py:157} INFO - Started process (PID=1158) to work on /opt/airflow/dags/diabetes_training_pipeline.py
[2025-11-05T02:11:49.605+0000] {processor.py:829} INFO - Processing file /opt/airflow/dags/diabetes_training_pipeline.py for tasks to queue
[2025-11-05T02:11:49.607+0000] {logging_mixin.py:154} INFO - [2025-11-05T02:11:49.606+0000] {dagbag.py:536} INFO - Filling up the DagBag from /opt/airflow/dags/diabetes_training_pipeline.py
[2025-11-05T02:11:50.831+0000] {processor.py:839} INFO - DAG(s) dict_keys(['diabetes_training_pipeline']) retrieved from /opt/airflow/dags/diabetes_training_pipeline.py
[2025-11-05T02:11:50.850+0000] {logging_mixin.py:154} INFO - [2025-11-05T02:11:50.849+0000] {dag.py:2941} INFO - Sync 1 DAGs
[2025-11-05T02:11:50.858+0000] {logging_mixin.py:154} INFO - [2025-11-05T02:11:50.858+0000] {dag.py:3722} INFO - Setting next_dagrun for diabetes_training_pipeline to None, run_after=None
[2025-11-05T02:11:50.869+0000] {processor.py:179} INFO - Processing /opt/airflow/dags/diabetes_training_pipeline.py took 1.281 seconds
[2025-11-05T02:12:21.176+0000] {processor.py:157} INFO - Started process (PID=1177) to work on /opt/airflow/dags/diabetes_training_pipeline.py
[2025-11-05T02:12:21.180+0000] {processor.py:829} INFO - Processing file /opt/airflow/dags/diabetes_training_pipeline.py for tasks to queue
[2025-11-05T02:12:21.182+0000] {logging_mixin.py:154} INFO - [2025-11-05T02:12:21.181+0000] {dagbag.py:536} INFO - Filling up the DagBag from /opt/airflow/dags/diabetes_training_pipeline.py
[2025-11-05T02:12:22.428+0000] {processor.py:839} INFO - DAG(s) dict_keys(['diabetes_training_pipeline']) retrieved from /opt/airflow/dags/diabetes_training_pipeline.py
[2025-11-05T02:12:22.453+0000] {logging_mixin.py:154} INFO - [2025-11-05T02:12:22.453+0000] {dag.py:2941} INFO - Sync 1 DAGs
[2025-11-05T02:12:22.462+0000] {logging_mixin.py:154} INFO - [2025-11-05T02:12:22.462+0000] {dag.py:3722} INFO - Setting next_dagrun for diabetes_training_pipeline to None, run_after=None
[2025-11-05T02:12:22.476+0000] {processor.py:179} INFO - Processing /opt/airflow/dags/diabetes_training_pipeline.py took 1.308 seconds
[2025-11-05T02:12:52.799+0000] {processor.py:157} INFO - Started process (PID=1196) to work on /opt/airflow/dags/diabetes_training_pipeline.py
[2025-11-05T02:12:52.802+0000] {processor.py:829} INFO - Processing file /opt/airflow/dags/diabetes_training_pipeline.py for tasks to queue
[2025-11-05T02:12:52.804+0000] {logging_mixin.py:154} INFO - [2025-11-05T02:12:52.803+0000] {dagbag.py:536} INFO - Filling up the DagBag from /opt/airflow/dags/diabetes_training_pipeline.py
[2025-11-05T02:12:53.850+0000] {processor.py:839} INFO - DAG(s) dict_keys(['diabetes_training_pipeline']) retrieved from /opt/airflow/dags/diabetes_training_pipeline.py
[2025-11-05T02:12:53.865+0000] {logging_mixin.py:154} INFO - [2025-11-05T02:12:53.865+0000] {dag.py:2941} INFO - Sync 1 DAGs
[2025-11-05T02:12:53.871+0000] {logging_mixin.py:154} INFO - [2025-11-05T02:12:53.871+0000] {dag.py:3722} INFO - Setting next_dagrun for diabetes_training_pipeline to None, run_after=None
[2025-11-05T02:12:53.879+0000] {processor.py:179} INFO - Processing /opt/airflow/dags/diabetes_training_pipeline.py took 1.088 seconds
[2025-11-05T02:13:24.148+0000] {processor.py:157} INFO - Started process (PID=1215) to work on /opt/airflow/dags/diabetes_training_pipeline.py
[2025-11-05T02:13:24.151+0000] {processor.py:829} INFO - Processing file /opt/airflow/dags/diabetes_training_pipeline.py for tasks to queue
[2025-11-05T02:13:24.154+0000] {logging_mixin.py:154} INFO - [2025-11-05T02:13:24.152+0000] {dagbag.py:536} INFO - Filling up the DagBag from /opt/airflow/dags/diabetes_training_pipeline.py
[2025-11-05T02:13:25.230+0000] {processor.py:839} INFO - DAG(s) dict_keys(['diabetes_training_pipeline']) retrieved from /opt/airflow/dags/diabetes_training_pipeline.py
[2025-11-05T02:13:25.244+0000] {logging_mixin.py:154} INFO - [2025-11-05T02:13:25.244+0000] {dag.py:2941} INFO - Sync 1 DAGs
[2025-11-05T02:13:25.251+0000] {logging_mixin.py:154} INFO - [2025-11-05T02:13:25.251+0000] {dag.py:3722} INFO - Setting next_dagrun for diabetes_training_pipeline to None, run_after=None
[2025-11-05T02:13:25.259+0000] {processor.py:179} INFO - Processing /opt/airflow/dags/diabetes_training_pipeline.py took 1.118 seconds
[2025-11-05T02:13:55.564+0000] {processor.py:157} INFO - Started process (PID=1234) to work on /opt/airflow/dags/diabetes_training_pipeline.py
[2025-11-05T02:13:55.567+0000] {processor.py:829} INFO - Processing file /opt/airflow/dags/diabetes_training_pipeline.py for tasks to queue
[2025-11-05T02:13:55.569+0000] {logging_mixin.py:154} INFO - [2025-11-05T02:13:55.568+0000] {dagbag.py:536} INFO - Filling up the DagBag from /opt/airflow/dags/diabetes_training_pipeline.py
[2025-11-05T02:13:56.751+0000] {processor.py:839} INFO - DAG(s) dict_keys(['diabetes_training_pipeline']) retrieved from /opt/airflow/dags/diabetes_training_pipeline.py
[2025-11-05T02:13:56.807+0000] {logging_mixin.py:154} INFO - [2025-11-05T02:13:56.807+0000] {dag.py:2941} INFO - Sync 1 DAGs
[2025-11-05T02:13:56.823+0000] {logging_mixin.py:154} INFO - [2025-11-05T02:13:56.823+0000] {dag.py:3722} INFO - Setting next_dagrun for diabetes_training_pipeline to None, run_after=None
[2025-11-05T02:13:56.834+0000] {processor.py:179} INFO - Processing /opt/airflow/dags/diabetes_training_pipeline.py took 1.281 seconds
[2025-11-05T02:14:27.135+0000] {processor.py:157} INFO - Started process (PID=1253) to work on /opt/airflow/dags/diabetes_training_pipeline.py
[2025-11-05T02:14:27.138+0000] {processor.py:829} INFO - Processing file /opt/airflow/dags/diabetes_training_pipeline.py for tasks to queue
[2025-11-05T02:14:27.143+0000] {logging_mixin.py:154} INFO - [2025-11-05T02:14:27.140+0000] {dagbag.py:536} INFO - Filling up the DagBag from /opt/airflow/dags/diabetes_training_pipeline.py
[2025-11-05T02:14:28.241+0000] {processor.py:839} INFO - DAG(s) dict_keys(['diabetes_training_pipeline']) retrieved from /opt/airflow/dags/diabetes_training_pipeline.py
[2025-11-05T02:14:28.261+0000] {logging_mixin.py:154} INFO - [2025-11-05T02:14:28.261+0000] {dag.py:2941} INFO - Sync 1 DAGs
[2025-11-05T02:14:28.269+0000] {logging_mixin.py:154} INFO - [2025-11-05T02:14:28.268+0000] {dag.py:3722} INFO - Setting next_dagrun for diabetes_training_pipeline to None, run_after=None
[2025-11-05T02:14:28.285+0000] {processor.py:179} INFO - Processing /opt/airflow/dags/diabetes_training_pipeline.py took 1.160 seconds
[2025-11-05T02:14:58.511+0000] {processor.py:157} INFO - Started process (PID=1272) to work on /opt/airflow/dags/diabetes_training_pipeline.py
[2025-11-05T02:14:58.513+0000] {processor.py:829} INFO - Processing file /opt/airflow/dags/diabetes_training_pipeline.py for tasks to queue
[2025-11-05T02:14:58.518+0000] {logging_mixin.py:154} INFO - [2025-11-05T02:14:58.515+0000] {dagbag.py:536} INFO - Filling up the DagBag from /opt/airflow/dags/diabetes_training_pipeline.py
[2025-11-05T02:14:59.664+0000] {processor.py:839} INFO - DAG(s) dict_keys(['diabetes_training_pipeline']) retrieved from /opt/airflow/dags/diabetes_training_pipeline.py
[2025-11-05T02:14:59.686+0000] {logging_mixin.py:154} INFO - [2025-11-05T02:14:59.685+0000] {dag.py:2941} INFO - Sync 1 DAGs
[2025-11-05T02:14:59.694+0000] {logging_mixin.py:154} INFO - [2025-11-05T02:14:59.694+0000] {dag.py:3722} INFO - Setting next_dagrun for diabetes_training_pipeline to None, run_after=None
[2025-11-05T02:14:59.704+0000] {processor.py:179} INFO - Processing /opt/airflow/dags/diabetes_training_pipeline.py took 1.198 seconds
[2025-11-05T02:15:29.975+0000] {processor.py:157} INFO - Started process (PID=1294) to work on /opt/airflow/dags/diabetes_training_pipeline.py
[2025-11-05T02:15:29.977+0000] {processor.py:829} INFO - Processing file /opt/airflow/dags/diabetes_training_pipeline.py for tasks to queue
[2025-11-05T02:15:29.979+0000] {logging_mixin.py:154} INFO - [2025-11-05T02:15:29.978+0000] {dagbag.py:536} INFO - Filling up the DagBag from /opt/airflow/dags/diabetes_training_pipeline.py
[2025-11-05T02:15:31.168+0000] {processor.py:839} INFO - DAG(s) dict_keys(['diabetes_training_pipeline']) retrieved from /opt/airflow/dags/diabetes_training_pipeline.py
[2025-11-05T02:15:31.195+0000] {logging_mixin.py:154} INFO - [2025-11-05T02:15:31.194+0000] {dag.py:2941} INFO - Sync 1 DAGs
[2025-11-05T02:15:31.214+0000] {logging_mixin.py:154} INFO - [2025-11-05T02:15:31.214+0000] {dag.py:3722} INFO - Setting next_dagrun for diabetes_training_pipeline to None, run_after=None
[2025-11-05T02:15:31.228+0000] {processor.py:179} INFO - Processing /opt/airflow/dags/diabetes_training_pipeline.py took 1.259 seconds
[2025-11-05T02:16:01.498+0000] {processor.py:157} INFO - Started process (PID=1315) to work on /opt/airflow/dags/diabetes_training_pipeline.py
[2025-11-05T02:16:01.504+0000] {processor.py:829} INFO - Processing file /opt/airflow/dags/diabetes_training_pipeline.py for tasks to queue
[2025-11-05T02:16:01.505+0000] {logging_mixin.py:154} INFO - [2025-11-05T02:16:01.504+0000] {dagbag.py:536} INFO - Filling up the DagBag from /opt/airflow/dags/diabetes_training_pipeline.py
[2025-11-05T02:16:02.682+0000] {processor.py:839} INFO - DAG(s) dict_keys(['diabetes_training_pipeline']) retrieved from /opt/airflow/dags/diabetes_training_pipeline.py
[2025-11-05T02:16:02.695+0000] {logging_mixin.py:154} INFO - [2025-11-05T02:16:02.695+0000] {dag.py:2941} INFO - Sync 1 DAGs
[2025-11-05T02:16:02.702+0000] {logging_mixin.py:154} INFO - [2025-11-05T02:16:02.702+0000] {dag.py:3722} INFO - Setting next_dagrun for diabetes_training_pipeline to None, run_after=None
[2025-11-05T02:16:02.714+0000] {processor.py:179} INFO - Processing /opt/airflow/dags/diabetes_training_pipeline.py took 1.227 seconds
[2025-11-05T02:16:32.988+0000] {processor.py:157} INFO - Started process (PID=1335) to work on /opt/airflow/dags/diabetes_training_pipeline.py
[2025-11-05T02:16:32.990+0000] {processor.py:829} INFO - Processing file /opt/airflow/dags/diabetes_training_pipeline.py for tasks to queue
[2025-11-05T02:16:32.991+0000] {logging_mixin.py:154} INFO - [2025-11-05T02:16:32.991+0000] {dagbag.py:536} INFO - Filling up the DagBag from /opt/airflow/dags/diabetes_training_pipeline.py
[2025-11-05T02:16:34.099+0000] {processor.py:839} INFO - DAG(s) dict_keys(['diabetes_training_pipeline']) retrieved from /opt/airflow/dags/diabetes_training_pipeline.py
[2025-11-05T02:16:34.117+0000] {logging_mixin.py:154} INFO - [2025-11-05T02:16:34.117+0000] {dag.py:2941} INFO - Sync 1 DAGs
[2025-11-05T02:16:34.125+0000] {logging_mixin.py:154} INFO - [2025-11-05T02:16:34.125+0000] {dag.py:3722} INFO - Setting next_dagrun for diabetes_training_pipeline to None, run_after=None
[2025-11-05T02:16:34.134+0000] {processor.py:179} INFO - Processing /opt/airflow/dags/diabetes_training_pipeline.py took 1.149 seconds
[2025-11-05T02:17:04.373+0000] {processor.py:157} INFO - Started process (PID=1354) to work on /opt/airflow/dags/diabetes_training_pipeline.py
[2025-11-05T02:17:04.377+0000] {processor.py:829} INFO - Processing file /opt/airflow/dags/diabetes_training_pipeline.py for tasks to queue
[2025-11-05T02:17:04.379+0000] {logging_mixin.py:154} INFO - [2025-11-05T02:17:04.378+0000] {dagbag.py:536} INFO - Filling up the DagBag from /opt/airflow/dags/diabetes_training_pipeline.py
[2025-11-05T02:17:05.469+0000] {processor.py:839} INFO - DAG(s) dict_keys(['diabetes_training_pipeline']) retrieved from /opt/airflow/dags/diabetes_training_pipeline.py
[2025-11-05T02:17:05.488+0000] {logging_mixin.py:154} INFO - [2025-11-05T02:17:05.488+0000] {dag.py:2941} INFO - Sync 1 DAGs
[2025-11-05T02:17:05.494+0000] {logging_mixin.py:154} INFO - [2025-11-05T02:17:05.494+0000] {dag.py:3722} INFO - Setting next_dagrun for diabetes_training_pipeline to None, run_after=None
[2025-11-05T02:17:05.504+0000] {processor.py:179} INFO - Processing /opt/airflow/dags/diabetes_training_pipeline.py took 1.142 seconds
[2025-11-05T02:17:35.937+0000] {processor.py:157} INFO - Started process (PID=1373) to work on /opt/airflow/dags/diabetes_training_pipeline.py
[2025-11-05T02:17:35.940+0000] {processor.py:829} INFO - Processing file /opt/airflow/dags/diabetes_training_pipeline.py for tasks to queue
[2025-11-05T02:17:35.941+0000] {logging_mixin.py:154} INFO - [2025-11-05T02:17:35.940+0000] {dagbag.py:536} INFO - Filling up the DagBag from /opt/airflow/dags/diabetes_training_pipeline.py
[2025-11-05T02:17:37.319+0000] {processor.py:839} INFO - DAG(s) dict_keys(['diabetes_training_pipeline']) retrieved from /opt/airflow/dags/diabetes_training_pipeline.py
[2025-11-05T02:17:37.340+0000] {logging_mixin.py:154} INFO - [2025-11-05T02:17:37.340+0000] {dag.py:2941} INFO - Sync 1 DAGs
[2025-11-05T02:17:37.347+0000] {logging_mixin.py:154} INFO - [2025-11-05T02:17:37.347+0000] {dag.py:3722} INFO - Setting next_dagrun for diabetes_training_pipeline to None, run_after=None
[2025-11-05T02:17:37.357+0000] {processor.py:179} INFO - Processing /opt/airflow/dags/diabetes_training_pipeline.py took 1.434 seconds
[2025-11-05T02:18:07.631+0000] {processor.py:157} INFO - Started process (PID=1392) to work on /opt/airflow/dags/diabetes_training_pipeline.py
[2025-11-05T02:18:07.634+0000] {processor.py:829} INFO - Processing file /opt/airflow/dags/diabetes_training_pipeline.py for tasks to queue
[2025-11-05T02:18:07.635+0000] {logging_mixin.py:154} INFO - [2025-11-05T02:18:07.634+0000] {dagbag.py:536} INFO - Filling up the DagBag from /opt/airflow/dags/diabetes_training_pipeline.py
[2025-11-05T02:18:08.862+0000] {processor.py:839} INFO - DAG(s) dict_keys(['diabetes_training_pipeline']) retrieved from /opt/airflow/dags/diabetes_training_pipeline.py
[2025-11-05T02:18:08.879+0000] {logging_mixin.py:154} INFO - [2025-11-05T02:18:08.879+0000] {dag.py:2941} INFO - Sync 1 DAGs
[2025-11-05T02:18:08.886+0000] {logging_mixin.py:154} INFO - [2025-11-05T02:18:08.885+0000] {dag.py:3722} INFO - Setting next_dagrun for diabetes_training_pipeline to None, run_after=None
[2025-11-05T02:18:08.895+0000] {processor.py:179} INFO - Processing /opt/airflow/dags/diabetes_training_pipeline.py took 1.273 seconds
[2025-11-05T02:18:39.145+0000] {processor.py:157} INFO - Started process (PID=1411) to work on /opt/airflow/dags/diabetes_training_pipeline.py
[2025-11-05T02:18:39.148+0000] {processor.py:829} INFO - Processing file /opt/airflow/dags/diabetes_training_pipeline.py for tasks to queue
[2025-11-05T02:18:39.152+0000] {logging_mixin.py:154} INFO - [2025-11-05T02:18:39.150+0000] {dagbag.py:536} INFO - Filling up the DagBag from /opt/airflow/dags/diabetes_training_pipeline.py
[2025-11-05T02:18:40.452+0000] {processor.py:839} INFO - DAG(s) dict_keys(['diabetes_training_pipeline']) retrieved from /opt/airflow/dags/diabetes_training_pipeline.py
[2025-11-05T02:18:40.478+0000] {logging_mixin.py:154} INFO - [2025-11-05T02:18:40.478+0000] {dag.py:2941} INFO - Sync 1 DAGs
[2025-11-05T02:18:40.484+0000] {logging_mixin.py:154} INFO - [2025-11-05T02:18:40.484+0000] {dag.py:3722} INFO - Setting next_dagrun for diabetes_training_pipeline to None, run_after=None
[2025-11-05T02:18:40.496+0000] {processor.py:179} INFO - Processing /opt/airflow/dags/diabetes_training_pipeline.py took 1.362 seconds
[2025-11-05T02:19:10.768+0000] {processor.py:157} INFO - Started process (PID=1430) to work on /opt/airflow/dags/diabetes_training_pipeline.py
[2025-11-05T02:19:10.771+0000] {processor.py:829} INFO - Processing file /opt/airflow/dags/diabetes_training_pipeline.py for tasks to queue
[2025-11-05T02:19:10.772+0000] {logging_mixin.py:154} INFO - [2025-11-05T02:19:10.771+0000] {dagbag.py:536} INFO - Filling up the DagBag from /opt/airflow/dags/diabetes_training_pipeline.py
[2025-11-05T02:19:11.945+0000] {processor.py:839} INFO - DAG(s) dict_keys(['diabetes_training_pipeline']) retrieved from /opt/airflow/dags/diabetes_training_pipeline.py
[2025-11-05T02:19:11.962+0000] {logging_mixin.py:154} INFO - [2025-11-05T02:19:11.962+0000] {dag.py:2941} INFO - Sync 1 DAGs
[2025-11-05T02:19:11.969+0000] {logging_mixin.py:154} INFO - [2025-11-05T02:19:11.968+0000] {dag.py:3722} INFO - Setting next_dagrun for diabetes_training_pipeline to None, run_after=None
[2025-11-05T02:19:11.977+0000] {processor.py:179} INFO - Processing /opt/airflow/dags/diabetes_training_pipeline.py took 1.217 seconds
[2025-11-05T02:19:42.245+0000] {processor.py:157} INFO - Started process (PID=1449) to work on /opt/airflow/dags/diabetes_training_pipeline.py
[2025-11-05T02:19:42.247+0000] {processor.py:829} INFO - Processing file /opt/airflow/dags/diabetes_training_pipeline.py for tasks to queue
[2025-11-05T02:19:42.250+0000] {logging_mixin.py:154} INFO - [2025-11-05T02:19:42.249+0000] {dagbag.py:536} INFO - Filling up the DagBag from /opt/airflow/dags/diabetes_training_pipeline.py
[2025-11-05T02:19:43.406+0000] {processor.py:839} INFO - DAG(s) dict_keys(['diabetes_training_pipeline']) retrieved from /opt/airflow/dags/diabetes_training_pipeline.py
[2025-11-05T02:19:43.429+0000] {logging_mixin.py:154} INFO - [2025-11-05T02:19:43.429+0000] {dag.py:2941} INFO - Sync 1 DAGs
[2025-11-05T02:19:43.436+0000] {logging_mixin.py:154} INFO - [2025-11-05T02:19:43.436+0000] {dag.py:3722} INFO - Setting next_dagrun for diabetes_training_pipeline to None, run_after=None
[2025-11-05T02:19:43.448+0000] {processor.py:179} INFO - Processing /opt/airflow/dags/diabetes_training_pipeline.py took 1.208 seconds
[2025-11-05T02:20:13.703+0000] {processor.py:157} INFO - Started process (PID=1471) to work on /opt/airflow/dags/diabetes_training_pipeline.py
[2025-11-05T02:20:13.706+0000] {processor.py:829} INFO - Processing file /opt/airflow/dags/diabetes_training_pipeline.py for tasks to queue
[2025-11-05T02:20:13.707+0000] {logging_mixin.py:154} INFO - [2025-11-05T02:20:13.707+0000] {dagbag.py:536} INFO - Filling up the DagBag from /opt/airflow/dags/diabetes_training_pipeline.py
[2025-11-05T02:20:14.902+0000] {processor.py:839} INFO - DAG(s) dict_keys(['diabetes_training_pipeline']) retrieved from /opt/airflow/dags/diabetes_training_pipeline.py
[2025-11-05T02:20:14.925+0000] {logging_mixin.py:154} INFO - [2025-11-05T02:20:14.925+0000] {dag.py:2941} INFO - Sync 1 DAGs
[2025-11-05T02:20:14.933+0000] {logging_mixin.py:154} INFO - [2025-11-05T02:20:14.933+0000] {dag.py:3722} INFO - Setting next_dagrun for diabetes_training_pipeline to None, run_after=None
[2025-11-05T02:20:14.946+0000] {processor.py:179} INFO - Processing /opt/airflow/dags/diabetes_training_pipeline.py took 1.258 seconds
[2025-11-05T02:20:45.300+0000] {processor.py:157} INFO - Started process (PID=1490) to work on /opt/airflow/dags/diabetes_training_pipeline.py
[2025-11-05T02:20:45.303+0000] {processor.py:829} INFO - Processing file /opt/airflow/dags/diabetes_training_pipeline.py for tasks to queue
[2025-11-05T02:20:45.304+0000] {logging_mixin.py:154} INFO - [2025-11-05T02:20:45.304+0000] {dagbag.py:536} INFO - Filling up the DagBag from /opt/airflow/dags/diabetes_training_pipeline.py
[2025-11-05T02:20:46.386+0000] {processor.py:839} INFO - DAG(s) dict_keys(['diabetes_training_pipeline']) retrieved from /opt/airflow/dags/diabetes_training_pipeline.py
[2025-11-05T02:20:46.406+0000] {logging_mixin.py:154} INFO - [2025-11-05T02:20:46.405+0000] {dag.py:2941} INFO - Sync 1 DAGs
[2025-11-05T02:20:46.411+0000] {logging_mixin.py:154} INFO - [2025-11-05T02:20:46.411+0000] {dag.py:3722} INFO - Setting next_dagrun for diabetes_training_pipeline to None, run_after=None
[2025-11-05T02:20:46.420+0000] {processor.py:179} INFO - Processing /opt/airflow/dags/diabetes_training_pipeline.py took 1.125 seconds
[2025-11-05T02:21:16.737+0000] {processor.py:157} INFO - Started process (PID=1512) to work on /opt/airflow/dags/diabetes_training_pipeline.py
[2025-11-05T02:21:16.740+0000] {processor.py:829} INFO - Processing file /opt/airflow/dags/diabetes_training_pipeline.py for tasks to queue
[2025-11-05T02:21:16.742+0000] {logging_mixin.py:154} INFO - [2025-11-05T02:21:16.742+0000] {dagbag.py:536} INFO - Filling up the DagBag from /opt/airflow/dags/diabetes_training_pipeline.py
[2025-11-05T02:21:17.886+0000] {processor.py:839} INFO - DAG(s) dict_keys(['diabetes_training_pipeline']) retrieved from /opt/airflow/dags/diabetes_training_pipeline.py
[2025-11-05T02:21:17.908+0000] {logging_mixin.py:154} INFO - [2025-11-05T02:21:17.908+0000] {dag.py:2941} INFO - Sync 1 DAGs
[2025-11-05T02:21:17.916+0000] {logging_mixin.py:154} INFO - [2025-11-05T02:21:17.916+0000] {dag.py:3722} INFO - Setting next_dagrun for diabetes_training_pipeline to None, run_after=None
[2025-11-05T02:21:17.926+0000] {processor.py:179} INFO - Processing /opt/airflow/dags/diabetes_training_pipeline.py took 1.200 seconds
[2025-11-05T02:21:48.237+0000] {processor.py:157} INFO - Started process (PID=1531) to work on /opt/airflow/dags/diabetes_training_pipeline.py
[2025-11-05T02:21:48.241+0000] {processor.py:829} INFO - Processing file /opt/airflow/dags/diabetes_training_pipeline.py for tasks to queue
[2025-11-05T02:21:48.243+0000] {logging_mixin.py:154} INFO - [2025-11-05T02:21:48.242+0000] {dagbag.py:536} INFO - Filling up the DagBag from /opt/airflow/dags/diabetes_training_pipeline.py
[2025-11-05T02:21:50.150+0000] {processor.py:839} INFO - DAG(s) dict_keys(['diabetes_training_pipeline']) retrieved from /opt/airflow/dags/diabetes_training_pipeline.py
[2025-11-05T02:21:50.387+0000] {logging_mixin.py:154} INFO - [2025-11-05T02:21:50.384+0000] {dag.py:2941} INFO - Sync 1 DAGs
[2025-11-05T02:21:50.451+0000] {logging_mixin.py:154} INFO - [2025-11-05T02:21:50.450+0000] {dag.py:3722} INFO - Setting next_dagrun for diabetes_training_pipeline to None, run_after=None
[2025-11-05T02:21:50.527+0000] {processor.py:179} INFO - Processing /opt/airflow/dags/diabetes_training_pipeline.py took 2.302 seconds
[2025-11-05T02:22:20.818+0000] {processor.py:157} INFO - Started process (PID=1550) to work on /opt/airflow/dags/diabetes_training_pipeline.py
[2025-11-05T02:22:20.820+0000] {processor.py:829} INFO - Processing file /opt/airflow/dags/diabetes_training_pipeline.py for tasks to queue
[2025-11-05T02:22:20.822+0000] {logging_mixin.py:154} INFO - [2025-11-05T02:22:20.821+0000] {dagbag.py:536} INFO - Filling up the DagBag from /opt/airflow/dags/diabetes_training_pipeline.py
[2025-11-05T02:22:21.991+0000] {processor.py:839} INFO - DAG(s) dict_keys(['diabetes_training_pipeline']) retrieved from /opt/airflow/dags/diabetes_training_pipeline.py
[2025-11-05T02:22:22.017+0000] {logging_mixin.py:154} INFO - [2025-11-05T02:22:22.017+0000] {dag.py:2941} INFO - Sync 1 DAGs
[2025-11-05T02:22:22.028+0000] {logging_mixin.py:154} INFO - [2025-11-05T02:22:22.027+0000] {dag.py:3722} INFO - Setting next_dagrun for diabetes_training_pipeline to None, run_after=None
[2025-11-05T02:22:22.047+0000] {processor.py:179} INFO - Processing /opt/airflow/dags/diabetes_training_pipeline.py took 1.236 seconds
[2025-11-05T02:22:52.317+0000] {processor.py:157} INFO - Started process (PID=1572) to work on /opt/airflow/dags/diabetes_training_pipeline.py
[2025-11-05T02:22:52.319+0000] {processor.py:829} INFO - Processing file /opt/airflow/dags/diabetes_training_pipeline.py for tasks to queue
[2025-11-05T02:22:52.321+0000] {logging_mixin.py:154} INFO - [2025-11-05T02:22:52.321+0000] {dagbag.py:536} INFO - Filling up the DagBag from /opt/airflow/dags/diabetes_training_pipeline.py
[2025-11-05T02:22:53.362+0000] {processor.py:839} INFO - DAG(s) dict_keys(['diabetes_training_pipeline']) retrieved from /opt/airflow/dags/diabetes_training_pipeline.py
[2025-11-05T02:22:53.374+0000] {logging_mixin.py:154} INFO - [2025-11-05T02:22:53.373+0000] {dag.py:2941} INFO - Sync 1 DAGs
[2025-11-05T02:22:53.379+0000] {logging_mixin.py:154} INFO - [2025-11-05T02:22:53.379+0000] {dag.py:3722} INFO - Setting next_dagrun for diabetes_training_pipeline to None, run_after=None
[2025-11-05T02:22:53.387+0000] {processor.py:179} INFO - Processing /opt/airflow/dags/diabetes_training_pipeline.py took 1.074 seconds
[2025-11-05T02:23:23.693+0000] {processor.py:157} INFO - Started process (PID=1591) to work on /opt/airflow/dags/diabetes_training_pipeline.py
[2025-11-05T02:23:23.695+0000] {processor.py:829} INFO - Processing file /opt/airflow/dags/diabetes_training_pipeline.py for tasks to queue
[2025-11-05T02:23:23.697+0000] {logging_mixin.py:154} INFO - [2025-11-05T02:23:23.697+0000] {dagbag.py:536} INFO - Filling up the DagBag from /opt/airflow/dags/diabetes_training_pipeline.py
[2025-11-05T02:23:24.726+0000] {processor.py:839} INFO - DAG(s) dict_keys(['diabetes_training_pipeline']) retrieved from /opt/airflow/dags/diabetes_training_pipeline.py
[2025-11-05T02:23:24.736+0000] {logging_mixin.py:154} INFO - [2025-11-05T02:23:24.736+0000] {dag.py:2941} INFO - Sync 1 DAGs
[2025-11-05T02:23:24.741+0000] {logging_mixin.py:154} INFO - [2025-11-05T02:23:24.741+0000] {dag.py:3722} INFO - Setting next_dagrun for diabetes_training_pipeline to None, run_after=None
[2025-11-05T02:23:24.749+0000] {processor.py:179} INFO - Processing /opt/airflow/dags/diabetes_training_pipeline.py took 1.063 seconds
[2025-11-05T02:23:54.995+0000] {processor.py:157} INFO - Started process (PID=1610) to work on /opt/airflow/dags/diabetes_training_pipeline.py
[2025-11-05T02:23:54.996+0000] {processor.py:829} INFO - Processing file /opt/airflow/dags/diabetes_training_pipeline.py for tasks to queue
[2025-11-05T02:23:54.997+0000] {logging_mixin.py:154} INFO - [2025-11-05T02:23:54.997+0000] {dagbag.py:536} INFO - Filling up the DagBag from /opt/airflow/dags/diabetes_training_pipeline.py
[2025-11-05T02:23:55.969+0000] {processor.py:839} INFO - DAG(s) dict_keys(['diabetes_training_pipeline']) retrieved from /opt/airflow/dags/diabetes_training_pipeline.py
[2025-11-05T02:23:55.979+0000] {logging_mixin.py:154} INFO - [2025-11-05T02:23:55.979+0000] {dag.py:2941} INFO - Sync 1 DAGs
[2025-11-05T02:23:55.984+0000] {logging_mixin.py:154} INFO - [2025-11-05T02:23:55.984+0000] {dag.py:3722} INFO - Setting next_dagrun for diabetes_training_pipeline to None, run_after=None
[2025-11-05T02:23:55.992+0000] {processor.py:179} INFO - Processing /opt/airflow/dags/diabetes_training_pipeline.py took 1.004 seconds
[2025-11-05T02:24:26.315+0000] {processor.py:157} INFO - Started process (PID=1629) to work on /opt/airflow/dags/diabetes_training_pipeline.py
[2025-11-05T02:24:26.316+0000] {processor.py:829} INFO - Processing file /opt/airflow/dags/diabetes_training_pipeline.py for tasks to queue
[2025-11-05T02:24:26.318+0000] {logging_mixin.py:154} INFO - [2025-11-05T02:24:26.317+0000] {dagbag.py:536} INFO - Filling up the DagBag from /opt/airflow/dags/diabetes_training_pipeline.py
[2025-11-05T02:24:27.395+0000] {processor.py:839} INFO - DAG(s) dict_keys(['diabetes_training_pipeline']) retrieved from /opt/airflow/dags/diabetes_training_pipeline.py
[2025-11-05T02:24:27.405+0000] {logging_mixin.py:154} INFO - [2025-11-05T02:24:27.405+0000] {dag.py:2941} INFO - Sync 1 DAGs
[2025-11-05T02:24:27.410+0000] {logging_mixin.py:154} INFO - [2025-11-05T02:24:27.410+0000] {dag.py:3722} INFO - Setting next_dagrun for diabetes_training_pipeline to None, run_after=None
[2025-11-05T02:24:27.418+0000] {processor.py:179} INFO - Processing /opt/airflow/dags/diabetes_training_pipeline.py took 1.108 seconds
[2025-11-05T02:24:57.611+0000] {processor.py:157} INFO - Started process (PID=1648) to work on /opt/airflow/dags/diabetes_training_pipeline.py
[2025-11-05T02:24:57.613+0000] {processor.py:829} INFO - Processing file /opt/airflow/dags/diabetes_training_pipeline.py for tasks to queue
[2025-11-05T02:24:57.614+0000] {logging_mixin.py:154} INFO - [2025-11-05T02:24:57.614+0000] {dagbag.py:536} INFO - Filling up the DagBag from /opt/airflow/dags/diabetes_training_pipeline.py
[2025-11-05T02:24:58.617+0000] {processor.py:839} INFO - DAG(s) dict_keys(['diabetes_training_pipeline']) retrieved from /opt/airflow/dags/diabetes_training_pipeline.py
[2025-11-05T02:24:58.626+0000] {logging_mixin.py:154} INFO - [2025-11-05T02:24:58.626+0000] {dag.py:2941} INFO - Sync 1 DAGs
[2025-11-05T02:24:58.631+0000] {logging_mixin.py:154} INFO - [2025-11-05T02:24:58.630+0000] {dag.py:3722} INFO - Setting next_dagrun for diabetes_training_pipeline to None, run_after=None
[2025-11-05T02:24:58.638+0000] {processor.py:179} INFO - Processing /opt/airflow/dags/diabetes_training_pipeline.py took 1.034 seconds
[2025-11-05T02:25:28.905+0000] {processor.py:157} INFO - Started process (PID=1671) to work on /opt/airflow/dags/diabetes_training_pipeline.py
[2025-11-05T02:25:28.906+0000] {processor.py:829} INFO - Processing file /opt/airflow/dags/diabetes_training_pipeline.py for tasks to queue
[2025-11-05T02:25:28.907+0000] {logging_mixin.py:154} INFO - [2025-11-05T02:25:28.907+0000] {dagbag.py:536} INFO - Filling up the DagBag from /opt/airflow/dags/diabetes_training_pipeline.py
[2025-11-05T02:25:29.718+0000] {processor.py:839} INFO - DAG(s) dict_keys(['diabetes_training_pipeline']) retrieved from /opt/airflow/dags/diabetes_training_pipeline.py
[2025-11-05T02:25:29.733+0000] {logging_mixin.py:154} INFO - [2025-11-05T02:25:29.733+0000] {dag.py:2941} INFO - Sync 1 DAGs
[2025-11-05T02:25:29.738+0000] {logging_mixin.py:154} INFO - [2025-11-05T02:25:29.738+0000] {dag.py:3722} INFO - Setting next_dagrun for diabetes_training_pipeline to None, run_after=None
[2025-11-05T02:25:29.746+0000] {processor.py:179} INFO - Processing /opt/airflow/dags/diabetes_training_pipeline.py took 0.844 seconds
[2025-11-05T02:26:00.094+0000] {processor.py:157} INFO - Started process (PID=1690) to work on /opt/airflow/dags/diabetes_training_pipeline.py
[2025-11-05T02:26:00.096+0000] {processor.py:829} INFO - Processing file /opt/airflow/dags/diabetes_training_pipeline.py for tasks to queue
[2025-11-05T02:26:00.097+0000] {logging_mixin.py:154} INFO - [2025-11-05T02:26:00.097+0000] {dagbag.py:536} INFO - Filling up the DagBag from /opt/airflow/dags/diabetes_training_pipeline.py
[2025-11-05T02:26:01.269+0000] {processor.py:839} INFO - DAG(s) dict_keys(['diabetes_training_pipeline']) retrieved from /opt/airflow/dags/diabetes_training_pipeline.py
[2025-11-05T02:26:01.289+0000] {logging_mixin.py:154} INFO - [2025-11-05T02:26:01.288+0000] {dag.py:2941} INFO - Sync 1 DAGs
[2025-11-05T02:26:01.295+0000] {logging_mixin.py:154} INFO - [2025-11-05T02:26:01.295+0000] {dag.py:3722} INFO - Setting next_dagrun for diabetes_training_pipeline to None, run_after=None
[2025-11-05T02:26:01.305+0000] {processor.py:179} INFO - Processing /opt/airflow/dags/diabetes_training_pipeline.py took 1.217 seconds
[2025-11-05T02:26:31.589+0000] {processor.py:157} INFO - Started process (PID=1714) to work on /opt/airflow/dags/diabetes_training_pipeline.py
[2025-11-05T02:26:31.591+0000] {processor.py:829} INFO - Processing file /opt/airflow/dags/diabetes_training_pipeline.py for tasks to queue
[2025-11-05T02:26:31.591+0000] {logging_mixin.py:154} INFO - [2025-11-05T02:26:31.591+0000] {dagbag.py:536} INFO - Filling up the DagBag from /opt/airflow/dags/diabetes_training_pipeline.py
[2025-11-05T02:26:32.318+0000] {processor.py:839} INFO - DAG(s) dict_keys(['diabetes_training_pipeline']) retrieved from /opt/airflow/dags/diabetes_training_pipeline.py
[2025-11-05T02:26:32.327+0000] {logging_mixin.py:154} INFO - [2025-11-05T02:26:32.327+0000] {dag.py:2941} INFO - Sync 1 DAGs
[2025-11-05T02:26:32.332+0000] {logging_mixin.py:154} INFO - [2025-11-05T02:26:32.332+0000] {dag.py:3722} INFO - Setting next_dagrun for diabetes_training_pipeline to None, run_after=None
[2025-11-05T02:26:32.340+0000] {processor.py:179} INFO - Processing /opt/airflow/dags/diabetes_training_pipeline.py took 0.755 seconds
[2025-11-05T02:27:02.577+0000] {processor.py:157} INFO - Started process (PID=1733) to work on /opt/airflow/dags/diabetes_training_pipeline.py
[2025-11-05T02:27:02.578+0000] {processor.py:829} INFO - Processing file /opt/airflow/dags/diabetes_training_pipeline.py for tasks to queue
[2025-11-05T02:27:02.579+0000] {logging_mixin.py:154} INFO - [2025-11-05T02:27:02.578+0000] {dagbag.py:536} INFO - Filling up the DagBag from /opt/airflow/dags/diabetes_training_pipeline.py
[2025-11-05T02:27:03.327+0000] {processor.py:839} INFO - DAG(s) dict_keys(['diabetes_training_pipeline']) retrieved from /opt/airflow/dags/diabetes_training_pipeline.py
[2025-11-05T02:27:03.338+0000] {logging_mixin.py:154} INFO - [2025-11-05T02:27:03.337+0000] {dag.py:2941} INFO - Sync 1 DAGs
[2025-11-05T02:27:03.343+0000] {logging_mixin.py:154} INFO - [2025-11-05T02:27:03.343+0000] {dag.py:3722} INFO - Setting next_dagrun for diabetes_training_pipeline to None, run_after=None
[2025-11-05T02:27:03.351+0000] {processor.py:179} INFO - Processing /opt/airflow/dags/diabetes_training_pipeline.py took 0.778 seconds
[2025-11-05T02:27:33.598+0000] {processor.py:157} INFO - Started process (PID=1752) to work on /opt/airflow/dags/diabetes_training_pipeline.py
[2025-11-05T02:27:33.599+0000] {processor.py:829} INFO - Processing file /opt/airflow/dags/diabetes_training_pipeline.py for tasks to queue
[2025-11-05T02:27:33.600+0000] {logging_mixin.py:154} INFO - [2025-11-05T02:27:33.599+0000] {dagbag.py:536} INFO - Filling up the DagBag from /opt/airflow/dags/diabetes_training_pipeline.py
[2025-11-05T02:27:34.266+0000] {processor.py:839} INFO - DAG(s) dict_keys(['diabetes_training_pipeline']) retrieved from /opt/airflow/dags/diabetes_training_pipeline.py
[2025-11-05T02:27:34.276+0000] {logging_mixin.py:154} INFO - [2025-11-05T02:27:34.275+0000] {dag.py:2941} INFO - Sync 1 DAGs
[2025-11-05T02:27:34.280+0000] {logging_mixin.py:154} INFO - [2025-11-05T02:27:34.280+0000] {dag.py:3722} INFO - Setting next_dagrun for diabetes_training_pipeline to None, run_after=None
[2025-11-05T02:27:34.288+0000] {processor.py:179} INFO - Processing /opt/airflow/dags/diabetes_training_pipeline.py took 0.695 seconds
[2025-11-05T02:28:04.604+0000] {processor.py:157} INFO - Started process (PID=1771) to work on /opt/airflow/dags/diabetes_training_pipeline.py
[2025-11-05T02:28:04.605+0000] {processor.py:829} INFO - Processing file /opt/airflow/dags/diabetes_training_pipeline.py for tasks to queue
[2025-11-05T02:28:04.606+0000] {logging_mixin.py:154} INFO - [2025-11-05T02:28:04.606+0000] {dagbag.py:536} INFO - Filling up the DagBag from /opt/airflow/dags/diabetes_training_pipeline.py
[2025-11-05T02:28:05.339+0000] {processor.py:839} INFO - DAG(s) dict_keys(['diabetes_training_pipeline']) retrieved from /opt/airflow/dags/diabetes_training_pipeline.py
[2025-11-05T02:28:05.352+0000] {logging_mixin.py:154} INFO - [2025-11-05T02:28:05.352+0000] {dag.py:2941} INFO - Sync 1 DAGs
[2025-11-05T02:28:05.358+0000] {logging_mixin.py:154} INFO - [2025-11-05T02:28:05.358+0000] {dag.py:3722} INFO - Setting next_dagrun for diabetes_training_pipeline to None, run_after=None
[2025-11-05T02:28:05.365+0000] {processor.py:179} INFO - Processing /opt/airflow/dags/diabetes_training_pipeline.py took 0.766 seconds
[2025-11-05T02:30:30.574+0000] {processor.py:157} INFO - Started process (PID=1789) to work on /opt/airflow/dags/diabetes_training_pipeline.py
[2025-11-05T02:30:30.576+0000] {processor.py:829} INFO - Processing file /opt/airflow/dags/diabetes_training_pipeline.py for tasks to queue
[2025-11-05T02:30:30.578+0000] {logging_mixin.py:154} INFO - [2025-11-05T02:30:30.577+0000] {dagbag.py:536} INFO - Filling up the DagBag from /opt/airflow/dags/diabetes_training_pipeline.py
[2025-11-05T02:30:32.929+0000] {processor.py:839} INFO - DAG(s) dict_keys(['diabetes_training_pipeline']) retrieved from /opt/airflow/dags/diabetes_training_pipeline.py
[2025-11-05T02:30:32.952+0000] {logging_mixin.py:154} INFO - [2025-11-05T02:30:32.951+0000] {dag.py:2941} INFO - Sync 1 DAGs
[2025-11-05T02:30:32.965+0000] {logging_mixin.py:154} INFO - [2025-11-05T02:30:32.965+0000] {dag.py:3722} INFO - Setting next_dagrun for diabetes_training_pipeline to None, run_after=None
[2025-11-05T02:30:32.982+0000] {processor.py:179} INFO - Processing /opt/airflow/dags/diabetes_training_pipeline.py took 2.413 seconds
[2025-11-05T02:31:03.350+0000] {processor.py:157} INFO - Started process (PID=1814) to work on /opt/airflow/dags/diabetes_training_pipeline.py
[2025-11-05T02:31:03.353+0000] {processor.py:829} INFO - Processing file /opt/airflow/dags/diabetes_training_pipeline.py for tasks to queue
[2025-11-05T02:31:03.354+0000] {logging_mixin.py:154} INFO - [2025-11-05T02:31:03.353+0000] {dagbag.py:536} INFO - Filling up the DagBag from /opt/airflow/dags/diabetes_training_pipeline.py
[2025-11-05T02:31:04.096+0000] {processor.py:839} INFO - DAG(s) dict_keys(['diabetes_training_pipeline']) retrieved from /opt/airflow/dags/diabetes_training_pipeline.py
[2025-11-05T02:31:04.113+0000] {logging_mixin.py:154} INFO - [2025-11-05T02:31:04.112+0000] {dag.py:2941} INFO - Sync 1 DAGs
[2025-11-05T02:31:04.120+0000] {logging_mixin.py:154} INFO - [2025-11-05T02:31:04.120+0000] {dag.py:3722} INFO - Setting next_dagrun for diabetes_training_pipeline to None, run_after=None
[2025-11-05T02:31:04.128+0000] {processor.py:179} INFO - Processing /opt/airflow/dags/diabetes_training_pipeline.py took 0.783 seconds
[2025-11-05T02:31:34.401+0000] {processor.py:157} INFO - Started process (PID=1836) to work on /opt/airflow/dags/diabetes_training_pipeline.py
[2025-11-05T02:31:34.403+0000] {processor.py:829} INFO - Processing file /opt/airflow/dags/diabetes_training_pipeline.py for tasks to queue
[2025-11-05T02:31:34.405+0000] {logging_mixin.py:154} INFO - [2025-11-05T02:31:34.404+0000] {dagbag.py:536} INFO - Filling up the DagBag from /opt/airflow/dags/diabetes_training_pipeline.py
[2025-11-05T02:31:35.144+0000] {processor.py:839} INFO - DAG(s) dict_keys(['diabetes_training_pipeline']) retrieved from /opt/airflow/dags/diabetes_training_pipeline.py
[2025-11-05T02:31:35.159+0000] {logging_mixin.py:154} INFO - [2025-11-05T02:31:35.159+0000] {dag.py:2941} INFO - Sync 1 DAGs
[2025-11-05T02:31:35.165+0000] {logging_mixin.py:154} INFO - [2025-11-05T02:31:35.165+0000] {dag.py:3722} INFO - Setting next_dagrun for diabetes_training_pipeline to None, run_after=None
[2025-11-05T02:31:35.174+0000] {processor.py:179} INFO - Processing /opt/airflow/dags/diabetes_training_pipeline.py took 0.778 seconds
[2025-11-05T02:32:05.439+0000] {processor.py:157} INFO - Started process (PID=1855) to work on /opt/airflow/dags/diabetes_training_pipeline.py
[2025-11-05T02:32:05.440+0000] {processor.py:829} INFO - Processing file /opt/airflow/dags/diabetes_training_pipeline.py for tasks to queue
[2025-11-05T02:32:05.441+0000] {logging_mixin.py:154} INFO - [2025-11-05T02:32:05.441+0000] {dagbag.py:536} INFO - Filling up the DagBag from /opt/airflow/dags/diabetes_training_pipeline.py
[2025-11-05T02:32:06.215+0000] {processor.py:839} INFO - DAG(s) dict_keys(['diabetes_training_pipeline']) retrieved from /opt/airflow/dags/diabetes_training_pipeline.py
[2025-11-05T02:32:06.228+0000] {logging_mixin.py:154} INFO - [2025-11-05T02:32:06.228+0000] {dag.py:2941} INFO - Sync 1 DAGs
[2025-11-05T02:32:06.239+0000] {logging_mixin.py:154} INFO - [2025-11-05T02:32:06.239+0000] {dag.py:3722} INFO - Setting next_dagrun for diabetes_training_pipeline to None, run_after=None
[2025-11-05T02:32:06.248+0000] {processor.py:179} INFO - Processing /opt/airflow/dags/diabetes_training_pipeline.py took 0.813 seconds
[2025-11-05T02:32:36.404+0000] {processor.py:157} INFO - Started process (PID=1874) to work on /opt/airflow/dags/diabetes_training_pipeline.py
[2025-11-05T02:32:36.406+0000] {processor.py:829} INFO - Processing file /opt/airflow/dags/diabetes_training_pipeline.py for tasks to queue
[2025-11-05T02:32:36.411+0000] {logging_mixin.py:154} INFO - [2025-11-05T02:32:36.409+0000] {dagbag.py:536} INFO - Filling up the DagBag from /opt/airflow/dags/diabetes_training_pipeline.py
[2025-11-05T02:32:37.229+0000] {processor.py:839} INFO - DAG(s) dict_keys(['diabetes_training_pipeline']) retrieved from /opt/airflow/dags/diabetes_training_pipeline.py
[2025-11-05T02:32:37.239+0000] {logging_mixin.py:154} INFO - [2025-11-05T02:32:37.239+0000] {dag.py:2941} INFO - Sync 1 DAGs
[2025-11-05T02:32:37.245+0000] {logging_mixin.py:154} INFO - [2025-11-05T02:32:37.245+0000] {dag.py:3722} INFO - Setting next_dagrun for diabetes_training_pipeline to None, run_after=None
[2025-11-05T02:32:37.252+0000] {processor.py:179} INFO - Processing /opt/airflow/dags/diabetes_training_pipeline.py took 0.859 seconds
[2025-11-05T02:39:29.832+0000] {processor.py:157} INFO - Started process (PID=1890) to work on /opt/airflow/dags/diabetes_training_pipeline.py
[2025-11-05T02:39:29.833+0000] {processor.py:829} INFO - Processing file /opt/airflow/dags/diabetes_training_pipeline.py for tasks to queue
[2025-11-05T02:39:29.835+0000] {logging_mixin.py:154} INFO - [2025-11-05T02:39:29.835+0000] {dagbag.py:536} INFO - Filling up the DagBag from /opt/airflow/dags/diabetes_training_pipeline.py
[2025-11-05T02:39:32.062+0000] {processor.py:839} INFO - DAG(s) dict_keys(['diabetes_training_pipeline']) retrieved from /opt/airflow/dags/diabetes_training_pipeline.py
[2025-11-05T02:39:32.110+0000] {logging_mixin.py:154} INFO - [2025-11-05T02:39:32.109+0000] {dag.py:2941} INFO - Sync 1 DAGs
[2025-11-05T02:39:32.122+0000] {logging_mixin.py:154} INFO - [2025-11-05T02:39:32.122+0000] {dag.py:3722} INFO - Setting next_dagrun for diabetes_training_pipeline to None, run_after=None
[2025-11-05T02:39:32.155+0000] {processor.py:179} INFO - Processing /opt/airflow/dags/diabetes_training_pipeline.py took 2.328 seconds
[2025-11-05T02:40:02.611+0000] {processor.py:157} INFO - Started process (PID=1917) to work on /opt/airflow/dags/diabetes_training_pipeline.py
[2025-11-05T02:40:02.613+0000] {processor.py:829} INFO - Processing file /opt/airflow/dags/diabetes_training_pipeline.py for tasks to queue
[2025-11-05T02:40:02.614+0000] {logging_mixin.py:154} INFO - [2025-11-05T02:40:02.613+0000] {dagbag.py:536} INFO - Filling up the DagBag from /opt/airflow/dags/diabetes_training_pipeline.py
[2025-11-05T02:40:03.372+0000] {processor.py:839} INFO - DAG(s) dict_keys(['diabetes_training_pipeline']) retrieved from /opt/airflow/dags/diabetes_training_pipeline.py
[2025-11-05T02:40:03.382+0000] {logging_mixin.py:154} INFO - [2025-11-05T02:40:03.382+0000] {dag.py:2941} INFO - Sync 1 DAGs
[2025-11-05T02:40:03.387+0000] {logging_mixin.py:154} INFO - [2025-11-05T02:40:03.387+0000] {dag.py:3722} INFO - Setting next_dagrun for diabetes_training_pipeline to None, run_after=None
[2025-11-05T02:40:03.394+0000] {processor.py:179} INFO - Processing /opt/airflow/dags/diabetes_training_pipeline.py took 0.787 seconds
[2025-11-05T02:40:33.703+0000] {processor.py:157} INFO - Started process (PID=1939) to work on /opt/airflow/dags/diabetes_training_pipeline.py
[2025-11-05T02:40:33.704+0000] {processor.py:829} INFO - Processing file /opt/airflow/dags/diabetes_training_pipeline.py for tasks to queue
[2025-11-05T02:40:33.705+0000] {logging_mixin.py:154} INFO - [2025-11-05T02:40:33.705+0000] {dagbag.py:536} INFO - Filling up the DagBag from /opt/airflow/dags/diabetes_training_pipeline.py
[2025-11-05T02:40:34.433+0000] {processor.py:839} INFO - DAG(s) dict_keys(['diabetes_training_pipeline']) retrieved from /opt/airflow/dags/diabetes_training_pipeline.py
[2025-11-05T02:40:34.443+0000] {logging_mixin.py:154} INFO - [2025-11-05T02:40:34.442+0000] {dag.py:2941} INFO - Sync 1 DAGs
[2025-11-05T02:40:34.447+0000] {logging_mixin.py:154} INFO - [2025-11-05T02:40:34.447+0000] {dag.py:3722} INFO - Setting next_dagrun for diabetes_training_pipeline to None, run_after=None
[2025-11-05T02:40:34.455+0000] {processor.py:179} INFO - Processing /opt/airflow/dags/diabetes_training_pipeline.py took 0.757 seconds
[2025-11-05T02:41:04.719+0000] {processor.py:157} INFO - Started process (PID=1961) to work on /opt/airflow/dags/diabetes_training_pipeline.py
[2025-11-05T02:41:04.720+0000] {processor.py:829} INFO - Processing file /opt/airflow/dags/diabetes_training_pipeline.py for tasks to queue
[2025-11-05T02:41:04.721+0000] {logging_mixin.py:154} INFO - [2025-11-05T02:41:04.720+0000] {dagbag.py:536} INFO - Filling up the DagBag from /opt/airflow/dags/diabetes_training_pipeline.py
[2025-11-05T02:41:05.431+0000] {processor.py:839} INFO - DAG(s) dict_keys(['diabetes_training_pipeline']) retrieved from /opt/airflow/dags/diabetes_training_pipeline.py
[2025-11-05T02:41:05.443+0000] {logging_mixin.py:154} INFO - [2025-11-05T02:41:05.442+0000] {dag.py:2941} INFO - Sync 1 DAGs
[2025-11-05T02:41:05.448+0000] {logging_mixin.py:154} INFO - [2025-11-05T02:41:05.448+0000] {dag.py:3722} INFO - Setting next_dagrun for diabetes_training_pipeline to None, run_after=None
[2025-11-05T02:41:05.457+0000] {processor.py:179} INFO - Processing /opt/airflow/dags/diabetes_training_pipeline.py took 0.741 seconds
[2025-11-05T02:41:35.643+0000] {processor.py:157} INFO - Started process (PID=1980) to work on /opt/airflow/dags/diabetes_training_pipeline.py
[2025-11-05T02:41:35.645+0000] {processor.py:829} INFO - Processing file /opt/airflow/dags/diabetes_training_pipeline.py for tasks to queue
[2025-11-05T02:41:35.646+0000] {logging_mixin.py:154} INFO - [2025-11-05T02:41:35.645+0000] {dagbag.py:536} INFO - Filling up the DagBag from /opt/airflow/dags/diabetes_training_pipeline.py
[2025-11-05T02:41:36.393+0000] {processor.py:839} INFO - DAG(s) dict_keys(['diabetes_training_pipeline']) retrieved from /opt/airflow/dags/diabetes_training_pipeline.py
[2025-11-05T02:41:36.405+0000] {logging_mixin.py:154} INFO - [2025-11-05T02:41:36.404+0000] {dag.py:2941} INFO - Sync 1 DAGs
[2025-11-05T02:41:36.410+0000] {logging_mixin.py:154} INFO - [2025-11-05T02:41:36.410+0000] {dag.py:3722} INFO - Setting next_dagrun for diabetes_training_pipeline to None, run_after=None
[2025-11-05T02:41:36.419+0000] {processor.py:179} INFO - Processing /opt/airflow/dags/diabetes_training_pipeline.py took 0.781 seconds
[2025-11-05T02:57:50.871+0000] {processor.py:157} INFO - Started process (PID=2001) to work on /opt/airflow/dags/diabetes_training_pipeline.py
[2025-11-05T02:57:50.873+0000] {processor.py:829} INFO - Processing file /opt/airflow/dags/diabetes_training_pipeline.py for tasks to queue
[2025-11-05T02:57:50.875+0000] {logging_mixin.py:154} INFO - [2025-11-05T02:57:50.874+0000] {dagbag.py:536} INFO - Filling up the DagBag from /opt/airflow/dags/diabetes_training_pipeline.py
[2025-11-05T02:57:53.837+0000] {processor.py:839} INFO - DAG(s) dict_keys(['diabetes_training_pipeline']) retrieved from /opt/airflow/dags/diabetes_training_pipeline.py
[2025-11-05T02:57:53.850+0000] {logging_mixin.py:154} INFO - [2025-11-05T02:57:53.849+0000] {dag.py:2941} INFO - Sync 1 DAGs
[2025-11-05T02:57:53.855+0000] {logging_mixin.py:154} INFO - [2025-11-05T02:57:53.855+0000] {dag.py:3722} INFO - Setting next_dagrun for diabetes_training_pipeline to None, run_after=None
[2025-11-05T02:57:53.864+0000] {processor.py:179} INFO - Processing /opt/airflow/dags/diabetes_training_pipeline.py took 3.003 seconds
[2025-11-05T02:58:57.140+0000] {processor.py:157} INFO - Started process (PID=2023) to work on /opt/airflow/dags/diabetes_training_pipeline.py
[2025-11-05T02:58:57.142+0000] {processor.py:829} INFO - Processing file /opt/airflow/dags/diabetes_training_pipeline.py for tasks to queue
[2025-11-05T02:58:57.144+0000] {logging_mixin.py:154} INFO - [2025-11-05T02:58:57.144+0000] {dagbag.py:536} INFO - Filling up the DagBag from /opt/airflow/dags/diabetes_training_pipeline.py
[2025-11-05T02:58:58.849+0000] {processor.py:839} INFO - DAG(s) dict_keys(['diabetes_training_pipeline']) retrieved from /opt/airflow/dags/diabetes_training_pipeline.py
[2025-11-05T02:58:58.862+0000] {logging_mixin.py:154} INFO - [2025-11-05T02:58:58.862+0000] {dag.py:2941} INFO - Sync 1 DAGs
[2025-11-05T02:58:58.867+0000] {logging_mixin.py:154} INFO - [2025-11-05T02:58:58.867+0000] {dag.py:3722} INFO - Setting next_dagrun for diabetes_training_pipeline to None, run_after=None
[2025-11-05T02:58:58.875+0000] {processor.py:179} INFO - Processing /opt/airflow/dags/diabetes_training_pipeline.py took 1.741 seconds
[2025-11-05T02:59:29.129+0000] {processor.py:157} INFO - Started process (PID=2049) to work on /opt/airflow/dags/diabetes_training_pipeline.py
[2025-11-05T02:59:29.131+0000] {processor.py:829} INFO - Processing file /opt/airflow/dags/diabetes_training_pipeline.py for tasks to queue
[2025-11-05T02:59:29.132+0000] {logging_mixin.py:154} INFO - [2025-11-05T02:59:29.132+0000] {dagbag.py:536} INFO - Filling up the DagBag from /opt/airflow/dags/diabetes_training_pipeline.py
[2025-11-05T02:59:29.873+0000] {processor.py:839} INFO - DAG(s) dict_keys(['diabetes_training_pipeline']) retrieved from /opt/airflow/dags/diabetes_training_pipeline.py
[2025-11-05T02:59:29.892+0000] {logging_mixin.py:154} INFO - [2025-11-05T02:59:29.891+0000] {dag.py:2941} INFO - Sync 1 DAGs
[2025-11-05T02:59:29.897+0000] {logging_mixin.py:154} INFO - [2025-11-05T02:59:29.897+0000] {dag.py:3722} INFO - Setting next_dagrun for diabetes_training_pipeline to None, run_after=None
[2025-11-05T02:59:29.906+0000] {processor.py:179} INFO - Processing /opt/airflow/dags/diabetes_training_pipeline.py took 0.781 seconds
[2025-11-05T03:00:00.417+0000] {processor.py:157} INFO - Started process (PID=2070) to work on /opt/airflow/dags/diabetes_training_pipeline.py
[2025-11-05T03:00:00.417+0000] {processor.py:829} INFO - Processing file /opt/airflow/dags/diabetes_training_pipeline.py for tasks to queue
[2025-11-05T03:00:00.418+0000] {logging_mixin.py:154} INFO - [2025-11-05T03:00:00.418+0000] {dagbag.py:536} INFO - Filling up the DagBag from /opt/airflow/dags/diabetes_training_pipeline.py
[2025-11-05T03:00:01.081+0000] {processor.py:839} INFO - DAG(s) dict_keys(['diabetes_training_pipeline']) retrieved from /opt/airflow/dags/diabetes_training_pipeline.py
[2025-11-05T03:00:01.090+0000] {logging_mixin.py:154} INFO - [2025-11-05T03:00:01.090+0000] {dag.py:2941} INFO - Sync 1 DAGs
[2025-11-05T03:00:01.095+0000] {logging_mixin.py:154} INFO - [2025-11-05T03:00:01.095+0000] {dag.py:3722} INFO - Setting next_dagrun for diabetes_training_pipeline to None, run_after=None
[2025-11-05T03:00:01.103+0000] {processor.py:179} INFO - Processing /opt/airflow/dags/diabetes_training_pipeline.py took 0.691 seconds
[2025-11-05T03:00:31.281+0000] {processor.py:157} INFO - Started process (PID=2095) to work on /opt/airflow/dags/diabetes_training_pipeline.py
[2025-11-05T03:00:31.282+0000] {processor.py:829} INFO - Processing file /opt/airflow/dags/diabetes_training_pipeline.py for tasks to queue
[2025-11-05T03:00:31.282+0000] {logging_mixin.py:154} INFO - [2025-11-05T03:00:31.282+0000] {dagbag.py:536} INFO - Filling up the DagBag from /opt/airflow/dags/diabetes_training_pipeline.py
[2025-11-05T03:00:31.922+0000] {processor.py:839} INFO - DAG(s) dict_keys(['diabetes_training_pipeline']) retrieved from /opt/airflow/dags/diabetes_training_pipeline.py
[2025-11-05T03:00:31.931+0000] {logging_mixin.py:154} INFO - [2025-11-05T03:00:31.930+0000] {dag.py:2941} INFO - Sync 1 DAGs
[2025-11-05T03:00:31.936+0000] {logging_mixin.py:154} INFO - [2025-11-05T03:00:31.936+0000] {dag.py:3722} INFO - Setting next_dagrun for diabetes_training_pipeline to None, run_after=None
[2025-11-05T03:00:31.943+0000] {processor.py:179} INFO - Processing /opt/airflow/dags/diabetes_training_pipeline.py took 0.667 seconds
[2025-11-05T03:01:02.545+0000] {processor.py:157} INFO - Started process (PID=2114) to work on /opt/airflow/dags/diabetes_training_pipeline.py
[2025-11-05T03:01:02.546+0000] {processor.py:829} INFO - Processing file /opt/airflow/dags/diabetes_training_pipeline.py for tasks to queue
[2025-11-05T03:01:02.546+0000] {logging_mixin.py:154} INFO - [2025-11-05T03:01:02.546+0000] {dagbag.py:536} INFO - Filling up the DagBag from /opt/airflow/dags/diabetes_training_pipeline.py
[2025-11-05T03:01:03.175+0000] {processor.py:839} INFO - DAG(s) dict_keys(['diabetes_training_pipeline']) retrieved from /opt/airflow/dags/diabetes_training_pipeline.py
[2025-11-05T03:01:03.183+0000] {logging_mixin.py:154} INFO - [2025-11-05T03:01:03.183+0000] {dag.py:2941} INFO - Sync 1 DAGs
[2025-11-05T03:01:03.188+0000] {logging_mixin.py:154} INFO - [2025-11-05T03:01:03.188+0000] {dag.py:3722} INFO - Setting next_dagrun for diabetes_training_pipeline to None, run_after=None
[2025-11-05T03:01:03.195+0000] {processor.py:179} INFO - Processing /opt/airflow/dags/diabetes_training_pipeline.py took 0.655 seconds
