[2025-11-26T03:46:30.078+0000] {taskinstance.py:1159} INFO - Dependencies all met for dep_context=non-requeueable deps ti=<TaskInstance: house_prices_train_model.train_house_model manual__2025-11-26T03:46:27.606615+00:00 [queued]>
[2025-11-26T03:46:30.090+0000] {taskinstance.py:1159} INFO - Dependencies all met for dep_context=requeueable deps ti=<TaskInstance: house_prices_train_model.train_house_model manual__2025-11-26T03:46:27.606615+00:00 [queued]>
[2025-11-26T03:46:30.091+0000] {taskinstance.py:1361} INFO - Starting attempt 1 of 2
[2025-11-26T03:46:30.111+0000] {taskinstance.py:1382} INFO - Executing <Task(PythonOperator): train_house_model> on 2025-11-26 03:46:27.606615+00:00
[2025-11-26T03:46:30.125+0000] {standard_task_runner.py:57} INFO - Started process 231 to run task
[2025-11-26T03:46:30.129+0000] {standard_task_runner.py:84} INFO - Running: ['***', 'tasks', 'run', 'house_prices_train_model', 'train_house_model', 'manual__2025-11-26T03:46:27.606615+00:00', '--job-id', '16', '--raw', '--subdir', 'DAGS_FOLDER/house_prices_train_model.py', '--cfg-path', '/tmp/tmp9wx52xwl']
[2025-11-26T03:46:30.135+0000] {standard_task_runner.py:85} INFO - Job 16: Subtask train_house_model
[2025-11-26T03:46:30.225+0000] {task_command.py:416} INFO - Running <TaskInstance: house_prices_train_model.train_house_model manual__2025-11-26T03:46:27.606615+00:00 [running]> on host 73034cc89b82
[2025-11-26T03:46:30.401+0000] {taskinstance.py:1662} INFO - Exporting env vars: AIRFLOW_CTX_DAG_OWNER='mlops_student' AIRFLOW_CTX_DAG_ID='house_prices_train_model' AIRFLOW_CTX_TASK_ID='train_house_model' AIRFLOW_CTX_EXECUTION_DATE='2025-11-26T03:46:27.606615+00:00' AIRFLOW_CTX_TRY_NUMBER='1' AIRFLOW_CTX_DAG_RUN_ID='manual__2025-11-26T03:46:27.606615+00:00'
[2025-11-26T03:46:30.428+0000] {logging_mixin.py:154} WARNING - /opt/***/dags/house_prices_train_model.py:86 UserWarning: pandas only supports SQLAlchemy connectable (engine/connection) or database string URI or sqlite3 DBAPI2 connection. Other DBAPI2 objects are not tested. Please consider using SQLAlchemy.
[2025-11-26T03:46:32.052+0000] {logging_mixin.py:154} WARNING - 2025/11/26 03:46:32 INFO mlflow.tracking.fluent: Experiment with name 'group_6_house_prices' does not exist. Creating a new experiment.
[2025-11-26T03:46:33.793+0000] {logging_mixin.py:154} WARNING - 2025/11/26 03:46:33 WARNING mlflow.utils.git_utils: Failed to import Git (the Git executable is probably not on your PATH), so Git SHA is not available. Error: Failed to initialize: Bad git executable.
The git executable must be specified in one of the following ways:
    - be included in your $PATH
    - be set via $GIT_PYTHON_GIT_EXECUTABLE
    - explicitly set via git.refresh(<full-path-to-git-executable>)

All git commands will error until this is rectified.

This initial message can be silenced or aggravated in the future by setting the
$GIT_PYTHON_REFRESH environment variable. Use one of the following values:
    - quiet|q|silence|s|silent|none|n|0: for no message or exception
    - warn|w|warning|log|l|1: for a warning message (logging level CRITICAL, displayed by default)
    - error|e|exception|raise|r|2: for a raised exception

Example:
    export GIT_PYTHON_REFRESH=quiet
[2025-11-26T03:46:34.533+0000] {taskinstance.py:1937} ERROR - Task failed with exception
Traceback (most recent call last):
  File "/home/airflow/.local/lib/python3.10/site-packages/airflow/operators/python.py", line 192, in execute
    return_value = self.execute_callable()
  File "/home/airflow/.local/lib/python3.10/site-packages/airflow/operators/python.py", line 209, in execute_callable
    return self.python_callable(*self.op_args, **self.op_kwargs)
  File "/opt/airflow/dags/house_prices_train_model.py", line 130, in train_house_price_model
    model.fit(X_train, y_train)
  File "/home/airflow/.local/lib/python3.10/site-packages/sklearn/base.py", line 1152, in wrapper
    return fit_method(estimator, *args, **kwargs)
  File "/home/airflow/.local/lib/python3.10/site-packages/sklearn/ensemble/_forest.py", line 348, in fit
    X, y = self._validate_data(
  File "/home/airflow/.local/lib/python3.10/site-packages/sklearn/base.py", line 622, in _validate_data
    X, y = check_X_y(X, y, **check_params)
  File "/home/airflow/.local/lib/python3.10/site-packages/sklearn/utils/validation.py", line 1146, in check_X_y
    X = check_array(
  File "/home/airflow/.local/lib/python3.10/site-packages/sklearn/utils/validation.py", line 915, in check_array
    array = _asarray_with_order(array, order=order, dtype=dtype, xp=xp)
  File "/home/airflow/.local/lib/python3.10/site-packages/sklearn/utils/_array_api.py", line 380, in _asarray_with_order
    array = numpy.asarray(array, order=order, dtype=dtype)
  File "/home/airflow/.local/lib/python3.10/site-packages/pandas/core/generic.py", line 2084, in __array__
    arr = np.asarray(values, dtype=dtype)
ValueError: could not convert string to float: 'bed'
[2025-11-26T03:46:34.557+0000] {taskinstance.py:1400} INFO - Marking task as UP_FOR_RETRY. dag_id=house_prices_train_model, task_id=train_house_model, execution_date=20251126T034627, start_date=20251126T034630, end_date=20251126T034634
[2025-11-26T03:46:34.578+0000] {standard_task_runner.py:104} ERROR - Failed to execute job 16 for task train_house_model (could not convert string to float: 'bed'; 231)
[2025-11-26T03:46:34.613+0000] {local_task_job_runner.py:228} INFO - Task exited with return code 1
[2025-11-26T03:46:34.637+0000] {taskinstance.py:2778} INFO - 0 downstream tasks scheduled from follow-on schedule check
