[2025-11-26T03:53:09.970+0000] {taskinstance.py:1159} INFO - Dependencies all met for dep_context=non-requeueable deps ti=<TaskInstance: house_prices_train_model.train_house_model manual__2025-11-26T03:53:06.859987+00:00 [queued]>
[2025-11-26T03:53:09.986+0000] {taskinstance.py:1159} INFO - Dependencies all met for dep_context=requeueable deps ti=<TaskInstance: house_prices_train_model.train_house_model manual__2025-11-26T03:53:06.859987+00:00 [queued]>
[2025-11-26T03:53:09.987+0000] {taskinstance.py:1361} INFO - Starting attempt 1 of 2
[2025-11-26T03:53:10.021+0000] {taskinstance.py:1382} INFO - Executing <Task(PythonOperator): train_house_model> on 2025-11-26 03:53:06.859987+00:00
[2025-11-26T03:53:10.037+0000] {standard_task_runner.py:57} INFO - Started process 492 to run task
[2025-11-26T03:53:10.043+0000] {standard_task_runner.py:84} INFO - Running: ['***', 'tasks', 'run', 'house_prices_train_model', 'train_house_model', 'manual__2025-11-26T03:53:06.859987+00:00', '--job-id', '18', '--raw', '--subdir', 'DAGS_FOLDER/house_prices_train_model.py', '--cfg-path', '/tmp/tmptvx0cglh']
[2025-11-26T03:53:10.047+0000] {standard_task_runner.py:85} INFO - Job 18: Subtask train_house_model
[2025-11-26T03:53:10.141+0000] {task_command.py:416} INFO - Running <TaskInstance: house_prices_train_model.train_house_model manual__2025-11-26T03:53:06.859987+00:00 [running]> on host 73034cc89b82
[2025-11-26T03:53:10.265+0000] {taskinstance.py:1662} INFO - Exporting env vars: AIRFLOW_CTX_DAG_OWNER='mlops_student' AIRFLOW_CTX_DAG_ID='house_prices_train_model' AIRFLOW_CTX_TASK_ID='train_house_model' AIRFLOW_CTX_EXECUTION_DATE='2025-11-26T03:53:06.859987+00:00' AIRFLOW_CTX_TRY_NUMBER='1' AIRFLOW_CTX_DAG_RUN_ID='manual__2025-11-26T03:53:06.859987+00:00'
[2025-11-26T03:53:10.285+0000] {logging_mixin.py:154} WARNING - /opt/***/dags/house_prices_train_model.py:86 UserWarning: pandas only supports SQLAlchemy connectable (engine/connection) or database string URI or sqlite3 DBAPI2 connection. Other DBAPI2 objects are not tested. Please consider using SQLAlchemy.
[2025-11-26T03:53:10.805+0000] {logging_mixin.py:154} INFO - [train_house_price_model] Rows before cleaning: 4055, after cleaning: 0
[2025-11-26T03:53:10.805+0000] {taskinstance.py:1937} ERROR - Task failed with exception
Traceback (most recent call last):
  File "/home/airflow/.local/lib/python3.10/site-packages/airflow/operators/python.py", line 192, in execute
    return_value = self.execute_callable()
  File "/home/airflow/.local/lib/python3.10/site-packages/airflow/operators/python.py", line 209, in execute_callable
    return self.python_callable(*self.op_args, **self.op_kwargs)
  File "/opt/airflow/dags/house_prices_train_model.py", line 121, in train_house_price_model
    raise ValueError("No valid rows left after numeric coercion. Check clean_house_prices contents.")
ValueError: No valid rows left after numeric coercion. Check clean_house_prices contents.
[2025-11-26T03:53:10.822+0000] {taskinstance.py:1400} INFO - Marking task as UP_FOR_RETRY. dag_id=house_prices_train_model, task_id=train_house_model, execution_date=20251126T035306, start_date=20251126T035309, end_date=20251126T035310
[2025-11-26T03:53:10.849+0000] {standard_task_runner.py:104} ERROR - Failed to execute job 18 for task train_house_model (No valid rows left after numeric coercion. Check clean_house_prices contents.; 492)
[2025-11-26T03:53:10.902+0000] {local_task_job_runner.py:228} INFO - Task exited with return code 1
[2025-11-26T03:53:10.926+0000] {taskinstance.py:2778} INFO - 0 downstream tasks scheduled from follow-on schedule check
