[2025-11-26T02:21:21.329+0000] {processor.py:157} INFO - Started process (PID=161) to work on /opt/airflow/dags/diabetes_training_pipeline.py
[2025-11-26T02:21:21.331+0000] {processor.py:829} INFO - Processing file /opt/airflow/dags/diabetes_training_pipeline.py for tasks to queue
[2025-11-26T02:21:21.332+0000] {logging_mixin.py:154} INFO - [2025-11-26T02:21:21.331+0000] {dagbag.py:536} INFO - Filling up the DagBag from /opt/airflow/dags/diabetes_training_pipeline.py
[2025-11-26T02:21:27.938+0000] {processor.py:839} INFO - DAG(s) dict_keys(['diabetes_training_pipeline']) retrieved from /opt/airflow/dags/diabetes_training_pipeline.py
[2025-11-26T02:21:28.203+0000] {logging_mixin.py:154} INFO - [2025-11-26T02:21:28.203+0000] {manager.py:499} INFO - Created Permission View: %s
[2025-11-26T02:21:28.231+0000] {logging_mixin.py:154} INFO - [2025-11-26T02:21:28.230+0000] {manager.py:499} INFO - Created Permission View: %s
[2025-11-26T02:21:28.256+0000] {logging_mixin.py:154} INFO - [2025-11-26T02:21:28.256+0000] {manager.py:499} INFO - Created Permission View: %s
[2025-11-26T02:21:28.258+0000] {logging_mixin.py:154} INFO - [2025-11-26T02:21:28.257+0000] {dag.py:2941} INFO - Sync 1 DAGs
[2025-11-26T02:21:28.603+0000] {logging_mixin.py:154} INFO - [2025-11-26T02:21:28.602+0000] {dag.py:2963} INFO - Creating ORM DAG for diabetes_training_pipeline
[2025-11-26T02:21:28.604+0000] {logging_mixin.py:154} INFO - [2025-11-26T02:21:28.604+0000] {dag.py:3722} INFO - Setting next_dagrun for diabetes_training_pipeline to None, run_after=None
[2025-11-26T02:21:28.667+0000] {processor.py:179} INFO - Processing /opt/airflow/dags/diabetes_training_pipeline.py took 7.367 seconds
[2025-11-26T02:21:58.927+0000] {processor.py:157} INFO - Started process (PID=178) to work on /opt/airflow/dags/diabetes_training_pipeline.py
[2025-11-26T02:21:58.930+0000] {processor.py:829} INFO - Processing file /opt/airflow/dags/diabetes_training_pipeline.py for tasks to queue
[2025-11-26T02:21:58.931+0000] {logging_mixin.py:154} INFO - [2025-11-26T02:21:58.930+0000] {dagbag.py:536} INFO - Filling up the DagBag from /opt/airflow/dags/diabetes_training_pipeline.py
[2025-11-26T02:22:00.847+0000] {processor.py:839} INFO - DAG(s) dict_keys(['diabetes_training_pipeline']) retrieved from /opt/airflow/dags/diabetes_training_pipeline.py
[2025-11-26T02:22:00.887+0000] {logging_mixin.py:154} INFO - [2025-11-26T02:22:00.886+0000] {dag.py:2941} INFO - Sync 1 DAGs
[2025-11-26T02:22:00.916+0000] {logging_mixin.py:154} INFO - [2025-11-26T02:22:00.915+0000] {dag.py:3722} INFO - Setting next_dagrun for diabetes_training_pipeline to None, run_after=None
[2025-11-26T02:22:00.956+0000] {processor.py:179} INFO - Processing /opt/airflow/dags/diabetes_training_pipeline.py took 2.036 seconds
[2025-11-26T02:22:31.256+0000] {processor.py:157} INFO - Started process (PID=192) to work on /opt/airflow/dags/diabetes_training_pipeline.py
[2025-11-26T02:22:31.258+0000] {processor.py:829} INFO - Processing file /opt/airflow/dags/diabetes_training_pipeline.py for tasks to queue
[2025-11-26T02:22:31.259+0000] {logging_mixin.py:154} INFO - [2025-11-26T02:22:31.259+0000] {dagbag.py:536} INFO - Filling up the DagBag from /opt/airflow/dags/diabetes_training_pipeline.py
[2025-11-26T02:22:32.942+0000] {processor.py:839} INFO - DAG(s) dict_keys(['diabetes_training_pipeline']) retrieved from /opt/airflow/dags/diabetes_training_pipeline.py
[2025-11-26T02:22:32.980+0000] {logging_mixin.py:154} INFO - [2025-11-26T02:22:32.979+0000] {dag.py:2941} INFO - Sync 1 DAGs
[2025-11-26T02:22:32.994+0000] {logging_mixin.py:154} INFO - [2025-11-26T02:22:32.993+0000] {dag.py:3722} INFO - Setting next_dagrun for diabetes_training_pipeline to None, run_after=None
[2025-11-26T02:22:33.031+0000] {processor.py:179} INFO - Processing /opt/airflow/dags/diabetes_training_pipeline.py took 1.780 seconds
[2025-11-26T02:23:04.336+0000] {processor.py:157} INFO - Started process (PID=163) to work on /opt/airflow/dags/diabetes_training_pipeline.py
[2025-11-26T02:23:04.340+0000] {processor.py:829} INFO - Processing file /opt/airflow/dags/diabetes_training_pipeline.py for tasks to queue
[2025-11-26T02:23:04.341+0000] {logging_mixin.py:154} INFO - [2025-11-26T02:23:04.341+0000] {dagbag.py:536} INFO - Filling up the DagBag from /opt/airflow/dags/diabetes_training_pipeline.py
[2025-11-26T02:23:06.616+0000] {processor.py:839} INFO - DAG(s) dict_keys(['diabetes_training_pipeline']) retrieved from /opt/airflow/dags/diabetes_training_pipeline.py
[2025-11-26T02:23:06.661+0000] {logging_mixin.py:154} INFO - [2025-11-26T02:23:06.660+0000] {dag.py:2941} INFO - Sync 1 DAGs
[2025-11-26T02:23:06.677+0000] {logging_mixin.py:154} INFO - [2025-11-26T02:23:06.677+0000] {dag.py:3722} INFO - Setting next_dagrun for diabetes_training_pipeline to None, run_after=None
[2025-11-26T02:23:06.713+0000] {processor.py:179} INFO - Processing /opt/airflow/dags/diabetes_training_pipeline.py took 2.394 seconds
[2025-11-26T02:23:36.966+0000] {processor.py:157} INFO - Started process (PID=179) to work on /opt/airflow/dags/diabetes_training_pipeline.py
[2025-11-26T02:23:36.974+0000] {processor.py:829} INFO - Processing file /opt/airflow/dags/diabetes_training_pipeline.py for tasks to queue
[2025-11-26T02:23:36.975+0000] {logging_mixin.py:154} INFO - [2025-11-26T02:23:36.975+0000] {dagbag.py:536} INFO - Filling up the DagBag from /opt/airflow/dags/diabetes_training_pipeline.py
[2025-11-26T02:23:38.715+0000] {processor.py:839} INFO - DAG(s) dict_keys(['diabetes_training_pipeline']) retrieved from /opt/airflow/dags/diabetes_training_pipeline.py
[2025-11-26T02:23:38.771+0000] {logging_mixin.py:154} INFO - [2025-11-26T02:23:38.769+0000] {dag.py:2941} INFO - Sync 1 DAGs
[2025-11-26T02:23:38.799+0000] {logging_mixin.py:154} INFO - [2025-11-26T02:23:38.799+0000] {dag.py:3722} INFO - Setting next_dagrun for diabetes_training_pipeline to None, run_after=None
[2025-11-26T02:23:38.833+0000] {processor.py:179} INFO - Processing /opt/airflow/dags/diabetes_training_pipeline.py took 1.873 seconds
[2025-11-26T02:24:09.261+0000] {processor.py:157} INFO - Started process (PID=193) to work on /opt/airflow/dags/diabetes_training_pipeline.py
[2025-11-26T02:24:09.265+0000] {processor.py:829} INFO - Processing file /opt/airflow/dags/diabetes_training_pipeline.py for tasks to queue
[2025-11-26T02:24:09.266+0000] {logging_mixin.py:154} INFO - [2025-11-26T02:24:09.266+0000] {dagbag.py:536} INFO - Filling up the DagBag from /opt/airflow/dags/diabetes_training_pipeline.py
[2025-11-26T02:24:11.031+0000] {processor.py:839} INFO - DAG(s) dict_keys(['diabetes_training_pipeline']) retrieved from /opt/airflow/dags/diabetes_training_pipeline.py
[2025-11-26T02:24:11.062+0000] {logging_mixin.py:154} INFO - [2025-11-26T02:24:11.061+0000] {dag.py:2941} INFO - Sync 1 DAGs
[2025-11-26T02:24:11.077+0000] {logging_mixin.py:154} INFO - [2025-11-26T02:24:11.077+0000] {dag.py:3722} INFO - Setting next_dagrun for diabetes_training_pipeline to None, run_after=None
[2025-11-26T02:24:11.103+0000] {processor.py:179} INFO - Processing /opt/airflow/dags/diabetes_training_pipeline.py took 1.847 seconds
[2025-11-26T02:24:41.530+0000] {processor.py:157} INFO - Started process (PID=207) to work on /opt/airflow/dags/diabetes_training_pipeline.py
[2025-11-26T02:24:41.533+0000] {processor.py:829} INFO - Processing file /opt/airflow/dags/diabetes_training_pipeline.py for tasks to queue
[2025-11-26T02:24:41.534+0000] {logging_mixin.py:154} INFO - [2025-11-26T02:24:41.534+0000] {dagbag.py:536} INFO - Filling up the DagBag from /opt/airflow/dags/diabetes_training_pipeline.py
[2025-11-26T02:24:43.697+0000] {processor.py:839} INFO - DAG(s) dict_keys(['diabetes_training_pipeline']) retrieved from /opt/airflow/dags/diabetes_training_pipeline.py
[2025-11-26T02:24:43.728+0000] {logging_mixin.py:154} INFO - [2025-11-26T02:24:43.727+0000] {dag.py:2941} INFO - Sync 1 DAGs
[2025-11-26T02:24:43.742+0000] {logging_mixin.py:154} INFO - [2025-11-26T02:24:43.742+0000] {dag.py:3722} INFO - Setting next_dagrun for diabetes_training_pipeline to None, run_after=None
[2025-11-26T02:24:43.767+0000] {processor.py:179} INFO - Processing /opt/airflow/dags/diabetes_training_pipeline.py took 2.244 seconds
[2025-11-26T02:25:14.020+0000] {processor.py:157} INFO - Started process (PID=221) to work on /opt/airflow/dags/diabetes_training_pipeline.py
[2025-11-26T02:25:14.022+0000] {processor.py:829} INFO - Processing file /opt/airflow/dags/diabetes_training_pipeline.py for tasks to queue
[2025-11-26T02:25:14.023+0000] {logging_mixin.py:154} INFO - [2025-11-26T02:25:14.023+0000] {dagbag.py:536} INFO - Filling up the DagBag from /opt/airflow/dags/diabetes_training_pipeline.py
[2025-11-26T02:25:15.752+0000] {processor.py:839} INFO - DAG(s) dict_keys(['diabetes_training_pipeline']) retrieved from /opt/airflow/dags/diabetes_training_pipeline.py
[2025-11-26T02:25:15.804+0000] {logging_mixin.py:154} INFO - [2025-11-26T02:25:15.802+0000] {dag.py:2941} INFO - Sync 1 DAGs
[2025-11-26T02:25:15.839+0000] {logging_mixin.py:154} INFO - [2025-11-26T02:25:15.838+0000] {dag.py:3722} INFO - Setting next_dagrun for diabetes_training_pipeline to None, run_after=None
[2025-11-26T02:25:15.891+0000] {processor.py:179} INFO - Processing /opt/airflow/dags/diabetes_training_pipeline.py took 1.876 seconds
[2025-11-26T02:25:46.280+0000] {processor.py:157} INFO - Started process (PID=235) to work on /opt/airflow/dags/diabetes_training_pipeline.py
[2025-11-26T02:25:46.284+0000] {processor.py:829} INFO - Processing file /opt/airflow/dags/diabetes_training_pipeline.py for tasks to queue
[2025-11-26T02:25:46.285+0000] {logging_mixin.py:154} INFO - [2025-11-26T02:25:46.285+0000] {dagbag.py:536} INFO - Filling up the DagBag from /opt/airflow/dags/diabetes_training_pipeline.py
[2025-11-26T02:25:48.131+0000] {processor.py:839} INFO - DAG(s) dict_keys(['diabetes_training_pipeline']) retrieved from /opt/airflow/dags/diabetes_training_pipeline.py
[2025-11-26T02:25:48.194+0000] {logging_mixin.py:154} INFO - [2025-11-26T02:25:48.193+0000] {dag.py:2941} INFO - Sync 1 DAGs
[2025-11-26T02:25:48.222+0000] {logging_mixin.py:154} INFO - [2025-11-26T02:25:48.221+0000] {dag.py:3722} INFO - Setting next_dagrun for diabetes_training_pipeline to None, run_after=None
[2025-11-26T02:25:48.264+0000] {processor.py:179} INFO - Processing /opt/airflow/dags/diabetes_training_pipeline.py took 1.989 seconds
[2025-11-26T02:26:18.553+0000] {processor.py:157} INFO - Started process (PID=249) to work on /opt/airflow/dags/diabetes_training_pipeline.py
[2025-11-26T02:26:18.556+0000] {processor.py:829} INFO - Processing file /opt/airflow/dags/diabetes_training_pipeline.py for tasks to queue
[2025-11-26T02:26:18.558+0000] {logging_mixin.py:154} INFO - [2025-11-26T02:26:18.558+0000] {dagbag.py:536} INFO - Filling up the DagBag from /opt/airflow/dags/diabetes_training_pipeline.py
[2025-11-26T02:26:20.280+0000] {processor.py:839} INFO - DAG(s) dict_keys(['diabetes_training_pipeline']) retrieved from /opt/airflow/dags/diabetes_training_pipeline.py
[2025-11-26T02:26:20.327+0000] {logging_mixin.py:154} INFO - [2025-11-26T02:26:20.326+0000] {dag.py:2941} INFO - Sync 1 DAGs
[2025-11-26T02:26:20.343+0000] {logging_mixin.py:154} INFO - [2025-11-26T02:26:20.342+0000] {dag.py:3722} INFO - Setting next_dagrun for diabetes_training_pipeline to None, run_after=None
[2025-11-26T02:26:20.373+0000] {processor.py:179} INFO - Processing /opt/airflow/dags/diabetes_training_pipeline.py took 1.825 seconds
[2025-11-26T02:26:50.997+0000] {processor.py:157} INFO - Started process (PID=263) to work on /opt/airflow/dags/diabetes_training_pipeline.py
[2025-11-26T02:26:51.000+0000] {processor.py:829} INFO - Processing file /opt/airflow/dags/diabetes_training_pipeline.py for tasks to queue
[2025-11-26T02:26:51.003+0000] {logging_mixin.py:154} INFO - [2025-11-26T02:26:51.003+0000] {dagbag.py:536} INFO - Filling up the DagBag from /opt/airflow/dags/diabetes_training_pipeline.py
[2025-11-26T02:26:52.887+0000] {processor.py:839} INFO - DAG(s) dict_keys(['diabetes_training_pipeline']) retrieved from /opt/airflow/dags/diabetes_training_pipeline.py
[2025-11-26T02:26:52.926+0000] {logging_mixin.py:154} INFO - [2025-11-26T02:26:52.925+0000] {dag.py:2941} INFO - Sync 1 DAGs
[2025-11-26T02:26:52.942+0000] {logging_mixin.py:154} INFO - [2025-11-26T02:26:52.942+0000] {dag.py:3722} INFO - Setting next_dagrun for diabetes_training_pipeline to None, run_after=None
[2025-11-26T02:26:52.971+0000] {processor.py:179} INFO - Processing /opt/airflow/dags/diabetes_training_pipeline.py took 1.982 seconds
[2025-11-26T02:27:23.250+0000] {processor.py:157} INFO - Started process (PID=277) to work on /opt/airflow/dags/diabetes_training_pipeline.py
[2025-11-26T02:27:23.254+0000] {processor.py:829} INFO - Processing file /opt/airflow/dags/diabetes_training_pipeline.py for tasks to queue
[2025-11-26T02:27:23.256+0000] {logging_mixin.py:154} INFO - [2025-11-26T02:27:23.255+0000] {dagbag.py:536} INFO - Filling up the DagBag from /opt/airflow/dags/diabetes_training_pipeline.py
[2025-11-26T02:27:25.017+0000] {processor.py:839} INFO - DAG(s) dict_keys(['diabetes_training_pipeline']) retrieved from /opt/airflow/dags/diabetes_training_pipeline.py
[2025-11-26T02:27:25.055+0000] {logging_mixin.py:154} INFO - [2025-11-26T02:27:25.055+0000] {dag.py:2941} INFO - Sync 1 DAGs
[2025-11-26T02:27:25.075+0000] {logging_mixin.py:154} INFO - [2025-11-26T02:27:25.075+0000] {dag.py:3722} INFO - Setting next_dagrun for diabetes_training_pipeline to None, run_after=None
[2025-11-26T02:27:25.106+0000] {processor.py:179} INFO - Processing /opt/airflow/dags/diabetes_training_pipeline.py took 1.862 seconds
[2025-11-26T02:27:55.651+0000] {processor.py:157} INFO - Started process (PID=291) to work on /opt/airflow/dags/diabetes_training_pipeline.py
[2025-11-26T02:27:55.661+0000] {processor.py:829} INFO - Processing file /opt/airflow/dags/diabetes_training_pipeline.py for tasks to queue
[2025-11-26T02:27:55.664+0000] {logging_mixin.py:154} INFO - [2025-11-26T02:27:55.663+0000] {dagbag.py:536} INFO - Filling up the DagBag from /opt/airflow/dags/diabetes_training_pipeline.py
[2025-11-26T02:27:57.458+0000] {processor.py:839} INFO - DAG(s) dict_keys(['diabetes_training_pipeline']) retrieved from /opt/airflow/dags/diabetes_training_pipeline.py
[2025-11-26T02:27:57.501+0000] {logging_mixin.py:154} INFO - [2025-11-26T02:27:57.500+0000] {dag.py:2941} INFO - Sync 1 DAGs
[2025-11-26T02:27:57.526+0000] {logging_mixin.py:154} INFO - [2025-11-26T02:27:57.525+0000] {dag.py:3722} INFO - Setting next_dagrun for diabetes_training_pipeline to None, run_after=None
[2025-11-26T02:27:57.556+0000] {processor.py:179} INFO - Processing /opt/airflow/dags/diabetes_training_pipeline.py took 1.912 seconds
[2025-11-26T02:28:28.021+0000] {processor.py:157} INFO - Started process (PID=305) to work on /opt/airflow/dags/diabetes_training_pipeline.py
[2025-11-26T02:28:28.024+0000] {processor.py:829} INFO - Processing file /opt/airflow/dags/diabetes_training_pipeline.py for tasks to queue
[2025-11-26T02:28:28.026+0000] {logging_mixin.py:154} INFO - [2025-11-26T02:28:28.025+0000] {dagbag.py:536} INFO - Filling up the DagBag from /opt/airflow/dags/diabetes_training_pipeline.py
[2025-11-26T02:28:29.960+0000] {processor.py:839} INFO - DAG(s) dict_keys(['diabetes_training_pipeline']) retrieved from /opt/airflow/dags/diabetes_training_pipeline.py
[2025-11-26T02:28:29.996+0000] {logging_mixin.py:154} INFO - [2025-11-26T02:28:29.995+0000] {dag.py:2941} INFO - Sync 1 DAGs
[2025-11-26T02:28:30.015+0000] {logging_mixin.py:154} INFO - [2025-11-26T02:28:30.014+0000] {dag.py:3722} INFO - Setting next_dagrun for diabetes_training_pipeline to None, run_after=None
[2025-11-26T02:28:30.047+0000] {processor.py:179} INFO - Processing /opt/airflow/dags/diabetes_training_pipeline.py took 2.031 seconds
[2025-11-26T02:29:00.313+0000] {processor.py:157} INFO - Started process (PID=319) to work on /opt/airflow/dags/diabetes_training_pipeline.py
[2025-11-26T02:29:00.316+0000] {processor.py:829} INFO - Processing file /opt/airflow/dags/diabetes_training_pipeline.py for tasks to queue
[2025-11-26T02:29:00.317+0000] {logging_mixin.py:154} INFO - [2025-11-26T02:29:00.317+0000] {dagbag.py:536} INFO - Filling up the DagBag from /opt/airflow/dags/diabetes_training_pipeline.py
[2025-11-26T02:29:02.028+0000] {processor.py:839} INFO - DAG(s) dict_keys(['diabetes_training_pipeline']) retrieved from /opt/airflow/dags/diabetes_training_pipeline.py
[2025-11-26T02:29:02.062+0000] {logging_mixin.py:154} INFO - [2025-11-26T02:29:02.061+0000] {dag.py:2941} INFO - Sync 1 DAGs
[2025-11-26T02:29:02.076+0000] {logging_mixin.py:154} INFO - [2025-11-26T02:29:02.075+0000] {dag.py:3722} INFO - Setting next_dagrun for diabetes_training_pipeline to None, run_after=None
[2025-11-26T02:29:02.098+0000] {processor.py:179} INFO - Processing /opt/airflow/dags/diabetes_training_pipeline.py took 1.790 seconds
[2025-11-26T02:29:32.733+0000] {processor.py:157} INFO - Started process (PID=333) to work on /opt/airflow/dags/diabetes_training_pipeline.py
[2025-11-26T02:29:32.735+0000] {processor.py:829} INFO - Processing file /opt/airflow/dags/diabetes_training_pipeline.py for tasks to queue
[2025-11-26T02:29:32.737+0000] {logging_mixin.py:154} INFO - [2025-11-26T02:29:32.736+0000] {dagbag.py:536} INFO - Filling up the DagBag from /opt/airflow/dags/diabetes_training_pipeline.py
[2025-11-26T02:29:34.384+0000] {processor.py:839} INFO - DAG(s) dict_keys(['diabetes_training_pipeline']) retrieved from /opt/airflow/dags/diabetes_training_pipeline.py
[2025-11-26T02:29:34.421+0000] {logging_mixin.py:154} INFO - [2025-11-26T02:29:34.420+0000] {dag.py:2941} INFO - Sync 1 DAGs
[2025-11-26T02:29:34.441+0000] {logging_mixin.py:154} INFO - [2025-11-26T02:29:34.441+0000] {dag.py:3722} INFO - Setting next_dagrun for diabetes_training_pipeline to None, run_after=None
[2025-11-26T02:29:34.478+0000] {processor.py:179} INFO - Processing /opt/airflow/dags/diabetes_training_pipeline.py took 1.752 seconds
[2025-11-26T02:30:05.118+0000] {processor.py:157} INFO - Started process (PID=347) to work on /opt/airflow/dags/diabetes_training_pipeline.py
[2025-11-26T02:30:05.120+0000] {processor.py:829} INFO - Processing file /opt/airflow/dags/diabetes_training_pipeline.py for tasks to queue
[2025-11-26T02:30:05.121+0000] {logging_mixin.py:154} INFO - [2025-11-26T02:30:05.121+0000] {dagbag.py:536} INFO - Filling up the DagBag from /opt/airflow/dags/diabetes_training_pipeline.py
[2025-11-26T02:30:06.847+0000] {processor.py:839} INFO - DAG(s) dict_keys(['diabetes_training_pipeline']) retrieved from /opt/airflow/dags/diabetes_training_pipeline.py
[2025-11-26T02:30:06.888+0000] {logging_mixin.py:154} INFO - [2025-11-26T02:30:06.887+0000] {dag.py:2941} INFO - Sync 1 DAGs
[2025-11-26T02:30:06.902+0000] {logging_mixin.py:154} INFO - [2025-11-26T02:30:06.901+0000] {dag.py:3722} INFO - Setting next_dagrun for diabetes_training_pipeline to None, run_after=None
[2025-11-26T02:30:06.925+0000] {processor.py:179} INFO - Processing /opt/airflow/dags/diabetes_training_pipeline.py took 1.813 seconds
[2025-11-26T02:30:37.523+0000] {processor.py:157} INFO - Started process (PID=361) to work on /opt/airflow/dags/diabetes_training_pipeline.py
[2025-11-26T02:30:37.526+0000] {processor.py:829} INFO - Processing file /opt/airflow/dags/diabetes_training_pipeline.py for tasks to queue
[2025-11-26T02:30:37.527+0000] {logging_mixin.py:154} INFO - [2025-11-26T02:30:37.527+0000] {dagbag.py:536} INFO - Filling up the DagBag from /opt/airflow/dags/diabetes_training_pipeline.py
[2025-11-26T02:30:39.248+0000] {processor.py:839} INFO - DAG(s) dict_keys(['diabetes_training_pipeline']) retrieved from /opt/airflow/dags/diabetes_training_pipeline.py
[2025-11-26T02:30:39.282+0000] {logging_mixin.py:154} INFO - [2025-11-26T02:30:39.281+0000] {dag.py:2941} INFO - Sync 1 DAGs
[2025-11-26T02:30:39.298+0000] {logging_mixin.py:154} INFO - [2025-11-26T02:30:39.297+0000] {dag.py:3722} INFO - Setting next_dagrun for diabetes_training_pipeline to None, run_after=None
[2025-11-26T02:30:39.326+0000] {processor.py:179} INFO - Processing /opt/airflow/dags/diabetes_training_pipeline.py took 1.811 seconds
[2025-11-26T02:31:09.970+0000] {processor.py:157} INFO - Started process (PID=375) to work on /opt/airflow/dags/diabetes_training_pipeline.py
[2025-11-26T02:31:09.972+0000] {processor.py:829} INFO - Processing file /opt/airflow/dags/diabetes_training_pipeline.py for tasks to queue
[2025-11-26T02:31:09.973+0000] {logging_mixin.py:154} INFO - [2025-11-26T02:31:09.973+0000] {dagbag.py:536} INFO - Filling up the DagBag from /opt/airflow/dags/diabetes_training_pipeline.py
[2025-11-26T02:31:11.730+0000] {processor.py:839} INFO - DAG(s) dict_keys(['diabetes_training_pipeline']) retrieved from /opt/airflow/dags/diabetes_training_pipeline.py
[2025-11-26T02:31:11.771+0000] {logging_mixin.py:154} INFO - [2025-11-26T02:31:11.770+0000] {dag.py:2941} INFO - Sync 1 DAGs
[2025-11-26T02:31:11.788+0000] {logging_mixin.py:154} INFO - [2025-11-26T02:31:11.787+0000] {dag.py:3722} INFO - Setting next_dagrun for diabetes_training_pipeline to None, run_after=None
[2025-11-26T02:31:11.817+0000] {processor.py:179} INFO - Processing /opt/airflow/dags/diabetes_training_pipeline.py took 1.852 seconds
[2025-11-26T02:31:42.607+0000] {processor.py:157} INFO - Started process (PID=394) to work on /opt/airflow/dags/diabetes_training_pipeline.py
[2025-11-26T02:31:42.611+0000] {processor.py:829} INFO - Processing file /opt/airflow/dags/diabetes_training_pipeline.py for tasks to queue
[2025-11-26T02:31:42.615+0000] {logging_mixin.py:154} INFO - [2025-11-26T02:31:42.614+0000] {dagbag.py:536} INFO - Filling up the DagBag from /opt/airflow/dags/diabetes_training_pipeline.py
[2025-11-26T02:31:44.341+0000] {processor.py:839} INFO - DAG(s) dict_keys(['diabetes_training_pipeline']) retrieved from /opt/airflow/dags/diabetes_training_pipeline.py
[2025-11-26T02:31:44.380+0000] {logging_mixin.py:154} INFO - [2025-11-26T02:31:44.379+0000] {dag.py:2941} INFO - Sync 1 DAGs
[2025-11-26T02:31:44.396+0000] {logging_mixin.py:154} INFO - [2025-11-26T02:31:44.395+0000] {dag.py:3722} INFO - Setting next_dagrun for diabetes_training_pipeline to None, run_after=None
[2025-11-26T02:31:44.425+0000] {processor.py:179} INFO - Processing /opt/airflow/dags/diabetes_training_pipeline.py took 1.823 seconds
[2025-11-26T02:32:15.035+0000] {processor.py:157} INFO - Started process (PID=408) to work on /opt/airflow/dags/diabetes_training_pipeline.py
[2025-11-26T02:32:15.038+0000] {processor.py:829} INFO - Processing file /opt/airflow/dags/diabetes_training_pipeline.py for tasks to queue
[2025-11-26T02:32:15.040+0000] {logging_mixin.py:154} INFO - [2025-11-26T02:32:15.039+0000] {dagbag.py:536} INFO - Filling up the DagBag from /opt/airflow/dags/diabetes_training_pipeline.py
[2025-11-26T02:32:16.934+0000] {processor.py:839} INFO - DAG(s) dict_keys(['diabetes_training_pipeline']) retrieved from /opt/airflow/dags/diabetes_training_pipeline.py
[2025-11-26T02:32:16.975+0000] {logging_mixin.py:154} INFO - [2025-11-26T02:32:16.975+0000] {dag.py:2941} INFO - Sync 1 DAGs
[2025-11-26T02:32:16.992+0000] {logging_mixin.py:154} INFO - [2025-11-26T02:32:16.991+0000] {dag.py:3722} INFO - Setting next_dagrun for diabetes_training_pipeline to None, run_after=None
[2025-11-26T02:32:17.018+0000] {processor.py:179} INFO - Processing /opt/airflow/dags/diabetes_training_pipeline.py took 1.996 seconds
[2025-11-26T02:32:47.495+0000] {processor.py:157} INFO - Started process (PID=422) to work on /opt/airflow/dags/diabetes_training_pipeline.py
[2025-11-26T02:32:47.497+0000] {processor.py:829} INFO - Processing file /opt/airflow/dags/diabetes_training_pipeline.py for tasks to queue
[2025-11-26T02:32:47.498+0000] {logging_mixin.py:154} INFO - [2025-11-26T02:32:47.497+0000] {dagbag.py:536} INFO - Filling up the DagBag from /opt/airflow/dags/diabetes_training_pipeline.py
[2025-11-26T02:32:49.219+0000] {processor.py:839} INFO - DAG(s) dict_keys(['diabetes_training_pipeline']) retrieved from /opt/airflow/dags/diabetes_training_pipeline.py
[2025-11-26T02:32:49.277+0000] {logging_mixin.py:154} INFO - [2025-11-26T02:32:49.276+0000] {dag.py:2941} INFO - Sync 1 DAGs
[2025-11-26T02:32:49.305+0000] {logging_mixin.py:154} INFO - [2025-11-26T02:32:49.304+0000] {dag.py:3722} INFO - Setting next_dagrun for diabetes_training_pipeline to None, run_after=None
[2025-11-26T02:32:49.347+0000] {processor.py:179} INFO - Processing /opt/airflow/dags/diabetes_training_pipeline.py took 1.858 seconds
[2025-11-26T02:33:19.913+0000] {processor.py:157} INFO - Started process (PID=436) to work on /opt/airflow/dags/diabetes_training_pipeline.py
[2025-11-26T02:33:19.915+0000] {processor.py:829} INFO - Processing file /opt/airflow/dags/diabetes_training_pipeline.py for tasks to queue
[2025-11-26T02:33:19.916+0000] {logging_mixin.py:154} INFO - [2025-11-26T02:33:19.915+0000] {dagbag.py:536} INFO - Filling up the DagBag from /opt/airflow/dags/diabetes_training_pipeline.py
[2025-11-26T02:33:21.844+0000] {processor.py:839} INFO - DAG(s) dict_keys(['diabetes_training_pipeline']) retrieved from /opt/airflow/dags/diabetes_training_pipeline.py
[2025-11-26T02:33:21.888+0000] {logging_mixin.py:154} INFO - [2025-11-26T02:33:21.887+0000] {dag.py:2941} INFO - Sync 1 DAGs
[2025-11-26T02:33:21.903+0000] {logging_mixin.py:154} INFO - [2025-11-26T02:33:21.903+0000] {dag.py:3722} INFO - Setting next_dagrun for diabetes_training_pipeline to None, run_after=None
[2025-11-26T02:33:21.931+0000] {processor.py:179} INFO - Processing /opt/airflow/dags/diabetes_training_pipeline.py took 2.024 seconds
[2025-11-26T02:33:52.205+0000] {processor.py:157} INFO - Started process (PID=450) to work on /opt/airflow/dags/diabetes_training_pipeline.py
[2025-11-26T02:33:52.208+0000] {processor.py:829} INFO - Processing file /opt/airflow/dags/diabetes_training_pipeline.py for tasks to queue
[2025-11-26T02:33:52.210+0000] {logging_mixin.py:154} INFO - [2025-11-26T02:33:52.209+0000] {dagbag.py:536} INFO - Filling up the DagBag from /opt/airflow/dags/diabetes_training_pipeline.py
[2025-11-26T02:33:53.864+0000] {processor.py:839} INFO - DAG(s) dict_keys(['diabetes_training_pipeline']) retrieved from /opt/airflow/dags/diabetes_training_pipeline.py
[2025-11-26T02:33:53.899+0000] {logging_mixin.py:154} INFO - [2025-11-26T02:33:53.898+0000] {dag.py:2941} INFO - Sync 1 DAGs
[2025-11-26T02:33:53.912+0000] {logging_mixin.py:154} INFO - [2025-11-26T02:33:53.912+0000] {dag.py:3722} INFO - Setting next_dagrun for diabetes_training_pipeline to None, run_after=None
[2025-11-26T02:33:53.939+0000] {processor.py:179} INFO - Processing /opt/airflow/dags/diabetes_training_pipeline.py took 1.739 seconds
[2025-11-26T02:34:24.603+0000] {processor.py:157} INFO - Started process (PID=464) to work on /opt/airflow/dags/diabetes_training_pipeline.py
[2025-11-26T02:34:24.605+0000] {processor.py:829} INFO - Processing file /opt/airflow/dags/diabetes_training_pipeline.py for tasks to queue
[2025-11-26T02:34:24.606+0000] {logging_mixin.py:154} INFO - [2025-11-26T02:34:24.606+0000] {dagbag.py:536} INFO - Filling up the DagBag from /opt/airflow/dags/diabetes_training_pipeline.py
