[2025-11-26T02:21:21.258+0000] {processor.py:157} INFO - Started process (PID=158) to work on /opt/airflow/dags/house_prices_ingest.py
[2025-11-26T02:21:21.264+0000] {processor.py:829} INFO - Processing file /opt/airflow/dags/house_prices_ingest.py for tasks to queue
[2025-11-26T02:21:21.267+0000] {logging_mixin.py:154} INFO - [2025-11-26T02:21:21.266+0000] {dagbag.py:536} INFO - Filling up the DagBag from /opt/airflow/dags/house_prices_ingest.py
[2025-11-26T02:21:21.407+0000] {processor.py:839} INFO - DAG(s) dict_keys(['house_prices_ingest_raw']) retrieved from /opt/airflow/dags/house_prices_ingest.py
[2025-11-26T02:21:21.996+0000] {logging_mixin.py:154} INFO - [2025-11-26T02:21:21.995+0000] {manager.py:499} INFO - Created Permission View: %s
[2025-11-26T02:21:22.015+0000] {logging_mixin.py:154} INFO - [2025-11-26T02:21:22.015+0000] {manager.py:499} INFO - Created Permission View: %s
[2025-11-26T02:21:22.034+0000] {logging_mixin.py:154} INFO - [2025-11-26T02:21:22.033+0000] {manager.py:499} INFO - Created Permission View: %s
[2025-11-26T02:21:22.034+0000] {logging_mixin.py:154} INFO - [2025-11-26T02:21:22.034+0000] {dag.py:2941} INFO - Sync 1 DAGs
[2025-11-26T02:21:22.066+0000] {logging_mixin.py:154} INFO - [2025-11-26T02:21:22.066+0000] {dag.py:2963} INFO - Creating ORM DAG for house_prices_ingest_raw
[2025-11-26T02:21:22.082+0000] {logging_mixin.py:154} INFO - [2025-11-26T02:21:22.082+0000] {dag.py:3722} INFO - Setting next_dagrun for house_prices_ingest_raw to 2025-11-25T00:00:00+00:00, run_after=2025-11-26T00:00:00+00:00
[2025-11-26T02:21:22.114+0000] {processor.py:179} INFO - Processing /opt/airflow/dags/house_prices_ingest.py took 0.863 seconds
[2025-11-26T02:21:52.662+0000] {processor.py:157} INFO - Started process (PID=173) to work on /opt/airflow/dags/house_prices_ingest.py
[2025-11-26T02:21:52.664+0000] {processor.py:829} INFO - Processing file /opt/airflow/dags/house_prices_ingest.py for tasks to queue
[2025-11-26T02:21:52.665+0000] {logging_mixin.py:154} INFO - [2025-11-26T02:21:52.665+0000] {dagbag.py:536} INFO - Filling up the DagBag from /opt/airflow/dags/house_prices_ingest.py
[2025-11-26T02:21:52.732+0000] {processor.py:839} INFO - DAG(s) dict_keys(['house_prices_ingest_raw']) retrieved from /opt/airflow/dags/house_prices_ingest.py
[2025-11-26T02:21:52.799+0000] {logging_mixin.py:154} INFO - [2025-11-26T02:21:52.798+0000] {dag.py:2941} INFO - Sync 1 DAGs
[2025-11-26T02:21:52.842+0000] {logging_mixin.py:154} INFO - [2025-11-26T02:21:52.841+0000] {dag.py:3722} INFO - Setting next_dagrun for house_prices_ingest_raw to 2025-11-25T00:00:00+00:00, run_after=2025-11-26T00:00:00+00:00
[2025-11-26T02:21:52.870+0000] {processor.py:179} INFO - Processing /opt/airflow/dags/house_prices_ingest.py took 0.213 seconds
[2025-11-26T02:22:23.140+0000] {processor.py:157} INFO - Started process (PID=187) to work on /opt/airflow/dags/house_prices_ingest.py
[2025-11-26T02:22:23.142+0000] {processor.py:829} INFO - Processing file /opt/airflow/dags/house_prices_ingest.py for tasks to queue
[2025-11-26T02:22:23.143+0000] {logging_mixin.py:154} INFO - [2025-11-26T02:22:23.143+0000] {dagbag.py:536} INFO - Filling up the DagBag from /opt/airflow/dags/house_prices_ingest.py
[2025-11-26T02:22:23.173+0000] {processor.py:839} INFO - DAG(s) dict_keys(['house_prices_ingest_raw']) retrieved from /opt/airflow/dags/house_prices_ingest.py
[2025-11-26T02:22:23.210+0000] {logging_mixin.py:154} INFO - [2025-11-26T02:22:23.210+0000] {dag.py:2941} INFO - Sync 1 DAGs
[2025-11-26T02:22:23.250+0000] {logging_mixin.py:154} INFO - [2025-11-26T02:22:23.249+0000] {dag.py:3722} INFO - Setting next_dagrun for house_prices_ingest_raw to 2025-11-25T00:00:00+00:00, run_after=2025-11-26T00:00:00+00:00
[2025-11-26T02:22:23.278+0000] {processor.py:179} INFO - Processing /opt/airflow/dags/house_prices_ingest.py took 0.146 seconds
[2025-11-26T02:23:04.286+0000] {processor.py:157} INFO - Started process (PID=160) to work on /opt/airflow/dags/house_prices_ingest.py
[2025-11-26T02:23:04.290+0000] {processor.py:829} INFO - Processing file /opt/airflow/dags/house_prices_ingest.py for tasks to queue
[2025-11-26T02:23:04.294+0000] {logging_mixin.py:154} INFO - [2025-11-26T02:23:04.291+0000] {dagbag.py:536} INFO - Filling up the DagBag from /opt/airflow/dags/house_prices_ingest.py
[2025-11-26T02:23:04.431+0000] {processor.py:839} INFO - DAG(s) dict_keys(['house_prices_ingest_raw']) retrieved from /opt/airflow/dags/house_prices_ingest.py
[2025-11-26T02:23:04.492+0000] {logging_mixin.py:154} INFO - [2025-11-26T02:23:04.492+0000] {dag.py:2941} INFO - Sync 1 DAGs
[2025-11-26T02:23:04.547+0000] {logging_mixin.py:154} INFO - [2025-11-26T02:23:04.547+0000] {dag.py:3722} INFO - Setting next_dagrun for house_prices_ingest_raw to 2025-11-25T00:00:00+00:00, run_after=2025-11-26T00:00:00+00:00
[2025-11-26T02:23:04.599+0000] {processor.py:179} INFO - Processing /opt/airflow/dags/house_prices_ingest.py took 0.319 seconds
[2025-11-26T02:23:34.847+0000] {processor.py:157} INFO - Started process (PID=174) to work on /opt/airflow/dags/house_prices_ingest.py
[2025-11-26T02:23:34.850+0000] {processor.py:829} INFO - Processing file /opt/airflow/dags/house_prices_ingest.py for tasks to queue
[2025-11-26T02:23:34.852+0000] {logging_mixin.py:154} INFO - [2025-11-26T02:23:34.851+0000] {dagbag.py:536} INFO - Filling up the DagBag from /opt/airflow/dags/house_prices_ingest.py
[2025-11-26T02:23:34.880+0000] {processor.py:839} INFO - DAG(s) dict_keys(['house_prices_ingest_raw']) retrieved from /opt/airflow/dags/house_prices_ingest.py
[2025-11-26T02:23:34.938+0000] {logging_mixin.py:154} INFO - [2025-11-26T02:23:34.938+0000] {dag.py:2941} INFO - Sync 1 DAGs
[2025-11-26T02:23:34.967+0000] {logging_mixin.py:154} INFO - [2025-11-26T02:23:34.967+0000] {dag.py:3722} INFO - Setting next_dagrun for house_prices_ingest_raw to 2025-11-25T00:00:00+00:00, run_after=2025-11-26T00:00:00+00:00
[2025-11-26T02:23:34.991+0000] {processor.py:179} INFO - Processing /opt/airflow/dags/house_prices_ingest.py took 0.148 seconds
[2025-11-26T02:24:05.083+0000] {processor.py:157} INFO - Started process (PID=188) to work on /opt/airflow/dags/house_prices_ingest.py
[2025-11-26T02:24:05.085+0000] {processor.py:829} INFO - Processing file /opt/airflow/dags/house_prices_ingest.py for tasks to queue
[2025-11-26T02:24:05.086+0000] {logging_mixin.py:154} INFO - [2025-11-26T02:24:05.085+0000] {dagbag.py:536} INFO - Filling up the DagBag from /opt/airflow/dags/house_prices_ingest.py
[2025-11-26T02:24:05.117+0000] {processor.py:839} INFO - DAG(s) dict_keys(['house_prices_ingest_raw']) retrieved from /opt/airflow/dags/house_prices_ingest.py
[2025-11-26T02:24:05.160+0000] {logging_mixin.py:154} INFO - [2025-11-26T02:24:05.159+0000] {dag.py:2941} INFO - Sync 1 DAGs
[2025-11-26T02:24:05.194+0000] {logging_mixin.py:154} INFO - [2025-11-26T02:24:05.194+0000] {dag.py:3722} INFO - Setting next_dagrun for house_prices_ingest_raw to 2025-11-25T00:00:00+00:00, run_after=2025-11-26T00:00:00+00:00
[2025-11-26T02:24:05.225+0000] {processor.py:179} INFO - Processing /opt/airflow/dags/house_prices_ingest.py took 0.148 seconds
[2025-11-26T02:24:35.321+0000] {processor.py:157} INFO - Started process (PID=202) to work on /opt/airflow/dags/house_prices_ingest.py
[2025-11-26T02:24:35.323+0000] {processor.py:829} INFO - Processing file /opt/airflow/dags/house_prices_ingest.py for tasks to queue
[2025-11-26T02:24:35.324+0000] {logging_mixin.py:154} INFO - [2025-11-26T02:24:35.324+0000] {dagbag.py:536} INFO - Filling up the DagBag from /opt/airflow/dags/house_prices_ingest.py
[2025-11-26T02:24:35.356+0000] {processor.py:839} INFO - DAG(s) dict_keys(['house_prices_ingest_raw']) retrieved from /opt/airflow/dags/house_prices_ingest.py
[2025-11-26T02:24:35.412+0000] {logging_mixin.py:154} INFO - [2025-11-26T02:24:35.407+0000] {dag.py:2941} INFO - Sync 1 DAGs
[2025-11-26T02:24:35.449+0000] {logging_mixin.py:154} INFO - [2025-11-26T02:24:35.449+0000] {dag.py:3722} INFO - Setting next_dagrun for house_prices_ingest_raw to 2025-11-25T00:00:00+00:00, run_after=2025-11-26T00:00:00+00:00
[2025-11-26T02:24:35.485+0000] {processor.py:179} INFO - Processing /opt/airflow/dags/house_prices_ingest.py took 0.168 seconds
[2025-11-26T02:25:05.747+0000] {processor.py:157} INFO - Started process (PID=216) to work on /opt/airflow/dags/house_prices_ingest.py
[2025-11-26T02:25:05.750+0000] {processor.py:829} INFO - Processing file /opt/airflow/dags/house_prices_ingest.py for tasks to queue
[2025-11-26T02:25:05.753+0000] {logging_mixin.py:154} INFO - [2025-11-26T02:25:05.752+0000] {dagbag.py:536} INFO - Filling up the DagBag from /opt/airflow/dags/house_prices_ingest.py
[2025-11-26T02:25:05.791+0000] {processor.py:839} INFO - DAG(s) dict_keys(['house_prices_ingest_raw']) retrieved from /opt/airflow/dags/house_prices_ingest.py
[2025-11-26T02:25:05.847+0000] {logging_mixin.py:154} INFO - [2025-11-26T02:25:05.847+0000] {dag.py:2941} INFO - Sync 1 DAGs
[2025-11-26T02:25:05.892+0000] {logging_mixin.py:154} INFO - [2025-11-26T02:25:05.892+0000] {dag.py:3722} INFO - Setting next_dagrun for house_prices_ingest_raw to 2025-11-25T00:00:00+00:00, run_after=2025-11-26T00:00:00+00:00
[2025-11-26T02:25:05.921+0000] {processor.py:179} INFO - Processing /opt/airflow/dags/house_prices_ingest.py took 0.179 seconds
[2025-11-26T02:25:36.096+0000] {processor.py:157} INFO - Started process (PID=230) to work on /opt/airflow/dags/house_prices_ingest.py
[2025-11-26T02:25:36.098+0000] {processor.py:829} INFO - Processing file /opt/airflow/dags/house_prices_ingest.py for tasks to queue
[2025-11-26T02:25:36.099+0000] {logging_mixin.py:154} INFO - [2025-11-26T02:25:36.099+0000] {dagbag.py:536} INFO - Filling up the DagBag from /opt/airflow/dags/house_prices_ingest.py
[2025-11-26T02:25:36.129+0000] {processor.py:839} INFO - DAG(s) dict_keys(['house_prices_ingest_raw']) retrieved from /opt/airflow/dags/house_prices_ingest.py
[2025-11-26T02:25:36.181+0000] {logging_mixin.py:154} INFO - [2025-11-26T02:25:36.180+0000] {dag.py:2941} INFO - Sync 1 DAGs
[2025-11-26T02:25:36.214+0000] {logging_mixin.py:154} INFO - [2025-11-26T02:25:36.214+0000] {dag.py:3722} INFO - Setting next_dagrun for house_prices_ingest_raw to 2025-11-25T00:00:00+00:00, run_after=2025-11-26T00:00:00+00:00
[2025-11-26T02:25:36.243+0000] {processor.py:179} INFO - Processing /opt/airflow/dags/house_prices_ingest.py took 0.152 seconds
[2025-11-26T02:26:06.410+0000] {processor.py:157} INFO - Started process (PID=244) to work on /opt/airflow/dags/house_prices_ingest.py
[2025-11-26T02:26:06.414+0000] {processor.py:829} INFO - Processing file /opt/airflow/dags/house_prices_ingest.py for tasks to queue
[2025-11-26T02:26:06.416+0000] {logging_mixin.py:154} INFO - [2025-11-26T02:26:06.416+0000] {dagbag.py:536} INFO - Filling up the DagBag from /opt/airflow/dags/house_prices_ingest.py
[2025-11-26T02:26:06.473+0000] {processor.py:839} INFO - DAG(s) dict_keys(['house_prices_ingest_raw']) retrieved from /opt/airflow/dags/house_prices_ingest.py
[2025-11-26T02:26:06.531+0000] {logging_mixin.py:154} INFO - [2025-11-26T02:26:06.530+0000] {dag.py:2941} INFO - Sync 1 DAGs
[2025-11-26T02:26:06.582+0000] {logging_mixin.py:154} INFO - [2025-11-26T02:26:06.582+0000] {dag.py:3722} INFO - Setting next_dagrun for house_prices_ingest_raw to 2025-11-25T00:00:00+00:00, run_after=2025-11-26T00:00:00+00:00
[2025-11-26T02:26:06.612+0000] {processor.py:179} INFO - Processing /opt/airflow/dags/house_prices_ingest.py took 0.209 seconds
[2025-11-26T02:26:36.880+0000] {processor.py:157} INFO - Started process (PID=258) to work on /opt/airflow/dags/house_prices_ingest.py
[2025-11-26T02:26:36.882+0000] {processor.py:829} INFO - Processing file /opt/airflow/dags/house_prices_ingest.py for tasks to queue
[2025-11-26T02:26:36.884+0000] {logging_mixin.py:154} INFO - [2025-11-26T02:26:36.883+0000] {dagbag.py:536} INFO - Filling up the DagBag from /opt/airflow/dags/house_prices_ingest.py
[2025-11-26T02:26:36.936+0000] {processor.py:839} INFO - DAG(s) dict_keys(['house_prices_ingest_raw']) retrieved from /opt/airflow/dags/house_prices_ingest.py
[2025-11-26T02:26:37.014+0000] {logging_mixin.py:154} INFO - [2025-11-26T02:26:37.014+0000] {dag.py:2941} INFO - Sync 1 DAGs
[2025-11-26T02:26:37.060+0000] {logging_mixin.py:154} INFO - [2025-11-26T02:26:37.060+0000] {dag.py:3722} INFO - Setting next_dagrun for house_prices_ingest_raw to 2025-11-25T00:00:00+00:00, run_after=2025-11-26T00:00:00+00:00
[2025-11-26T02:26:37.102+0000] {processor.py:179} INFO - Processing /opt/airflow/dags/house_prices_ingest.py took 0.228 seconds
[2025-11-26T02:27:08.121+0000] {processor.py:157} INFO - Started process (PID=272) to work on /opt/airflow/dags/house_prices_ingest.py
[2025-11-26T02:27:08.124+0000] {processor.py:829} INFO - Processing file /opt/airflow/dags/house_prices_ingest.py for tasks to queue
[2025-11-26T02:27:08.126+0000] {logging_mixin.py:154} INFO - [2025-11-26T02:27:08.125+0000] {dagbag.py:536} INFO - Filling up the DagBag from /opt/airflow/dags/house_prices_ingest.py
[2025-11-26T02:27:08.158+0000] {processor.py:839} INFO - DAG(s) dict_keys(['house_prices_ingest_raw']) retrieved from /opt/airflow/dags/house_prices_ingest.py
[2025-11-26T02:27:08.194+0000] {logging_mixin.py:154} INFO - [2025-11-26T02:27:08.194+0000] {dag.py:2941} INFO - Sync 1 DAGs
[2025-11-26T02:27:08.227+0000] {logging_mixin.py:154} INFO - [2025-11-26T02:27:08.227+0000] {dag.py:3722} INFO - Setting next_dagrun for house_prices_ingest_raw to 2025-11-25T00:00:00+00:00, run_after=2025-11-26T00:00:00+00:00
[2025-11-26T02:27:08.258+0000] {processor.py:179} INFO - Processing /opt/airflow/dags/house_prices_ingest.py took 0.142 seconds
[2025-11-26T02:27:38.507+0000] {processor.py:157} INFO - Started process (PID=286) to work on /opt/airflow/dags/house_prices_ingest.py
[2025-11-26T02:27:38.511+0000] {processor.py:829} INFO - Processing file /opt/airflow/dags/house_prices_ingest.py for tasks to queue
[2025-11-26T02:27:38.513+0000] {logging_mixin.py:154} INFO - [2025-11-26T02:27:38.512+0000] {dagbag.py:536} INFO - Filling up the DagBag from /opt/airflow/dags/house_prices_ingest.py
[2025-11-26T02:27:38.545+0000] {processor.py:839} INFO - DAG(s) dict_keys(['house_prices_ingest_raw']) retrieved from /opt/airflow/dags/house_prices_ingest.py
[2025-11-26T02:27:38.584+0000] {logging_mixin.py:154} INFO - [2025-11-26T02:27:38.583+0000] {dag.py:2941} INFO - Sync 1 DAGs
[2025-11-26T02:27:38.620+0000] {logging_mixin.py:154} INFO - [2025-11-26T02:27:38.620+0000] {dag.py:3722} INFO - Setting next_dagrun for house_prices_ingest_raw to 2025-11-25T00:00:00+00:00, run_after=2025-11-26T00:00:00+00:00
[2025-11-26T02:27:38.649+0000] {processor.py:179} INFO - Processing /opt/airflow/dags/house_prices_ingest.py took 0.148 seconds
[2025-11-26T02:28:08.748+0000] {processor.py:157} INFO - Started process (PID=300) to work on /opt/airflow/dags/house_prices_ingest.py
[2025-11-26T02:28:08.752+0000] {processor.py:829} INFO - Processing file /opt/airflow/dags/house_prices_ingest.py for tasks to queue
[2025-11-26T02:28:08.753+0000] {logging_mixin.py:154} INFO - [2025-11-26T02:28:08.753+0000] {dagbag.py:536} INFO - Filling up the DagBag from /opt/airflow/dags/house_prices_ingest.py
[2025-11-26T02:28:08.788+0000] {processor.py:839} INFO - DAG(s) dict_keys(['house_prices_ingest_raw']) retrieved from /opt/airflow/dags/house_prices_ingest.py
[2025-11-26T02:28:08.829+0000] {logging_mixin.py:154} INFO - [2025-11-26T02:28:08.828+0000] {dag.py:2941} INFO - Sync 1 DAGs
[2025-11-26T02:28:08.868+0000] {logging_mixin.py:154} INFO - [2025-11-26T02:28:08.867+0000] {dag.py:3722} INFO - Setting next_dagrun for house_prices_ingest_raw to 2025-11-25T00:00:00+00:00, run_after=2025-11-26T00:00:00+00:00
[2025-11-26T02:28:08.894+0000] {processor.py:179} INFO - Processing /opt/airflow/dags/house_prices_ingest.py took 0.151 seconds
[2025-11-26T02:28:39.154+0000] {processor.py:157} INFO - Started process (PID=314) to work on /opt/airflow/dags/house_prices_ingest.py
[2025-11-26T02:28:39.156+0000] {processor.py:829} INFO - Processing file /opt/airflow/dags/house_prices_ingest.py for tasks to queue
[2025-11-26T02:28:39.158+0000] {logging_mixin.py:154} INFO - [2025-11-26T02:28:39.157+0000] {dagbag.py:536} INFO - Filling up the DagBag from /opt/airflow/dags/house_prices_ingest.py
[2025-11-26T02:28:39.186+0000] {processor.py:839} INFO - DAG(s) dict_keys(['house_prices_ingest_raw']) retrieved from /opt/airflow/dags/house_prices_ingest.py
[2025-11-26T02:28:39.224+0000] {logging_mixin.py:154} INFO - [2025-11-26T02:28:39.223+0000] {dag.py:2941} INFO - Sync 1 DAGs
[2025-11-26T02:28:39.268+0000] {logging_mixin.py:154} INFO - [2025-11-26T02:28:39.268+0000] {dag.py:3722} INFO - Setting next_dagrun for house_prices_ingest_raw to 2025-11-25T00:00:00+00:00, run_after=2025-11-26T00:00:00+00:00
[2025-11-26T02:28:39.306+0000] {processor.py:179} INFO - Processing /opt/airflow/dags/house_prices_ingest.py took 0.158 seconds
[2025-11-26T02:29:09.544+0000] {processor.py:157} INFO - Started process (PID=328) to work on /opt/airflow/dags/house_prices_ingest.py
[2025-11-26T02:29:09.545+0000] {processor.py:829} INFO - Processing file /opt/airflow/dags/house_prices_ingest.py for tasks to queue
[2025-11-26T02:29:09.547+0000] {logging_mixin.py:154} INFO - [2025-11-26T02:29:09.546+0000] {dagbag.py:536} INFO - Filling up the DagBag from /opt/airflow/dags/house_prices_ingest.py
[2025-11-26T02:29:09.575+0000] {processor.py:839} INFO - DAG(s) dict_keys(['house_prices_ingest_raw']) retrieved from /opt/airflow/dags/house_prices_ingest.py
[2025-11-26T02:29:09.622+0000] {logging_mixin.py:154} INFO - [2025-11-26T02:29:09.622+0000] {dag.py:2941} INFO - Sync 1 DAGs
[2025-11-26T02:29:09.663+0000] {logging_mixin.py:154} INFO - [2025-11-26T02:29:09.663+0000] {dag.py:3722} INFO - Setting next_dagrun for house_prices_ingest_raw to 2025-11-25T00:00:00+00:00, run_after=2025-11-26T00:00:00+00:00
[2025-11-26T02:29:09.697+0000] {processor.py:179} INFO - Processing /opt/airflow/dags/house_prices_ingest.py took 0.158 seconds
[2025-11-26T02:29:39.950+0000] {processor.py:157} INFO - Started process (PID=342) to work on /opt/airflow/dags/house_prices_ingest.py
[2025-11-26T02:29:39.952+0000] {processor.py:829} INFO - Processing file /opt/airflow/dags/house_prices_ingest.py for tasks to queue
[2025-11-26T02:29:39.953+0000] {logging_mixin.py:154} INFO - [2025-11-26T02:29:39.953+0000] {dagbag.py:536} INFO - Filling up the DagBag from /opt/airflow/dags/house_prices_ingest.py
[2025-11-26T02:29:39.984+0000] {processor.py:839} INFO - DAG(s) dict_keys(['house_prices_ingest_raw']) retrieved from /opt/airflow/dags/house_prices_ingest.py
[2025-11-26T02:29:40.026+0000] {logging_mixin.py:154} INFO - [2025-11-26T02:29:40.026+0000] {dag.py:2941} INFO - Sync 1 DAGs
[2025-11-26T02:29:40.068+0000] {logging_mixin.py:154} INFO - [2025-11-26T02:29:40.067+0000] {dag.py:3722} INFO - Setting next_dagrun for house_prices_ingest_raw to 2025-11-25T00:00:00+00:00, run_after=2025-11-26T00:00:00+00:00
[2025-11-26T02:29:40.100+0000] {processor.py:179} INFO - Processing /opt/airflow/dags/house_prices_ingest.py took 0.155 seconds
[2025-11-26T02:30:10.346+0000] {processor.py:157} INFO - Started process (PID=356) to work on /opt/airflow/dags/house_prices_ingest.py
[2025-11-26T02:30:10.349+0000] {processor.py:829} INFO - Processing file /opt/airflow/dags/house_prices_ingest.py for tasks to queue
[2025-11-26T02:30:10.351+0000] {logging_mixin.py:154} INFO - [2025-11-26T02:30:10.350+0000] {dagbag.py:536} INFO - Filling up the DagBag from /opt/airflow/dags/house_prices_ingest.py
[2025-11-26T02:30:10.381+0000] {processor.py:839} INFO - DAG(s) dict_keys(['house_prices_ingest_raw']) retrieved from /opt/airflow/dags/house_prices_ingest.py
[2025-11-26T02:30:10.442+0000] {logging_mixin.py:154} INFO - [2025-11-26T02:30:10.442+0000] {dag.py:2941} INFO - Sync 1 DAGs
[2025-11-26T02:30:10.479+0000] {logging_mixin.py:154} INFO - [2025-11-26T02:30:10.478+0000] {dag.py:3722} INFO - Setting next_dagrun for house_prices_ingest_raw to 2025-11-25T00:00:00+00:00, run_after=2025-11-26T00:00:00+00:00
[2025-11-26T02:30:10.531+0000] {processor.py:179} INFO - Processing /opt/airflow/dags/house_prices_ingest.py took 0.190 seconds
[2025-11-26T02:30:40.768+0000] {processor.py:157} INFO - Started process (PID=370) to work on /opt/airflow/dags/house_prices_ingest.py
[2025-11-26T02:30:40.773+0000] {processor.py:829} INFO - Processing file /opt/airflow/dags/house_prices_ingest.py for tasks to queue
[2025-11-26T02:30:40.775+0000] {logging_mixin.py:154} INFO - [2025-11-26T02:30:40.775+0000] {dagbag.py:536} INFO - Filling up the DagBag from /opt/airflow/dags/house_prices_ingest.py
[2025-11-26T02:30:40.823+0000] {processor.py:839} INFO - DAG(s) dict_keys(['house_prices_ingest_raw']) retrieved from /opt/airflow/dags/house_prices_ingest.py
[2025-11-26T02:30:40.874+0000] {logging_mixin.py:154} INFO - [2025-11-26T02:30:40.873+0000] {dag.py:2941} INFO - Sync 1 DAGs
[2025-11-26T02:30:40.909+0000] {logging_mixin.py:154} INFO - [2025-11-26T02:30:40.909+0000] {dag.py:3722} INFO - Setting next_dagrun for house_prices_ingest_raw to 2025-11-25T00:00:00+00:00, run_after=2025-11-26T00:00:00+00:00
[2025-11-26T02:30:40.938+0000] {processor.py:179} INFO - Processing /opt/airflow/dags/house_prices_ingest.py took 0.177 seconds
[2025-11-26T02:31:11.052+0000] {processor.py:157} INFO - Started process (PID=382) to work on /opt/airflow/dags/house_prices_ingest.py
[2025-11-26T02:31:11.056+0000] {processor.py:829} INFO - Processing file /opt/airflow/dags/house_prices_ingest.py for tasks to queue
[2025-11-26T02:31:11.062+0000] {logging_mixin.py:154} INFO - [2025-11-26T02:31:11.060+0000] {dagbag.py:536} INFO - Filling up the DagBag from /opt/airflow/dags/house_prices_ingest.py
[2025-11-26T02:31:11.116+0000] {processor.py:839} INFO - DAG(s) dict_keys(['house_prices_ingest_raw']) retrieved from /opt/airflow/dags/house_prices_ingest.py
[2025-11-26T02:31:11.178+0000] {logging_mixin.py:154} INFO - [2025-11-26T02:31:11.177+0000] {dag.py:2941} INFO - Sync 1 DAGs
[2025-11-26T02:31:11.234+0000] {logging_mixin.py:154} INFO - [2025-11-26T02:31:11.233+0000] {dag.py:3722} INFO - Setting next_dagrun for house_prices_ingest_raw to 2025-11-25T00:00:00+00:00, run_after=2025-11-26T00:00:00+00:00
[2025-11-26T02:31:11.308+0000] {processor.py:179} INFO - Processing /opt/airflow/dags/house_prices_ingest.py took 0.273 seconds
[2025-11-26T02:31:41.584+0000] {processor.py:157} INFO - Started process (PID=389) to work on /opt/airflow/dags/house_prices_ingest.py
[2025-11-26T02:31:41.587+0000] {processor.py:829} INFO - Processing file /opt/airflow/dags/house_prices_ingest.py for tasks to queue
[2025-11-26T02:31:41.589+0000] {logging_mixin.py:154} INFO - [2025-11-26T02:31:41.588+0000] {dagbag.py:536} INFO - Filling up the DagBag from /opt/airflow/dags/house_prices_ingest.py
[2025-11-26T02:31:41.616+0000] {processor.py:839} INFO - DAG(s) dict_keys(['house_prices_ingest_raw']) retrieved from /opt/airflow/dags/house_prices_ingest.py
[2025-11-26T02:31:41.670+0000] {logging_mixin.py:154} INFO - [2025-11-26T02:31:41.669+0000] {dag.py:2941} INFO - Sync 1 DAGs
[2025-11-26T02:31:41.707+0000] {logging_mixin.py:154} INFO - [2025-11-26T02:31:41.707+0000] {dag.py:3722} INFO - Setting next_dagrun for house_prices_ingest_raw to 2025-11-25T00:00:00+00:00, run_after=2025-11-26T00:00:00+00:00
[2025-11-26T02:31:41.748+0000] {processor.py:179} INFO - Processing /opt/airflow/dags/house_prices_ingest.py took 0.169 seconds
[2025-11-26T02:32:11.993+0000] {processor.py:157} INFO - Started process (PID=403) to work on /opt/airflow/dags/house_prices_ingest.py
[2025-11-26T02:32:11.996+0000] {processor.py:829} INFO - Processing file /opt/airflow/dags/house_prices_ingest.py for tasks to queue
[2025-11-26T02:32:11.998+0000] {logging_mixin.py:154} INFO - [2025-11-26T02:32:11.997+0000] {dagbag.py:536} INFO - Filling up the DagBag from /opt/airflow/dags/house_prices_ingest.py
[2025-11-26T02:32:12.051+0000] {processor.py:839} INFO - DAG(s) dict_keys(['house_prices_ingest_raw']) retrieved from /opt/airflow/dags/house_prices_ingest.py
[2025-11-26T02:32:12.123+0000] {logging_mixin.py:154} INFO - [2025-11-26T02:32:12.122+0000] {dag.py:2941} INFO - Sync 1 DAGs
[2025-11-26T02:32:12.160+0000] {logging_mixin.py:154} INFO - [2025-11-26T02:32:12.159+0000] {dag.py:3722} INFO - Setting next_dagrun for house_prices_ingest_raw to 2025-11-25T00:00:00+00:00, run_after=2025-11-26T00:00:00+00:00
[2025-11-26T02:32:12.197+0000] {processor.py:179} INFO - Processing /opt/airflow/dags/house_prices_ingest.py took 0.209 seconds
[2025-11-26T02:32:42.445+0000] {processor.py:157} INFO - Started process (PID=417) to work on /opt/airflow/dags/house_prices_ingest.py
[2025-11-26T02:32:42.447+0000] {processor.py:829} INFO - Processing file /opt/airflow/dags/house_prices_ingest.py for tasks to queue
[2025-11-26T02:32:42.448+0000] {logging_mixin.py:154} INFO - [2025-11-26T02:32:42.448+0000] {dagbag.py:536} INFO - Filling up the DagBag from /opt/airflow/dags/house_prices_ingest.py
[2025-11-26T02:32:42.490+0000] {processor.py:839} INFO - DAG(s) dict_keys(['house_prices_ingest_raw']) retrieved from /opt/airflow/dags/house_prices_ingest.py
[2025-11-26T02:32:42.532+0000] {logging_mixin.py:154} INFO - [2025-11-26T02:32:42.532+0000] {dag.py:2941} INFO - Sync 1 DAGs
[2025-11-26T02:32:42.565+0000] {logging_mixin.py:154} INFO - [2025-11-26T02:32:42.565+0000] {dag.py:3722} INFO - Setting next_dagrun for house_prices_ingest_raw to 2025-11-25T00:00:00+00:00, run_after=2025-11-26T00:00:00+00:00
[2025-11-26T02:32:42.598+0000] {processor.py:179} INFO - Processing /opt/airflow/dags/house_prices_ingest.py took 0.158 seconds
[2025-11-26T02:33:12.860+0000] {processor.py:157} INFO - Started process (PID=431) to work on /opt/airflow/dags/house_prices_ingest.py
[2025-11-26T02:33:12.863+0000] {processor.py:829} INFO - Processing file /opt/airflow/dags/house_prices_ingest.py for tasks to queue
[2025-11-26T02:33:12.866+0000] {logging_mixin.py:154} INFO - [2025-11-26T02:33:12.865+0000] {dagbag.py:536} INFO - Filling up the DagBag from /opt/airflow/dags/house_prices_ingest.py
[2025-11-26T02:33:12.911+0000] {processor.py:839} INFO - DAG(s) dict_keys(['house_prices_ingest_raw']) retrieved from /opt/airflow/dags/house_prices_ingest.py
[2025-11-26T02:33:12.977+0000] {logging_mixin.py:154} INFO - [2025-11-26T02:33:12.977+0000] {dag.py:2941} INFO - Sync 1 DAGs
[2025-11-26T02:33:13.009+0000] {logging_mixin.py:154} INFO - [2025-11-26T02:33:13.008+0000] {dag.py:3722} INFO - Setting next_dagrun for house_prices_ingest_raw to 2025-11-25T00:00:00+00:00, run_after=2025-11-26T00:00:00+00:00
[2025-11-26T02:33:13.037+0000] {processor.py:179} INFO - Processing /opt/airflow/dags/house_prices_ingest.py took 0.183 seconds
[2025-11-26T02:33:43.104+0000] {processor.py:157} INFO - Started process (PID=445) to work on /opt/airflow/dags/house_prices_ingest.py
[2025-11-26T02:33:43.106+0000] {processor.py:829} INFO - Processing file /opt/airflow/dags/house_prices_ingest.py for tasks to queue
[2025-11-26T02:33:43.107+0000] {logging_mixin.py:154} INFO - [2025-11-26T02:33:43.106+0000] {dagbag.py:536} INFO - Filling up the DagBag from /opt/airflow/dags/house_prices_ingest.py
[2025-11-26T02:33:43.140+0000] {processor.py:839} INFO - DAG(s) dict_keys(['house_prices_ingest_raw']) retrieved from /opt/airflow/dags/house_prices_ingest.py
[2025-11-26T02:33:43.190+0000] {logging_mixin.py:154} INFO - [2025-11-26T02:33:43.189+0000] {dag.py:2941} INFO - Sync 1 DAGs
[2025-11-26T02:33:43.229+0000] {logging_mixin.py:154} INFO - [2025-11-26T02:33:43.228+0000] {dag.py:3722} INFO - Setting next_dagrun for house_prices_ingest_raw to 2025-11-25T00:00:00+00:00, run_after=2025-11-26T00:00:00+00:00
[2025-11-26T02:33:43.272+0000] {processor.py:179} INFO - Processing /opt/airflow/dags/house_prices_ingest.py took 0.176 seconds
[2025-11-26T02:34:13.513+0000] {processor.py:157} INFO - Started process (PID=459) to work on /opt/airflow/dags/house_prices_ingest.py
[2025-11-26T02:34:13.516+0000] {processor.py:829} INFO - Processing file /opt/airflow/dags/house_prices_ingest.py for tasks to queue
[2025-11-26T02:34:13.517+0000] {logging_mixin.py:154} INFO - [2025-11-26T02:34:13.516+0000] {dagbag.py:536} INFO - Filling up the DagBag from /opt/airflow/dags/house_prices_ingest.py
[2025-11-26T02:34:13.555+0000] {processor.py:839} INFO - DAG(s) dict_keys(['house_prices_ingest_raw']) retrieved from /opt/airflow/dags/house_prices_ingest.py
[2025-11-26T02:34:13.601+0000] {logging_mixin.py:154} INFO - [2025-11-26T02:34:13.600+0000] {dag.py:2941} INFO - Sync 1 DAGs
[2025-11-26T02:34:13.638+0000] {logging_mixin.py:154} INFO - [2025-11-26T02:34:13.638+0000] {dag.py:3722} INFO - Setting next_dagrun for house_prices_ingest_raw to 2025-11-25T00:00:00+00:00, run_after=2025-11-26T00:00:00+00:00
[2025-11-26T02:34:13.668+0000] {processor.py:179} INFO - Processing /opt/airflow/dags/house_prices_ingest.py took 0.160 seconds
