[2025-11-01T23:26:06.319+0000] {taskinstance.py:1159} INFO - Dependencies all met for dep_context=non-requeueable deps ti=<TaskInstance: diabetes_stage1_ingest.ingest_next_batch scheduled__2025-11-01T23:18:00+00:00 [queued]>
[2025-11-01T23:26:06.337+0000] {taskinstance.py:1159} INFO - Dependencies all met for dep_context=requeueable deps ti=<TaskInstance: diabetes_stage1_ingest.ingest_next_batch scheduled__2025-11-01T23:18:00+00:00 [queued]>
[2025-11-01T23:26:06.338+0000] {taskinstance.py:1361} INFO - Starting attempt 2 of 2
[2025-11-01T23:26:06.355+0000] {taskinstance.py:1382} INFO - Executing <Task(PythonOperator): ingest_next_batch> on 2025-11-01 23:18:00+00:00
[2025-11-01T23:26:06.369+0000] {standard_task_runner.py:57} INFO - Started process 1599 to run task
[2025-11-01T23:26:06.378+0000] {standard_task_runner.py:84} INFO - Running: ['***', 'tasks', 'run', 'diabetes_stage1_ingest', 'ingest_next_batch', 'scheduled__2025-11-01T23:18:00+00:00', '--job-id', '39', '--raw', '--subdir', 'DAGS_FOLDER/diabetes_stage1_ingest.py', '--cfg-path', '/tmp/tmp5i9dechu']
[2025-11-01T23:26:06.388+0000] {standard_task_runner.py:85} INFO - Job 39: Subtask ingest_next_batch
[2025-11-01T23:26:06.505+0000] {task_command.py:416} INFO - Running <TaskInstance: diabetes_stage1_ingest.ingest_next_batch scheduled__2025-11-01T23:18:00+00:00 [running]> on host af34108dcec4
[2025-11-01T23:26:06.606+0000] {taskinstance.py:1662} INFO - Exporting env vars: AIRFLOW_CTX_DAG_OWNER='mlops_team' AIRFLOW_CTX_DAG_ID='diabetes_stage1_ingest' AIRFLOW_CTX_TASK_ID='ingest_next_batch' AIRFLOW_CTX_EXECUTION_DATE='2025-11-01T23:18:00+00:00' AIRFLOW_CTX_TRY_NUMBER='2' AIRFLOW_CTX_DAG_RUN_ID='scheduled__2025-11-01T23:18:00+00:00'
[2025-11-01T23:26:06.863+0000] {taskinstance.py:1937} ERROR - Task failed with exception
Traceback (most recent call last):
  File "/home/airflow/.local/lib/python3.10/site-packages/airflow/operators/python.py", line 192, in execute
    return_value = self.execute_callable()
  File "/home/airflow/.local/lib/python3.10/site-packages/airflow/operators/python.py", line 209, in execute_callable
    return self.python_callable(*self.op_args, **self.op_kwargs)
  File "/opt/airflow/dags/diabetes_stage1_ingest.py", line 118, in ingest_next_batch
    raise Exception("No more rows to ingest")
Exception: No more rows to ingest
[2025-11-01T23:26:06.879+0000] {taskinstance.py:1400} INFO - Marking task as FAILED. dag_id=diabetes_stage1_ingest, task_id=ingest_next_batch, execution_date=20251101T231800, start_date=20251101T232606, end_date=20251101T232606
[2025-11-01T23:26:06.895+0000] {standard_task_runner.py:104} ERROR - Failed to execute job 39 for task ingest_next_batch (No more rows to ingest; 1599)
[2025-11-01T23:26:06.930+0000] {local_task_job_runner.py:228} INFO - Task exited with return code 1
[2025-11-01T23:26:07.015+0000] {taskinstance.py:2778} INFO - 0 downstream tasks scheduled from follow-on schedule check
