[2025-11-02T00:05:21.019+0000] {processor.py:157} INFO - Started process (PID=2349) to work on /opt/airflow/dags/diabetes_stage1_ingest.py
[2025-11-02T00:05:21.021+0000] {processor.py:829} INFO - Processing file /opt/airflow/dags/diabetes_stage1_ingest.py for tasks to queue
[2025-11-02T00:05:21.023+0000] {logging_mixin.py:154} INFO - [2025-11-02T00:05:21.022+0000] {dagbag.py:536} INFO - Filling up the DagBag from /opt/airflow/dags/diabetes_stage1_ingest.py
[2025-11-02T00:05:21.637+0000] {processor.py:839} INFO - DAG(s) dict_keys(['diabetes_stage1_ingest']) retrieved from /opt/airflow/dags/diabetes_stage1_ingest.py
[2025-11-02T00:05:21.701+0000] {logging_mixin.py:154} INFO - [2025-11-02T00:05:21.700+0000] {dag.py:2941} INFO - Sync 1 DAGs
[2025-11-02T00:05:21.733+0000] {logging_mixin.py:154} INFO - [2025-11-02T00:05:21.733+0000] {dag.py:3722} INFO - Setting next_dagrun for diabetes_stage1_ingest to 2025-11-02T00:00:00+00:00, run_after=2025-11-02T00:06:00+00:00
[2025-11-02T00:05:21.749+0000] {processor.py:179} INFO - Processing /opt/airflow/dags/diabetes_stage1_ingest.py took 0.750 seconds
[2025-11-02T00:07:57.282+0000] {processor.py:157} INFO - Started process (PID=2384) to work on /opt/airflow/dags/diabetes_stage1_ingest.py
[2025-11-02T00:07:57.285+0000] {processor.py:829} INFO - Processing file /opt/airflow/dags/diabetes_stage1_ingest.py for tasks to queue
[2025-11-02T00:07:57.287+0000] {logging_mixin.py:154} INFO - [2025-11-02T00:07:57.286+0000] {dagbag.py:536} INFO - Filling up the DagBag from /opt/airflow/dags/diabetes_stage1_ingest.py
[2025-11-02T00:07:57.840+0000] {processor.py:839} INFO - DAG(s) dict_keys(['diabetes_stage1_ingest']) retrieved from /opt/airflow/dags/diabetes_stage1_ingest.py
[2025-11-02T00:07:57.886+0000] {logging_mixin.py:154} INFO - [2025-11-02T00:07:57.885+0000] {dag.py:2941} INFO - Sync 1 DAGs
[2025-11-02T00:07:57.917+0000] {logging_mixin.py:154} INFO - [2025-11-02T00:07:57.917+0000] {dag.py:3722} INFO - Setting next_dagrun for diabetes_stage1_ingest to 2025-11-02T00:06:00+00:00, run_after=2025-11-02T00:12:00+00:00
[2025-11-02T00:07:57.932+0000] {processor.py:179} INFO - Processing /opt/airflow/dags/diabetes_stage1_ingest.py took 0.668 seconds
[2025-11-02T00:12:46.108+0000] {processor.py:157} INFO - Started process (PID=2419) to work on /opt/airflow/dags/diabetes_stage1_ingest.py
[2025-11-02T00:12:46.112+0000] {processor.py:829} INFO - Processing file /opt/airflow/dags/diabetes_stage1_ingest.py for tasks to queue
[2025-11-02T00:12:46.117+0000] {logging_mixin.py:154} INFO - [2025-11-02T00:12:46.113+0000] {dagbag.py:536} INFO - Filling up the DagBag from /opt/airflow/dags/diabetes_stage1_ingest.py
[2025-11-02T00:12:46.723+0000] {processor.py:839} INFO - DAG(s) dict_keys(['diabetes_stage1_ingest']) retrieved from /opt/airflow/dags/diabetes_stage1_ingest.py
[2025-11-02T00:12:46.753+0000] {logging_mixin.py:154} INFO - [2025-11-02T00:12:46.752+0000] {dag.py:2941} INFO - Sync 1 DAGs
[2025-11-02T00:12:46.771+0000] {logging_mixin.py:154} INFO - [2025-11-02T00:12:46.771+0000] {dag.py:3722} INFO - Setting next_dagrun for diabetes_stage1_ingest to 2025-11-02T00:12:00+00:00, run_after=2025-11-02T00:18:00+00:00
[2025-11-02T00:12:46.786+0000] {processor.py:179} INFO - Processing /opt/airflow/dags/diabetes_stage1_ingest.py took 0.695 seconds
[2025-11-02T00:29:54.266+0000] {processor.py:157} INFO - Started process (PID=2457) to work on /opt/airflow/dags/diabetes_stage1_ingest.py
[2025-11-02T00:29:54.268+0000] {processor.py:829} INFO - Processing file /opt/airflow/dags/diabetes_stage1_ingest.py for tasks to queue
[2025-11-02T00:29:54.269+0000] {logging_mixin.py:154} INFO - [2025-11-02T00:29:54.269+0000] {dagbag.py:536} INFO - Filling up the DagBag from /opt/airflow/dags/diabetes_stage1_ingest.py
[2025-11-02T00:29:54.602+0000] {processor.py:839} INFO - DAG(s) dict_keys(['diabetes_stage1_ingest']) retrieved from /opt/airflow/dags/diabetes_stage1_ingest.py
[2025-11-02T00:29:54.635+0000] {logging_mixin.py:154} INFO - [2025-11-02T00:29:54.634+0000] {dag.py:2941} INFO - Sync 1 DAGs
[2025-11-02T00:29:54.909+0000] {logging_mixin.py:154} INFO - [2025-11-02T00:29:54.909+0000] {dag.py:3722} INFO - Setting next_dagrun for diabetes_stage1_ingest to 2025-11-02T00:24:00+00:00, run_after=2025-11-02T00:30:00+00:00
[2025-11-02T00:29:54.919+0000] {processor.py:179} INFO - Processing /opt/airflow/dags/diabetes_stage1_ingest.py took 0.657 seconds
[2025-11-02T00:47:40.489+0000] {processor.py:157} INFO - Started process (PID=2498) to work on /opt/airflow/dags/diabetes_stage1_ingest.py
[2025-11-02T00:47:40.493+0000] {processor.py:829} INFO - Processing file /opt/airflow/dags/diabetes_stage1_ingest.py for tasks to queue
[2025-11-02T00:47:40.496+0000] {logging_mixin.py:154} INFO - [2025-11-02T00:47:40.495+0000] {dagbag.py:536} INFO - Filling up the DagBag from /opt/airflow/dags/diabetes_stage1_ingest.py
[2025-11-02T00:47:41.801+0000] {processor.py:839} INFO - DAG(s) dict_keys(['diabetes_stage1_ingest']) retrieved from /opt/airflow/dags/diabetes_stage1_ingest.py
[2025-11-02T00:47:41.851+0000] {logging_mixin.py:154} INFO - [2025-11-02T00:47:41.850+0000] {dag.py:2941} INFO - Sync 1 DAGs
[2025-11-02T00:47:41.876+0000] {logging_mixin.py:154} INFO - [2025-11-02T00:47:41.875+0000] {dag.py:3722} INFO - Setting next_dagrun for diabetes_stage1_ingest to 2025-11-02T00:42:00+00:00, run_after=2025-11-02T00:48:00+00:00
[2025-11-02T00:47:42.323+0000] {processor.py:179} INFO - Processing /opt/airflow/dags/diabetes_stage1_ingest.py took 1.838 seconds
[2025-11-02T00:49:21.819+0000] {processor.py:157} INFO - Started process (PID=2535) to work on /opt/airflow/dags/diabetes_stage1_ingest.py
[2025-11-02T00:49:21.825+0000] {processor.py:829} INFO - Processing file /opt/airflow/dags/diabetes_stage1_ingest.py for tasks to queue
[2025-11-02T00:49:21.826+0000] {logging_mixin.py:154} INFO - [2025-11-02T00:49:21.826+0000] {dagbag.py:536} INFO - Filling up the DagBag from /opt/airflow/dags/diabetes_stage1_ingest.py
[2025-11-02T00:49:22.130+0000] {processor.py:839} INFO - DAG(s) dict_keys(['diabetes_stage1_ingest']) retrieved from /opt/airflow/dags/diabetes_stage1_ingest.py
[2025-11-02T00:49:22.155+0000] {logging_mixin.py:154} INFO - [2025-11-02T00:49:22.155+0000] {dag.py:2941} INFO - Sync 1 DAGs
[2025-11-02T00:49:22.173+0000] {logging_mixin.py:154} INFO - [2025-11-02T00:49:22.172+0000] {dag.py:3722} INFO - Setting next_dagrun for diabetes_stage1_ingest to 2025-11-02T00:48:00+00:00, run_after=2025-11-02T00:54:00+00:00
[2025-11-02T00:49:22.182+0000] {processor.py:179} INFO - Processing /opt/airflow/dags/diabetes_stage1_ingest.py took 0.369 seconds
[2025-11-02T01:08:55.245+0000] {processor.py:157} INFO - Started process (PID=2573) to work on /opt/airflow/dags/diabetes_stage1_ingest.py
[2025-11-02T01:08:55.246+0000] {processor.py:829} INFO - Processing file /opt/airflow/dags/diabetes_stage1_ingest.py for tasks to queue
[2025-11-02T01:08:55.247+0000] {logging_mixin.py:154} INFO - [2025-11-02T01:08:55.247+0000] {dagbag.py:536} INFO - Filling up the DagBag from /opt/airflow/dags/diabetes_stage1_ingest.py
[2025-11-02T01:08:55.575+0000] {processor.py:839} INFO - DAG(s) dict_keys(['diabetes_stage1_ingest']) retrieved from /opt/airflow/dags/diabetes_stage1_ingest.py
[2025-11-02T01:08:56.220+0000] {logging_mixin.py:154} INFO - [2025-11-02T01:08:56.219+0000] {dag.py:2941} INFO - Sync 1 DAGs
[2025-11-02T01:08:56.249+0000] {logging_mixin.py:154} INFO - [2025-11-02T01:08:56.249+0000] {dag.py:3722} INFO - Setting next_dagrun for diabetes_stage1_ingest to 2025-11-02T01:06:00+00:00, run_after=2025-11-02T01:12:00+00:00
[2025-11-02T01:08:56.261+0000] {processor.py:179} INFO - Processing /opt/airflow/dags/diabetes_stage1_ingest.py took 1.022 seconds
[2025-11-02T01:10:40.989+0000] {processor.py:157} INFO - Started process (PID=2605) to work on /opt/airflow/dags/diabetes_stage1_ingest.py
[2025-11-02T01:10:40.993+0000] {processor.py:829} INFO - Processing file /opt/airflow/dags/diabetes_stage1_ingest.py for tasks to queue
[2025-11-02T01:10:40.994+0000] {logging_mixin.py:154} INFO - [2025-11-02T01:10:40.994+0000] {dagbag.py:536} INFO - Filling up the DagBag from /opt/airflow/dags/diabetes_stage1_ingest.py
[2025-11-02T01:10:41.481+0000] {processor.py:839} INFO - DAG(s) dict_keys(['diabetes_stage1_ingest']) retrieved from /opt/airflow/dags/diabetes_stage1_ingest.py
[2025-11-02T01:10:41.530+0000] {logging_mixin.py:154} INFO - [2025-11-02T01:10:41.530+0000] {dag.py:2941} INFO - Sync 1 DAGs
[2025-11-02T01:10:41.852+0000] {logging_mixin.py:154} INFO - [2025-11-02T01:10:41.852+0000] {dag.py:3722} INFO - Setting next_dagrun for diabetes_stage1_ingest to 2025-11-02T01:06:00+00:00, run_after=2025-11-02T01:12:00+00:00
[2025-11-02T01:10:41.863+0000] {processor.py:179} INFO - Processing /opt/airflow/dags/diabetes_stage1_ingest.py took 0.887 seconds
[2025-11-02T01:26:03.573+0000] {processor.py:157} INFO - Started process (PID=2645) to work on /opt/airflow/dags/diabetes_stage1_ingest.py
[2025-11-02T01:26:03.575+0000] {processor.py:829} INFO - Processing file /opt/airflow/dags/diabetes_stage1_ingest.py for tasks to queue
[2025-11-02T01:26:03.576+0000] {logging_mixin.py:154} INFO - [2025-11-02T01:26:03.576+0000] {dagbag.py:536} INFO - Filling up the DagBag from /opt/airflow/dags/diabetes_stage1_ingest.py
[2025-11-02T01:26:03.950+0000] {processor.py:839} INFO - DAG(s) dict_keys(['diabetes_stage1_ingest']) retrieved from /opt/airflow/dags/diabetes_stage1_ingest.py
[2025-11-02T01:26:03.987+0000] {logging_mixin.py:154} INFO - [2025-11-02T01:26:03.987+0000] {dag.py:2941} INFO - Sync 1 DAGs
[2025-11-02T01:26:04.246+0000] {logging_mixin.py:154} INFO - [2025-11-02T01:26:04.246+0000] {dag.py:3722} INFO - Setting next_dagrun for diabetes_stage1_ingest to 2025-11-02T01:24:00+00:00, run_after=2025-11-02T01:30:00+00:00
[2025-11-02T01:26:04.255+0000] {processor.py:179} INFO - Processing /opt/airflow/dags/diabetes_stage1_ingest.py took 0.691 seconds
[2025-11-02T01:26:35.247+0000] {processor.py:157} INFO - Started process (PID=2677) to work on /opt/airflow/dags/diabetes_stage1_ingest.py
[2025-11-02T01:26:35.248+0000] {processor.py:829} INFO - Processing file /opt/airflow/dags/diabetes_stage1_ingest.py for tasks to queue
[2025-11-02T01:26:35.249+0000] {logging_mixin.py:154} INFO - [2025-11-02T01:26:35.249+0000] {dagbag.py:536} INFO - Filling up the DagBag from /opt/airflow/dags/diabetes_stage1_ingest.py
[2025-11-02T01:26:35.620+0000] {processor.py:839} INFO - DAG(s) dict_keys(['diabetes_stage1_ingest']) retrieved from /opt/airflow/dags/diabetes_stage1_ingest.py
[2025-11-02T01:26:35.633+0000] {logging_mixin.py:154} INFO - [2025-11-02T01:26:35.633+0000] {dag.py:2941} INFO - Sync 1 DAGs
[2025-11-02T01:26:35.647+0000] {logging_mixin.py:154} INFO - [2025-11-02T01:26:35.647+0000] {dag.py:3722} INFO - Setting next_dagrun for diabetes_stage1_ingest to 2025-11-02T01:24:00+00:00, run_after=2025-11-02T01:30:00+00:00
[2025-11-02T01:26:35.655+0000] {processor.py:179} INFO - Processing /opt/airflow/dags/diabetes_stage1_ingest.py took 0.411 seconds
[2025-11-02T01:27:07.075+0000] {processor.py:157} INFO - Started process (PID=2707) to work on /opt/airflow/dags/diabetes_stage1_ingest.py
[2025-11-02T01:27:07.079+0000] {processor.py:829} INFO - Processing file /opt/airflow/dags/diabetes_stage1_ingest.py for tasks to queue
[2025-11-02T01:27:07.081+0000] {logging_mixin.py:154} INFO - [2025-11-02T01:27:07.081+0000] {dagbag.py:536} INFO - Filling up the DagBag from /opt/airflow/dags/diabetes_stage1_ingest.py
[2025-11-02T01:27:07.561+0000] {processor.py:839} INFO - DAG(s) dict_keys(['diabetes_stage1_ingest']) retrieved from /opt/airflow/dags/diabetes_stage1_ingest.py
[2025-11-02T01:27:07.576+0000] {logging_mixin.py:154} INFO - [2025-11-02T01:27:07.576+0000] {dag.py:2941} INFO - Sync 1 DAGs
[2025-11-02T01:27:07.593+0000] {logging_mixin.py:154} INFO - [2025-11-02T01:27:07.593+0000] {dag.py:3722} INFO - Setting next_dagrun for diabetes_stage1_ingest to 2025-11-02T01:24:00+00:00, run_after=2025-11-02T01:30:00+00:00
[2025-11-02T01:27:07.603+0000] {processor.py:179} INFO - Processing /opt/airflow/dags/diabetes_stage1_ingest.py took 0.541 seconds
[2025-11-02T01:27:39.473+0000] {processor.py:157} INFO - Started process (PID=2741) to work on /opt/airflow/dags/diabetes_stage1_ingest.py
[2025-11-02T01:27:39.474+0000] {processor.py:829} INFO - Processing file /opt/airflow/dags/diabetes_stage1_ingest.py for tasks to queue
[2025-11-02T01:27:39.475+0000] {logging_mixin.py:154} INFO - [2025-11-02T01:27:39.474+0000] {dagbag.py:536} INFO - Filling up the DagBag from /opt/airflow/dags/diabetes_stage1_ingest.py
[2025-11-02T01:27:40.060+0000] {processor.py:839} INFO - DAG(s) dict_keys(['diabetes_stage1_ingest']) retrieved from /opt/airflow/dags/diabetes_stage1_ingest.py
[2025-11-02T01:27:40.093+0000] {logging_mixin.py:154} INFO - [2025-11-02T01:27:40.093+0000] {dag.py:2941} INFO - Sync 1 DAGs
[2025-11-02T01:27:40.108+0000] {logging_mixin.py:154} INFO - [2025-11-02T01:27:40.108+0000] {dag.py:3722} INFO - Setting next_dagrun for diabetes_stage1_ingest to 2025-11-02T01:24:00+00:00, run_after=2025-11-02T01:30:00+00:00
[2025-11-02T01:27:40.119+0000] {processor.py:179} INFO - Processing /opt/airflow/dags/diabetes_stage1_ingest.py took 0.651 seconds
