[2025-11-10T04:10:02.297+0000] {taskinstance.py:1159} INFO - Dependencies all met for dep_context=non-requeueable deps ti=<TaskInstance: diabetes_stage1_ingest.fetch_batch scheduled__2025-11-10T04:05:00+00:00 [queued]>
[2025-11-10T04:10:02.322+0000] {taskinstance.py:1159} INFO - Dependencies all met for dep_context=requeueable deps ti=<TaskInstance: diabetes_stage1_ingest.fetch_batch scheduled__2025-11-10T04:05:00+00:00 [queued]>
[2025-11-10T04:10:02.323+0000] {taskinstance.py:1361} INFO - Starting attempt 1 of 2
[2025-11-10T04:10:02.352+0000] {taskinstance.py:1382} INFO - Executing <Task(PythonOperator): fetch_batch> on 2025-11-10 04:05:00+00:00
[2025-11-10T04:10:02.360+0000] {standard_task_runner.py:57} INFO - Started process 2304 to run task
[2025-11-10T04:10:02.366+0000] {standard_task_runner.py:84} INFO - Running: ['***', 'tasks', 'run', 'diabetes_stage1_ingest', 'fetch_batch', 'scheduled__2025-11-10T04:05:00+00:00', '--job-id', '40', '--raw', '--subdir', 'DAGS_FOLDER/diabetes_stage1_ingest.py', '--cfg-path', '/tmp/tmp0vue_ped']
[2025-11-10T04:10:02.372+0000] {standard_task_runner.py:85} INFO - Job 40: Subtask fetch_batch
[2025-11-10T04:10:02.537+0000] {task_command.py:416} INFO - Running <TaskInstance: diabetes_stage1_ingest.fetch_batch scheduled__2025-11-10T04:05:00+00:00 [running]> on host a5abe9870291
[2025-11-10T04:10:02.662+0000] {taskinstance.py:1662} INFO - Exporting env vars: AIRFLOW_CTX_DAG_OWNER='mlops_team' AIRFLOW_CTX_DAG_ID='diabetes_stage1_ingest' AIRFLOW_CTX_TASK_ID='fetch_batch' AIRFLOW_CTX_EXECUTION_DATE='2025-11-10T04:05:00+00:00' AIRFLOW_CTX_TRY_NUMBER='1' AIRFLOW_CTX_DAG_RUN_ID='scheduled__2025-11-10T04:05:00+00:00'
[2025-11-10T04:10:02.742+0000] {taskinstance.py:1937} ERROR - Task failed with exception
Traceback (most recent call last):
  File "/home/airflow/.local/lib/python3.10/site-packages/airflow/operators/python.py", line 192, in execute
    return_value = self.execute_callable()
  File "/home/airflow/.local/lib/python3.10/site-packages/airflow/operators/python.py", line 209, in execute_callable
    return self.python_callable(*self.op_args, **self.op_kwargs)
  File "/opt/airflow/dags/diabetes_stage1_ingest.py", line 48, in fetch_batch
    resp.raise_for_status()
  File "/home/airflow/.local/lib/python3.10/site-packages/requests/models.py", line 1021, in raise_for_status
    raise HTTPError(http_error_msg, response=self)
requests.exceptions.HTTPError: 500 Server Error: Internal Server Error for url: http://data_api:8080/data
[2025-11-10T04:10:02.815+0000] {taskinstance.py:1400} INFO - Marking task as UP_FOR_RETRY. dag_id=diabetes_stage1_ingest, task_id=fetch_batch, execution_date=20251110T040500, start_date=20251110T041002, end_date=20251110T041002
[2025-11-10T04:10:02.869+0000] {standard_task_runner.py:104} ERROR - Failed to execute job 40 for task fetch_batch (500 Server Error: Internal Server Error for url: http://data_api:8080/data; 2304)
[2025-11-10T04:10:02.898+0000] {local_task_job_runner.py:228} INFO - Task exited with return code 1
[2025-11-10T04:10:03.020+0000] {taskinstance.py:2778} INFO - 0 downstream tasks scheduled from follow-on schedule check
