[2025-11-26T13:16:25.673+0000] {taskinstance.py:1159} INFO - Dependencies all met for dep_context=non-requeueable deps ti=<TaskInstance: house_prices_train_model.train_house_model manual__2025-11-26T13:16:22.979244+00:00 [queued]>
[2025-11-26T13:16:25.703+0000] {taskinstance.py:1159} INFO - Dependencies all met for dep_context=requeueable deps ti=<TaskInstance: house_prices_train_model.train_house_model manual__2025-11-26T13:16:22.979244+00:00 [queued]>
[2025-11-26T13:16:25.704+0000] {taskinstance.py:1361} INFO - Starting attempt 1 of 2
[2025-11-26T13:16:25.748+0000] {taskinstance.py:1382} INFO - Executing <Task(PythonOperator): train_house_model> on 2025-11-26 13:16:22.979244+00:00
[2025-11-26T13:16:25.770+0000] {standard_task_runner.py:57} INFO - Started process 203 to run task
[2025-11-26T13:16:25.775+0000] {standard_task_runner.py:84} INFO - Running: ['***', 'tasks', 'run', 'house_prices_train_model', 'train_house_model', 'manual__2025-11-26T13:16:22.979244+00:00', '--job-id', '52', '--raw', '--subdir', 'DAGS_FOLDER/house_prices_train_model.py', '--cfg-path', '/tmp/tmpwkvnx1cb']
[2025-11-26T13:16:25.779+0000] {standard_task_runner.py:85} INFO - Job 52: Subtask train_house_model
[2025-11-26T13:16:25.858+0000] {task_command.py:416} INFO - Running <TaskInstance: house_prices_train_model.train_house_model manual__2025-11-26T13:16:22.979244+00:00 [running]> on host 73034cc89b82
[2025-11-26T13:16:25.984+0000] {taskinstance.py:1662} INFO - Exporting env vars: AIRFLOW_CTX_DAG_OWNER='mlops_student' AIRFLOW_CTX_DAG_ID='house_prices_train_model' AIRFLOW_CTX_TASK_ID='train_house_model' AIRFLOW_CTX_EXECUTION_DATE='2025-11-26T13:16:22.979244+00:00' AIRFLOW_CTX_TRY_NUMBER='1' AIRFLOW_CTX_DAG_RUN_ID='manual__2025-11-26T13:16:22.979244+00:00'
[2025-11-26T13:16:25.986+0000] {logging_mixin.py:154} INFO - [train_house_price_model] DATA_DB_URI in task: mysql+pymysql://mlflow_user:mlflow_pass@mysql:3306/datasets_db
[2025-11-26T13:16:25.991+0000] {logging_mixin.py:154} INFO - [train_house_price_model] SQL being executed:
[2025-11-26T13:16:25.991+0000] {logging_mixin.py:154} INFO - 
            SELECT
                bed,
                bath,
                acre_lot,
                house_size,
                zip_code,
                brokered_by,
                street,
                price
            FROM clean_house_prices
            WHERE price IS NOT NULL
        
[2025-11-26T13:16:26.005+0000] {logging_mixin.py:154} WARNING - /opt/***/dags/house_prices_train_model.py:96 UserWarning: pandas only supports SQLAlchemy connectable (engine/connection) or database string URI or sqlite3 DBAPI2 connection. Other DBAPI2 objects are not tested. Please consider using SQLAlchemy.
[2025-11-26T13:16:26.413+0000] {logging_mixin.py:154} INFO - [train_house_price_model] Raw dtypes from DB:
[2025-11-26T13:16:26.414+0000] {logging_mixin.py:154} INFO - bed            object
bath           object
acre_lot       object
house_size     object
zip_code       object
brokered_by    object
street         object
price          object
dtype: object
[2025-11-26T13:16:26.415+0000] {logging_mixin.py:154} INFO - [train_house_price_model] Head:
[2025-11-26T13:16:26.418+0000] {logging_mixin.py:154} INFO -    bed  bath  acre_lot  house_size  zip_code  brokered_by  street  price
0  bed  bath  acre_lot  house_size  zip_code  brokered_by  street  price
1  bed  bath  acre_lot  house_size  zip_code  brokered_by  street  price
2  bed  bath  acre_lot  house_size  zip_code  brokered_by  street  price
3  bed  bath  acre_lot  house_size  zip_code  brokered_by  street  price
4  bed  bath  acre_lot  house_size  zip_code  brokered_by  street  price
[2025-11-26T13:16:26.545+0000] {logging_mixin.py:154} INFO - [train_house_price_model] Detected 4055 header-like rows.
[2025-11-26T13:16:26.546+0000] {logging_mixin.py:154} INFO - [train_house_price_model] Example header-like rows:
[2025-11-26T13:16:26.550+0000] {logging_mixin.py:154} INFO -    bed  bath  acre_lot  house_size  zip_code  brokered_by  street  price
0  bed  bath  acre_lot  house_size  zip_code  brokered_by  street  price
1  bed  bath  acre_lot  house_size  zip_code  brokered_by  street  price
2  bed  bath  acre_lot  house_size  zip_code  brokered_by  street  price
3  bed  bath  acre_lot  house_size  zip_code  brokered_by  street  price
4  bed  bath  acre_lot  house_size  zip_code  brokered_by  street  price
[2025-11-26T13:16:26.551+0000] {taskinstance.py:1937} ERROR - Task failed with exception
Traceback (most recent call last):
  File "/home/airflow/.local/lib/python3.10/site-packages/airflow/operators/python.py", line 192, in execute
    return_value = self.execute_callable()
  File "/home/airflow/.local/lib/python3.10/site-packages/airflow/operators/python.py", line 209, in execute_callable
    return self.python_callable(*self.op_args, **self.op_kwargs)
  File "/opt/airflow/dags/house_prices_train_model.py", line 129, in train_house_price_model
    raise ValueError(
ValueError: After removing header-like rows, no data rows remain. Fix upstream load into clean_house_prices.
[2025-11-26T13:16:26.581+0000] {taskinstance.py:1400} INFO - Marking task as UP_FOR_RETRY. dag_id=house_prices_train_model, task_id=train_house_model, execution_date=20251126T131622, start_date=20251126T131625, end_date=20251126T131626
[2025-11-26T13:16:26.625+0000] {standard_task_runner.py:104} ERROR - Failed to execute job 52 for task train_house_model (After removing header-like rows, no data rows remain. Fix upstream load into clean_house_prices.; 203)
[2025-11-26T13:16:26.683+0000] {local_task_job_runner.py:228} INFO - Task exited with return code 1
[2025-11-26T13:16:26.720+0000] {taskinstance.py:2778} INFO - 0 downstream tasks scheduled from follow-on schedule check
