[2025-11-26T04:04:45.111+0000] {taskinstance.py:1159} INFO - Dependencies all met for dep_context=non-requeueable deps ti=<TaskInstance: house_prices_train_model.train_house_model manual__2025-11-26T04:04:42.173030+00:00 [queued]>
[2025-11-26T04:04:45.123+0000] {taskinstance.py:1159} INFO - Dependencies all met for dep_context=requeueable deps ti=<TaskInstance: house_prices_train_model.train_house_model manual__2025-11-26T04:04:42.173030+00:00 [queued]>
[2025-11-26T04:04:45.123+0000] {taskinstance.py:1361} INFO - Starting attempt 1 of 2
[2025-11-26T04:04:45.155+0000] {taskinstance.py:1382} INFO - Executing <Task(PythonOperator): train_house_model> on 2025-11-26 04:04:42.173030+00:00
[2025-11-26T04:04:45.168+0000] {standard_task_runner.py:57} INFO - Started process 943 to run task
[2025-11-26T04:04:45.176+0000] {standard_task_runner.py:84} INFO - Running: ['***', 'tasks', 'run', 'house_prices_train_model', 'train_house_model', 'manual__2025-11-26T04:04:42.173030+00:00', '--job-id', '21', '--raw', '--subdir', 'DAGS_FOLDER/house_prices_train_model.py', '--cfg-path', '/tmp/tmpoiy1hcoe']
[2025-11-26T04:04:45.183+0000] {standard_task_runner.py:85} INFO - Job 21: Subtask train_house_model
[2025-11-26T04:04:45.289+0000] {task_command.py:416} INFO - Running <TaskInstance: house_prices_train_model.train_house_model manual__2025-11-26T04:04:42.173030+00:00 [running]> on host 73034cc89b82
[2025-11-26T04:04:45.409+0000] {taskinstance.py:1662} INFO - Exporting env vars: AIRFLOW_CTX_DAG_OWNER='mlops_student' AIRFLOW_CTX_DAG_ID='house_prices_train_model' AIRFLOW_CTX_TASK_ID='train_house_model' AIRFLOW_CTX_EXECUTION_DATE='2025-11-26T04:04:42.173030+00:00' AIRFLOW_CTX_TRY_NUMBER='1' AIRFLOW_CTX_DAG_RUN_ID='manual__2025-11-26T04:04:42.173030+00:00'
[2025-11-26T04:04:45.437+0000] {logging_mixin.py:154} WARNING - /opt/***/dags/house_prices_train_model.py:87 UserWarning: pandas only supports SQLAlchemy connectable (engine/connection) or database string URI or sqlite3 DBAPI2 connection. Other DBAPI2 objects are not tested. Please consider using SQLAlchemy.
[2025-11-26T04:04:45.957+0000] {logging_mixin.py:154} INFO - [train_house_price_model] Total rows: 4055, rows with non-null price BEFORE filtering: 4055
[2025-11-26T04:04:45.959+0000] {logging_mixin.py:154} INFO - [train_house_price_model] Rows kept after requiring non-null price: 4055
[2025-11-26T04:04:45.960+0000] {logging_mixin.py:154} INFO - [train_house_price_model] Column bed: 0 non-null values
[2025-11-26T04:04:45.961+0000] {logging_mixin.py:154} INFO - [train_house_price_model] Column bath: 0 non-null values
[2025-11-26T04:04:45.961+0000] {logging_mixin.py:154} INFO - [train_house_price_model] Column acre_lot: 0 non-null values
[2025-11-26T04:04:45.962+0000] {logging_mixin.py:154} INFO - [train_house_price_model] Column house_size: 0 non-null values
[2025-11-26T04:04:45.962+0000] {logging_mixin.py:154} INFO - [train_house_price_model] Column zip_code: 0 non-null values
[2025-11-26T04:04:45.963+0000] {logging_mixin.py:154} INFO - [train_house_price_model] Column brokered_by: 0 non-null values
[2025-11-26T04:04:45.963+0000] {logging_mixin.py:154} INFO - [train_house_price_model] Column street: 0 non-null values
[2025-11-26T04:04:45.963+0000] {taskinstance.py:1937} ERROR - Task failed with exception
Traceback (most recent call last):
  File "/home/airflow/.local/lib/python3.10/site-packages/airflow/operators/python.py", line 192, in execute
    return_value = self.execute_callable()
  File "/home/airflow/.local/lib/python3.10/site-packages/airflow/operators/python.py", line 209, in execute_callable
    return self.python_callable(*self.op_args, **self.op_kwargs)
  File "/opt/airflow/dags/house_prices_train_model.py", line 141, in train_house_price_model
    raise ValueError("No feature columns with any non-null values after coercion.")
ValueError: No feature columns with any non-null values after coercion.
[2025-11-26T04:04:45.978+0000] {taskinstance.py:1400} INFO - Marking task as UP_FOR_RETRY. dag_id=house_prices_train_model, task_id=train_house_model, execution_date=20251126T040442, start_date=20251126T040445, end_date=20251126T040445
[2025-11-26T04:04:46.007+0000] {standard_task_runner.py:104} ERROR - Failed to execute job 21 for task train_house_model (No feature columns with any non-null values after coercion.; 943)
[2025-11-26T04:04:46.073+0000] {local_task_job_runner.py:228} INFO - Task exited with return code 1
[2025-11-26T04:04:46.100+0000] {taskinstance.py:2778} INFO - 0 downstream tasks scheduled from follow-on schedule check
