[2025-11-09T00:10:53.122+0000] {processor.py:157} INFO - Started process (PID=164) to work on /opt/airflow/dags/diabetes_stage1_ingest.py
[2025-11-09T00:10:53.127+0000] {processor.py:829} INFO - Processing file /opt/airflow/dags/diabetes_stage1_ingest.py for tasks to queue
[2025-11-09T00:10:53.129+0000] {logging_mixin.py:154} INFO - [2025-11-09T00:10:53.129+0000] {dagbag.py:536} INFO - Filling up the DagBag from /opt/airflow/dags/diabetes_stage1_ingest.py
[2025-11-09T00:10:54.838+0000] {processor.py:839} INFO - DAG(s) dict_keys(['diabetes_stage1_ingest']) retrieved from /opt/airflow/dags/diabetes_stage1_ingest.py
[2025-11-09T00:10:55.129+0000] {logging_mixin.py:154} INFO - [2025-11-09T00:10:55.129+0000] {manager.py:499} INFO - Created Permission View: %s
[2025-11-09T00:10:55.135+0000] {logging_mixin.py:154} INFO - [2025-11-09T00:10:55.135+0000] {manager.py:499} INFO - Created Permission View: %s
[2025-11-09T00:10:55.140+0000] {logging_mixin.py:154} INFO - [2025-11-09T00:10:55.140+0000] {manager.py:499} INFO - Created Permission View: %s
[2025-11-09T00:10:55.141+0000] {logging_mixin.py:154} INFO - [2025-11-09T00:10:55.140+0000] {dag.py:2941} INFO - Sync 1 DAGs
[2025-11-09T00:10:55.153+0000] {logging_mixin.py:154} INFO - [2025-11-09T00:10:55.152+0000] {dag.py:2963} INFO - Creating ORM DAG for diabetes_stage1_ingest
[2025-11-09T00:10:55.166+0000] {logging_mixin.py:154} INFO - [2025-11-09T00:10:55.166+0000] {dag.py:3722} INFO - Setting next_dagrun for diabetes_stage1_ingest to 2025-11-09T00:05:00+00:00, run_after=2025-11-09T00:10:00+00:00
[2025-11-09T00:10:55.186+0000] {processor.py:179} INFO - Processing /opt/airflow/dags/diabetes_stage1_ingest.py took 2.074 seconds
[2025-11-09T00:11:25.473+0000] {processor.py:157} INFO - Started process (PID=183) to work on /opt/airflow/dags/diabetes_stage1_ingest.py
[2025-11-09T00:11:25.474+0000] {processor.py:829} INFO - Processing file /opt/airflow/dags/diabetes_stage1_ingest.py for tasks to queue
[2025-11-09T00:11:25.475+0000] {logging_mixin.py:154} INFO - [2025-11-09T00:11:25.474+0000] {dagbag.py:536} INFO - Filling up the DagBag from /opt/airflow/dags/diabetes_stage1_ingest.py
[2025-11-09T00:11:26.147+0000] {processor.py:839} INFO - DAG(s) dict_keys(['diabetes_stage1_ingest']) retrieved from /opt/airflow/dags/diabetes_stage1_ingest.py
[2025-11-09T00:11:26.162+0000] {logging_mixin.py:154} INFO - [2025-11-09T00:11:26.162+0000] {dag.py:2941} INFO - Sync 1 DAGs
[2025-11-09T00:11:26.176+0000] {logging_mixin.py:154} INFO - [2025-11-09T00:11:26.175+0000] {dag.py:3722} INFO - Setting next_dagrun for diabetes_stage1_ingest to 2025-11-09T00:05:00+00:00, run_after=2025-11-09T00:10:00+00:00
[2025-11-09T00:11:26.226+0000] {processor.py:179} INFO - Processing /opt/airflow/dags/diabetes_stage1_ingest.py took 0.758 seconds
[2025-11-09T00:11:56.485+0000] {processor.py:157} INFO - Started process (PID=202) to work on /opt/airflow/dags/diabetes_stage1_ingest.py
[2025-11-09T00:11:56.487+0000] {processor.py:829} INFO - Processing file /opt/airflow/dags/diabetes_stage1_ingest.py for tasks to queue
[2025-11-09T00:11:56.488+0000] {logging_mixin.py:154} INFO - [2025-11-09T00:11:56.488+0000] {dagbag.py:536} INFO - Filling up the DagBag from /opt/airflow/dags/diabetes_stage1_ingest.py
[2025-11-09T00:11:57.026+0000] {processor.py:839} INFO - DAG(s) dict_keys(['diabetes_stage1_ingest']) retrieved from /opt/airflow/dags/diabetes_stage1_ingest.py
[2025-11-09T00:11:57.044+0000] {logging_mixin.py:154} INFO - [2025-11-09T00:11:57.044+0000] {dag.py:2941} INFO - Sync 1 DAGs
[2025-11-09T00:11:57.058+0000] {logging_mixin.py:154} INFO - [2025-11-09T00:11:57.058+0000] {dag.py:3722} INFO - Setting next_dagrun for diabetes_stage1_ingest to 2025-11-09T00:05:00+00:00, run_after=2025-11-09T00:10:00+00:00
[2025-11-09T00:11:57.117+0000] {processor.py:179} INFO - Processing /opt/airflow/dags/diabetes_stage1_ingest.py took 0.637 seconds
[2025-11-09T00:12:27.314+0000] {processor.py:157} INFO - Started process (PID=221) to work on /opt/airflow/dags/diabetes_stage1_ingest.py
[2025-11-09T00:12:27.316+0000] {processor.py:829} INFO - Processing file /opt/airflow/dags/diabetes_stage1_ingest.py for tasks to queue
[2025-11-09T00:12:27.317+0000] {logging_mixin.py:154} INFO - [2025-11-09T00:12:27.317+0000] {dagbag.py:536} INFO - Filling up the DagBag from /opt/airflow/dags/diabetes_stage1_ingest.py
[2025-11-09T00:12:27.763+0000] {processor.py:839} INFO - DAG(s) dict_keys(['diabetes_stage1_ingest']) retrieved from /opt/airflow/dags/diabetes_stage1_ingest.py
[2025-11-09T00:12:27.779+0000] {logging_mixin.py:154} INFO - [2025-11-09T00:12:27.779+0000] {dag.py:2941} INFO - Sync 1 DAGs
[2025-11-09T00:12:27.790+0000] {logging_mixin.py:154} INFO - [2025-11-09T00:12:27.790+0000] {dag.py:3722} INFO - Setting next_dagrun for diabetes_stage1_ingest to 2025-11-09T00:05:00+00:00, run_after=2025-11-09T00:10:00+00:00
[2025-11-09T00:12:27.799+0000] {processor.py:179} INFO - Processing /opt/airflow/dags/diabetes_stage1_ingest.py took 0.489 seconds
[2025-11-09T00:12:58.028+0000] {processor.py:157} INFO - Started process (PID=240) to work on /opt/airflow/dags/diabetes_stage1_ingest.py
[2025-11-09T00:12:58.030+0000] {processor.py:829} INFO - Processing file /opt/airflow/dags/diabetes_stage1_ingest.py for tasks to queue
[2025-11-09T00:12:58.031+0000] {logging_mixin.py:154} INFO - [2025-11-09T00:12:58.031+0000] {dagbag.py:536} INFO - Filling up the DagBag from /opt/airflow/dags/diabetes_stage1_ingest.py
[2025-11-09T00:12:58.472+0000] {processor.py:839} INFO - DAG(s) dict_keys(['diabetes_stage1_ingest']) retrieved from /opt/airflow/dags/diabetes_stage1_ingest.py
[2025-11-09T00:12:58.485+0000] {logging_mixin.py:154} INFO - [2025-11-09T00:12:58.485+0000] {dag.py:2941} INFO - Sync 1 DAGs
[2025-11-09T00:12:58.496+0000] {logging_mixin.py:154} INFO - [2025-11-09T00:12:58.496+0000] {dag.py:3722} INFO - Setting next_dagrun for diabetes_stage1_ingest to 2025-11-09T00:05:00+00:00, run_after=2025-11-09T00:10:00+00:00
[2025-11-09T00:12:58.506+0000] {processor.py:179} INFO - Processing /opt/airflow/dags/diabetes_stage1_ingest.py took 0.483 seconds
[2025-11-09T00:13:28.798+0000] {processor.py:157} INFO - Started process (PID=265) to work on /opt/airflow/dags/diabetes_stage1_ingest.py
[2025-11-09T00:13:28.801+0000] {processor.py:829} INFO - Processing file /opt/airflow/dags/diabetes_stage1_ingest.py for tasks to queue
[2025-11-09T00:13:28.802+0000] {logging_mixin.py:154} INFO - [2025-11-09T00:13:28.801+0000] {dagbag.py:536} INFO - Filling up the DagBag from /opt/airflow/dags/diabetes_stage1_ingest.py
[2025-11-09T00:13:29.590+0000] {processor.py:839} INFO - DAG(s) dict_keys(['diabetes_stage1_ingest']) retrieved from /opt/airflow/dags/diabetes_stage1_ingest.py
[2025-11-09T00:13:29.624+0000] {logging_mixin.py:154} INFO - [2025-11-09T00:13:29.623+0000] {dag.py:2941} INFO - Sync 1 DAGs
[2025-11-09T00:13:29.658+0000] {processor.py:179} INFO - Processing /opt/airflow/dags/diabetes_stage1_ingest.py took 0.864 seconds
[2025-11-09T00:13:59.868+0000] {processor.py:157} INFO - Started process (PID=344) to work on /opt/airflow/dags/diabetes_stage1_ingest.py
[2025-11-09T00:13:59.872+0000] {processor.py:829} INFO - Processing file /opt/airflow/dags/diabetes_stage1_ingest.py for tasks to queue
[2025-11-09T00:13:59.874+0000] {logging_mixin.py:154} INFO - [2025-11-09T00:13:59.874+0000] {dagbag.py:536} INFO - Filling up the DagBag from /opt/airflow/dags/diabetes_stage1_ingest.py
[2025-11-09T00:14:00.518+0000] {processor.py:839} INFO - DAG(s) dict_keys(['diabetes_stage1_ingest']) retrieved from /opt/airflow/dags/diabetes_stage1_ingest.py
[2025-11-09T00:14:00.540+0000] {logging_mixin.py:154} INFO - [2025-11-09T00:14:00.540+0000] {dag.py:2941} INFO - Sync 1 DAGs
[2025-11-09T00:14:00.555+0000] {logging_mixin.py:154} INFO - [2025-11-09T00:14:00.555+0000] {dag.py:3722} INFO - Setting next_dagrun for diabetes_stage1_ingest to 2025-11-09T00:10:00+00:00, run_after=2025-11-09T00:15:00+00:00
[2025-11-09T00:14:00.564+0000] {processor.py:179} INFO - Processing /opt/airflow/dags/diabetes_stage1_ingest.py took 0.701 seconds
[2025-11-09T00:14:30.890+0000] {processor.py:157} INFO - Started process (PID=363) to work on /opt/airflow/dags/diabetes_stage1_ingest.py
[2025-11-09T00:14:30.892+0000] {processor.py:829} INFO - Processing file /opt/airflow/dags/diabetes_stage1_ingest.py for tasks to queue
[2025-11-09T00:14:30.893+0000] {logging_mixin.py:154} INFO - [2025-11-09T00:14:30.893+0000] {dagbag.py:536} INFO - Filling up the DagBag from /opt/airflow/dags/diabetes_stage1_ingest.py
[2025-11-09T00:14:31.888+0000] {processor.py:839} INFO - DAG(s) dict_keys(['diabetes_stage1_ingest']) retrieved from /opt/airflow/dags/diabetes_stage1_ingest.py
[2025-11-09T00:14:31.947+0000] {logging_mixin.py:154} INFO - [2025-11-09T00:14:31.946+0000] {dag.py:2941} INFO - Sync 1 DAGs
[2025-11-09T00:14:31.987+0000] {logging_mixin.py:154} INFO - [2025-11-09T00:14:31.987+0000] {dag.py:3722} INFO - Setting next_dagrun for diabetes_stage1_ingest to 2025-11-09T00:10:00+00:00, run_after=2025-11-09T00:15:00+00:00
[2025-11-09T00:14:32.010+0000] {processor.py:179} INFO - Processing /opt/airflow/dags/diabetes_stage1_ingest.py took 1.127 seconds
[2025-11-09T00:15:02.283+0000] {processor.py:157} INFO - Started process (PID=385) to work on /opt/airflow/dags/diabetes_stage1_ingest.py
[2025-11-09T00:15:02.284+0000] {processor.py:829} INFO - Processing file /opt/airflow/dags/diabetes_stage1_ingest.py for tasks to queue
[2025-11-09T00:15:02.285+0000] {logging_mixin.py:154} INFO - [2025-11-09T00:15:02.285+0000] {dagbag.py:536} INFO - Filling up the DagBag from /opt/airflow/dags/diabetes_stage1_ingest.py
[2025-11-09T00:15:02.938+0000] {processor.py:839} INFO - DAG(s) dict_keys(['diabetes_stage1_ingest']) retrieved from /opt/airflow/dags/diabetes_stage1_ingest.py
[2025-11-09T00:15:02.955+0000] {logging_mixin.py:154} INFO - [2025-11-09T00:15:02.955+0000] {dag.py:2941} INFO - Sync 1 DAGs
[2025-11-09T00:15:02.992+0000] {processor.py:179} INFO - Processing /opt/airflow/dags/diabetes_stage1_ingest.py took 0.715 seconds
[2025-11-09T00:15:33.067+0000] {processor.py:157} INFO - Started process (PID=467) to work on /opt/airflow/dags/diabetes_stage1_ingest.py
[2025-11-09T00:15:33.069+0000] {processor.py:829} INFO - Processing file /opt/airflow/dags/diabetes_stage1_ingest.py for tasks to queue
[2025-11-09T00:15:33.071+0000] {logging_mixin.py:154} INFO - [2025-11-09T00:15:33.070+0000] {dagbag.py:536} INFO - Filling up the DagBag from /opt/airflow/dags/diabetes_stage1_ingest.py
[2025-11-09T00:15:33.700+0000] {processor.py:839} INFO - DAG(s) dict_keys(['diabetes_stage1_ingest']) retrieved from /opt/airflow/dags/diabetes_stage1_ingest.py
[2025-11-09T00:15:33.726+0000] {logging_mixin.py:154} INFO - [2025-11-09T00:15:33.726+0000] {dag.py:2941} INFO - Sync 1 DAGs
[2025-11-09T00:15:33.741+0000] {logging_mixin.py:154} INFO - [2025-11-09T00:15:33.741+0000] {dag.py:3722} INFO - Setting next_dagrun for diabetes_stage1_ingest to 2025-11-09T00:15:00+00:00, run_after=2025-11-09T00:20:00+00:00
[2025-11-09T00:15:33.751+0000] {processor.py:179} INFO - Processing /opt/airflow/dags/diabetes_stage1_ingest.py took 0.695 seconds
[2025-11-09T00:16:04.058+0000] {processor.py:157} INFO - Started process (PID=486) to work on /opt/airflow/dags/diabetes_stage1_ingest.py
[2025-11-09T00:16:04.061+0000] {processor.py:829} INFO - Processing file /opt/airflow/dags/diabetes_stage1_ingest.py for tasks to queue
[2025-11-09T00:16:04.063+0000] {logging_mixin.py:154} INFO - [2025-11-09T00:16:04.062+0000] {dagbag.py:536} INFO - Filling up the DagBag from /opt/airflow/dags/diabetes_stage1_ingest.py
[2025-11-09T00:16:04.637+0000] {processor.py:839} INFO - DAG(s) dict_keys(['diabetes_stage1_ingest']) retrieved from /opt/airflow/dags/diabetes_stage1_ingest.py
[2025-11-09T00:16:04.666+0000] {logging_mixin.py:154} INFO - [2025-11-09T00:16:04.665+0000] {dag.py:2941} INFO - Sync 1 DAGs
[2025-11-09T00:16:04.682+0000] {logging_mixin.py:154} INFO - [2025-11-09T00:16:04.682+0000] {dag.py:3722} INFO - Setting next_dagrun for diabetes_stage1_ingest to 2025-11-09T00:15:00+00:00, run_after=2025-11-09T00:20:00+00:00
[2025-11-09T00:16:04.696+0000] {processor.py:179} INFO - Processing /opt/airflow/dags/diabetes_stage1_ingest.py took 0.649 seconds
[2025-11-09T00:16:35.420+0000] {processor.py:157} INFO - Started process (PID=505) to work on /opt/airflow/dags/diabetes_stage1_ingest.py
[2025-11-09T00:16:35.422+0000] {processor.py:829} INFO - Processing file /opt/airflow/dags/diabetes_stage1_ingest.py for tasks to queue
[2025-11-09T00:16:35.424+0000] {logging_mixin.py:154} INFO - [2025-11-09T00:16:35.423+0000] {dagbag.py:536} INFO - Filling up the DagBag from /opt/airflow/dags/diabetes_stage1_ingest.py
[2025-11-09T00:16:36.204+0000] {processor.py:839} INFO - DAG(s) dict_keys(['diabetes_stage1_ingest']) retrieved from /opt/airflow/dags/diabetes_stage1_ingest.py
[2025-11-09T00:16:36.219+0000] {logging_mixin.py:154} INFO - [2025-11-09T00:16:36.218+0000] {dag.py:2941} INFO - Sync 1 DAGs
[2025-11-09T00:16:36.233+0000] {logging_mixin.py:154} INFO - [2025-11-09T00:16:36.233+0000] {dag.py:3722} INFO - Setting next_dagrun for diabetes_stage1_ingest to 2025-11-09T00:15:00+00:00, run_after=2025-11-09T00:20:00+00:00
[2025-11-09T00:16:36.243+0000] {processor.py:179} INFO - Processing /opt/airflow/dags/diabetes_stage1_ingest.py took 0.835 seconds
[2025-11-09T00:17:06.993+0000] {processor.py:157} INFO - Started process (PID=524) to work on /opt/airflow/dags/diabetes_stage1_ingest.py
[2025-11-09T00:17:06.995+0000] {processor.py:829} INFO - Processing file /opt/airflow/dags/diabetes_stage1_ingest.py for tasks to queue
[2025-11-09T00:17:06.996+0000] {logging_mixin.py:154} INFO - [2025-11-09T00:17:06.996+0000] {dagbag.py:536} INFO - Filling up the DagBag from /opt/airflow/dags/diabetes_stage1_ingest.py
[2025-11-09T00:17:07.517+0000] {processor.py:839} INFO - DAG(s) dict_keys(['diabetes_stage1_ingest']) retrieved from /opt/airflow/dags/diabetes_stage1_ingest.py
[2025-11-09T00:17:07.531+0000] {logging_mixin.py:154} INFO - [2025-11-09T00:17:07.531+0000] {dag.py:2941} INFO - Sync 1 DAGs
[2025-11-09T00:17:07.544+0000] {logging_mixin.py:154} INFO - [2025-11-09T00:17:07.544+0000] {dag.py:3722} INFO - Setting next_dagrun for diabetes_stage1_ingest to 2025-11-09T00:15:00+00:00, run_after=2025-11-09T00:20:00+00:00
[2025-11-09T00:17:07.556+0000] {processor.py:179} INFO - Processing /opt/airflow/dags/diabetes_stage1_ingest.py took 0.578 seconds
[2025-11-09T00:17:37.610+0000] {processor.py:157} INFO - Started process (PID=543) to work on /opt/airflow/dags/diabetes_stage1_ingest.py
[2025-11-09T00:17:37.612+0000] {processor.py:829} INFO - Processing file /opt/airflow/dags/diabetes_stage1_ingest.py for tasks to queue
[2025-11-09T00:17:37.614+0000] {logging_mixin.py:154} INFO - [2025-11-09T00:17:37.613+0000] {dagbag.py:536} INFO - Filling up the DagBag from /opt/airflow/dags/diabetes_stage1_ingest.py
[2025-11-09T00:17:38.182+0000] {processor.py:839} INFO - DAG(s) dict_keys(['diabetes_stage1_ingest']) retrieved from /opt/airflow/dags/diabetes_stage1_ingest.py
[2025-11-09T00:17:38.204+0000] {logging_mixin.py:154} INFO - [2025-11-09T00:17:38.204+0000] {dag.py:2941} INFO - Sync 1 DAGs
[2025-11-09T00:17:38.217+0000] {logging_mixin.py:154} INFO - [2025-11-09T00:17:38.217+0000] {dag.py:3722} INFO - Setting next_dagrun for diabetes_stage1_ingest to 2025-11-09T00:15:00+00:00, run_after=2025-11-09T00:20:00+00:00
[2025-11-09T00:17:38.227+0000] {processor.py:179} INFO - Processing /opt/airflow/dags/diabetes_stage1_ingest.py took 0.622 seconds
[2025-11-09T00:18:08.863+0000] {processor.py:157} INFO - Started process (PID=562) to work on /opt/airflow/dags/diabetes_stage1_ingest.py
[2025-11-09T00:18:08.866+0000] {processor.py:829} INFO - Processing file /opt/airflow/dags/diabetes_stage1_ingest.py for tasks to queue
[2025-11-09T00:18:08.868+0000] {logging_mixin.py:154} INFO - [2025-11-09T00:18:08.867+0000] {dagbag.py:536} INFO - Filling up the DagBag from /opt/airflow/dags/diabetes_stage1_ingest.py
[2025-11-09T00:18:09.405+0000] {processor.py:839} INFO - DAG(s) dict_keys(['diabetes_stage1_ingest']) retrieved from /opt/airflow/dags/diabetes_stage1_ingest.py
[2025-11-09T00:18:09.420+0000] {logging_mixin.py:154} INFO - [2025-11-09T00:18:09.420+0000] {dag.py:2941} INFO - Sync 1 DAGs
[2025-11-09T00:18:09.433+0000] {logging_mixin.py:154} INFO - [2025-11-09T00:18:09.432+0000] {dag.py:3722} INFO - Setting next_dagrun for diabetes_stage1_ingest to 2025-11-09T00:15:00+00:00, run_after=2025-11-09T00:20:00+00:00
[2025-11-09T00:18:09.444+0000] {processor.py:179} INFO - Processing /opt/airflow/dags/diabetes_stage1_ingest.py took 0.587 seconds
[2025-11-09T00:18:39.643+0000] {processor.py:157} INFO - Started process (PID=581) to work on /opt/airflow/dags/diabetes_stage1_ingest.py
[2025-11-09T00:18:39.646+0000] {processor.py:829} INFO - Processing file /opt/airflow/dags/diabetes_stage1_ingest.py for tasks to queue
[2025-11-09T00:18:39.647+0000] {logging_mixin.py:154} INFO - [2025-11-09T00:18:39.647+0000] {dagbag.py:536} INFO - Filling up the DagBag from /opt/airflow/dags/diabetes_stage1_ingest.py
[2025-11-09T00:18:40.266+0000] {processor.py:839} INFO - DAG(s) dict_keys(['diabetes_stage1_ingest']) retrieved from /opt/airflow/dags/diabetes_stage1_ingest.py
[2025-11-09T00:18:40.281+0000] {logging_mixin.py:154} INFO - [2025-11-09T00:18:40.280+0000] {dag.py:2941} INFO - Sync 1 DAGs
[2025-11-09T00:18:40.303+0000] {logging_mixin.py:154} INFO - [2025-11-09T00:18:40.303+0000] {dag.py:3722} INFO - Setting next_dagrun for diabetes_stage1_ingest to 2025-11-09T00:15:00+00:00, run_after=2025-11-09T00:20:00+00:00
[2025-11-09T00:18:40.314+0000] {processor.py:179} INFO - Processing /opt/airflow/dags/diabetes_stage1_ingest.py took 0.684 seconds
[2025-11-09T00:19:10.564+0000] {processor.py:157} INFO - Started process (PID=600) to work on /opt/airflow/dags/diabetes_stage1_ingest.py
[2025-11-09T00:19:10.566+0000] {processor.py:829} INFO - Processing file /opt/airflow/dags/diabetes_stage1_ingest.py for tasks to queue
[2025-11-09T00:19:10.567+0000] {logging_mixin.py:154} INFO - [2025-11-09T00:19:10.566+0000] {dagbag.py:536} INFO - Filling up the DagBag from /opt/airflow/dags/diabetes_stage1_ingest.py
[2025-11-09T00:19:11.111+0000] {processor.py:839} INFO - DAG(s) dict_keys(['diabetes_stage1_ingest']) retrieved from /opt/airflow/dags/diabetes_stage1_ingest.py
[2025-11-09T00:19:11.128+0000] {logging_mixin.py:154} INFO - [2025-11-09T00:19:11.128+0000] {dag.py:2941} INFO - Sync 1 DAGs
[2025-11-09T00:19:11.141+0000] {logging_mixin.py:154} INFO - [2025-11-09T00:19:11.141+0000] {dag.py:3722} INFO - Setting next_dagrun for diabetes_stage1_ingest to 2025-11-09T00:15:00+00:00, run_after=2025-11-09T00:20:00+00:00
[2025-11-09T00:19:11.151+0000] {processor.py:179} INFO - Processing /opt/airflow/dags/diabetes_stage1_ingest.py took 0.596 seconds
[2025-11-09T00:19:41.907+0000] {processor.py:157} INFO - Started process (PID=619) to work on /opt/airflow/dags/diabetes_stage1_ingest.py
[2025-11-09T00:19:41.909+0000] {processor.py:829} INFO - Processing file /opt/airflow/dags/diabetes_stage1_ingest.py for tasks to queue
[2025-11-09T00:19:41.911+0000] {logging_mixin.py:154} INFO - [2025-11-09T00:19:41.910+0000] {dagbag.py:536} INFO - Filling up the DagBag from /opt/airflow/dags/diabetes_stage1_ingest.py
[2025-11-09T00:19:42.468+0000] {processor.py:839} INFO - DAG(s) dict_keys(['diabetes_stage1_ingest']) retrieved from /opt/airflow/dags/diabetes_stage1_ingest.py
[2025-11-09T00:19:42.487+0000] {logging_mixin.py:154} INFO - [2025-11-09T00:19:42.487+0000] {dag.py:2941} INFO - Sync 1 DAGs
[2025-11-09T00:19:42.502+0000] {logging_mixin.py:154} INFO - [2025-11-09T00:19:42.502+0000] {dag.py:3722} INFO - Setting next_dagrun for diabetes_stage1_ingest to 2025-11-09T00:15:00+00:00, run_after=2025-11-09T00:20:00+00:00
[2025-11-09T00:19:42.512+0000] {processor.py:179} INFO - Processing /opt/airflow/dags/diabetes_stage1_ingest.py took 0.611 seconds
[2025-11-09T00:20:13.221+0000] {processor.py:157} INFO - Started process (PID=649) to work on /opt/airflow/dags/diabetes_stage1_ingest.py
[2025-11-09T00:20:13.222+0000] {processor.py:829} INFO - Processing file /opt/airflow/dags/diabetes_stage1_ingest.py for tasks to queue
[2025-11-09T00:20:13.223+0000] {logging_mixin.py:154} INFO - [2025-11-09T00:20:13.223+0000] {dagbag.py:536} INFO - Filling up the DagBag from /opt/airflow/dags/diabetes_stage1_ingest.py
[2025-11-09T00:20:13.803+0000] {processor.py:839} INFO - DAG(s) dict_keys(['diabetes_stage1_ingest']) retrieved from /opt/airflow/dags/diabetes_stage1_ingest.py
[2025-11-09T00:20:13.835+0000] {logging_mixin.py:154} INFO - [2025-11-09T00:20:13.834+0000] {dag.py:2941} INFO - Sync 1 DAGs
[2025-11-09T00:20:13.851+0000] {logging_mixin.py:154} INFO - [2025-11-09T00:20:13.851+0000] {dag.py:3722} INFO - Setting next_dagrun for diabetes_stage1_ingest to 2025-11-09T00:20:00+00:00, run_after=2025-11-09T00:25:00+00:00
[2025-11-09T00:20:13.865+0000] {processor.py:179} INFO - Processing /opt/airflow/dags/diabetes_stage1_ingest.py took 0.647 seconds
[2025-11-09T00:20:44.641+0000] {processor.py:157} INFO - Started process (PID=677) to work on /opt/airflow/dags/diabetes_stage1_ingest.py
[2025-11-09T00:20:44.686+0000] {processor.py:829} INFO - Processing file /opt/airflow/dags/diabetes_stage1_ingest.py for tasks to queue
[2025-11-09T00:20:44.718+0000] {logging_mixin.py:154} INFO - [2025-11-09T00:20:44.699+0000] {dagbag.py:536} INFO - Filling up the DagBag from /opt/airflow/dags/diabetes_stage1_ingest.py
[2025-11-09T00:20:48.900+0000] {processor.py:839} INFO - DAG(s) dict_keys(['diabetes_stage1_ingest']) retrieved from /opt/airflow/dags/diabetes_stage1_ingest.py
[2025-11-09T00:20:48.963+0000] {logging_mixin.py:154} INFO - [2025-11-09T00:20:48.961+0000] {dag.py:2941} INFO - Sync 1 DAGs
[2025-11-09T00:20:49.024+0000] {logging_mixin.py:154} INFO - [2025-11-09T00:20:49.023+0000] {dag.py:3722} INFO - Setting next_dagrun for diabetes_stage1_ingest to 2025-11-09T00:20:00+00:00, run_after=2025-11-09T00:25:00+00:00
[2025-11-09T00:20:49.115+0000] {processor.py:179} INFO - Processing /opt/airflow/dags/diabetes_stage1_ingest.py took 4.543 seconds
[2025-11-09T00:21:19.245+0000] {processor.py:157} INFO - Started process (PID=729) to work on /opt/airflow/dags/diabetes_stage1_ingest.py
[2025-11-09T00:21:19.247+0000] {processor.py:829} INFO - Processing file /opt/airflow/dags/diabetes_stage1_ingest.py for tasks to queue
[2025-11-09T00:21:19.251+0000] {logging_mixin.py:154} INFO - [2025-11-09T00:21:19.249+0000] {dagbag.py:536} INFO - Filling up the DagBag from /opt/airflow/dags/diabetes_stage1_ingest.py
[2025-11-09T00:21:19.909+0000] {processor.py:839} INFO - DAG(s) dict_keys(['diabetes_stage1_ingest']) retrieved from /opt/airflow/dags/diabetes_stage1_ingest.py
[2025-11-09T00:21:19.937+0000] {logging_mixin.py:154} INFO - [2025-11-09T00:21:19.937+0000] {dag.py:2941} INFO - Sync 1 DAGs
[2025-11-09T00:21:19.957+0000] {logging_mixin.py:154} INFO - [2025-11-09T00:21:19.957+0000] {dag.py:3722} INFO - Setting next_dagrun for diabetes_stage1_ingest to 2025-11-09T00:20:00+00:00, run_after=2025-11-09T00:25:00+00:00
[2025-11-09T00:21:19.967+0000] {processor.py:179} INFO - Processing /opt/airflow/dags/diabetes_stage1_ingest.py took 0.736 seconds
[2025-11-09T00:21:50.876+0000] {processor.py:157} INFO - Started process (PID=748) to work on /opt/airflow/dags/diabetes_stage1_ingest.py
[2025-11-09T00:21:50.878+0000] {processor.py:829} INFO - Processing file /opt/airflow/dags/diabetes_stage1_ingest.py for tasks to queue
[2025-11-09T00:21:50.881+0000] {logging_mixin.py:154} INFO - [2025-11-09T00:21:50.880+0000] {dagbag.py:536} INFO - Filling up the DagBag from /opt/airflow/dags/diabetes_stage1_ingest.py
[2025-11-09T00:21:51.599+0000] {processor.py:839} INFO - DAG(s) dict_keys(['diabetes_stage1_ingest']) retrieved from /opt/airflow/dags/diabetes_stage1_ingest.py
[2025-11-09T00:21:51.668+0000] {logging_mixin.py:154} INFO - [2025-11-09T00:21:51.667+0000] {dag.py:2941} INFO - Sync 1 DAGs
[2025-11-09T00:21:51.693+0000] {logging_mixin.py:154} INFO - [2025-11-09T00:21:51.692+0000] {dag.py:3722} INFO - Setting next_dagrun for diabetes_stage1_ingest to 2025-11-09T00:20:00+00:00, run_after=2025-11-09T00:25:00+00:00
[2025-11-09T00:21:51.707+0000] {processor.py:179} INFO - Processing /opt/airflow/dags/diabetes_stage1_ingest.py took 0.845 seconds
[2025-11-09T00:22:22.155+0000] {processor.py:157} INFO - Started process (PID=767) to work on /opt/airflow/dags/diabetes_stage1_ingest.py
[2025-11-09T00:22:22.157+0000] {processor.py:829} INFO - Processing file /opt/airflow/dags/diabetes_stage1_ingest.py for tasks to queue
[2025-11-09T00:22:22.159+0000] {logging_mixin.py:154} INFO - [2025-11-09T00:22:22.158+0000] {dagbag.py:536} INFO - Filling up the DagBag from /opt/airflow/dags/diabetes_stage1_ingest.py
[2025-11-09T00:22:22.791+0000] {processor.py:839} INFO - DAG(s) dict_keys(['diabetes_stage1_ingest']) retrieved from /opt/airflow/dags/diabetes_stage1_ingest.py
[2025-11-09T00:22:22.820+0000] {logging_mixin.py:154} INFO - [2025-11-09T00:22:22.819+0000] {dag.py:2941} INFO - Sync 1 DAGs
[2025-11-09T00:22:22.846+0000] {logging_mixin.py:154} INFO - [2025-11-09T00:22:22.846+0000] {dag.py:3722} INFO - Setting next_dagrun for diabetes_stage1_ingest to 2025-11-09T00:20:00+00:00, run_after=2025-11-09T00:25:00+00:00
[2025-11-09T00:22:22.862+0000] {processor.py:179} INFO - Processing /opt/airflow/dags/diabetes_stage1_ingest.py took 0.712 seconds
[2025-11-09T00:22:53.762+0000] {processor.py:157} INFO - Started process (PID=786) to work on /opt/airflow/dags/diabetes_stage1_ingest.py
[2025-11-09T00:22:53.767+0000] {processor.py:829} INFO - Processing file /opt/airflow/dags/diabetes_stage1_ingest.py for tasks to queue
[2025-11-09T00:22:53.769+0000] {logging_mixin.py:154} INFO - [2025-11-09T00:22:53.768+0000] {dagbag.py:536} INFO - Filling up the DagBag from /opt/airflow/dags/diabetes_stage1_ingest.py
[2025-11-09T00:22:54.387+0000] {processor.py:839} INFO - DAG(s) dict_keys(['diabetes_stage1_ingest']) retrieved from /opt/airflow/dags/diabetes_stage1_ingest.py
[2025-11-09T00:22:54.415+0000] {logging_mixin.py:154} INFO - [2025-11-09T00:22:54.415+0000] {dag.py:2941} INFO - Sync 1 DAGs
[2025-11-09T00:22:54.431+0000] {logging_mixin.py:154} INFO - [2025-11-09T00:22:54.431+0000] {dag.py:3722} INFO - Setting next_dagrun for diabetes_stage1_ingest to 2025-11-09T00:20:00+00:00, run_after=2025-11-09T00:25:00+00:00
[2025-11-09T00:22:54.441+0000] {processor.py:179} INFO - Processing /opt/airflow/dags/diabetes_stage1_ingest.py took 0.692 seconds
[2025-11-09T00:23:25.113+0000] {processor.py:157} INFO - Started process (PID=805) to work on /opt/airflow/dags/diabetes_stage1_ingest.py
[2025-11-09T00:23:25.115+0000] {processor.py:829} INFO - Processing file /opt/airflow/dags/diabetes_stage1_ingest.py for tasks to queue
[2025-11-09T00:23:25.117+0000] {logging_mixin.py:154} INFO - [2025-11-09T00:23:25.116+0000] {dagbag.py:536} INFO - Filling up the DagBag from /opt/airflow/dags/diabetes_stage1_ingest.py
[2025-11-09T00:23:25.785+0000] {processor.py:839} INFO - DAG(s) dict_keys(['diabetes_stage1_ingest']) retrieved from /opt/airflow/dags/diabetes_stage1_ingest.py
[2025-11-09T00:23:25.862+0000] {logging_mixin.py:154} INFO - [2025-11-09T00:23:25.861+0000] {dag.py:2941} INFO - Sync 1 DAGs
[2025-11-09T00:23:25.916+0000] {logging_mixin.py:154} INFO - [2025-11-09T00:23:25.915+0000] {dag.py:3722} INFO - Setting next_dagrun for diabetes_stage1_ingest to 2025-11-09T00:20:00+00:00, run_after=2025-11-09T00:25:00+00:00
[2025-11-09T00:23:25.984+0000] {processor.py:179} INFO - Processing /opt/airflow/dags/diabetes_stage1_ingest.py took 0.884 seconds
[2025-11-09T00:23:56.433+0000] {processor.py:157} INFO - Started process (PID=824) to work on /opt/airflow/dags/diabetes_stage1_ingest.py
[2025-11-09T00:23:56.436+0000] {processor.py:829} INFO - Processing file /opt/airflow/dags/diabetes_stage1_ingest.py for tasks to queue
[2025-11-09T00:23:56.437+0000] {logging_mixin.py:154} INFO - [2025-11-09T00:23:56.436+0000] {dagbag.py:536} INFO - Filling up the DagBag from /opt/airflow/dags/diabetes_stage1_ingest.py
[2025-11-09T00:23:56.961+0000] {processor.py:839} INFO - DAG(s) dict_keys(['diabetes_stage1_ingest']) retrieved from /opt/airflow/dags/diabetes_stage1_ingest.py
[2025-11-09T00:23:56.989+0000] {logging_mixin.py:154} INFO - [2025-11-09T00:23:56.989+0000] {dag.py:2941} INFO - Sync 1 DAGs
[2025-11-09T00:23:57.016+0000] {logging_mixin.py:154} INFO - [2025-11-09T00:23:57.015+0000] {dag.py:3722} INFO - Setting next_dagrun for diabetes_stage1_ingest to 2025-11-09T00:20:00+00:00, run_after=2025-11-09T00:25:00+00:00
[2025-11-09T00:23:57.028+0000] {processor.py:179} INFO - Processing /opt/airflow/dags/diabetes_stage1_ingest.py took 0.601 seconds
[2025-11-09T00:24:27.309+0000] {processor.py:157} INFO - Started process (PID=843) to work on /opt/airflow/dags/diabetes_stage1_ingest.py
[2025-11-09T00:24:27.311+0000] {processor.py:829} INFO - Processing file /opt/airflow/dags/diabetes_stage1_ingest.py for tasks to queue
[2025-11-09T00:24:27.315+0000] {logging_mixin.py:154} INFO - [2025-11-09T00:24:27.314+0000] {dagbag.py:536} INFO - Filling up the DagBag from /opt/airflow/dags/diabetes_stage1_ingest.py
[2025-11-09T00:24:27.794+0000] {processor.py:839} INFO - DAG(s) dict_keys(['diabetes_stage1_ingest']) retrieved from /opt/airflow/dags/diabetes_stage1_ingest.py
[2025-11-09T00:24:27.821+0000] {logging_mixin.py:154} INFO - [2025-11-09T00:24:27.820+0000] {dag.py:2941} INFO - Sync 1 DAGs
[2025-11-09T00:24:27.839+0000] {logging_mixin.py:154} INFO - [2025-11-09T00:24:27.839+0000] {dag.py:3722} INFO - Setting next_dagrun for diabetes_stage1_ingest to 2025-11-09T00:20:00+00:00, run_after=2025-11-09T00:25:00+00:00
[2025-11-09T00:24:27.850+0000] {processor.py:179} INFO - Processing /opt/airflow/dags/diabetes_stage1_ingest.py took 0.548 seconds
[2025-11-09T00:24:58.615+0000] {processor.py:157} INFO - Started process (PID=862) to work on /opt/airflow/dags/diabetes_stage1_ingest.py
[2025-11-09T00:24:58.618+0000] {processor.py:829} INFO - Processing file /opt/airflow/dags/diabetes_stage1_ingest.py for tasks to queue
[2025-11-09T00:24:58.620+0000] {logging_mixin.py:154} INFO - [2025-11-09T00:24:58.619+0000] {dagbag.py:536} INFO - Filling up the DagBag from /opt/airflow/dags/diabetes_stage1_ingest.py
[2025-11-09T00:24:59.253+0000] {processor.py:839} INFO - DAG(s) dict_keys(['diabetes_stage1_ingest']) retrieved from /opt/airflow/dags/diabetes_stage1_ingest.py
[2025-11-09T00:24:59.277+0000] {logging_mixin.py:154} INFO - [2025-11-09T00:24:59.277+0000] {dag.py:2941} INFO - Sync 1 DAGs
[2025-11-09T00:24:59.295+0000] {logging_mixin.py:154} INFO - [2025-11-09T00:24:59.295+0000] {dag.py:3722} INFO - Setting next_dagrun for diabetes_stage1_ingest to 2025-11-09T00:20:00+00:00, run_after=2025-11-09T00:25:00+00:00
[2025-11-09T00:24:59.306+0000] {processor.py:179} INFO - Processing /opt/airflow/dags/diabetes_stage1_ingest.py took 0.700 seconds
[2025-11-09T00:25:29.785+0000] {processor.py:157} INFO - Started process (PID=884) to work on /opt/airflow/dags/diabetes_stage1_ingest.py
[2025-11-09T00:25:29.787+0000] {processor.py:829} INFO - Processing file /opt/airflow/dags/diabetes_stage1_ingest.py for tasks to queue
[2025-11-09T00:25:29.790+0000] {logging_mixin.py:154} INFO - [2025-11-09T00:25:29.788+0000] {dagbag.py:536} INFO - Filling up the DagBag from /opt/airflow/dags/diabetes_stage1_ingest.py
[2025-11-09T00:25:30.460+0000] {processor.py:839} INFO - DAG(s) dict_keys(['diabetes_stage1_ingest']) retrieved from /opt/airflow/dags/diabetes_stage1_ingest.py
[2025-11-09T00:25:30.482+0000] {logging_mixin.py:154} INFO - [2025-11-09T00:25:30.481+0000] {dag.py:2941} INFO - Sync 1 DAGs
[2025-11-09T00:25:30.509+0000] {processor.py:179} INFO - Processing /opt/airflow/dags/diabetes_stage1_ingest.py took 0.732 seconds
[2025-11-09T00:26:01.269+0000] {processor.py:157} INFO - Started process (PID=903) to work on /opt/airflow/dags/diabetes_stage1_ingest.py
[2025-11-09T00:26:01.271+0000] {processor.py:829} INFO - Processing file /opt/airflow/dags/diabetes_stage1_ingest.py for tasks to queue
[2025-11-09T00:26:01.273+0000] {logging_mixin.py:154} INFO - [2025-11-09T00:26:01.272+0000] {dagbag.py:536} INFO - Filling up the DagBag from /opt/airflow/dags/diabetes_stage1_ingest.py
[2025-11-09T00:26:01.808+0000] {processor.py:839} INFO - DAG(s) dict_keys(['diabetes_stage1_ingest']) retrieved from /opt/airflow/dags/diabetes_stage1_ingest.py
[2025-11-09T00:26:01.824+0000] {logging_mixin.py:154} INFO - [2025-11-09T00:26:01.824+0000] {dag.py:2941} INFO - Sync 1 DAGs
[2025-11-09T00:26:01.854+0000] {processor.py:179} INFO - Processing /opt/airflow/dags/diabetes_stage1_ingest.py took 0.590 seconds
[2025-11-09T00:26:32.639+0000] {processor.py:157} INFO - Started process (PID=925) to work on /opt/airflow/dags/diabetes_stage1_ingest.py
[2025-11-09T00:26:32.642+0000] {processor.py:829} INFO - Processing file /opt/airflow/dags/diabetes_stage1_ingest.py for tasks to queue
[2025-11-09T00:26:32.645+0000] {logging_mixin.py:154} INFO - [2025-11-09T00:26:32.644+0000] {dagbag.py:536} INFO - Filling up the DagBag from /opt/airflow/dags/diabetes_stage1_ingest.py
[2025-11-09T00:26:33.159+0000] {processor.py:839} INFO - DAG(s) dict_keys(['diabetes_stage1_ingest']) retrieved from /opt/airflow/dags/diabetes_stage1_ingest.py
[2025-11-09T00:26:33.175+0000] {logging_mixin.py:154} INFO - [2025-11-09T00:26:33.175+0000] {dag.py:2941} INFO - Sync 1 DAGs
[2025-11-09T00:26:33.191+0000] {logging_mixin.py:154} INFO - [2025-11-09T00:26:33.191+0000] {dag.py:3722} INFO - Setting next_dagrun for diabetes_stage1_ingest to 2025-11-09T00:25:00+00:00, run_after=2025-11-09T00:30:00+00:00
[2025-11-09T00:26:33.200+0000] {processor.py:179} INFO - Processing /opt/airflow/dags/diabetes_stage1_ingest.py took 0.570 seconds
[2025-11-09T00:27:04.038+0000] {processor.py:157} INFO - Started process (PID=944) to work on /opt/airflow/dags/diabetes_stage1_ingest.py
[2025-11-09T00:27:04.040+0000] {processor.py:829} INFO - Processing file /opt/airflow/dags/diabetes_stage1_ingest.py for tasks to queue
[2025-11-09T00:27:04.041+0000] {logging_mixin.py:154} INFO - [2025-11-09T00:27:04.041+0000] {dagbag.py:536} INFO - Filling up the DagBag from /opt/airflow/dags/diabetes_stage1_ingest.py
[2025-11-09T00:27:04.632+0000] {processor.py:839} INFO - DAG(s) dict_keys(['diabetes_stage1_ingest']) retrieved from /opt/airflow/dags/diabetes_stage1_ingest.py
[2025-11-09T00:27:04.654+0000] {logging_mixin.py:154} INFO - [2025-11-09T00:27:04.653+0000] {dag.py:2941} INFO - Sync 1 DAGs
[2025-11-09T00:27:04.672+0000] {logging_mixin.py:154} INFO - [2025-11-09T00:27:04.672+0000] {dag.py:3722} INFO - Setting next_dagrun for diabetes_stage1_ingest to 2025-11-09T00:25:00+00:00, run_after=2025-11-09T00:30:00+00:00
[2025-11-09T00:27:04.683+0000] {processor.py:179} INFO - Processing /opt/airflow/dags/diabetes_stage1_ingest.py took 0.650 seconds
[2025-11-09T00:27:34.995+0000] {processor.py:157} INFO - Started process (PID=963) to work on /opt/airflow/dags/diabetes_stage1_ingest.py
[2025-11-09T00:27:34.996+0000] {processor.py:829} INFO - Processing file /opt/airflow/dags/diabetes_stage1_ingest.py for tasks to queue
[2025-11-09T00:27:34.999+0000] {logging_mixin.py:154} INFO - [2025-11-09T00:27:34.997+0000] {dagbag.py:536} INFO - Filling up the DagBag from /opt/airflow/dags/diabetes_stage1_ingest.py
[2025-11-09T00:27:35.601+0000] {processor.py:839} INFO - DAG(s) dict_keys(['diabetes_stage1_ingest']) retrieved from /opt/airflow/dags/diabetes_stage1_ingest.py
[2025-11-09T00:27:35.624+0000] {logging_mixin.py:154} INFO - [2025-11-09T00:27:35.624+0000] {dag.py:2941} INFO - Sync 1 DAGs
[2025-11-09T00:27:35.642+0000] {logging_mixin.py:154} INFO - [2025-11-09T00:27:35.642+0000] {dag.py:3722} INFO - Setting next_dagrun for diabetes_stage1_ingest to 2025-11-09T00:25:00+00:00, run_after=2025-11-09T00:30:00+00:00
[2025-11-09T00:27:35.654+0000] {processor.py:179} INFO - Processing /opt/airflow/dags/diabetes_stage1_ingest.py took 0.670 seconds
[2025-11-09T00:28:05.747+0000] {processor.py:157} INFO - Started process (PID=982) to work on /opt/airflow/dags/diabetes_stage1_ingest.py
[2025-11-09T00:28:05.750+0000] {processor.py:829} INFO - Processing file /opt/airflow/dags/diabetes_stage1_ingest.py for tasks to queue
[2025-11-09T00:28:05.752+0000] {logging_mixin.py:154} INFO - [2025-11-09T00:28:05.751+0000] {dagbag.py:536} INFO - Filling up the DagBag from /opt/airflow/dags/diabetes_stage1_ingest.py
[2025-11-09T00:28:06.328+0000] {processor.py:839} INFO - DAG(s) dict_keys(['diabetes_stage1_ingest']) retrieved from /opt/airflow/dags/diabetes_stage1_ingest.py
[2025-11-09T00:28:06.351+0000] {logging_mixin.py:154} INFO - [2025-11-09T00:28:06.351+0000] {dag.py:2941} INFO - Sync 1 DAGs
[2025-11-09T00:28:06.365+0000] {logging_mixin.py:154} INFO - [2025-11-09T00:28:06.365+0000] {dag.py:3722} INFO - Setting next_dagrun for diabetes_stage1_ingest to 2025-11-09T00:25:00+00:00, run_after=2025-11-09T00:30:00+00:00
[2025-11-09T00:28:06.375+0000] {processor.py:179} INFO - Processing /opt/airflow/dags/diabetes_stage1_ingest.py took 0.642 seconds
[2025-11-09T00:28:36.713+0000] {processor.py:157} INFO - Started process (PID=1001) to work on /opt/airflow/dags/diabetes_stage1_ingest.py
[2025-11-09T00:28:36.716+0000] {processor.py:829} INFO - Processing file /opt/airflow/dags/diabetes_stage1_ingest.py for tasks to queue
[2025-11-09T00:28:36.717+0000] {logging_mixin.py:154} INFO - [2025-11-09T00:28:36.716+0000] {dagbag.py:536} INFO - Filling up the DagBag from /opt/airflow/dags/diabetes_stage1_ingest.py
[2025-11-09T00:28:37.248+0000] {processor.py:839} INFO - DAG(s) dict_keys(['diabetes_stage1_ingest']) retrieved from /opt/airflow/dags/diabetes_stage1_ingest.py
[2025-11-09T00:28:37.272+0000] {logging_mixin.py:154} INFO - [2025-11-09T00:28:37.272+0000] {dag.py:2941} INFO - Sync 1 DAGs
[2025-11-09T00:28:37.285+0000] {logging_mixin.py:154} INFO - [2025-11-09T00:28:37.285+0000] {dag.py:3722} INFO - Setting next_dagrun for diabetes_stage1_ingest to 2025-11-09T00:25:00+00:00, run_after=2025-11-09T00:30:00+00:00
[2025-11-09T00:28:37.294+0000] {processor.py:179} INFO - Processing /opt/airflow/dags/diabetes_stage1_ingest.py took 0.591 seconds
[2025-11-09T00:29:07.594+0000] {processor.py:157} INFO - Started process (PID=1020) to work on /opt/airflow/dags/diabetes_stage1_ingest.py
[2025-11-09T00:29:07.600+0000] {processor.py:829} INFO - Processing file /opt/airflow/dags/diabetes_stage1_ingest.py for tasks to queue
[2025-11-09T00:29:07.602+0000] {logging_mixin.py:154} INFO - [2025-11-09T00:29:07.601+0000] {dagbag.py:536} INFO - Filling up the DagBag from /opt/airflow/dags/diabetes_stage1_ingest.py
[2025-11-09T00:29:08.094+0000] {processor.py:839} INFO - DAG(s) dict_keys(['diabetes_stage1_ingest']) retrieved from /opt/airflow/dags/diabetes_stage1_ingest.py
[2025-11-09T00:29:08.115+0000] {logging_mixin.py:154} INFO - [2025-11-09T00:29:08.115+0000] {dag.py:2941} INFO - Sync 1 DAGs
[2025-11-09T00:29:08.128+0000] {logging_mixin.py:154} INFO - [2025-11-09T00:29:08.128+0000] {dag.py:3722} INFO - Setting next_dagrun for diabetes_stage1_ingest to 2025-11-09T00:25:00+00:00, run_after=2025-11-09T00:30:00+00:00
[2025-11-09T00:29:08.139+0000] {processor.py:179} INFO - Processing /opt/airflow/dags/diabetes_stage1_ingest.py took 0.553 seconds
[2025-11-09T00:29:38.433+0000] {processor.py:157} INFO - Started process (PID=1039) to work on /opt/airflow/dags/diabetes_stage1_ingest.py
[2025-11-09T00:29:38.435+0000] {processor.py:829} INFO - Processing file /opt/airflow/dags/diabetes_stage1_ingest.py for tasks to queue
[2025-11-09T00:29:38.436+0000] {logging_mixin.py:154} INFO - [2025-11-09T00:29:38.436+0000] {dagbag.py:536} INFO - Filling up the DagBag from /opt/airflow/dags/diabetes_stage1_ingest.py
[2025-11-09T00:29:38.944+0000] {processor.py:839} INFO - DAG(s) dict_keys(['diabetes_stage1_ingest']) retrieved from /opt/airflow/dags/diabetes_stage1_ingest.py
[2025-11-09T00:29:38.966+0000] {logging_mixin.py:154} INFO - [2025-11-09T00:29:38.966+0000] {dag.py:2941} INFO - Sync 1 DAGs
[2025-11-09T00:29:38.980+0000] {logging_mixin.py:154} INFO - [2025-11-09T00:29:38.980+0000] {dag.py:3722} INFO - Setting next_dagrun for diabetes_stage1_ingest to 2025-11-09T00:25:00+00:00, run_after=2025-11-09T00:30:00+00:00
[2025-11-09T00:29:38.992+0000] {processor.py:179} INFO - Processing /opt/airflow/dags/diabetes_stage1_ingest.py took 0.567 seconds
[2025-11-09T00:30:09.172+0000] {processor.py:157} INFO - Started process (PID=1061) to work on /opt/airflow/dags/diabetes_stage1_ingest.py
[2025-11-09T00:30:09.173+0000] {processor.py:829} INFO - Processing file /opt/airflow/dags/diabetes_stage1_ingest.py for tasks to queue
[2025-11-09T00:30:09.175+0000] {logging_mixin.py:154} INFO - [2025-11-09T00:30:09.174+0000] {dagbag.py:536} INFO - Filling up the DagBag from /opt/airflow/dags/diabetes_stage1_ingest.py
[2025-11-09T00:30:09.509+0000] {processor.py:839} INFO - DAG(s) dict_keys(['diabetes_stage1_ingest']) retrieved from /opt/airflow/dags/diabetes_stage1_ingest.py
[2025-11-09T00:30:09.573+0000] {logging_mixin.py:154} INFO - [2025-11-09T00:30:09.567+0000] {dag.py:2941} INFO - Sync 1 DAGs
[2025-11-09T00:30:09.822+0000] {processor.py:179} INFO - Processing /opt/airflow/dags/diabetes_stage1_ingest.py took 0.658 seconds
[2025-11-09T00:30:40.481+0000] {processor.py:157} INFO - Started process (PID=1080) to work on /opt/airflow/dags/diabetes_stage1_ingest.py
[2025-11-09T00:30:40.482+0000] {processor.py:829} INFO - Processing file /opt/airflow/dags/diabetes_stage1_ingest.py for tasks to queue
[2025-11-09T00:30:40.483+0000] {logging_mixin.py:154} INFO - [2025-11-09T00:30:40.482+0000] {dagbag.py:536} INFO - Filling up the DagBag from /opt/airflow/dags/diabetes_stage1_ingest.py
[2025-11-09T00:30:41.008+0000] {processor.py:839} INFO - DAG(s) dict_keys(['diabetes_stage1_ingest']) retrieved from /opt/airflow/dags/diabetes_stage1_ingest.py
[2025-11-09T00:30:41.024+0000] {logging_mixin.py:154} INFO - [2025-11-09T00:30:41.024+0000] {dag.py:2941} INFO - Sync 1 DAGs
[2025-11-09T00:30:41.048+0000] {processor.py:179} INFO - Processing /opt/airflow/dags/diabetes_stage1_ingest.py took 0.573 seconds
[2025-11-09T00:40:34.092+0000] {processor.py:157} INFO - Started process (PID=1088) to work on /opt/airflow/dags/diabetes_stage1_ingest.py
[2025-11-09T00:40:34.095+0000] {processor.py:829} INFO - Processing file /opt/airflow/dags/diabetes_stage1_ingest.py for tasks to queue
[2025-11-09T00:40:34.100+0000] {logging_mixin.py:154} INFO - [2025-11-09T00:40:34.099+0000] {dagbag.py:536} INFO - Filling up the DagBag from /opt/airflow/dags/diabetes_stage1_ingest.py
[2025-11-09T00:40:34.928+0000] {processor.py:839} INFO - DAG(s) dict_keys(['diabetes_stage1_ingest']) retrieved from /opt/airflow/dags/diabetes_stage1_ingest.py
[2025-11-09T00:40:35.019+0000] {logging_mixin.py:154} INFO - [2025-11-09T00:40:35.018+0000] {dag.py:2941} INFO - Sync 1 DAGs
[2025-11-09T00:40:35.163+0000] {processor.py:179} INFO - Processing /opt/airflow/dags/diabetes_stage1_ingest.py took 1.079 seconds
[2025-11-09T00:41:05.581+0000] {processor.py:157} INFO - Started process (PID=1113) to work on /opt/airflow/dags/diabetes_stage1_ingest.py
[2025-11-09T00:41:05.584+0000] {processor.py:829} INFO - Processing file /opt/airflow/dags/diabetes_stage1_ingest.py for tasks to queue
[2025-11-09T00:41:05.585+0000] {logging_mixin.py:154} INFO - [2025-11-09T00:41:05.584+0000] {dagbag.py:536} INFO - Filling up the DagBag from /opt/airflow/dags/diabetes_stage1_ingest.py
[2025-11-09T00:41:06.130+0000] {processor.py:839} INFO - DAG(s) dict_keys(['diabetes_stage1_ingest']) retrieved from /opt/airflow/dags/diabetes_stage1_ingest.py
[2025-11-09T00:41:06.145+0000] {logging_mixin.py:154} INFO - [2025-11-09T00:41:06.144+0000] {dag.py:2941} INFO - Sync 1 DAGs
[2025-11-09T00:41:06.164+0000] {processor.py:179} INFO - Processing /opt/airflow/dags/diabetes_stage1_ingest.py took 0.603 seconds
[2025-11-09T00:41:36.281+0000] {processor.py:157} INFO - Started process (PID=1132) to work on /opt/airflow/dags/diabetes_stage1_ingest.py
[2025-11-09T00:41:36.283+0000] {processor.py:829} INFO - Processing file /opt/airflow/dags/diabetes_stage1_ingest.py for tasks to queue
[2025-11-09T00:41:36.284+0000] {logging_mixin.py:154} INFO - [2025-11-09T00:41:36.284+0000] {dagbag.py:536} INFO - Filling up the DagBag from /opt/airflow/dags/diabetes_stage1_ingest.py
[2025-11-09T00:41:36.789+0000] {processor.py:839} INFO - DAG(s) dict_keys(['diabetes_stage1_ingest']) retrieved from /opt/airflow/dags/diabetes_stage1_ingest.py
[2025-11-09T00:41:36.806+0000] {logging_mixin.py:154} INFO - [2025-11-09T00:41:36.806+0000] {dag.py:2941} INFO - Sync 1 DAGs
[2025-11-09T00:41:36.825+0000] {processor.py:179} INFO - Processing /opt/airflow/dags/diabetes_stage1_ingest.py took 0.552 seconds
[2025-11-09T00:42:07.166+0000] {processor.py:157} INFO - Started process (PID=1154) to work on /opt/airflow/dags/diabetes_stage1_ingest.py
[2025-11-09T00:42:07.169+0000] {processor.py:829} INFO - Processing file /opt/airflow/dags/diabetes_stage1_ingest.py for tasks to queue
[2025-11-09T00:42:07.173+0000] {logging_mixin.py:154} INFO - [2025-11-09T00:42:07.171+0000] {dagbag.py:536} INFO - Filling up the DagBag from /opt/airflow/dags/diabetes_stage1_ingest.py
[2025-11-09T00:42:07.694+0000] {processor.py:839} INFO - DAG(s) dict_keys(['diabetes_stage1_ingest']) retrieved from /opt/airflow/dags/diabetes_stage1_ingest.py
[2025-11-09T00:42:07.713+0000] {logging_mixin.py:154} INFO - [2025-11-09T00:42:07.713+0000] {dag.py:2941} INFO - Sync 1 DAGs
[2025-11-09T00:42:07.725+0000] {logging_mixin.py:154} INFO - [2025-11-09T00:42:07.725+0000] {dag.py:3722} INFO - Setting next_dagrun for diabetes_stage1_ingest to 2025-11-09T00:40:00+00:00, run_after=2025-11-09T00:45:00+00:00
[2025-11-09T00:42:07.734+0000] {processor.py:179} INFO - Processing /opt/airflow/dags/diabetes_stage1_ingest.py took 0.582 seconds
[2025-11-09T00:42:38.052+0000] {processor.py:157} INFO - Started process (PID=1173) to work on /opt/airflow/dags/diabetes_stage1_ingest.py
[2025-11-09T00:42:38.054+0000] {processor.py:829} INFO - Processing file /opt/airflow/dags/diabetes_stage1_ingest.py for tasks to queue
[2025-11-09T00:42:38.055+0000] {logging_mixin.py:154} INFO - [2025-11-09T00:42:38.055+0000] {dagbag.py:536} INFO - Filling up the DagBag from /opt/airflow/dags/diabetes_stage1_ingest.py
[2025-11-09T00:42:38.550+0000] {processor.py:839} INFO - DAG(s) dict_keys(['diabetes_stage1_ingest']) retrieved from /opt/airflow/dags/diabetes_stage1_ingest.py
[2025-11-09T00:42:38.564+0000] {logging_mixin.py:154} INFO - [2025-11-09T00:42:38.563+0000] {dag.py:2941} INFO - Sync 1 DAGs
[2025-11-09T00:42:38.578+0000] {logging_mixin.py:154} INFO - [2025-11-09T00:42:38.578+0000] {dag.py:3722} INFO - Setting next_dagrun for diabetes_stage1_ingest to 2025-11-09T00:40:00+00:00, run_after=2025-11-09T00:45:00+00:00
[2025-11-09T00:42:38.586+0000] {processor.py:179} INFO - Processing /opt/airflow/dags/diabetes_stage1_ingest.py took 0.543 seconds
[2025-11-09T00:43:08.799+0000] {processor.py:157} INFO - Started process (PID=1192) to work on /opt/airflow/dags/diabetes_stage1_ingest.py
[2025-11-09T00:43:08.803+0000] {processor.py:829} INFO - Processing file /opt/airflow/dags/diabetes_stage1_ingest.py for tasks to queue
[2025-11-09T00:43:08.805+0000] {logging_mixin.py:154} INFO - [2025-11-09T00:43:08.805+0000] {dagbag.py:536} INFO - Filling up the DagBag from /opt/airflow/dags/diabetes_stage1_ingest.py
[2025-11-09T00:43:09.415+0000] {processor.py:839} INFO - DAG(s) dict_keys(['diabetes_stage1_ingest']) retrieved from /opt/airflow/dags/diabetes_stage1_ingest.py
[2025-11-09T00:43:09.433+0000] {logging_mixin.py:154} INFO - [2025-11-09T00:43:09.432+0000] {dag.py:2941} INFO - Sync 1 DAGs
[2025-11-09T00:43:09.448+0000] {logging_mixin.py:154} INFO - [2025-11-09T00:43:09.448+0000] {dag.py:3722} INFO - Setting next_dagrun for diabetes_stage1_ingest to 2025-11-09T00:40:00+00:00, run_after=2025-11-09T00:45:00+00:00
[2025-11-09T00:43:09.458+0000] {processor.py:179} INFO - Processing /opt/airflow/dags/diabetes_stage1_ingest.py took 0.673 seconds
[2025-11-09T00:43:40.426+0000] {processor.py:157} INFO - Started process (PID=1211) to work on /opt/airflow/dags/diabetes_stage1_ingest.py
[2025-11-09T00:43:40.429+0000] {processor.py:829} INFO - Processing file /opt/airflow/dags/diabetes_stage1_ingest.py for tasks to queue
[2025-11-09T00:43:40.431+0000] {logging_mixin.py:154} INFO - [2025-11-09T00:43:40.430+0000] {dagbag.py:536} INFO - Filling up the DagBag from /opt/airflow/dags/diabetes_stage1_ingest.py
[2025-11-09T00:43:41.834+0000] {processor.py:839} INFO - DAG(s) dict_keys(['diabetes_stage1_ingest']) retrieved from /opt/airflow/dags/diabetes_stage1_ingest.py
[2025-11-09T00:43:41.870+0000] {logging_mixin.py:154} INFO - [2025-11-09T00:43:41.870+0000] {dag.py:2941} INFO - Sync 1 DAGs
[2025-11-09T00:43:41.899+0000] {logging_mixin.py:154} INFO - [2025-11-09T00:43:41.899+0000] {dag.py:3722} INFO - Setting next_dagrun for diabetes_stage1_ingest to 2025-11-09T00:40:00+00:00, run_after=2025-11-09T00:45:00+00:00
[2025-11-09T00:43:41.912+0000] {processor.py:179} INFO - Processing /opt/airflow/dags/diabetes_stage1_ingest.py took 1.529 seconds
[2025-11-09T00:44:12.809+0000] {processor.py:157} INFO - Started process (PID=1230) to work on /opt/airflow/dags/diabetes_stage1_ingest.py
[2025-11-09T00:44:12.811+0000] {processor.py:829} INFO - Processing file /opt/airflow/dags/diabetes_stage1_ingest.py for tasks to queue
[2025-11-09T00:44:12.813+0000] {logging_mixin.py:154} INFO - [2025-11-09T00:44:12.813+0000] {dagbag.py:536} INFO - Filling up the DagBag from /opt/airflow/dags/diabetes_stage1_ingest.py
[2025-11-09T00:44:13.323+0000] {processor.py:839} INFO - DAG(s) dict_keys(['diabetes_stage1_ingest']) retrieved from /opt/airflow/dags/diabetes_stage1_ingest.py
[2025-11-09T00:44:13.347+0000] {logging_mixin.py:154} INFO - [2025-11-09T00:44:13.346+0000] {dag.py:2941} INFO - Sync 1 DAGs
[2025-11-09T00:44:13.362+0000] {logging_mixin.py:154} INFO - [2025-11-09T00:44:13.362+0000] {dag.py:3722} INFO - Setting next_dagrun for diabetes_stage1_ingest to 2025-11-09T00:40:00+00:00, run_after=2025-11-09T00:45:00+00:00
[2025-11-09T00:44:13.370+0000] {processor.py:179} INFO - Processing /opt/airflow/dags/diabetes_stage1_ingest.py took 0.577 seconds
[2025-11-09T00:44:43.686+0000] {processor.py:157} INFO - Started process (PID=1249) to work on /opt/airflow/dags/diabetes_stage1_ingest.py
[2025-11-09T00:44:43.690+0000] {processor.py:829} INFO - Processing file /opt/airflow/dags/diabetes_stage1_ingest.py for tasks to queue
[2025-11-09T00:44:43.693+0000] {logging_mixin.py:154} INFO - [2025-11-09T00:44:43.692+0000] {dagbag.py:536} INFO - Filling up the DagBag from /opt/airflow/dags/diabetes_stage1_ingest.py
[2025-11-09T00:44:44.228+0000] {processor.py:839} INFO - DAG(s) dict_keys(['diabetes_stage1_ingest']) retrieved from /opt/airflow/dags/diabetes_stage1_ingest.py
[2025-11-09T00:44:44.242+0000] {logging_mixin.py:154} INFO - [2025-11-09T00:44:44.242+0000] {dag.py:2941} INFO - Sync 1 DAGs
[2025-11-09T00:44:44.253+0000] {logging_mixin.py:154} INFO - [2025-11-09T00:44:44.253+0000] {dag.py:3722} INFO - Setting next_dagrun for diabetes_stage1_ingest to 2025-11-09T00:40:00+00:00, run_after=2025-11-09T00:45:00+00:00
[2025-11-09T00:44:44.263+0000] {processor.py:179} INFO - Processing /opt/airflow/dags/diabetes_stage1_ingest.py took 0.585 seconds
[2025-11-09T00:45:14.583+0000] {processor.py:157} INFO - Started process (PID=1271) to work on /opt/airflow/dags/diabetes_stage1_ingest.py
[2025-11-09T00:45:14.586+0000] {processor.py:829} INFO - Processing file /opt/airflow/dags/diabetes_stage1_ingest.py for tasks to queue
[2025-11-09T00:45:14.587+0000] {logging_mixin.py:154} INFO - [2025-11-09T00:45:14.587+0000] {dagbag.py:536} INFO - Filling up the DagBag from /opt/airflow/dags/diabetes_stage1_ingest.py
[2025-11-09T00:45:15.089+0000] {processor.py:839} INFO - DAG(s) dict_keys(['diabetes_stage1_ingest']) retrieved from /opt/airflow/dags/diabetes_stage1_ingest.py
[2025-11-09T00:45:15.102+0000] {logging_mixin.py:154} INFO - [2025-11-09T00:45:15.102+0000] {dag.py:2941} INFO - Sync 1 DAGs
[2025-11-09T00:45:15.122+0000] {processor.py:179} INFO - Processing /opt/airflow/dags/diabetes_stage1_ingest.py took 0.554 seconds
[2025-11-09T00:45:45.391+0000] {processor.py:157} INFO - Started process (PID=1290) to work on /opt/airflow/dags/diabetes_stage1_ingest.py
[2025-11-09T00:45:45.395+0000] {processor.py:829} INFO - Processing file /opt/airflow/dags/diabetes_stage1_ingest.py for tasks to queue
[2025-11-09T00:45:45.397+0000] {logging_mixin.py:154} INFO - [2025-11-09T00:45:45.396+0000] {dagbag.py:536} INFO - Filling up the DagBag from /opt/airflow/dags/diabetes_stage1_ingest.py
[2025-11-09T00:45:45.896+0000] {processor.py:839} INFO - DAG(s) dict_keys(['diabetes_stage1_ingest']) retrieved from /opt/airflow/dags/diabetes_stage1_ingest.py
[2025-11-09T00:45:45.910+0000] {logging_mixin.py:154} INFO - [2025-11-09T00:45:45.910+0000] {dag.py:2941} INFO - Sync 1 DAGs
[2025-11-09T00:45:45.927+0000] {processor.py:179} INFO - Processing /opt/airflow/dags/diabetes_stage1_ingest.py took 0.552 seconds
[2025-11-09T00:46:16.030+0000] {processor.py:157} INFO - Started process (PID=1312) to work on /opt/airflow/dags/diabetes_stage1_ingest.py
[2025-11-09T00:46:16.037+0000] {processor.py:829} INFO - Processing file /opt/airflow/dags/diabetes_stage1_ingest.py for tasks to queue
[2025-11-09T00:46:16.040+0000] {logging_mixin.py:154} INFO - [2025-11-09T00:46:16.039+0000] {dagbag.py:536} INFO - Filling up the DagBag from /opt/airflow/dags/diabetes_stage1_ingest.py
[2025-11-09T00:46:16.523+0000] {processor.py:839} INFO - DAG(s) dict_keys(['diabetes_stage1_ingest']) retrieved from /opt/airflow/dags/diabetes_stage1_ingest.py
[2025-11-09T00:46:16.536+0000] {logging_mixin.py:154} INFO - [2025-11-09T00:46:16.536+0000] {dag.py:2941} INFO - Sync 1 DAGs
[2025-11-09T00:46:16.548+0000] {logging_mixin.py:154} INFO - [2025-11-09T00:46:16.548+0000] {dag.py:3722} INFO - Setting next_dagrun for diabetes_stage1_ingest to 2025-11-09T00:45:00+00:00, run_after=2025-11-09T00:50:00+00:00
[2025-11-09T00:46:16.556+0000] {processor.py:179} INFO - Processing /opt/airflow/dags/diabetes_stage1_ingest.py took 0.537 seconds
[2025-11-09T00:46:46.649+0000] {processor.py:157} INFO - Started process (PID=1331) to work on /opt/airflow/dags/diabetes_stage1_ingest.py
[2025-11-09T00:46:46.651+0000] {processor.py:829} INFO - Processing file /opt/airflow/dags/diabetes_stage1_ingest.py for tasks to queue
[2025-11-09T00:46:46.652+0000] {logging_mixin.py:154} INFO - [2025-11-09T00:46:46.652+0000] {dagbag.py:536} INFO - Filling up the DagBag from /opt/airflow/dags/diabetes_stage1_ingest.py
[2025-11-09T00:46:47.160+0000] {processor.py:839} INFO - DAG(s) dict_keys(['diabetes_stage1_ingest']) retrieved from /opt/airflow/dags/diabetes_stage1_ingest.py
[2025-11-09T00:46:47.183+0000] {logging_mixin.py:154} INFO - [2025-11-09T00:46:47.182+0000] {dag.py:2941} INFO - Sync 1 DAGs
[2025-11-09T00:46:47.201+0000] {logging_mixin.py:154} INFO - [2025-11-09T00:46:47.201+0000] {dag.py:3722} INFO - Setting next_dagrun for diabetes_stage1_ingest to 2025-11-09T00:45:00+00:00, run_after=2025-11-09T00:50:00+00:00
[2025-11-09T00:46:47.209+0000] {processor.py:179} INFO - Processing /opt/airflow/dags/diabetes_stage1_ingest.py took 0.566 seconds
[2025-11-09T00:47:17.594+0000] {processor.py:157} INFO - Started process (PID=1350) to work on /opt/airflow/dags/diabetes_stage1_ingest.py
[2025-11-09T00:47:17.597+0000] {processor.py:829} INFO - Processing file /opt/airflow/dags/diabetes_stage1_ingest.py for tasks to queue
[2025-11-09T00:47:17.598+0000] {logging_mixin.py:154} INFO - [2025-11-09T00:47:17.598+0000] {dagbag.py:536} INFO - Filling up the DagBag from /opt/airflow/dags/diabetes_stage1_ingest.py
[2025-11-09T00:47:18.137+0000] {processor.py:839} INFO - DAG(s) dict_keys(['diabetes_stage1_ingest']) retrieved from /opt/airflow/dags/diabetes_stage1_ingest.py
[2025-11-09T00:47:18.155+0000] {logging_mixin.py:154} INFO - [2025-11-09T00:47:18.155+0000] {dag.py:2941} INFO - Sync 1 DAGs
[2025-11-09T00:47:18.170+0000] {logging_mixin.py:154} INFO - [2025-11-09T00:47:18.170+0000] {dag.py:3722} INFO - Setting next_dagrun for diabetes_stage1_ingest to 2025-11-09T00:45:00+00:00, run_after=2025-11-09T00:50:00+00:00
[2025-11-09T00:47:18.179+0000] {processor.py:179} INFO - Processing /opt/airflow/dags/diabetes_stage1_ingest.py took 0.592 seconds
[2025-11-09T00:47:48.474+0000] {processor.py:157} INFO - Started process (PID=1369) to work on /opt/airflow/dags/diabetes_stage1_ingest.py
[2025-11-09T00:47:48.477+0000] {processor.py:829} INFO - Processing file /opt/airflow/dags/diabetes_stage1_ingest.py for tasks to queue
[2025-11-09T00:47:48.478+0000] {logging_mixin.py:154} INFO - [2025-11-09T00:47:48.477+0000] {dagbag.py:536} INFO - Filling up the DagBag from /opt/airflow/dags/diabetes_stage1_ingest.py
[2025-11-09T00:47:48.974+0000] {processor.py:839} INFO - DAG(s) dict_keys(['diabetes_stage1_ingest']) retrieved from /opt/airflow/dags/diabetes_stage1_ingest.py
[2025-11-09T00:47:48.994+0000] {logging_mixin.py:154} INFO - [2025-11-09T00:47:48.993+0000] {dag.py:2941} INFO - Sync 1 DAGs
[2025-11-09T00:47:49.006+0000] {logging_mixin.py:154} INFO - [2025-11-09T00:47:49.006+0000] {dag.py:3722} INFO - Setting next_dagrun for diabetes_stage1_ingest to 2025-11-09T00:45:00+00:00, run_after=2025-11-09T00:50:00+00:00
[2025-11-09T00:47:49.015+0000] {processor.py:179} INFO - Processing /opt/airflow/dags/diabetes_stage1_ingest.py took 0.563 seconds
[2025-11-09T00:48:19.227+0000] {processor.py:157} INFO - Started process (PID=1388) to work on /opt/airflow/dags/diabetes_stage1_ingest.py
[2025-11-09T00:48:19.232+0000] {processor.py:829} INFO - Processing file /opt/airflow/dags/diabetes_stage1_ingest.py for tasks to queue
[2025-11-09T00:48:19.234+0000] {logging_mixin.py:154} INFO - [2025-11-09T00:48:19.234+0000] {dagbag.py:536} INFO - Filling up the DagBag from /opt/airflow/dags/diabetes_stage1_ingest.py
[2025-11-09T00:48:19.788+0000] {processor.py:839} INFO - DAG(s) dict_keys(['diabetes_stage1_ingest']) retrieved from /opt/airflow/dags/diabetes_stage1_ingest.py
[2025-11-09T00:48:19.809+0000] {logging_mixin.py:154} INFO - [2025-11-09T00:48:19.809+0000] {dag.py:2941} INFO - Sync 1 DAGs
[2025-11-09T00:48:19.821+0000] {logging_mixin.py:154} INFO - [2025-11-09T00:48:19.821+0000] {dag.py:3722} INFO - Setting next_dagrun for diabetes_stage1_ingest to 2025-11-09T00:45:00+00:00, run_after=2025-11-09T00:50:00+00:00
[2025-11-09T00:48:19.830+0000] {processor.py:179} INFO - Processing /opt/airflow/dags/diabetes_stage1_ingest.py took 0.612 seconds
[2025-11-09T00:48:50.031+0000] {processor.py:157} INFO - Started process (PID=1407) to work on /opt/airflow/dags/diabetes_stage1_ingest.py
[2025-11-09T00:48:50.034+0000] {processor.py:829} INFO - Processing file /opt/airflow/dags/diabetes_stage1_ingest.py for tasks to queue
[2025-11-09T00:48:50.035+0000] {logging_mixin.py:154} INFO - [2025-11-09T00:48:50.035+0000] {dagbag.py:536} INFO - Filling up the DagBag from /opt/airflow/dags/diabetes_stage1_ingest.py
[2025-11-09T00:48:50.501+0000] {processor.py:839} INFO - DAG(s) dict_keys(['diabetes_stage1_ingest']) retrieved from /opt/airflow/dags/diabetes_stage1_ingest.py
[2025-11-09T00:48:50.518+0000] {logging_mixin.py:154} INFO - [2025-11-09T00:48:50.518+0000] {dag.py:2941} INFO - Sync 1 DAGs
[2025-11-09T00:48:50.531+0000] {logging_mixin.py:154} INFO - [2025-11-09T00:48:50.531+0000] {dag.py:3722} INFO - Setting next_dagrun for diabetes_stage1_ingest to 2025-11-09T00:45:00+00:00, run_after=2025-11-09T00:50:00+00:00
[2025-11-09T00:48:50.540+0000] {processor.py:179} INFO - Processing /opt/airflow/dags/diabetes_stage1_ingest.py took 0.519 seconds
[2025-11-09T00:49:20.612+0000] {processor.py:157} INFO - Started process (PID=1426) to work on /opt/airflow/dags/diabetes_stage1_ingest.py
[2025-11-09T00:49:20.617+0000] {processor.py:829} INFO - Processing file /opt/airflow/dags/diabetes_stage1_ingest.py for tasks to queue
[2025-11-09T00:49:20.620+0000] {logging_mixin.py:154} INFO - [2025-11-09T00:49:20.618+0000] {dagbag.py:536} INFO - Filling up the DagBag from /opt/airflow/dags/diabetes_stage1_ingest.py
[2025-11-09T00:49:21.111+0000] {processor.py:839} INFO - DAG(s) dict_keys(['diabetes_stage1_ingest']) retrieved from /opt/airflow/dags/diabetes_stage1_ingest.py
[2025-11-09T00:49:21.133+0000] {logging_mixin.py:154} INFO - [2025-11-09T00:49:21.133+0000] {dag.py:2941} INFO - Sync 1 DAGs
[2025-11-09T00:49:21.145+0000] {logging_mixin.py:154} INFO - [2025-11-09T00:49:21.145+0000] {dag.py:3722} INFO - Setting next_dagrun for diabetes_stage1_ingest to 2025-11-09T00:45:00+00:00, run_after=2025-11-09T00:50:00+00:00
[2025-11-09T00:49:21.153+0000] {processor.py:179} INFO - Processing /opt/airflow/dags/diabetes_stage1_ingest.py took 0.550 seconds
[2025-11-09T00:49:51.441+0000] {processor.py:157} INFO - Started process (PID=1445) to work on /opt/airflow/dags/diabetes_stage1_ingest.py
[2025-11-09T00:49:51.444+0000] {processor.py:829} INFO - Processing file /opt/airflow/dags/diabetes_stage1_ingest.py for tasks to queue
[2025-11-09T00:49:51.445+0000] {logging_mixin.py:154} INFO - [2025-11-09T00:49:51.445+0000] {dagbag.py:536} INFO - Filling up the DagBag from /opt/airflow/dags/diabetes_stage1_ingest.py
[2025-11-09T00:49:51.919+0000] {processor.py:839} INFO - DAG(s) dict_keys(['diabetes_stage1_ingest']) retrieved from /opt/airflow/dags/diabetes_stage1_ingest.py
[2025-11-09T00:49:51.939+0000] {logging_mixin.py:154} INFO - [2025-11-09T00:49:51.938+0000] {dag.py:2941} INFO - Sync 1 DAGs
[2025-11-09T00:49:51.951+0000] {logging_mixin.py:154} INFO - [2025-11-09T00:49:51.950+0000] {dag.py:3722} INFO - Setting next_dagrun for diabetes_stage1_ingest to 2025-11-09T00:45:00+00:00, run_after=2025-11-09T00:50:00+00:00
[2025-11-09T00:49:51.959+0000] {processor.py:179} INFO - Processing /opt/airflow/dags/diabetes_stage1_ingest.py took 0.534 seconds
[2025-11-09T00:50:22.353+0000] {processor.py:157} INFO - Started process (PID=1467) to work on /opt/airflow/dags/diabetes_stage1_ingest.py
[2025-11-09T00:50:22.356+0000] {processor.py:829} INFO - Processing file /opt/airflow/dags/diabetes_stage1_ingest.py for tasks to queue
[2025-11-09T00:50:22.358+0000] {logging_mixin.py:154} INFO - [2025-11-09T00:50:22.357+0000] {dagbag.py:536} INFO - Filling up the DagBag from /opt/airflow/dags/diabetes_stage1_ingest.py
[2025-11-09T00:50:22.930+0000] {processor.py:839} INFO - DAG(s) dict_keys(['diabetes_stage1_ingest']) retrieved from /opt/airflow/dags/diabetes_stage1_ingest.py
[2025-11-09T00:50:22.960+0000] {logging_mixin.py:154} INFO - [2025-11-09T00:50:22.960+0000] {dag.py:2941} INFO - Sync 1 DAGs
[2025-11-09T00:50:22.983+0000] {processor.py:179} INFO - Processing /opt/airflow/dags/diabetes_stage1_ingest.py took 0.642 seconds
[2025-11-09T00:50:53.845+0000] {processor.py:157} INFO - Started process (PID=1486) to work on /opt/airflow/dags/diabetes_stage1_ingest.py
[2025-11-09T00:50:53.848+0000] {processor.py:829} INFO - Processing file /opt/airflow/dags/diabetes_stage1_ingest.py for tasks to queue
[2025-11-09T00:50:53.849+0000] {logging_mixin.py:154} INFO - [2025-11-09T00:50:53.848+0000] {dagbag.py:536} INFO - Filling up the DagBag from /opt/airflow/dags/diabetes_stage1_ingest.py
[2025-11-09T00:50:54.348+0000] {processor.py:839} INFO - DAG(s) dict_keys(['diabetes_stage1_ingest']) retrieved from /opt/airflow/dags/diabetes_stage1_ingest.py
[2025-11-09T00:50:54.369+0000] {logging_mixin.py:154} INFO - [2025-11-09T00:50:54.369+0000] {dag.py:2941} INFO - Sync 1 DAGs
[2025-11-09T00:50:54.389+0000] {processor.py:179} INFO - Processing /opt/airflow/dags/diabetes_stage1_ingest.py took 0.553 seconds
[2025-11-09T00:51:24.722+0000] {processor.py:157} INFO - Started process (PID=1508) to work on /opt/airflow/dags/diabetes_stage1_ingest.py
[2025-11-09T00:51:24.724+0000] {processor.py:829} INFO - Processing file /opt/airflow/dags/diabetes_stage1_ingest.py for tasks to queue
[2025-11-09T00:51:24.725+0000] {logging_mixin.py:154} INFO - [2025-11-09T00:51:24.725+0000] {dagbag.py:536} INFO - Filling up the DagBag from /opt/airflow/dags/diabetes_stage1_ingest.py
[2025-11-09T00:51:25.389+0000] {processor.py:839} INFO - DAG(s) dict_keys(['diabetes_stage1_ingest']) retrieved from /opt/airflow/dags/diabetes_stage1_ingest.py
[2025-11-09T00:51:25.403+0000] {logging_mixin.py:154} INFO - [2025-11-09T00:51:25.403+0000] {dag.py:2941} INFO - Sync 1 DAGs
[2025-11-09T00:51:25.420+0000] {logging_mixin.py:154} INFO - [2025-11-09T00:51:25.420+0000] {dag.py:3722} INFO - Setting next_dagrun for diabetes_stage1_ingest to 2025-11-09T00:50:00+00:00, run_after=2025-11-09T00:55:00+00:00
[2025-11-09T00:51:25.428+0000] {processor.py:179} INFO - Processing /opt/airflow/dags/diabetes_stage1_ingest.py took 0.723 seconds
[2025-11-09T00:51:56.387+0000] {processor.py:157} INFO - Started process (PID=1527) to work on /opt/airflow/dags/diabetes_stage1_ingest.py
[2025-11-09T00:51:56.390+0000] {processor.py:829} INFO - Processing file /opt/airflow/dags/diabetes_stage1_ingest.py for tasks to queue
[2025-11-09T00:51:56.391+0000] {logging_mixin.py:154} INFO - [2025-11-09T00:51:56.390+0000] {dagbag.py:536} INFO - Filling up the DagBag from /opt/airflow/dags/diabetes_stage1_ingest.py
[2025-11-09T00:51:56.904+0000] {processor.py:839} INFO - DAG(s) dict_keys(['diabetes_stage1_ingest']) retrieved from /opt/airflow/dags/diabetes_stage1_ingest.py
[2025-11-09T00:51:56.921+0000] {logging_mixin.py:154} INFO - [2025-11-09T00:51:56.921+0000] {dag.py:2941} INFO - Sync 1 DAGs
[2025-11-09T00:51:56.933+0000] {logging_mixin.py:154} INFO - [2025-11-09T00:51:56.933+0000] {dag.py:3722} INFO - Setting next_dagrun for diabetes_stage1_ingest to 2025-11-09T00:50:00+00:00, run_after=2025-11-09T00:55:00+00:00
[2025-11-09T00:51:56.941+0000] {processor.py:179} INFO - Processing /opt/airflow/dags/diabetes_stage1_ingest.py took 0.559 seconds
[2025-11-09T00:52:27.819+0000] {processor.py:157} INFO - Started process (PID=1546) to work on /opt/airflow/dags/diabetes_stage1_ingest.py
[2025-11-09T00:52:27.824+0000] {processor.py:829} INFO - Processing file /opt/airflow/dags/diabetes_stage1_ingest.py for tasks to queue
[2025-11-09T00:52:27.828+0000] {logging_mixin.py:154} INFO - [2025-11-09T00:52:27.827+0000] {dagbag.py:536} INFO - Filling up the DagBag from /opt/airflow/dags/diabetes_stage1_ingest.py
[2025-11-09T00:52:28.511+0000] {processor.py:839} INFO - DAG(s) dict_keys(['diabetes_stage1_ingest']) retrieved from /opt/airflow/dags/diabetes_stage1_ingest.py
[2025-11-09T00:52:28.532+0000] {logging_mixin.py:154} INFO - [2025-11-09T00:52:28.531+0000] {dag.py:2941} INFO - Sync 1 DAGs
[2025-11-09T00:52:28.550+0000] {logging_mixin.py:154} INFO - [2025-11-09T00:52:28.550+0000] {dag.py:3722} INFO - Setting next_dagrun for diabetes_stage1_ingest to 2025-11-09T00:50:00+00:00, run_after=2025-11-09T00:55:00+00:00
[2025-11-09T00:52:28.561+0000] {processor.py:179} INFO - Processing /opt/airflow/dags/diabetes_stage1_ingest.py took 0.780 seconds
[2025-11-09T00:52:58.738+0000] {processor.py:157} INFO - Started process (PID=1565) to work on /opt/airflow/dags/diabetes_stage1_ingest.py
[2025-11-09T00:52:58.740+0000] {processor.py:829} INFO - Processing file /opt/airflow/dags/diabetes_stage1_ingest.py for tasks to queue
[2025-11-09T00:52:58.741+0000] {logging_mixin.py:154} INFO - [2025-11-09T00:52:58.741+0000] {dagbag.py:536} INFO - Filling up the DagBag from /opt/airflow/dags/diabetes_stage1_ingest.py
[2025-11-09T00:52:59.224+0000] {processor.py:839} INFO - DAG(s) dict_keys(['diabetes_stage1_ingest']) retrieved from /opt/airflow/dags/diabetes_stage1_ingest.py
[2025-11-09T00:52:59.245+0000] {logging_mixin.py:154} INFO - [2025-11-09T00:52:59.245+0000] {dag.py:2941} INFO - Sync 1 DAGs
[2025-11-09T00:52:59.269+0000] {logging_mixin.py:154} INFO - [2025-11-09T00:52:59.268+0000] {dag.py:3722} INFO - Setting next_dagrun for diabetes_stage1_ingest to 2025-11-09T00:50:00+00:00, run_after=2025-11-09T00:55:00+00:00
[2025-11-09T00:52:59.281+0000] {processor.py:179} INFO - Processing /opt/airflow/dags/diabetes_stage1_ingest.py took 0.551 seconds
[2025-11-09T00:53:29.648+0000] {processor.py:157} INFO - Started process (PID=1584) to work on /opt/airflow/dags/diabetes_stage1_ingest.py
[2025-11-09T00:53:29.650+0000] {processor.py:829} INFO - Processing file /opt/airflow/dags/diabetes_stage1_ingest.py for tasks to queue
[2025-11-09T00:53:29.651+0000] {logging_mixin.py:154} INFO - [2025-11-09T00:53:29.651+0000] {dagbag.py:536} INFO - Filling up the DagBag from /opt/airflow/dags/diabetes_stage1_ingest.py
[2025-11-09T00:53:30.185+0000] {processor.py:839} INFO - DAG(s) dict_keys(['diabetes_stage1_ingest']) retrieved from /opt/airflow/dags/diabetes_stage1_ingest.py
[2025-11-09T00:53:30.211+0000] {logging_mixin.py:154} INFO - [2025-11-09T00:53:30.210+0000] {dag.py:2941} INFO - Sync 1 DAGs
[2025-11-09T00:53:30.225+0000] {logging_mixin.py:154} INFO - [2025-11-09T00:53:30.225+0000] {dag.py:3722} INFO - Setting next_dagrun for diabetes_stage1_ingest to 2025-11-09T00:50:00+00:00, run_after=2025-11-09T00:55:00+00:00
[2025-11-09T00:53:30.234+0000] {processor.py:179} INFO - Processing /opt/airflow/dags/diabetes_stage1_ingest.py took 0.598 seconds
[2025-11-09T00:54:01.247+0000] {processor.py:157} INFO - Started process (PID=1603) to work on /opt/airflow/dags/diabetes_stage1_ingest.py
[2025-11-09T00:54:01.250+0000] {processor.py:829} INFO - Processing file /opt/airflow/dags/diabetes_stage1_ingest.py for tasks to queue
[2025-11-09T00:54:01.251+0000] {logging_mixin.py:154} INFO - [2025-11-09T00:54:01.250+0000] {dagbag.py:536} INFO - Filling up the DagBag from /opt/airflow/dags/diabetes_stage1_ingest.py
[2025-11-09T00:54:01.778+0000] {processor.py:839} INFO - DAG(s) dict_keys(['diabetes_stage1_ingest']) retrieved from /opt/airflow/dags/diabetes_stage1_ingest.py
[2025-11-09T00:54:01.794+0000] {logging_mixin.py:154} INFO - [2025-11-09T00:54:01.794+0000] {dag.py:2941} INFO - Sync 1 DAGs
[2025-11-09T00:54:01.807+0000] {logging_mixin.py:154} INFO - [2025-11-09T00:54:01.806+0000] {dag.py:3722} INFO - Setting next_dagrun for diabetes_stage1_ingest to 2025-11-09T00:50:00+00:00, run_after=2025-11-09T00:55:00+00:00
[2025-11-09T00:54:01.815+0000] {processor.py:179} INFO - Processing /opt/airflow/dags/diabetes_stage1_ingest.py took 0.577 seconds
[2025-11-09T00:54:32.586+0000] {processor.py:157} INFO - Started process (PID=1622) to work on /opt/airflow/dags/diabetes_stage1_ingest.py
[2025-11-09T00:54:32.588+0000] {processor.py:829} INFO - Processing file /opt/airflow/dags/diabetes_stage1_ingest.py for tasks to queue
[2025-11-09T00:54:32.589+0000] {logging_mixin.py:154} INFO - [2025-11-09T00:54:32.589+0000] {dagbag.py:536} INFO - Filling up the DagBag from /opt/airflow/dags/diabetes_stage1_ingest.py
[2025-11-09T00:54:33.060+0000] {processor.py:839} INFO - DAG(s) dict_keys(['diabetes_stage1_ingest']) retrieved from /opt/airflow/dags/diabetes_stage1_ingest.py
[2025-11-09T00:54:33.075+0000] {logging_mixin.py:154} INFO - [2025-11-09T00:54:33.075+0000] {dag.py:2941} INFO - Sync 1 DAGs
[2025-11-09T00:54:33.087+0000] {logging_mixin.py:154} INFO - [2025-11-09T00:54:33.087+0000] {dag.py:3722} INFO - Setting next_dagrun for diabetes_stage1_ingest to 2025-11-09T00:50:00+00:00, run_after=2025-11-09T00:55:00+00:00
[2025-11-09T00:54:33.096+0000] {processor.py:179} INFO - Processing /opt/airflow/dags/diabetes_stage1_ingest.py took 0.522 seconds
[2025-11-09T00:55:03.997+0000] {processor.py:157} INFO - Started process (PID=1644) to work on /opt/airflow/dags/diabetes_stage1_ingest.py
[2025-11-09T00:55:03.999+0000] {processor.py:829} INFO - Processing file /opt/airflow/dags/diabetes_stage1_ingest.py for tasks to queue
[2025-11-09T00:55:04.000+0000] {logging_mixin.py:154} INFO - [2025-11-09T00:55:04.000+0000] {dagbag.py:536} INFO - Filling up the DagBag from /opt/airflow/dags/diabetes_stage1_ingest.py
[2025-11-09T00:55:04.272+0000] {processor.py:839} INFO - DAG(s) dict_keys(['diabetes_stage1_ingest']) retrieved from /opt/airflow/dags/diabetes_stage1_ingest.py
[2025-11-09T00:55:04.284+0000] {logging_mixin.py:154} INFO - [2025-11-09T00:55:04.284+0000] {dag.py:2941} INFO - Sync 1 DAGs
[2025-11-09T00:55:04.301+0000] {processor.py:179} INFO - Processing /opt/airflow/dags/diabetes_stage1_ingest.py took 0.308 seconds
[2025-11-09T00:55:34.378+0000] {processor.py:157} INFO - Started process (PID=1663) to work on /opt/airflow/dags/diabetes_stage1_ingest.py
[2025-11-09T00:55:34.380+0000] {processor.py:829} INFO - Processing file /opt/airflow/dags/diabetes_stage1_ingest.py for tasks to queue
[2025-11-09T00:55:34.382+0000] {logging_mixin.py:154} INFO - [2025-11-09T00:55:34.381+0000] {dagbag.py:536} INFO - Filling up the DagBag from /opt/airflow/dags/diabetes_stage1_ingest.py
[2025-11-09T00:55:34.996+0000] {processor.py:839} INFO - DAG(s) dict_keys(['diabetes_stage1_ingest']) retrieved from /opt/airflow/dags/diabetes_stage1_ingest.py
[2025-11-09T00:55:35.022+0000] {logging_mixin.py:154} INFO - [2025-11-09T00:55:35.021+0000] {dag.py:2941} INFO - Sync 1 DAGs
[2025-11-09T00:55:35.045+0000] {processor.py:179} INFO - Processing /opt/airflow/dags/diabetes_stage1_ingest.py took 0.674 seconds
[2025-11-09T00:56:05.734+0000] {processor.py:157} INFO - Started process (PID=1685) to work on /opt/airflow/dags/diabetes_stage1_ingest.py
[2025-11-09T00:56:05.736+0000] {processor.py:829} INFO - Processing file /opt/airflow/dags/diabetes_stage1_ingest.py for tasks to queue
[2025-11-09T00:56:05.737+0000] {logging_mixin.py:154} INFO - [2025-11-09T00:56:05.737+0000] {dagbag.py:536} INFO - Filling up the DagBag from /opt/airflow/dags/diabetes_stage1_ingest.py
[2025-11-09T00:56:06.014+0000] {processor.py:839} INFO - DAG(s) dict_keys(['diabetes_stage1_ingest']) retrieved from /opt/airflow/dags/diabetes_stage1_ingest.py
[2025-11-09T00:56:06.028+0000] {logging_mixin.py:154} INFO - [2025-11-09T00:56:06.027+0000] {dag.py:2941} INFO - Sync 1 DAGs
[2025-11-09T00:56:06.039+0000] {logging_mixin.py:154} INFO - [2025-11-09T00:56:06.039+0000] {dag.py:3722} INFO - Setting next_dagrun for diabetes_stage1_ingest to 2025-11-09T00:55:00+00:00, run_after=2025-11-09T01:00:00+00:00
[2025-11-09T00:56:06.047+0000] {processor.py:179} INFO - Processing /opt/airflow/dags/diabetes_stage1_ingest.py took 0.318 seconds
[2025-11-09T00:56:36.190+0000] {processor.py:157} INFO - Started process (PID=1704) to work on /opt/airflow/dags/diabetes_stage1_ingest.py
[2025-11-09T00:56:36.192+0000] {processor.py:829} INFO - Processing file /opt/airflow/dags/diabetes_stage1_ingest.py for tasks to queue
[2025-11-09T00:56:36.194+0000] {logging_mixin.py:154} INFO - [2025-11-09T00:56:36.193+0000] {dagbag.py:536} INFO - Filling up the DagBag from /opt/airflow/dags/diabetes_stage1_ingest.py
[2025-11-09T00:56:36.672+0000] {processor.py:839} INFO - DAG(s) dict_keys(['diabetes_stage1_ingest']) retrieved from /opt/airflow/dags/diabetes_stage1_ingest.py
[2025-11-09T00:56:36.687+0000] {logging_mixin.py:154} INFO - [2025-11-09T00:56:36.687+0000] {dag.py:2941} INFO - Sync 1 DAGs
[2025-11-09T00:56:36.699+0000] {logging_mixin.py:154} INFO - [2025-11-09T00:56:36.699+0000] {dag.py:3722} INFO - Setting next_dagrun for diabetes_stage1_ingest to 2025-11-09T00:55:00+00:00, run_after=2025-11-09T01:00:00+00:00
[2025-11-09T00:56:36.710+0000] {processor.py:179} INFO - Processing /opt/airflow/dags/diabetes_stage1_ingest.py took 0.525 seconds
[2025-11-09T00:57:07.557+0000] {processor.py:157} INFO - Started process (PID=1723) to work on /opt/airflow/dags/diabetes_stage1_ingest.py
[2025-11-09T00:57:07.558+0000] {processor.py:829} INFO - Processing file /opt/airflow/dags/diabetes_stage1_ingest.py for tasks to queue
[2025-11-09T00:57:07.560+0000] {logging_mixin.py:154} INFO - [2025-11-09T00:57:07.559+0000] {dagbag.py:536} INFO - Filling up the DagBag from /opt/airflow/dags/diabetes_stage1_ingest.py
[2025-11-09T00:57:08.066+0000] {processor.py:839} INFO - DAG(s) dict_keys(['diabetes_stage1_ingest']) retrieved from /opt/airflow/dags/diabetes_stage1_ingest.py
[2025-11-09T00:57:08.106+0000] {logging_mixin.py:154} INFO - [2025-11-09T00:57:08.105+0000] {dag.py:2941} INFO - Sync 1 DAGs
[2025-11-09T00:57:08.122+0000] {logging_mixin.py:154} INFO - [2025-11-09T00:57:08.122+0000] {dag.py:3722} INFO - Setting next_dagrun for diabetes_stage1_ingest to 2025-11-09T00:55:00+00:00, run_after=2025-11-09T01:00:00+00:00
[2025-11-09T00:57:08.141+0000] {processor.py:179} INFO - Processing /opt/airflow/dags/diabetes_stage1_ingest.py took 0.595 seconds
[2025-11-09T00:57:38.998+0000] {processor.py:157} INFO - Started process (PID=1742) to work on /opt/airflow/dags/diabetes_stage1_ingest.py
[2025-11-09T00:57:39.000+0000] {processor.py:829} INFO - Processing file /opt/airflow/dags/diabetes_stage1_ingest.py for tasks to queue
[2025-11-09T00:57:39.002+0000] {logging_mixin.py:154} INFO - [2025-11-09T00:57:39.001+0000] {dagbag.py:536} INFO - Filling up the DagBag from /opt/airflow/dags/diabetes_stage1_ingest.py
[2025-11-09T00:57:39.532+0000] {processor.py:839} INFO - DAG(s) dict_keys(['diabetes_stage1_ingest']) retrieved from /opt/airflow/dags/diabetes_stage1_ingest.py
[2025-11-09T00:57:39.546+0000] {logging_mixin.py:154} INFO - [2025-11-09T00:57:39.546+0000] {dag.py:2941} INFO - Sync 1 DAGs
[2025-11-09T00:57:39.560+0000] {logging_mixin.py:154} INFO - [2025-11-09T00:57:39.560+0000] {dag.py:3722} INFO - Setting next_dagrun for diabetes_stage1_ingest to 2025-11-09T00:55:00+00:00, run_after=2025-11-09T01:00:00+00:00
[2025-11-09T00:57:39.569+0000] {processor.py:179} INFO - Processing /opt/airflow/dags/diabetes_stage1_ingest.py took 0.576 seconds
[2025-11-09T00:58:09.881+0000] {processor.py:157} INFO - Started process (PID=1761) to work on /opt/airflow/dags/diabetes_stage1_ingest.py
[2025-11-09T00:58:09.883+0000] {processor.py:829} INFO - Processing file /opt/airflow/dags/diabetes_stage1_ingest.py for tasks to queue
[2025-11-09T00:58:09.886+0000] {logging_mixin.py:154} INFO - [2025-11-09T00:58:09.885+0000] {dagbag.py:536} INFO - Filling up the DagBag from /opt/airflow/dags/diabetes_stage1_ingest.py
[2025-11-09T00:58:10.382+0000] {processor.py:839} INFO - DAG(s) dict_keys(['diabetes_stage1_ingest']) retrieved from /opt/airflow/dags/diabetes_stage1_ingest.py
[2025-11-09T00:58:10.399+0000] {logging_mixin.py:154} INFO - [2025-11-09T00:58:10.399+0000] {dag.py:2941} INFO - Sync 1 DAGs
[2025-11-09T00:58:10.411+0000] {logging_mixin.py:154} INFO - [2025-11-09T00:58:10.411+0000] {dag.py:3722} INFO - Setting next_dagrun for diabetes_stage1_ingest to 2025-11-09T00:55:00+00:00, run_after=2025-11-09T01:00:00+00:00
[2025-11-09T00:58:10.420+0000] {processor.py:179} INFO - Processing /opt/airflow/dags/diabetes_stage1_ingest.py took 0.544 seconds
[2025-11-09T00:58:40.753+0000] {processor.py:157} INFO - Started process (PID=1780) to work on /opt/airflow/dags/diabetes_stage1_ingest.py
[2025-11-09T00:58:40.756+0000] {processor.py:829} INFO - Processing file /opt/airflow/dags/diabetes_stage1_ingest.py for tasks to queue
[2025-11-09T00:58:40.758+0000] {logging_mixin.py:154} INFO - [2025-11-09T00:58:40.757+0000] {dagbag.py:536} INFO - Filling up the DagBag from /opt/airflow/dags/diabetes_stage1_ingest.py
[2025-11-09T00:58:41.225+0000] {processor.py:839} INFO - DAG(s) dict_keys(['diabetes_stage1_ingest']) retrieved from /opt/airflow/dags/diabetes_stage1_ingest.py
[2025-11-09T00:58:41.239+0000] {logging_mixin.py:154} INFO - [2025-11-09T00:58:41.239+0000] {dag.py:2941} INFO - Sync 1 DAGs
[2025-11-09T00:58:41.251+0000] {logging_mixin.py:154} INFO - [2025-11-09T00:58:41.250+0000] {dag.py:3722} INFO - Setting next_dagrun for diabetes_stage1_ingest to 2025-11-09T00:55:00+00:00, run_after=2025-11-09T01:00:00+00:00
[2025-11-09T00:58:41.260+0000] {processor.py:179} INFO - Processing /opt/airflow/dags/diabetes_stage1_ingest.py took 0.515 seconds
[2025-11-09T00:59:11.342+0000] {processor.py:157} INFO - Started process (PID=1799) to work on /opt/airflow/dags/diabetes_stage1_ingest.py
[2025-11-09T00:59:11.344+0000] {processor.py:829} INFO - Processing file /opt/airflow/dags/diabetes_stage1_ingest.py for tasks to queue
[2025-11-09T00:59:11.348+0000] {logging_mixin.py:154} INFO - [2025-11-09T00:59:11.346+0000] {dagbag.py:536} INFO - Filling up the DagBag from /opt/airflow/dags/diabetes_stage1_ingest.py
[2025-11-09T00:59:11.845+0000] {processor.py:839} INFO - DAG(s) dict_keys(['diabetes_stage1_ingest']) retrieved from /opt/airflow/dags/diabetes_stage1_ingest.py
[2025-11-09T00:59:11.860+0000] {logging_mixin.py:154} INFO - [2025-11-09T00:59:11.860+0000] {dag.py:2941} INFO - Sync 1 DAGs
[2025-11-09T00:59:11.872+0000] {logging_mixin.py:154} INFO - [2025-11-09T00:59:11.872+0000] {dag.py:3722} INFO - Setting next_dagrun for diabetes_stage1_ingest to 2025-11-09T00:55:00+00:00, run_after=2025-11-09T01:00:00+00:00
[2025-11-09T00:59:11.881+0000] {processor.py:179} INFO - Processing /opt/airflow/dags/diabetes_stage1_ingest.py took 0.546 seconds
[2025-11-09T00:59:42.716+0000] {processor.py:157} INFO - Started process (PID=1818) to work on /opt/airflow/dags/diabetes_stage1_ingest.py
[2025-11-09T00:59:42.719+0000] {processor.py:829} INFO - Processing file /opt/airflow/dags/diabetes_stage1_ingest.py for tasks to queue
[2025-11-09T00:59:42.722+0000] {logging_mixin.py:154} INFO - [2025-11-09T00:59:42.720+0000] {dagbag.py:536} INFO - Filling up the DagBag from /opt/airflow/dags/diabetes_stage1_ingest.py
[2025-11-09T00:59:43.221+0000] {processor.py:839} INFO - DAG(s) dict_keys(['diabetes_stage1_ingest']) retrieved from /opt/airflow/dags/diabetes_stage1_ingest.py
[2025-11-09T00:59:43.241+0000] {logging_mixin.py:154} INFO - [2025-11-09T00:59:43.241+0000] {dag.py:2941} INFO - Sync 1 DAGs
[2025-11-09T00:59:43.258+0000] {logging_mixin.py:154} INFO - [2025-11-09T00:59:43.258+0000] {dag.py:3722} INFO - Setting next_dagrun for diabetes_stage1_ingest to 2025-11-09T00:55:00+00:00, run_after=2025-11-09T01:00:00+00:00
[2025-11-09T00:59:43.267+0000] {processor.py:179} INFO - Processing /opt/airflow/dags/diabetes_stage1_ingest.py took 0.562 seconds
[2025-11-09T01:00:14.042+0000] {processor.py:157} INFO - Started process (PID=1840) to work on /opt/airflow/dags/diabetes_stage1_ingest.py
[2025-11-09T01:00:14.045+0000] {processor.py:829} INFO - Processing file /opt/airflow/dags/diabetes_stage1_ingest.py for tasks to queue
[2025-11-09T01:00:14.046+0000] {logging_mixin.py:154} INFO - [2025-11-09T01:00:14.045+0000] {dagbag.py:536} INFO - Filling up the DagBag from /opt/airflow/dags/diabetes_stage1_ingest.py
[2025-11-09T01:00:14.524+0000] {processor.py:839} INFO - DAG(s) dict_keys(['diabetes_stage1_ingest']) retrieved from /opt/airflow/dags/diabetes_stage1_ingest.py
[2025-11-09T01:00:14.537+0000] {logging_mixin.py:154} INFO - [2025-11-09T01:00:14.537+0000] {dag.py:2941} INFO - Sync 1 DAGs
[2025-11-09T01:00:14.557+0000] {processor.py:179} INFO - Processing /opt/airflow/dags/diabetes_stage1_ingest.py took 0.528 seconds
[2025-11-09T01:00:45.513+0000] {processor.py:157} INFO - Started process (PID=1859) to work on /opt/airflow/dags/diabetes_stage1_ingest.py
[2025-11-09T01:00:45.515+0000] {processor.py:829} INFO - Processing file /opt/airflow/dags/diabetes_stage1_ingest.py for tasks to queue
[2025-11-09T01:00:45.516+0000] {logging_mixin.py:154} INFO - [2025-11-09T01:00:45.515+0000] {dagbag.py:536} INFO - Filling up the DagBag from /opt/airflow/dags/diabetes_stage1_ingest.py
[2025-11-09T01:00:46.039+0000] {processor.py:839} INFO - DAG(s) dict_keys(['diabetes_stage1_ingest']) retrieved from /opt/airflow/dags/diabetes_stage1_ingest.py
[2025-11-09T01:00:46.059+0000] {logging_mixin.py:154} INFO - [2025-11-09T01:00:46.059+0000] {dag.py:2941} INFO - Sync 1 DAGs
[2025-11-09T01:00:46.085+0000] {processor.py:179} INFO - Processing /opt/airflow/dags/diabetes_stage1_ingest.py took 0.582 seconds
[2025-11-09T01:01:16.252+0000] {processor.py:157} INFO - Started process (PID=1881) to work on /opt/airflow/dags/diabetes_stage1_ingest.py
[2025-11-09T01:01:16.254+0000] {processor.py:829} INFO - Processing file /opt/airflow/dags/diabetes_stage1_ingest.py for tasks to queue
[2025-11-09T01:01:16.256+0000] {logging_mixin.py:154} INFO - [2025-11-09T01:01:16.256+0000] {dagbag.py:536} INFO - Filling up the DagBag from /opt/airflow/dags/diabetes_stage1_ingest.py
[2025-11-09T01:01:16.730+0000] {processor.py:839} INFO - DAG(s) dict_keys(['diabetes_stage1_ingest']) retrieved from /opt/airflow/dags/diabetes_stage1_ingest.py
[2025-11-09T01:01:16.749+0000] {logging_mixin.py:154} INFO - [2025-11-09T01:01:16.749+0000] {dag.py:2941} INFO - Sync 1 DAGs
[2025-11-09T01:01:16.763+0000] {logging_mixin.py:154} INFO - [2025-11-09T01:01:16.763+0000] {dag.py:3722} INFO - Setting next_dagrun for diabetes_stage1_ingest to 2025-11-09T01:00:00+00:00, run_after=2025-11-09T01:05:00+00:00
[2025-11-09T01:01:16.772+0000] {processor.py:179} INFO - Processing /opt/airflow/dags/diabetes_stage1_ingest.py took 0.533 seconds
[2025-11-09T01:01:47.559+0000] {processor.py:157} INFO - Started process (PID=1900) to work on /opt/airflow/dags/diabetes_stage1_ingest.py
[2025-11-09T01:01:47.561+0000] {processor.py:829} INFO - Processing file /opt/airflow/dags/diabetes_stage1_ingest.py for tasks to queue
[2025-11-09T01:01:47.562+0000] {logging_mixin.py:154} INFO - [2025-11-09T01:01:47.562+0000] {dagbag.py:536} INFO - Filling up the DagBag from /opt/airflow/dags/diabetes_stage1_ingest.py
[2025-11-09T01:01:48.144+0000] {processor.py:839} INFO - DAG(s) dict_keys(['diabetes_stage1_ingest']) retrieved from /opt/airflow/dags/diabetes_stage1_ingest.py
[2025-11-09T01:01:48.158+0000] {logging_mixin.py:154} INFO - [2025-11-09T01:01:48.158+0000] {dag.py:2941} INFO - Sync 1 DAGs
[2025-11-09T01:01:48.171+0000] {logging_mixin.py:154} INFO - [2025-11-09T01:01:48.171+0000] {dag.py:3722} INFO - Setting next_dagrun for diabetes_stage1_ingest to 2025-11-09T01:00:00+00:00, run_after=2025-11-09T01:05:00+00:00
[2025-11-09T01:01:48.180+0000] {processor.py:179} INFO - Processing /opt/airflow/dags/diabetes_stage1_ingest.py took 0.626 seconds
[2025-11-09T01:02:18.836+0000] {processor.py:157} INFO - Started process (PID=1919) to work on /opt/airflow/dags/diabetes_stage1_ingest.py
[2025-11-09T01:02:18.839+0000] {processor.py:829} INFO - Processing file /opt/airflow/dags/diabetes_stage1_ingest.py for tasks to queue
[2025-11-09T01:02:18.840+0000] {logging_mixin.py:154} INFO - [2025-11-09T01:02:18.839+0000] {dagbag.py:536} INFO - Filling up the DagBag from /opt/airflow/dags/diabetes_stage1_ingest.py
[2025-11-09T01:02:19.353+0000] {processor.py:839} INFO - DAG(s) dict_keys(['diabetes_stage1_ingest']) retrieved from /opt/airflow/dags/diabetes_stage1_ingest.py
[2025-11-09T01:02:19.372+0000] {logging_mixin.py:154} INFO - [2025-11-09T01:02:19.372+0000] {dag.py:2941} INFO - Sync 1 DAGs
[2025-11-09T01:02:19.384+0000] {logging_mixin.py:154} INFO - [2025-11-09T01:02:19.384+0000] {dag.py:3722} INFO - Setting next_dagrun for diabetes_stage1_ingest to 2025-11-09T01:00:00+00:00, run_after=2025-11-09T01:05:00+00:00
[2025-11-09T01:02:19.393+0000] {processor.py:179} INFO - Processing /opt/airflow/dags/diabetes_stage1_ingest.py took 0.565 seconds
[2025-11-09T01:02:50.205+0000] {processor.py:157} INFO - Started process (PID=1938) to work on /opt/airflow/dags/diabetes_stage1_ingest.py
[2025-11-09T01:02:50.207+0000] {processor.py:829} INFO - Processing file /opt/airflow/dags/diabetes_stage1_ingest.py for tasks to queue
[2025-11-09T01:02:50.208+0000] {logging_mixin.py:154} INFO - [2025-11-09T01:02:50.208+0000] {dagbag.py:536} INFO - Filling up the DagBag from /opt/airflow/dags/diabetes_stage1_ingest.py
[2025-11-09T01:02:50.695+0000] {processor.py:839} INFO - DAG(s) dict_keys(['diabetes_stage1_ingest']) retrieved from /opt/airflow/dags/diabetes_stage1_ingest.py
[2025-11-09T01:02:50.717+0000] {logging_mixin.py:154} INFO - [2025-11-09T01:02:50.717+0000] {dag.py:2941} INFO - Sync 1 DAGs
[2025-11-09T01:02:50.730+0000] {logging_mixin.py:154} INFO - [2025-11-09T01:02:50.730+0000] {dag.py:3722} INFO - Setting next_dagrun for diabetes_stage1_ingest to 2025-11-09T01:00:00+00:00, run_after=2025-11-09T01:05:00+00:00
[2025-11-09T01:02:50.738+0000] {processor.py:179} INFO - Processing /opt/airflow/dags/diabetes_stage1_ingest.py took 0.539 seconds
[2025-11-09T01:03:21.576+0000] {processor.py:157} INFO - Started process (PID=1957) to work on /opt/airflow/dags/diabetes_stage1_ingest.py
[2025-11-09T01:03:21.578+0000] {processor.py:829} INFO - Processing file /opt/airflow/dags/diabetes_stage1_ingest.py for tasks to queue
[2025-11-09T01:03:21.579+0000] {logging_mixin.py:154} INFO - [2025-11-09T01:03:21.579+0000] {dagbag.py:536} INFO - Filling up the DagBag from /opt/airflow/dags/diabetes_stage1_ingest.py
[2025-11-09T01:03:22.104+0000] {processor.py:839} INFO - DAG(s) dict_keys(['diabetes_stage1_ingest']) retrieved from /opt/airflow/dags/diabetes_stage1_ingest.py
[2025-11-09T01:03:22.117+0000] {logging_mixin.py:154} INFO - [2025-11-09T01:03:22.117+0000] {dag.py:2941} INFO - Sync 1 DAGs
[2025-11-09T01:03:22.128+0000] {logging_mixin.py:154} INFO - [2025-11-09T01:03:22.128+0000] {dag.py:3722} INFO - Setting next_dagrun for diabetes_stage1_ingest to 2025-11-09T01:00:00+00:00, run_after=2025-11-09T01:05:00+00:00
[2025-11-09T01:03:22.137+0000] {processor.py:179} INFO - Processing /opt/airflow/dags/diabetes_stage1_ingest.py took 0.569 seconds
[2025-11-09T01:03:52.442+0000] {processor.py:157} INFO - Started process (PID=1976) to work on /opt/airflow/dags/diabetes_stage1_ingest.py
[2025-11-09T01:03:52.445+0000] {processor.py:829} INFO - Processing file /opt/airflow/dags/diabetes_stage1_ingest.py for tasks to queue
[2025-11-09T01:03:52.446+0000] {logging_mixin.py:154} INFO - [2025-11-09T01:03:52.445+0000] {dagbag.py:536} INFO - Filling up the DagBag from /opt/airflow/dags/diabetes_stage1_ingest.py
[2025-11-09T01:03:52.872+0000] {processor.py:839} INFO - DAG(s) dict_keys(['diabetes_stage1_ingest']) retrieved from /opt/airflow/dags/diabetes_stage1_ingest.py
[2025-11-09T01:03:52.887+0000] {logging_mixin.py:154} INFO - [2025-11-09T01:03:52.886+0000] {dag.py:2941} INFO - Sync 1 DAGs
[2025-11-09T01:03:52.899+0000] {logging_mixin.py:154} INFO - [2025-11-09T01:03:52.899+0000] {dag.py:3722} INFO - Setting next_dagrun for diabetes_stage1_ingest to 2025-11-09T01:00:00+00:00, run_after=2025-11-09T01:05:00+00:00
[2025-11-09T01:03:52.907+0000] {processor.py:179} INFO - Processing /opt/airflow/dags/diabetes_stage1_ingest.py took 0.473 seconds
[2025-11-09T01:04:22.985+0000] {processor.py:157} INFO - Started process (PID=1995) to work on /opt/airflow/dags/diabetes_stage1_ingest.py
[2025-11-09T01:04:22.987+0000] {processor.py:829} INFO - Processing file /opt/airflow/dags/diabetes_stage1_ingest.py for tasks to queue
[2025-11-09T01:04:22.988+0000] {logging_mixin.py:154} INFO - [2025-11-09T01:04:22.988+0000] {dagbag.py:536} INFO - Filling up the DagBag from /opt/airflow/dags/diabetes_stage1_ingest.py
[2025-11-09T01:04:23.507+0000] {processor.py:839} INFO - DAG(s) dict_keys(['diabetes_stage1_ingest']) retrieved from /opt/airflow/dags/diabetes_stage1_ingest.py
[2025-11-09T01:04:23.525+0000] {logging_mixin.py:154} INFO - [2025-11-09T01:04:23.525+0000] {dag.py:2941} INFO - Sync 1 DAGs
[2025-11-09T01:04:23.538+0000] {logging_mixin.py:154} INFO - [2025-11-09T01:04:23.538+0000] {dag.py:3722} INFO - Setting next_dagrun for diabetes_stage1_ingest to 2025-11-09T01:00:00+00:00, run_after=2025-11-09T01:05:00+00:00
[2025-11-09T01:04:23.547+0000] {processor.py:179} INFO - Processing /opt/airflow/dags/diabetes_stage1_ingest.py took 0.570 seconds
[2025-11-09T01:04:54.437+0000] {processor.py:157} INFO - Started process (PID=2014) to work on /opt/airflow/dags/diabetes_stage1_ingest.py
[2025-11-09T01:04:54.446+0000] {processor.py:829} INFO - Processing file /opt/airflow/dags/diabetes_stage1_ingest.py for tasks to queue
[2025-11-09T01:04:54.448+0000] {logging_mixin.py:154} INFO - [2025-11-09T01:04:54.447+0000] {dagbag.py:536} INFO - Filling up the DagBag from /opt/airflow/dags/diabetes_stage1_ingest.py
[2025-11-09T01:04:54.989+0000] {processor.py:839} INFO - DAG(s) dict_keys(['diabetes_stage1_ingest']) retrieved from /opt/airflow/dags/diabetes_stage1_ingest.py
[2025-11-09T01:04:55.004+0000] {logging_mixin.py:154} INFO - [2025-11-09T01:04:55.004+0000] {dag.py:2941} INFO - Sync 1 DAGs
[2025-11-09T01:04:55.016+0000] {logging_mixin.py:154} INFO - [2025-11-09T01:04:55.016+0000] {dag.py:3722} INFO - Setting next_dagrun for diabetes_stage1_ingest to 2025-11-09T01:00:00+00:00, run_after=2025-11-09T01:05:00+00:00
[2025-11-09T01:04:55.024+0000] {processor.py:179} INFO - Processing /opt/airflow/dags/diabetes_stage1_ingest.py took 0.598 seconds
[2025-11-09T01:05:25.860+0000] {processor.py:157} INFO - Started process (PID=2036) to work on /opt/airflow/dags/diabetes_stage1_ingest.py
[2025-11-09T01:05:25.863+0000] {processor.py:829} INFO - Processing file /opt/airflow/dags/diabetes_stage1_ingest.py for tasks to queue
[2025-11-09T01:05:25.865+0000] {logging_mixin.py:154} INFO - [2025-11-09T01:05:25.864+0000] {dagbag.py:536} INFO - Filling up the DagBag from /opt/airflow/dags/diabetes_stage1_ingest.py
[2025-11-09T01:05:26.345+0000] {processor.py:839} INFO - DAG(s) dict_keys(['diabetes_stage1_ingest']) retrieved from /opt/airflow/dags/diabetes_stage1_ingest.py
[2025-11-09T01:05:26.357+0000] {logging_mixin.py:154} INFO - [2025-11-09T01:05:26.357+0000] {dag.py:2941} INFO - Sync 1 DAGs
[2025-11-09T01:05:26.376+0000] {processor.py:179} INFO - Processing /opt/airflow/dags/diabetes_stage1_ingest.py took 0.535 seconds
[2025-11-09T01:05:57.232+0000] {processor.py:157} INFO - Started process (PID=2055) to work on /opt/airflow/dags/diabetes_stage1_ingest.py
[2025-11-09T01:05:57.235+0000] {processor.py:829} INFO - Processing file /opt/airflow/dags/diabetes_stage1_ingest.py for tasks to queue
[2025-11-09T01:05:57.236+0000] {logging_mixin.py:154} INFO - [2025-11-09T01:05:57.236+0000] {dagbag.py:536} INFO - Filling up the DagBag from /opt/airflow/dags/diabetes_stage1_ingest.py
[2025-11-09T01:05:57.772+0000] {processor.py:839} INFO - DAG(s) dict_keys(['diabetes_stage1_ingest']) retrieved from /opt/airflow/dags/diabetes_stage1_ingest.py
[2025-11-09T01:05:57.786+0000] {logging_mixin.py:154} INFO - [2025-11-09T01:05:57.786+0000] {dag.py:2941} INFO - Sync 1 DAGs
[2025-11-09T01:05:57.807+0000] {processor.py:179} INFO - Processing /opt/airflow/dags/diabetes_stage1_ingest.py took 0.594 seconds
[2025-11-09T01:06:28.547+0000] {processor.py:157} INFO - Started process (PID=2077) to work on /opt/airflow/dags/diabetes_stage1_ingest.py
[2025-11-09T01:06:28.548+0000] {processor.py:829} INFO - Processing file /opt/airflow/dags/diabetes_stage1_ingest.py for tasks to queue
[2025-11-09T01:06:28.549+0000] {logging_mixin.py:154} INFO - [2025-11-09T01:06:28.549+0000] {dagbag.py:536} INFO - Filling up the DagBag from /opt/airflow/dags/diabetes_stage1_ingest.py
[2025-11-09T01:06:28.989+0000] {processor.py:839} INFO - DAG(s) dict_keys(['diabetes_stage1_ingest']) retrieved from /opt/airflow/dags/diabetes_stage1_ingest.py
[2025-11-09T01:06:29.002+0000] {logging_mixin.py:154} INFO - [2025-11-09T01:06:29.002+0000] {dag.py:2941} INFO - Sync 1 DAGs
[2025-11-09T01:06:29.013+0000] {logging_mixin.py:154} INFO - [2025-11-09T01:06:29.013+0000] {dag.py:3722} INFO - Setting next_dagrun for diabetes_stage1_ingest to 2025-11-09T01:05:00+00:00, run_after=2025-11-09T01:10:00+00:00
[2025-11-09T01:06:29.021+0000] {processor.py:179} INFO - Processing /opt/airflow/dags/diabetes_stage1_ingest.py took 0.482 seconds
[2025-11-09T01:06:59.102+0000] {processor.py:157} INFO - Started process (PID=2096) to work on /opt/airflow/dags/diabetes_stage1_ingest.py
[2025-11-09T01:06:59.103+0000] {processor.py:829} INFO - Processing file /opt/airflow/dags/diabetes_stage1_ingest.py for tasks to queue
[2025-11-09T01:06:59.105+0000] {logging_mixin.py:154} INFO - [2025-11-09T01:06:59.104+0000] {dagbag.py:536} INFO - Filling up the DagBag from /opt/airflow/dags/diabetes_stage1_ingest.py
[2025-11-09T01:06:59.723+0000] {processor.py:839} INFO - DAG(s) dict_keys(['diabetes_stage1_ingest']) retrieved from /opt/airflow/dags/diabetes_stage1_ingest.py
[2025-11-09T01:06:59.743+0000] {logging_mixin.py:154} INFO - [2025-11-09T01:06:59.742+0000] {dag.py:2941} INFO - Sync 1 DAGs
[2025-11-09T01:06:59.758+0000] {logging_mixin.py:154} INFO - [2025-11-09T01:06:59.758+0000] {dag.py:3722} INFO - Setting next_dagrun for diabetes_stage1_ingest to 2025-11-09T01:05:00+00:00, run_after=2025-11-09T01:10:00+00:00
[2025-11-09T01:06:59.770+0000] {processor.py:179} INFO - Processing /opt/airflow/dags/diabetes_stage1_ingest.py took 0.678 seconds
[2025-11-09T01:07:30.206+0000] {processor.py:157} INFO - Started process (PID=2115) to work on /opt/airflow/dags/diabetes_stage1_ingest.py
[2025-11-09T01:07:30.209+0000] {processor.py:829} INFO - Processing file /opt/airflow/dags/diabetes_stage1_ingest.py for tasks to queue
[2025-11-09T01:07:30.210+0000] {logging_mixin.py:154} INFO - [2025-11-09T01:07:30.210+0000] {dagbag.py:536} INFO - Filling up the DagBag from /opt/airflow/dags/diabetes_stage1_ingest.py
[2025-11-09T01:07:30.711+0000] {processor.py:839} INFO - DAG(s) dict_keys(['diabetes_stage1_ingest']) retrieved from /opt/airflow/dags/diabetes_stage1_ingest.py
[2025-11-09T01:07:30.733+0000] {logging_mixin.py:154} INFO - [2025-11-09T01:07:30.733+0000] {dag.py:2941} INFO - Sync 1 DAGs
[2025-11-09T01:07:30.745+0000] {logging_mixin.py:154} INFO - [2025-11-09T01:07:30.745+0000] {dag.py:3722} INFO - Setting next_dagrun for diabetes_stage1_ingest to 2025-11-09T01:05:00+00:00, run_after=2025-11-09T01:10:00+00:00
[2025-11-09T01:07:30.753+0000] {processor.py:179} INFO - Processing /opt/airflow/dags/diabetes_stage1_ingest.py took 0.554 seconds
