[2025-11-09T00:10:53.140+0000] {processor.py:157} INFO - Started process (PID=167) to work on /opt/airflow/dags/diabetes_training_pipeline.py
[2025-11-09T00:10:53.142+0000] {processor.py:829} INFO - Processing file /opt/airflow/dags/diabetes_training_pipeline.py for tasks to queue
[2025-11-09T00:10:53.145+0000] {logging_mixin.py:154} INFO - [2025-11-09T00:10:53.144+0000] {dagbag.py:536} INFO - Filling up the DagBag from /opt/airflow/dags/diabetes_training_pipeline.py
[2025-11-09T00:10:56.110+0000] {processor.py:839} INFO - DAG(s) dict_keys(['diabetes_training_pipeline']) retrieved from /opt/airflow/dags/diabetes_training_pipeline.py
[2025-11-09T00:10:56.190+0000] {logging_mixin.py:154} INFO - [2025-11-09T00:10:56.189+0000] {manager.py:499} INFO - Created Permission View: %s
[2025-11-09T00:10:56.196+0000] {logging_mixin.py:154} INFO - [2025-11-09T00:10:56.195+0000] {manager.py:499} INFO - Created Permission View: %s
[2025-11-09T00:10:56.199+0000] {logging_mixin.py:154} INFO - [2025-11-09T00:10:56.198+0000] {manager.py:499} INFO - Created Permission View: %s
[2025-11-09T00:10:56.199+0000] {logging_mixin.py:154} INFO - [2025-11-09T00:10:56.199+0000] {dag.py:2941} INFO - Sync 1 DAGs
[2025-11-09T00:10:56.330+0000] {logging_mixin.py:154} INFO - [2025-11-09T00:10:56.330+0000] {dag.py:2963} INFO - Creating ORM DAG for diabetes_training_pipeline
[2025-11-09T00:10:56.331+0000] {logging_mixin.py:154} INFO - [2025-11-09T00:10:56.331+0000] {dag.py:3722} INFO - Setting next_dagrun for diabetes_training_pipeline to None, run_after=None
[2025-11-09T00:10:56.340+0000] {processor.py:179} INFO - Processing /opt/airflow/dags/diabetes_training_pipeline.py took 3.206 seconds
[2025-11-09T00:11:26.506+0000] {processor.py:157} INFO - Started process (PID=189) to work on /opt/airflow/dags/diabetes_training_pipeline.py
[2025-11-09T00:11:26.508+0000] {processor.py:829} INFO - Processing file /opt/airflow/dags/diabetes_training_pipeline.py for tasks to queue
[2025-11-09T00:11:26.509+0000] {logging_mixin.py:154} INFO - [2025-11-09T00:11:26.509+0000] {dagbag.py:536} INFO - Filling up the DagBag from /opt/airflow/dags/diabetes_training_pipeline.py
[2025-11-09T00:11:27.324+0000] {processor.py:839} INFO - DAG(s) dict_keys(['diabetes_training_pipeline']) retrieved from /opt/airflow/dags/diabetes_training_pipeline.py
[2025-11-09T00:11:27.359+0000] {logging_mixin.py:154} INFO - [2025-11-09T00:11:27.357+0000] {dag.py:2941} INFO - Sync 1 DAGs
[2025-11-09T00:11:27.375+0000] {logging_mixin.py:154} INFO - [2025-11-09T00:11:27.375+0000] {dag.py:3722} INFO - Setting next_dagrun for diabetes_training_pipeline to None, run_after=None
[2025-11-09T00:11:27.404+0000] {processor.py:179} INFO - Processing /opt/airflow/dags/diabetes_training_pipeline.py took 0.900 seconds
[2025-11-09T00:11:57.601+0000] {processor.py:157} INFO - Started process (PID=208) to work on /opt/airflow/dags/diabetes_training_pipeline.py
[2025-11-09T00:11:57.602+0000] {processor.py:829} INFO - Processing file /opt/airflow/dags/diabetes_training_pipeline.py for tasks to queue
[2025-11-09T00:11:57.602+0000] {logging_mixin.py:154} INFO - [2025-11-09T00:11:57.602+0000] {dagbag.py:536} INFO - Filling up the DagBag from /opt/airflow/dags/diabetes_training_pipeline.py
[2025-11-09T00:11:59.018+0000] {processor.py:839} INFO - DAG(s) dict_keys(['diabetes_training_pipeline']) retrieved from /opt/airflow/dags/diabetes_training_pipeline.py
[2025-11-09T00:11:59.041+0000] {logging_mixin.py:154} INFO - [2025-11-09T00:11:59.040+0000] {dag.py:2941} INFO - Sync 1 DAGs
[2025-11-09T00:11:59.051+0000] {logging_mixin.py:154} INFO - [2025-11-09T00:11:59.051+0000] {dag.py:3722} INFO - Setting next_dagrun for diabetes_training_pipeline to None, run_after=None
[2025-11-09T00:11:59.069+0000] {processor.py:179} INFO - Processing /opt/airflow/dags/diabetes_training_pipeline.py took 1.471 seconds
[2025-11-09T00:12:29.794+0000] {processor.py:157} INFO - Started process (PID=227) to work on /opt/airflow/dags/diabetes_training_pipeline.py
[2025-11-09T00:12:29.795+0000] {processor.py:829} INFO - Processing file /opt/airflow/dags/diabetes_training_pipeline.py for tasks to queue
[2025-11-09T00:12:29.796+0000] {logging_mixin.py:154} INFO - [2025-11-09T00:12:29.796+0000] {dagbag.py:536} INFO - Filling up the DagBag from /opt/airflow/dags/diabetes_training_pipeline.py
[2025-11-09T00:12:30.517+0000] {processor.py:839} INFO - DAG(s) dict_keys(['diabetes_training_pipeline']) retrieved from /opt/airflow/dags/diabetes_training_pipeline.py
[2025-11-09T00:12:30.532+0000] {logging_mixin.py:154} INFO - [2025-11-09T00:12:30.532+0000] {dag.py:2941} INFO - Sync 1 DAGs
[2025-11-09T00:12:30.538+0000] {logging_mixin.py:154} INFO - [2025-11-09T00:12:30.538+0000] {dag.py:3722} INFO - Setting next_dagrun for diabetes_training_pipeline to None, run_after=None
[2025-11-09T00:12:30.550+0000] {processor.py:179} INFO - Processing /opt/airflow/dags/diabetes_training_pipeline.py took 0.758 seconds
[2025-11-09T00:13:01.055+0000] {processor.py:157} INFO - Started process (PID=246) to work on /opt/airflow/dags/diabetes_training_pipeline.py
[2025-11-09T00:13:01.057+0000] {processor.py:829} INFO - Processing file /opt/airflow/dags/diabetes_training_pipeline.py for tasks to queue
[2025-11-09T00:13:01.057+0000] {logging_mixin.py:154} INFO - [2025-11-09T00:13:01.057+0000] {dagbag.py:536} INFO - Filling up the DagBag from /opt/airflow/dags/diabetes_training_pipeline.py
[2025-11-09T00:13:02.873+0000] {processor.py:839} INFO - DAG(s) dict_keys(['diabetes_training_pipeline']) retrieved from /opt/airflow/dags/diabetes_training_pipeline.py
[2025-11-09T00:13:02.909+0000] {logging_mixin.py:154} INFO - [2025-11-09T00:13:02.908+0000] {dag.py:2941} INFO - Sync 1 DAGs
[2025-11-09T00:13:02.923+0000] {logging_mixin.py:154} INFO - [2025-11-09T00:13:02.922+0000] {dag.py:3722} INFO - Setting next_dagrun for diabetes_training_pipeline to None, run_after=None
[2025-11-09T00:13:02.962+0000] {processor.py:179} INFO - Processing /opt/airflow/dags/diabetes_training_pipeline.py took 1.911 seconds
[2025-11-09T00:13:33.291+0000] {processor.py:157} INFO - Started process (PID=283) to work on /opt/airflow/dags/diabetes_training_pipeline.py
[2025-11-09T00:13:33.296+0000] {processor.py:829} INFO - Processing file /opt/airflow/dags/diabetes_training_pipeline.py for tasks to queue
[2025-11-09T00:13:33.299+0000] {logging_mixin.py:154} INFO - [2025-11-09T00:13:33.298+0000] {dagbag.py:536} INFO - Filling up the DagBag from /opt/airflow/dags/diabetes_training_pipeline.py
[2025-11-09T00:13:34.473+0000] {processor.py:839} INFO - DAG(s) dict_keys(['diabetes_training_pipeline']) retrieved from /opt/airflow/dags/diabetes_training_pipeline.py
[2025-11-09T00:13:34.526+0000] {logging_mixin.py:154} INFO - [2025-11-09T00:13:34.524+0000] {dag.py:2941} INFO - Sync 1 DAGs
[2025-11-09T00:13:34.551+0000] {logging_mixin.py:154} INFO - [2025-11-09T00:13:34.551+0000] {dag.py:3722} INFO - Setting next_dagrun for diabetes_training_pipeline to None, run_after=None
[2025-11-09T00:13:34.581+0000] {processor.py:179} INFO - Processing /opt/airflow/dags/diabetes_training_pipeline.py took 1.295 seconds
[2025-11-09T00:14:05.594+0000] {processor.py:157} INFO - Started process (PID=350) to work on /opt/airflow/dags/diabetes_training_pipeline.py
[2025-11-09T00:14:05.597+0000] {processor.py:829} INFO - Processing file /opt/airflow/dags/diabetes_training_pipeline.py for tasks to queue
[2025-11-09T00:14:05.598+0000] {logging_mixin.py:154} INFO - [2025-11-09T00:14:05.598+0000] {dagbag.py:536} INFO - Filling up the DagBag from /opt/airflow/dags/diabetes_training_pipeline.py
[2025-11-09T00:14:07.167+0000] {processor.py:839} INFO - DAG(s) dict_keys(['diabetes_training_pipeline']) retrieved from /opt/airflow/dags/diabetes_training_pipeline.py
[2025-11-09T00:14:07.199+0000] {logging_mixin.py:154} INFO - [2025-11-09T00:14:07.198+0000] {dag.py:2941} INFO - Sync 1 DAGs
[2025-11-09T00:14:07.206+0000] {logging_mixin.py:154} INFO - [2025-11-09T00:14:07.206+0000] {dag.py:3722} INFO - Setting next_dagrun for diabetes_training_pipeline to None, run_after=None
[2025-11-09T00:14:07.216+0000] {processor.py:179} INFO - Processing /opt/airflow/dags/diabetes_training_pipeline.py took 1.637 seconds
[2025-11-09T00:14:37.954+0000] {processor.py:157} INFO - Started process (PID=369) to work on /opt/airflow/dags/diabetes_training_pipeline.py
[2025-11-09T00:14:37.958+0000] {processor.py:829} INFO - Processing file /opt/airflow/dags/diabetes_training_pipeline.py for tasks to queue
[2025-11-09T00:14:37.959+0000] {logging_mixin.py:154} INFO - [2025-11-09T00:14:37.959+0000] {dagbag.py:536} INFO - Filling up the DagBag from /opt/airflow/dags/diabetes_training_pipeline.py
[2025-11-09T00:14:39.356+0000] {processor.py:839} INFO - DAG(s) dict_keys(['diabetes_training_pipeline']) retrieved from /opt/airflow/dags/diabetes_training_pipeline.py
[2025-11-09T00:14:39.382+0000] {logging_mixin.py:154} INFO - [2025-11-09T00:14:39.382+0000] {dag.py:2941} INFO - Sync 1 DAGs
[2025-11-09T00:14:39.391+0000] {logging_mixin.py:154} INFO - [2025-11-09T00:14:39.390+0000] {dag.py:3722} INFO - Setting next_dagrun for diabetes_training_pipeline to None, run_after=None
[2025-11-09T00:14:39.407+0000] {processor.py:179} INFO - Processing /opt/airflow/dags/diabetes_training_pipeline.py took 1.460 seconds
[2025-11-09T00:15:09.747+0000] {processor.py:157} INFO - Started process (PID=394) to work on /opt/airflow/dags/diabetes_training_pipeline.py
[2025-11-09T00:15:09.750+0000] {processor.py:829} INFO - Processing file /opt/airflow/dags/diabetes_training_pipeline.py for tasks to queue
[2025-11-09T00:15:09.751+0000] {logging_mixin.py:154} INFO - [2025-11-09T00:15:09.751+0000] {dagbag.py:536} INFO - Filling up the DagBag from /opt/airflow/dags/diabetes_training_pipeline.py
[2025-11-09T00:15:11.984+0000] {processor.py:839} INFO - DAG(s) dict_keys(['diabetes_training_pipeline']) retrieved from /opt/airflow/dags/diabetes_training_pipeline.py
[2025-11-09T00:15:12.012+0000] {logging_mixin.py:154} INFO - [2025-11-09T00:15:12.011+0000] {dag.py:2941} INFO - Sync 1 DAGs
[2025-11-09T00:15:12.022+0000] {logging_mixin.py:154} INFO - [2025-11-09T00:15:12.022+0000] {dag.py:3722} INFO - Setting next_dagrun for diabetes_training_pipeline to None, run_after=None
[2025-11-09T00:15:12.039+0000] {processor.py:179} INFO - Processing /opt/airflow/dags/diabetes_training_pipeline.py took 2.306 seconds
[2025-11-09T00:15:42.296+0000] {processor.py:157} INFO - Started process (PID=473) to work on /opt/airflow/dags/diabetes_training_pipeline.py
[2025-11-09T00:15:42.298+0000] {processor.py:829} INFO - Processing file /opt/airflow/dags/diabetes_training_pipeline.py for tasks to queue
[2025-11-09T00:15:42.299+0000] {logging_mixin.py:154} INFO - [2025-11-09T00:15:42.299+0000] {dagbag.py:536} INFO - Filling up the DagBag from /opt/airflow/dags/diabetes_training_pipeline.py
[2025-11-09T00:15:43.858+0000] {processor.py:839} INFO - DAG(s) dict_keys(['diabetes_training_pipeline']) retrieved from /opt/airflow/dags/diabetes_training_pipeline.py
[2025-11-09T00:15:43.919+0000] {logging_mixin.py:154} INFO - [2025-11-09T00:15:43.916+0000] {dag.py:2941} INFO - Sync 1 DAGs
[2025-11-09T00:15:43.936+0000] {logging_mixin.py:154} INFO - [2025-11-09T00:15:43.936+0000] {dag.py:3722} INFO - Setting next_dagrun for diabetes_training_pipeline to None, run_after=None
[2025-11-09T00:15:43.953+0000] {processor.py:179} INFO - Processing /opt/airflow/dags/diabetes_training_pipeline.py took 1.665 seconds
[2025-11-09T00:16:14.240+0000] {processor.py:157} INFO - Started process (PID=492) to work on /opt/airflow/dags/diabetes_training_pipeline.py
[2025-11-09T00:16:14.243+0000] {processor.py:829} INFO - Processing file /opt/airflow/dags/diabetes_training_pipeline.py for tasks to queue
[2025-11-09T00:16:14.245+0000] {logging_mixin.py:154} INFO - [2025-11-09T00:16:14.244+0000] {dagbag.py:536} INFO - Filling up the DagBag from /opt/airflow/dags/diabetes_training_pipeline.py
[2025-11-09T00:16:15.497+0000] {processor.py:839} INFO - DAG(s) dict_keys(['diabetes_training_pipeline']) retrieved from /opt/airflow/dags/diabetes_training_pipeline.py
[2025-11-09T00:16:15.521+0000] {logging_mixin.py:154} INFO - [2025-11-09T00:16:15.521+0000] {dag.py:2941} INFO - Sync 1 DAGs
[2025-11-09T00:16:15.529+0000] {logging_mixin.py:154} INFO - [2025-11-09T00:16:15.529+0000] {dag.py:3722} INFO - Setting next_dagrun for diabetes_training_pipeline to None, run_after=None
[2025-11-09T00:16:15.539+0000] {processor.py:179} INFO - Processing /opt/airflow/dags/diabetes_training_pipeline.py took 1.305 seconds
[2025-11-09T00:16:45.782+0000] {processor.py:157} INFO - Started process (PID=511) to work on /opt/airflow/dags/diabetes_training_pipeline.py
[2025-11-09T00:16:45.785+0000] {processor.py:829} INFO - Processing file /opt/airflow/dags/diabetes_training_pipeline.py for tasks to queue
[2025-11-09T00:16:45.786+0000] {logging_mixin.py:154} INFO - [2025-11-09T00:16:45.785+0000] {dagbag.py:536} INFO - Filling up the DagBag from /opt/airflow/dags/diabetes_training_pipeline.py
[2025-11-09T00:16:46.976+0000] {processor.py:839} INFO - DAG(s) dict_keys(['diabetes_training_pipeline']) retrieved from /opt/airflow/dags/diabetes_training_pipeline.py
[2025-11-09T00:16:47.003+0000] {logging_mixin.py:154} INFO - [2025-11-09T00:16:47.002+0000] {dag.py:2941} INFO - Sync 1 DAGs
[2025-11-09T00:16:47.009+0000] {logging_mixin.py:154} INFO - [2025-11-09T00:16:47.009+0000] {dag.py:3722} INFO - Setting next_dagrun for diabetes_training_pipeline to None, run_after=None
[2025-11-09T00:16:47.093+0000] {processor.py:179} INFO - Processing /opt/airflow/dags/diabetes_training_pipeline.py took 1.318 seconds
[2025-11-09T00:17:17.365+0000] {processor.py:157} INFO - Started process (PID=530) to work on /opt/airflow/dags/diabetes_training_pipeline.py
[2025-11-09T00:17:17.367+0000] {processor.py:829} INFO - Processing file /opt/airflow/dags/diabetes_training_pipeline.py for tasks to queue
[2025-11-09T00:17:17.368+0000] {logging_mixin.py:154} INFO - [2025-11-09T00:17:17.368+0000] {dagbag.py:536} INFO - Filling up the DagBag from /opt/airflow/dags/diabetes_training_pipeline.py
[2025-11-09T00:17:18.424+0000] {processor.py:839} INFO - DAG(s) dict_keys(['diabetes_training_pipeline']) retrieved from /opt/airflow/dags/diabetes_training_pipeline.py
[2025-11-09T00:17:18.443+0000] {logging_mixin.py:154} INFO - [2025-11-09T00:17:18.443+0000] {dag.py:2941} INFO - Sync 1 DAGs
[2025-11-09T00:17:18.450+0000] {logging_mixin.py:154} INFO - [2025-11-09T00:17:18.449+0000] {dag.py:3722} INFO - Setting next_dagrun for diabetes_training_pipeline to None, run_after=None
[2025-11-09T00:17:18.462+0000] {processor.py:179} INFO - Processing /opt/airflow/dags/diabetes_training_pipeline.py took 1.113 seconds
[2025-11-09T00:17:48.711+0000] {processor.py:157} INFO - Started process (PID=549) to work on /opt/airflow/dags/diabetes_training_pipeline.py
[2025-11-09T00:17:48.713+0000] {processor.py:829} INFO - Processing file /opt/airflow/dags/diabetes_training_pipeline.py for tasks to queue
[2025-11-09T00:17:48.715+0000] {logging_mixin.py:154} INFO - [2025-11-09T00:17:48.714+0000] {dagbag.py:536} INFO - Filling up the DagBag from /opt/airflow/dags/diabetes_training_pipeline.py
[2025-11-09T00:17:49.836+0000] {processor.py:839} INFO - DAG(s) dict_keys(['diabetes_training_pipeline']) retrieved from /opt/airflow/dags/diabetes_training_pipeline.py
[2025-11-09T00:17:49.857+0000] {logging_mixin.py:154} INFO - [2025-11-09T00:17:49.857+0000] {dag.py:2941} INFO - Sync 1 DAGs
[2025-11-09T00:17:49.866+0000] {logging_mixin.py:154} INFO - [2025-11-09T00:17:49.866+0000] {dag.py:3722} INFO - Setting next_dagrun for diabetes_training_pipeline to None, run_after=None
[2025-11-09T00:17:49.878+0000] {processor.py:179} INFO - Processing /opt/airflow/dags/diabetes_training_pipeline.py took 1.175 seconds
[2025-11-09T00:18:20.122+0000] {processor.py:157} INFO - Started process (PID=568) to work on /opt/airflow/dags/diabetes_training_pipeline.py
[2025-11-09T00:18:20.124+0000] {processor.py:829} INFO - Processing file /opt/airflow/dags/diabetes_training_pipeline.py for tasks to queue
[2025-11-09T00:18:20.125+0000] {logging_mixin.py:154} INFO - [2025-11-09T00:18:20.124+0000] {dagbag.py:536} INFO - Filling up the DagBag from /opt/airflow/dags/diabetes_training_pipeline.py
[2025-11-09T00:18:21.284+0000] {processor.py:839} INFO - DAG(s) dict_keys(['diabetes_training_pipeline']) retrieved from /opt/airflow/dags/diabetes_training_pipeline.py
[2025-11-09T00:18:21.307+0000] {logging_mixin.py:154} INFO - [2025-11-09T00:18:21.307+0000] {dag.py:2941} INFO - Sync 1 DAGs
[2025-11-09T00:18:21.320+0000] {logging_mixin.py:154} INFO - [2025-11-09T00:18:21.320+0000] {dag.py:3722} INFO - Setting next_dagrun for diabetes_training_pipeline to None, run_after=None
[2025-11-09T00:18:21.472+0000] {processor.py:179} INFO - Processing /opt/airflow/dags/diabetes_training_pipeline.py took 1.360 seconds
[2025-11-09T00:18:52.378+0000] {processor.py:157} INFO - Started process (PID=587) to work on /opt/airflow/dags/diabetes_training_pipeline.py
[2025-11-09T00:18:52.379+0000] {processor.py:829} INFO - Processing file /opt/airflow/dags/diabetes_training_pipeline.py for tasks to queue
[2025-11-09T00:18:52.381+0000] {logging_mixin.py:154} INFO - [2025-11-09T00:18:52.380+0000] {dagbag.py:536} INFO - Filling up the DagBag from /opt/airflow/dags/diabetes_training_pipeline.py
[2025-11-09T00:18:53.461+0000] {processor.py:839} INFO - DAG(s) dict_keys(['diabetes_training_pipeline']) retrieved from /opt/airflow/dags/diabetes_training_pipeline.py
[2025-11-09T00:18:53.487+0000] {logging_mixin.py:154} INFO - [2025-11-09T00:18:53.487+0000] {dag.py:2941} INFO - Sync 1 DAGs
[2025-11-09T00:18:53.494+0000] {logging_mixin.py:154} INFO - [2025-11-09T00:18:53.494+0000] {dag.py:3722} INFO - Setting next_dagrun for diabetes_training_pipeline to None, run_after=None
[2025-11-09T00:18:53.508+0000] {processor.py:179} INFO - Processing /opt/airflow/dags/diabetes_training_pipeline.py took 1.138 seconds
[2025-11-09T00:19:23.784+0000] {processor.py:157} INFO - Started process (PID=606) to work on /opt/airflow/dags/diabetes_training_pipeline.py
[2025-11-09T00:19:23.789+0000] {processor.py:829} INFO - Processing file /opt/airflow/dags/diabetes_training_pipeline.py for tasks to queue
[2025-11-09T00:19:23.791+0000] {logging_mixin.py:154} INFO - [2025-11-09T00:19:23.790+0000] {dagbag.py:536} INFO - Filling up the DagBag from /opt/airflow/dags/diabetes_training_pipeline.py
[2025-11-09T00:19:24.782+0000] {processor.py:839} INFO - DAG(s) dict_keys(['diabetes_training_pipeline']) retrieved from /opt/airflow/dags/diabetes_training_pipeline.py
[2025-11-09T00:19:24.797+0000] {logging_mixin.py:154} INFO - [2025-11-09T00:19:24.796+0000] {dag.py:2941} INFO - Sync 1 DAGs
[2025-11-09T00:19:24.802+0000] {logging_mixin.py:154} INFO - [2025-11-09T00:19:24.802+0000] {dag.py:3722} INFO - Setting next_dagrun for diabetes_training_pipeline to None, run_after=None
[2025-11-09T00:19:24.812+0000] {processor.py:179} INFO - Processing /opt/airflow/dags/diabetes_training_pipeline.py took 1.042 seconds
[2025-11-09T00:19:55.034+0000] {processor.py:157} INFO - Started process (PID=625) to work on /opt/airflow/dags/diabetes_training_pipeline.py
[2025-11-09T00:19:55.037+0000] {processor.py:829} INFO - Processing file /opt/airflow/dags/diabetes_training_pipeline.py for tasks to queue
[2025-11-09T00:19:55.038+0000] {logging_mixin.py:154} INFO - [2025-11-09T00:19:55.037+0000] {dagbag.py:536} INFO - Filling up the DagBag from /opt/airflow/dags/diabetes_training_pipeline.py
[2025-11-09T00:19:55.986+0000] {processor.py:839} INFO - DAG(s) dict_keys(['diabetes_training_pipeline']) retrieved from /opt/airflow/dags/diabetes_training_pipeline.py
[2025-11-09T00:19:56.001+0000] {logging_mixin.py:154} INFO - [2025-11-09T00:19:56.000+0000] {dag.py:2941} INFO - Sync 1 DAGs
[2025-11-09T00:19:56.007+0000] {logging_mixin.py:154} INFO - [2025-11-09T00:19:56.007+0000] {dag.py:3722} INFO - Setting next_dagrun for diabetes_training_pipeline to None, run_after=None
[2025-11-09T00:19:56.016+0000] {processor.py:179} INFO - Processing /opt/airflow/dags/diabetes_training_pipeline.py took 0.990 seconds
[2025-11-09T00:20:26.373+0000] {processor.py:157} INFO - Started process (PID=671) to work on /opt/airflow/dags/diabetes_training_pipeline.py
[2025-11-09T00:20:26.375+0000] {processor.py:829} INFO - Processing file /opt/airflow/dags/diabetes_training_pipeline.py for tasks to queue
[2025-11-09T00:20:26.376+0000] {logging_mixin.py:154} INFO - [2025-11-09T00:20:26.375+0000] {dagbag.py:536} INFO - Filling up the DagBag from /opt/airflow/dags/diabetes_training_pipeline.py
[2025-11-09T00:20:48.980+0000] {processor.py:839} INFO - DAG(s) dict_keys(['diabetes_training_pipeline']) retrieved from /opt/airflow/dags/diabetes_training_pipeline.py
[2025-11-09T00:20:49.056+0000] {logging_mixin.py:154} INFO - [2025-11-09T00:20:49.056+0000] {dag.py:2941} INFO - Sync 1 DAGs
[2025-11-09T00:20:49.068+0000] {logging_mixin.py:154} INFO - [2025-11-09T00:20:49.068+0000] {dag.py:3722} INFO - Setting next_dagrun for diabetes_training_pipeline to None, run_after=None
[2025-11-09T00:20:49.117+0000] {processor.py:179} INFO - Processing /opt/airflow/dags/diabetes_training_pipeline.py took 22.755 seconds
[2025-11-09T00:21:19.246+0000] {processor.py:157} INFO - Started process (PID=732) to work on /opt/airflow/dags/diabetes_training_pipeline.py
[2025-11-09T00:21:19.248+0000] {processor.py:829} INFO - Processing file /opt/airflow/dags/diabetes_training_pipeline.py for tasks to queue
[2025-11-09T00:21:19.251+0000] {logging_mixin.py:154} INFO - [2025-11-09T00:21:19.249+0000] {dagbag.py:536} INFO - Filling up the DagBag from /opt/airflow/dags/diabetes_training_pipeline.py
[2025-11-09T00:21:20.397+0000] {processor.py:839} INFO - DAG(s) dict_keys(['diabetes_training_pipeline']) retrieved from /opt/airflow/dags/diabetes_training_pipeline.py
[2025-11-09T00:21:20.413+0000] {logging_mixin.py:154} INFO - [2025-11-09T00:21:20.413+0000] {dag.py:2941} INFO - Sync 1 DAGs
[2025-11-09T00:21:20.501+0000] {logging_mixin.py:154} INFO - [2025-11-09T00:21:20.501+0000] {dag.py:3722} INFO - Setting next_dagrun for diabetes_training_pipeline to None, run_after=None
[2025-11-09T00:21:20.509+0000] {processor.py:179} INFO - Processing /opt/airflow/dags/diabetes_training_pipeline.py took 1.270 seconds
[2025-11-09T00:21:50.884+0000] {processor.py:157} INFO - Started process (PID=751) to work on /opt/airflow/dags/diabetes_training_pipeline.py
[2025-11-09T00:21:50.886+0000] {processor.py:829} INFO - Processing file /opt/airflow/dags/diabetes_training_pipeline.py for tasks to queue
[2025-11-09T00:21:50.887+0000] {logging_mixin.py:154} INFO - [2025-11-09T00:21:50.887+0000] {dagbag.py:536} INFO - Filling up the DagBag from /opt/airflow/dags/diabetes_training_pipeline.py
[2025-11-09T00:21:52.170+0000] {processor.py:839} INFO - DAG(s) dict_keys(['diabetes_training_pipeline']) retrieved from /opt/airflow/dags/diabetes_training_pipeline.py
[2025-11-09T00:21:52.185+0000] {logging_mixin.py:154} INFO - [2025-11-09T00:21:52.185+0000] {dag.py:2941} INFO - Sync 1 DAGs
[2025-11-09T00:21:52.190+0000] {logging_mixin.py:154} INFO - [2025-11-09T00:21:52.190+0000] {dag.py:3722} INFO - Setting next_dagrun for diabetes_training_pipeline to None, run_after=None
[2025-11-09T00:21:52.199+0000] {processor.py:179} INFO - Processing /opt/airflow/dags/diabetes_training_pipeline.py took 1.319 seconds
[2025-11-09T00:22:22.456+0000] {processor.py:157} INFO - Started process (PID=771) to work on /opt/airflow/dags/diabetes_training_pipeline.py
[2025-11-09T00:22:22.458+0000] {processor.py:829} INFO - Processing file /opt/airflow/dags/diabetes_training_pipeline.py for tasks to queue
[2025-11-09T00:22:22.459+0000] {logging_mixin.py:154} INFO - [2025-11-09T00:22:22.459+0000] {dagbag.py:536} INFO - Filling up the DagBag from /opt/airflow/dags/diabetes_training_pipeline.py
[2025-11-09T00:22:23.486+0000] {processor.py:839} INFO - DAG(s) dict_keys(['diabetes_training_pipeline']) retrieved from /opt/airflow/dags/diabetes_training_pipeline.py
[2025-11-09T00:22:23.497+0000] {logging_mixin.py:154} INFO - [2025-11-09T00:22:23.497+0000] {dag.py:2941} INFO - Sync 1 DAGs
[2025-11-09T00:22:23.503+0000] {logging_mixin.py:154} INFO - [2025-11-09T00:22:23.503+0000] {dag.py:3722} INFO - Setting next_dagrun for diabetes_training_pipeline to None, run_after=None
[2025-11-09T00:22:23.598+0000] {processor.py:179} INFO - Processing /opt/airflow/dags/diabetes_training_pipeline.py took 1.150 seconds
[2025-11-09T00:22:53.765+0000] {processor.py:157} INFO - Started process (PID=789) to work on /opt/airflow/dags/diabetes_training_pipeline.py
[2025-11-09T00:22:53.769+0000] {processor.py:829} INFO - Processing file /opt/airflow/dags/diabetes_training_pipeline.py for tasks to queue
[2025-11-09T00:22:53.770+0000] {logging_mixin.py:154} INFO - [2025-11-09T00:22:53.770+0000] {dagbag.py:536} INFO - Filling up the DagBag from /opt/airflow/dags/diabetes_training_pipeline.py
[2025-11-09T00:22:54.826+0000] {processor.py:839} INFO - DAG(s) dict_keys(['diabetes_training_pipeline']) retrieved from /opt/airflow/dags/diabetes_training_pipeline.py
[2025-11-09T00:22:54.836+0000] {logging_mixin.py:154} INFO - [2025-11-09T00:22:54.836+0000] {dag.py:2941} INFO - Sync 1 DAGs
[2025-11-09T00:22:54.924+0000] {logging_mixin.py:154} INFO - [2025-11-09T00:22:54.924+0000] {dag.py:3722} INFO - Setting next_dagrun for diabetes_training_pipeline to None, run_after=None
[2025-11-09T00:22:54.935+0000] {processor.py:179} INFO - Processing /opt/airflow/dags/diabetes_training_pipeline.py took 1.180 seconds
[2025-11-09T00:23:25.121+0000] {processor.py:157} INFO - Started process (PID=808) to work on /opt/airflow/dags/diabetes_training_pipeline.py
[2025-11-09T00:23:25.124+0000] {processor.py:829} INFO - Processing file /opt/airflow/dags/diabetes_training_pipeline.py for tasks to queue
[2025-11-09T00:23:25.128+0000] {logging_mixin.py:154} INFO - [2025-11-09T00:23:25.127+0000] {dagbag.py:536} INFO - Filling up the DagBag from /opt/airflow/dags/diabetes_training_pipeline.py
[2025-11-09T00:23:26.638+0000] {processor.py:839} INFO - DAG(s) dict_keys(['diabetes_training_pipeline']) retrieved from /opt/airflow/dags/diabetes_training_pipeline.py
[2025-11-09T00:23:26.653+0000] {logging_mixin.py:154} INFO - [2025-11-09T00:23:26.653+0000] {dag.py:2941} INFO - Sync 1 DAGs
[2025-11-09T00:23:26.659+0000] {logging_mixin.py:154} INFO - [2025-11-09T00:23:26.659+0000] {dag.py:3722} INFO - Setting next_dagrun for diabetes_training_pipeline to None, run_after=None
[2025-11-09T00:23:26.666+0000] {processor.py:179} INFO - Processing /opt/airflow/dags/diabetes_training_pipeline.py took 1.553 seconds
[2025-11-09T00:23:56.908+0000] {processor.py:157} INFO - Started process (PID=828) to work on /opt/airflow/dags/diabetes_training_pipeline.py
[2025-11-09T00:23:56.910+0000] {processor.py:829} INFO - Processing file /opt/airflow/dags/diabetes_training_pipeline.py for tasks to queue
[2025-11-09T00:23:56.911+0000] {logging_mixin.py:154} INFO - [2025-11-09T00:23:56.911+0000] {dagbag.py:536} INFO - Filling up the DagBag from /opt/airflow/dags/diabetes_training_pipeline.py
[2025-11-09T00:23:57.722+0000] {processor.py:839} INFO - DAG(s) dict_keys(['diabetes_training_pipeline']) retrieved from /opt/airflow/dags/diabetes_training_pipeline.py
[2025-11-09T00:23:57.736+0000] {logging_mixin.py:154} INFO - [2025-11-09T00:23:57.735+0000] {dag.py:2941} INFO - Sync 1 DAGs
[2025-11-09T00:23:57.864+0000] {logging_mixin.py:154} INFO - [2025-11-09T00:23:57.864+0000] {dag.py:3722} INFO - Setting next_dagrun for diabetes_training_pipeline to None, run_after=None
[2025-11-09T00:23:57.877+0000] {processor.py:179} INFO - Processing /opt/airflow/dags/diabetes_training_pipeline.py took 0.975 seconds
[2025-11-09T00:24:28.323+0000] {processor.py:157} INFO - Started process (PID=849) to work on /opt/airflow/dags/diabetes_training_pipeline.py
[2025-11-09T00:24:28.325+0000] {processor.py:829} INFO - Processing file /opt/airflow/dags/diabetes_training_pipeline.py for tasks to queue
[2025-11-09T00:24:28.325+0000] {logging_mixin.py:154} INFO - [2025-11-09T00:24:28.325+0000] {dagbag.py:536} INFO - Filling up the DagBag from /opt/airflow/dags/diabetes_training_pipeline.py
[2025-11-09T00:24:29.492+0000] {processor.py:839} INFO - DAG(s) dict_keys(['diabetes_training_pipeline']) retrieved from /opt/airflow/dags/diabetes_training_pipeline.py
[2025-11-09T00:24:29.552+0000] {logging_mixin.py:154} INFO - [2025-11-09T00:24:29.551+0000] {dag.py:2941} INFO - Sync 1 DAGs
[2025-11-09T00:24:29.568+0000] {logging_mixin.py:154} INFO - [2025-11-09T00:24:29.568+0000] {dag.py:3722} INFO - Setting next_dagrun for diabetes_training_pipeline to None, run_after=None
[2025-11-09T00:24:29.583+0000] {processor.py:179} INFO - Processing /opt/airflow/dags/diabetes_training_pipeline.py took 1.263 seconds
[2025-11-09T00:24:59.754+0000] {processor.py:157} INFO - Started process (PID=868) to work on /opt/airflow/dags/diabetes_training_pipeline.py
[2025-11-09T00:24:59.755+0000] {processor.py:829} INFO - Processing file /opt/airflow/dags/diabetes_training_pipeline.py for tasks to queue
[2025-11-09T00:24:59.756+0000] {logging_mixin.py:154} INFO - [2025-11-09T00:24:59.755+0000] {dagbag.py:536} INFO - Filling up the DagBag from /opt/airflow/dags/diabetes_training_pipeline.py
[2025-11-09T00:25:01.126+0000] {processor.py:839} INFO - DAG(s) dict_keys(['diabetes_training_pipeline']) retrieved from /opt/airflow/dags/diabetes_training_pipeline.py
[2025-11-09T00:25:01.184+0000] {logging_mixin.py:154} INFO - [2025-11-09T00:25:01.184+0000] {dag.py:2941} INFO - Sync 1 DAGs
[2025-11-09T00:25:01.208+0000] {logging_mixin.py:154} INFO - [2025-11-09T00:25:01.208+0000] {dag.py:3722} INFO - Setting next_dagrun for diabetes_training_pipeline to None, run_after=None
[2025-11-09T00:25:01.597+0000] {processor.py:179} INFO - Processing /opt/airflow/dags/diabetes_training_pipeline.py took 1.845 seconds
[2025-11-09T00:25:31.867+0000] {processor.py:157} INFO - Started process (PID=890) to work on /opt/airflow/dags/diabetes_training_pipeline.py
[2025-11-09T00:25:31.868+0000] {processor.py:829} INFO - Processing file /opt/airflow/dags/diabetes_training_pipeline.py for tasks to queue
[2025-11-09T00:25:31.869+0000] {logging_mixin.py:154} INFO - [2025-11-09T00:25:31.869+0000] {dagbag.py:536} INFO - Filling up the DagBag from /opt/airflow/dags/diabetes_training_pipeline.py
[2025-11-09T00:25:32.794+0000] {processor.py:839} INFO - DAG(s) dict_keys(['diabetes_training_pipeline']) retrieved from /opt/airflow/dags/diabetes_training_pipeline.py
[2025-11-09T00:25:32.933+0000] {logging_mixin.py:154} INFO - [2025-11-09T00:25:32.933+0000] {dag.py:2941} INFO - Sync 1 DAGs
[2025-11-09T00:25:32.941+0000] {logging_mixin.py:154} INFO - [2025-11-09T00:25:32.941+0000] {dag.py:3722} INFO - Setting next_dagrun for diabetes_training_pipeline to None, run_after=None
[2025-11-09T00:25:32.951+0000] {processor.py:179} INFO - Processing /opt/airflow/dags/diabetes_training_pipeline.py took 1.089 seconds
[2025-11-09T00:26:03.306+0000] {processor.py:157} INFO - Started process (PID=912) to work on /opt/airflow/dags/diabetes_training_pipeline.py
[2025-11-09T00:26:03.308+0000] {processor.py:829} INFO - Processing file /opt/airflow/dags/diabetes_training_pipeline.py for tasks to queue
[2025-11-09T00:26:03.308+0000] {logging_mixin.py:154} INFO - [2025-11-09T00:26:03.308+0000] {dagbag.py:536} INFO - Filling up the DagBag from /opt/airflow/dags/diabetes_training_pipeline.py
[2025-11-09T00:26:04.347+0000] {processor.py:839} INFO - DAG(s) dict_keys(['diabetes_training_pipeline']) retrieved from /opt/airflow/dags/diabetes_training_pipeline.py
[2025-11-09T00:26:04.361+0000] {logging_mixin.py:154} INFO - [2025-11-09T00:26:04.361+0000] {dag.py:2941} INFO - Sync 1 DAGs
[2025-11-09T00:26:04.367+0000] {logging_mixin.py:154} INFO - [2025-11-09T00:26:04.367+0000] {dag.py:3722} INFO - Setting next_dagrun for diabetes_training_pipeline to None, run_after=None
[2025-11-09T00:26:04.376+0000] {processor.py:179} INFO - Processing /opt/airflow/dags/diabetes_training_pipeline.py took 1.076 seconds
[2025-11-09T00:26:34.700+0000] {processor.py:157} INFO - Started process (PID=931) to work on /opt/airflow/dags/diabetes_training_pipeline.py
[2025-11-09T00:26:34.702+0000] {processor.py:829} INFO - Processing file /opt/airflow/dags/diabetes_training_pipeline.py for tasks to queue
[2025-11-09T00:26:34.703+0000] {logging_mixin.py:154} INFO - [2025-11-09T00:26:34.702+0000] {dagbag.py:536} INFO - Filling up the DagBag from /opt/airflow/dags/diabetes_training_pipeline.py
[2025-11-09T00:26:35.663+0000] {processor.py:839} INFO - DAG(s) dict_keys(['diabetes_training_pipeline']) retrieved from /opt/airflow/dags/diabetes_training_pipeline.py
[2025-11-09T00:26:35.692+0000] {logging_mixin.py:154} INFO - [2025-11-09T00:26:35.692+0000] {dag.py:2941} INFO - Sync 1 DAGs
[2025-11-09T00:26:35.702+0000] {logging_mixin.py:154} INFO - [2025-11-09T00:26:35.702+0000] {dag.py:3722} INFO - Setting next_dagrun for diabetes_training_pipeline to None, run_after=None
[2025-11-09T00:26:35.712+0000] {processor.py:179} INFO - Processing /opt/airflow/dags/diabetes_training_pipeline.py took 1.019 seconds
[2025-11-09T00:27:06.067+0000] {processor.py:157} INFO - Started process (PID=950) to work on /opt/airflow/dags/diabetes_training_pipeline.py
[2025-11-09T00:27:06.069+0000] {processor.py:829} INFO - Processing file /opt/airflow/dags/diabetes_training_pipeline.py for tasks to queue
[2025-11-09T00:27:06.070+0000] {logging_mixin.py:154} INFO - [2025-11-09T00:27:06.069+0000] {dagbag.py:536} INFO - Filling up the DagBag from /opt/airflow/dags/diabetes_training_pipeline.py
[2025-11-09T00:27:06.965+0000] {processor.py:839} INFO - DAG(s) dict_keys(['diabetes_training_pipeline']) retrieved from /opt/airflow/dags/diabetes_training_pipeline.py
[2025-11-09T00:27:06.983+0000] {logging_mixin.py:154} INFO - [2025-11-09T00:27:06.983+0000] {dag.py:2941} INFO - Sync 1 DAGs
[2025-11-09T00:27:06.990+0000] {logging_mixin.py:154} INFO - [2025-11-09T00:27:06.989+0000] {dag.py:3722} INFO - Setting next_dagrun for diabetes_training_pipeline to None, run_after=None
[2025-11-09T00:27:06.999+0000] {processor.py:179} INFO - Processing /opt/airflow/dags/diabetes_training_pipeline.py took 0.937 seconds
