[2025-11-10T04:30:23.152+0000] {taskinstance.py:1159} INFO - Dependencies all met for dep_context=non-requeueable deps ti=<TaskInstance: diabetes_training_pipeline.train_and_register manual__2025-11-10T04:30:21.147118+00:00 [queued]>
[2025-11-10T04:30:23.382+0000] {taskinstance.py:1159} INFO - Dependencies all met for dep_context=requeueable deps ti=<TaskInstance: diabetes_training_pipeline.train_and_register manual__2025-11-10T04:30:21.147118+00:00 [queued]>
[2025-11-10T04:30:23.382+0000] {taskinstance.py:1361} INFO - Starting attempt 1 of 2
[2025-11-10T04:30:23.391+0000] {taskinstance.py:1382} INFO - Executing <Task(PythonOperator): train_and_register> on 2025-11-10 04:30:21.147118+00:00
[2025-11-10T04:30:23.406+0000] {standard_task_runner.py:57} INFO - Started process 586 to run task
[2025-11-10T04:30:23.417+0000] {standard_task_runner.py:84} INFO - Running: ['***', 'tasks', 'run', 'diabetes_training_pipeline', 'train_and_register', 'manual__2025-11-10T04:30:21.147118+00:00', '--job-id', '59', '--raw', '--subdir', 'DAGS_FOLDER/diabetes_training_pipeline.py', '--cfg-path', '/tmp/tmpvr6j6vuh']
[2025-11-10T04:30:23.420+0000] {standard_task_runner.py:85} INFO - Job 59: Subtask train_and_register
[2025-11-10T04:30:23.480+0000] {task_command.py:416} INFO - Running <TaskInstance: diabetes_training_pipeline.train_and_register manual__2025-11-10T04:30:21.147118+00:00 [running]> on host 47d439ee3e9b
[2025-11-10T04:30:23.538+0000] {taskinstance.py:1662} INFO - Exporting env vars: AIRFLOW_CTX_DAG_OWNER='mlops_team' AIRFLOW_CTX_DAG_ID='diabetes_training_pipeline' AIRFLOW_CTX_TASK_ID='train_and_register' AIRFLOW_CTX_EXECUTION_DATE='2025-11-10T04:30:21.147118+00:00' AIRFLOW_CTX_TRY_NUMBER='1' AIRFLOW_CTX_DAG_RUN_ID='manual__2025-11-10T04:30:21.147118+00:00'
[2025-11-10T04:31:03.354+0000] {logging_mixin.py:154} WARNING - 2025/11/10 04:31:02 WARNING mlflow.utils.git_utils: Failed to import Git (the Git executable is probably not on your PATH), so Git SHA is not available. Error: Failed to initialize: Bad git executable.
The git executable must be specified in one of the following ways:
    - be included in your $PATH
    - be set via $GIT_PYTHON_GIT_EXECUTABLE
    - explicitly set via git.refresh(<full-path-to-git-executable>)

All git commands will error until this is rectified.

This initial message can be silenced or aggravated in the future by setting the
$GIT_PYTHON_REFRESH environment variable. Use one of the following values:
    - quiet|q|silence|s|silent|none|n|0: for no message or exception
    - warn|w|warning|log|l|1: for a warning message (logging level CRITICAL, displayed by default)
    - error|e|exception|raise|r|2: for a raised exception

Example:
    export GIT_PYTHON_REFRESH=quiet
[2025-11-10T04:32:47.868+0000] {local_task_job_runner.py:228} INFO - Task exited with return code -9
[2025-11-10T04:32:48.335+0000] {taskinstance.py:2778} INFO - 0 downstream tasks scheduled from follow-on schedule check
