[2025-11-26T02:45:20.044+0000] {taskinstance.py:1159} INFO - Dependencies all met for dep_context=non-requeueable deps ti=<TaskInstance: house_prices_ingest_raw.fetch_batch scheduled__2025-11-25T00:00:00+00:00 [queued]>
[2025-11-26T02:45:20.057+0000] {taskinstance.py:1159} INFO - Dependencies all met for dep_context=requeueable deps ti=<TaskInstance: house_prices_ingest_raw.fetch_batch scheduled__2025-11-25T00:00:00+00:00 [queued]>
[2025-11-26T02:45:20.058+0000] {taskinstance.py:1361} INFO - Starting attempt 2 of 2
[2025-11-26T02:45:20.079+0000] {taskinstance.py:1382} INFO - Executing <Task(PythonOperator): fetch_batch> on 2025-11-25 00:00:00+00:00
[2025-11-26T02:45:20.087+0000] {standard_task_runner.py:57} INFO - Started process 761 to run task
[2025-11-26T02:45:20.092+0000] {standard_task_runner.py:84} INFO - Running: ['***', 'tasks', 'run', 'house_prices_ingest_raw', 'fetch_batch', 'scheduled__2025-11-25T00:00:00+00:00', '--job-id', '4', '--raw', '--subdir', 'DAGS_FOLDER/house_prices_ingest.py', '--cfg-path', '/tmp/tmp5i57jwxm']
[2025-11-26T02:45:20.096+0000] {standard_task_runner.py:85} INFO - Job 4: Subtask fetch_batch
[2025-11-26T02:45:20.206+0000] {task_command.py:416} INFO - Running <TaskInstance: house_prices_ingest_raw.fetch_batch scheduled__2025-11-25T00:00:00+00:00 [running]> on host 986e5cfcf7e1
[2025-11-26T02:45:20.337+0000] {taskinstance.py:1662} INFO - Exporting env vars: AIRFLOW_CTX_DAG_OWNER='mlops_student' AIRFLOW_CTX_DAG_ID='house_prices_ingest_raw' AIRFLOW_CTX_TASK_ID='fetch_batch' AIRFLOW_CTX_EXECUTION_DATE='2025-11-25T00:00:00+00:00' AIRFLOW_CTX_TRY_NUMBER='2' AIRFLOW_CTX_DAG_RUN_ID='scheduled__2025-11-25T00:00:00+00:00'
[2025-11-26T02:45:20.356+0000] {taskinstance.py:1937} ERROR - Task failed with exception
Traceback (most recent call last):
  File "/home/airflow/.local/lib/python3.10/site-packages/airflow/operators/python.py", line 192, in execute
    return_value = self.execute_callable()
  File "/home/airflow/.local/lib/python3.10/site-packages/airflow/operators/python.py", line 209, in execute_callable
    return self.python_callable(*self.op_args, **self.op_kwargs)
  File "/opt/airflow/dags/house_prices_ingest.py", line 56, in fetch_batch_from_api
    resp.raise_for_status()
  File "/home/airflow/.local/lib/python3.10/site-packages/requests/models.py", line 1021, in raise_for_status
    raise HTTPError(http_error_msg, response=self)
requests.exceptions.HTTPError: 422 Client Error: Unprocessable Entity for url: http://10.43.100.103:8000/data?group=6
[2025-11-26T02:45:20.375+0000] {taskinstance.py:1400} INFO - Marking task as FAILED. dag_id=house_prices_ingest_raw, task_id=fetch_batch, execution_date=20251125T000000, start_date=20251126T024520, end_date=20251126T024520
[2025-11-26T02:45:20.399+0000] {standard_task_runner.py:104} ERROR - Failed to execute job 4 for task fetch_batch (422 Client Error: Unprocessable Entity for url: http://10.43.100.103:8000/data?group=6; 761)
[2025-11-26T02:45:20.426+0000] {local_task_job_runner.py:228} INFO - Task exited with return code 1
[2025-11-26T02:45:20.459+0000] {taskinstance.py:2778} INFO - 0 downstream tasks scheduled from follow-on schedule check
