[2025-11-26T03:30:21.224+0000] {taskinstance.py:1159} INFO - Dependencies all met for dep_context=non-requeueable deps ti=<TaskInstance: house_prices_build_clean.build_clean_from_latest_batch manual__2025-11-26T03:30:19.706069+00:00 [queued]>
[2025-11-26T03:30:21.253+0000] {taskinstance.py:1159} INFO - Dependencies all met for dep_context=requeueable deps ti=<TaskInstance: house_prices_build_clean.build_clean_from_latest_batch manual__2025-11-26T03:30:19.706069+00:00 [queued]>
[2025-11-26T03:30:21.253+0000] {taskinstance.py:1361} INFO - Starting attempt 1 of 2
[2025-11-26T03:30:21.275+0000] {taskinstance.py:1382} INFO - Executing <Task(PythonOperator): build_clean_from_latest_batch> on 2025-11-26 03:30:19.706069+00:00
[2025-11-26T03:30:21.284+0000] {standard_task_runner.py:57} INFO - Started process 201 to run task
[2025-11-26T03:30:21.289+0000] {standard_task_runner.py:84} INFO - Running: ['***', 'tasks', 'run', 'house_prices_build_clean', 'build_clean_from_latest_batch', 'manual__2025-11-26T03:30:19.706069+00:00', '--job-id', '12', '--raw', '--subdir', 'DAGS_FOLDER/house_prices_build_clean.py', '--cfg-path', '/tmp/tmpc5f68c91']
[2025-11-26T03:30:21.293+0000] {standard_task_runner.py:85} INFO - Job 12: Subtask build_clean_from_latest_batch
[2025-11-26T03:30:21.375+0000] {task_command.py:416} INFO - Running <TaskInstance: house_prices_build_clean.build_clean_from_latest_batch manual__2025-11-26T03:30:19.706069+00:00 [running]> on host 73034cc89b82
[2025-11-26T03:30:21.509+0000] {taskinstance.py:1662} INFO - Exporting env vars: AIRFLOW_CTX_DAG_OWNER='mlops_student' AIRFLOW_CTX_DAG_ID='house_prices_build_clean' AIRFLOW_CTX_TASK_ID='build_clean_from_latest_batch' AIRFLOW_CTX_EXECUTION_DATE='2025-11-26T03:30:19.706069+00:00' AIRFLOW_CTX_TRY_NUMBER='1' AIRFLOW_CTX_DAG_RUN_ID='manual__2025-11-26T03:30:19.706069+00:00'
[2025-11-26T03:30:21.517+0000] {taskinstance.py:1937} ERROR - Task failed with exception
Traceback (most recent call last):
  File "/home/airflow/.local/lib/python3.10/site-packages/airflow/operators/python.py", line 192, in execute
    return_value = self.execute_callable()
  File "/home/airflow/.local/lib/python3.10/site-packages/airflow/operators/python.py", line 209, in execute_callable
    return self.python_callable(*self.op_args, **self.op_kwargs)
  File "/opt/airflow/dags/house_prices_build_clean.py", line 63, in build_clean_from_latest_batch
    cursor.execute(
  File "/home/airflow/.local/lib/python3.10/site-packages/pymysql/cursors.py", line 153, in execute
    result = self._query(query)
  File "/home/airflow/.local/lib/python3.10/site-packages/pymysql/cursors.py", line 322, in _query
    conn.query(q)
  File "/home/airflow/.local/lib/python3.10/site-packages/pymysql/connections.py", line 558, in query
    self._affected_rows = self._read_query_result(unbuffered=unbuffered)
  File "/home/airflow/.local/lib/python3.10/site-packages/pymysql/connections.py", line 822, in _read_query_result
    result.read()
  File "/home/airflow/.local/lib/python3.10/site-packages/pymysql/connections.py", line 1207, in read
    self._read_result_packet(first_packet)
  File "/home/airflow/.local/lib/python3.10/site-packages/pymysql/connections.py", line 1284, in _read_result_packet
    self._read_rowdata_packet()
  File "/home/airflow/.local/lib/python3.10/site-packages/pymysql/connections.py", line 1331, in _read_rowdata_packet
    packet = self.connection._read_packet()
  File "/home/airflow/.local/lib/python3.10/site-packages/pymysql/connections.py", line 772, in _read_packet
    packet.raise_for_error()
  File "/home/airflow/.local/lib/python3.10/site-packages/pymysql/protocol.py", line 221, in raise_for_error
    err.raise_mysql_exception(self._data)
  File "/home/airflow/.local/lib/python3.10/site-packages/pymysql/err.py", line 143, in raise_mysql_exception
    raise errorclass(errno, errval)
pymysql.err.OperationalError: (1038, 'Out of sort memory, consider increasing server sort buffer size')
[2025-11-26T03:30:21.532+0000] {taskinstance.py:1400} INFO - Marking task as UP_FOR_RETRY. dag_id=house_prices_build_clean, task_id=build_clean_from_latest_batch, execution_date=20251126T033019, start_date=20251126T033021, end_date=20251126T033021
[2025-11-26T03:30:21.554+0000] {standard_task_runner.py:104} ERROR - Failed to execute job 12 for task build_clean_from_latest_batch ((1038, 'Out of sort memory, consider increasing server sort buffer size'); 201)
[2025-11-26T03:30:21.584+0000] {local_task_job_runner.py:228} INFO - Task exited with return code 1
[2025-11-26T03:30:21.613+0000] {taskinstance.py:2778} INFO - 0 downstream tasks scheduled from follow-on schedule check
