[2025-11-26T03:58:35.791+0000] {taskinstance.py:1159} INFO - Dependencies all met for dep_context=non-requeueable deps ti=<TaskInstance: house_prices_train_model.train_house_model manual__2025-11-26T03:58:32.726780+00:00 [queued]>
[2025-11-26T03:58:35.802+0000] {taskinstance.py:1159} INFO - Dependencies all met for dep_context=requeueable deps ti=<TaskInstance: house_prices_train_model.train_house_model manual__2025-11-26T03:58:32.726780+00:00 [queued]>
[2025-11-26T03:58:35.802+0000] {taskinstance.py:1361} INFO - Starting attempt 1 of 2
[2025-11-26T03:58:35.824+0000] {taskinstance.py:1382} INFO - Executing <Task(PythonOperator): train_house_model> on 2025-11-26 03:58:32.726780+00:00
[2025-11-26T03:58:35.838+0000] {standard_task_runner.py:57} INFO - Started process 704 to run task
[2025-11-26T03:58:35.846+0000] {standard_task_runner.py:84} INFO - Running: ['***', 'tasks', 'run', 'house_prices_train_model', 'train_house_model', 'manual__2025-11-26T03:58:32.726780+00:00', '--job-id', '20', '--raw', '--subdir', 'DAGS_FOLDER/house_prices_train_model.py', '--cfg-path', '/tmp/tmpfm0xfgaq']
[2025-11-26T03:58:35.854+0000] {standard_task_runner.py:85} INFO - Job 20: Subtask train_house_model
[2025-11-26T03:58:35.960+0000] {task_command.py:416} INFO - Running <TaskInstance: house_prices_train_model.train_house_model manual__2025-11-26T03:58:32.726780+00:00 [running]> on host 73034cc89b82
[2025-11-26T03:58:36.074+0000] {taskinstance.py:1662} INFO - Exporting env vars: AIRFLOW_CTX_DAG_OWNER='mlops_student' AIRFLOW_CTX_DAG_ID='house_prices_train_model' AIRFLOW_CTX_TASK_ID='train_house_model' AIRFLOW_CTX_EXECUTION_DATE='2025-11-26T03:58:32.726780+00:00' AIRFLOW_CTX_TRY_NUMBER='1' AIRFLOW_CTX_DAG_RUN_ID='manual__2025-11-26T03:58:32.726780+00:00'
[2025-11-26T03:58:36.091+0000] {logging_mixin.py:154} WARNING - /opt/***/dags/house_prices_train_model.py:86 UserWarning: pandas only supports SQLAlchemy connectable (engine/connection) or database string URI or sqlite3 DBAPI2 connection. Other DBAPI2 objects are not tested. Please consider using SQLAlchemy.
[2025-11-26T03:58:36.586+0000] {logging_mixin.py:154} INFO - [train_house_price_model] Total rows: 4055, rows with non-null price: 0
[2025-11-26T03:58:36.586+0000] {taskinstance.py:1937} ERROR - Task failed with exception
Traceback (most recent call last):
  File "/home/airflow/.local/lib/python3.10/site-packages/airflow/operators/python.py", line 192, in execute
    return_value = self.execute_callable()
  File "/home/airflow/.local/lib/python3.10/site-packages/airflow/operators/python.py", line 209, in execute_callable
    return self.python_callable(*self.op_args, **self.op_kwargs)
  File "/opt/airflow/dags/house_prices_train_model.py", line 124, in train_house_price_model
    raise ValueError("No rows with a valid price in clean_house_prices")
ValueError: No rows with a valid price in clean_house_prices
[2025-11-26T03:58:36.601+0000] {taskinstance.py:1400} INFO - Marking task as UP_FOR_RETRY. dag_id=house_prices_train_model, task_id=train_house_model, execution_date=20251126T035832, start_date=20251126T035835, end_date=20251126T035836
[2025-11-26T03:58:36.621+0000] {standard_task_runner.py:104} ERROR - Failed to execute job 20 for task train_house_model (No rows with a valid price in clean_house_prices; 704)
[2025-11-26T03:58:36.661+0000] {local_task_job_runner.py:228} INFO - Task exited with return code 1
[2025-11-26T03:58:36.687+0000] {taskinstance.py:2778} INFO - 0 downstream tasks scheduled from follow-on schedule check
